{"level":"info","service_name":"VISOR_API","service_version":"0.0.1","service_id":"52faeb47-ca99-45fc-b2f2-8a4eaaeb2200","path":"/visor","method":"GET","status_code":200,"timestamp":"2025-09-22T11:25:05.151304","message":"Registering location"}
{"level":"info","service_name":"VISOR_API","service_version":"0.0.1","service_id":"52faeb47-ca99-45fc-b2f2-8a4eaaeb2200","timestamp":"2025-09-22T11:25:05.15147","message":"Registered route: GET /visor"}
{"level":"info","service_name":"VISOR_API","service_version":"0.0.1","service_id":"ff084b80-07f9-4312-b1e1-daaf680fdbae","path":"/visor","method":"GET","status_code":200,"timestamp":"2025-09-22T15:59:08.542541","message":"Registering location"}
{"level":"info","service_name":"VISOR_API","service_version":"0.0.1","service_id":"ff084b80-07f9-4312-b1e1-daaf680fdbae","timestamp":"2025-09-22T15:59:08.543652","message":"Registered route: GET /visor"}
{"level":"info","service_name":"VISOR_API","service_version":"0.0.1","service_id":"e27a480e-c63c-4ce6-8806-da0507a86680","path":"/visor","method":"GET","status_code":200,"timestamp":"2025-09-22T15:59:49.395715","message":"Registering location"}
{"level":"info","service_name":"VISOR_API","service_version":"0.0.1","service_id":"e27a480e-c63c-4ce6-8806-da0507a86680","timestamp":"2025-09-22T15:59:49.396798","message":"Registered route: GET /visor"}
{"level":"info","service_name":"VISOR_API","service_version":"0.0.1","service_id":"34689b1e-3af6-4246-a5fc-843f68003dbc","path":"/visor","method":"GET","status_code":200,"timestamp":"2025-09-22T16:08:03.097073","message":"Registering location"}
{"level":"info","service_name":"VISOR_API","service_version":"0.0.1","service_id":"34689b1e-3af6-4246-a5fc-843f68003dbc","timestamp":"2025-09-22T16:08:03.098121","message":"Registered route: GET /visor"}
{"level":"info","service_name":"VISOR_API","service_version":"0.0.1","service_id":"e9374c04-3122-4f30-8ded-de667b16de0d","path":"/visor","method":"GET","status_code":200,"timestamp":"2025-09-23T09:13:05.142177","message":"Registering location"}
{"level":"info","service_name":"VISOR_API","service_version":"0.0.1","service_id":"e9374c04-3122-4f30-8ded-de667b16de0d","timestamp":"2025-09-23T09:13:05.143184","message":"Registered route: GET /visor"}
{"level":"info","service_name":"VISOR_API","service_version":"0.0.1","service_id":"c02dac3f-057c-40a7-aae1-0ad3d677af88","path":"/visor","method":"GET","status_code":200,"timestamp":"2025-09-23T09:19:06.307382","message":"Registering location"}
{"level":"info","service_name":"VISOR_API","service_version":"0.0.1","service_id":"c02dac3f-057c-40a7-aae1-0ad3d677af88","timestamp":"2025-09-23T09:19:06.307406","message":"Registered route: GET /visor"}
{"level":"info","service_name":"VISOR_API","service_version":"0.0.1","service_id":"45bcff47-e650-4e0f-b154-0dfd4c86ed58","path":"/visor","method":"GET","status_code":200,"timestamp":"2025-09-23T09:23:36.111764","message":"Registering location"}
{"level":"info","service_name":"VISOR_API","service_version":"0.0.1","service_id":"45bcff47-e650-4e0f-b154-0dfd4c86ed58","timestamp":"2025-09-23T09:23:36.111803","message":"Registered route: GET /visor"}
{"level":"info","service_name":"VISOR_API","service_version":"0.0.1","service_id":"e60a07f2-0856-4806-8d68-d8190a6edc9d","path":"/visor","method":"GET","status_code":200,"timestamp":"2025-09-23T13:30:11.086352","message":"Registering location"}
{"level":"info","service_name":"VISOR_API","service_version":"0.0.1","service_id":"e60a07f2-0856-4806-8d68-d8190a6edc9d","timestamp":"2025-09-23T13:30:11.086388","message":"Registered route: GET /visor"}
{"level":"info","service_name":"VISOR_API","service_version":"0.0.1","service_id":"7aa777de-d481-427f-8733-46ff640a8f6c","path":"/visor","method":"GET","status_code":200,"timestamp":"2025-09-23T13:31:09.430761","message":"Registering location"}
{"level":"info","service_name":"VISOR_API","service_version":"0.0.1","service_id":"7aa777de-d481-427f-8733-46ff640a8f6c","timestamp":"2025-09-23T13:31:09.430789","message":"Registered route: GET /visor"}
{"level":"info","service_name":"VISOR_API","service_version":"0.0.1","service_id":"40600ed6-e50d-4cc7-9040-44702a76309c","path":"/visorapi","method":"GET","status_code":200,"timestamp":"2025-09-23T13:31:23.666481","message":"Registering location"}
{"level":"info","service_name":"VISOR_API","service_version":"0.0.1","service_id":"40600ed6-e50d-4cc7-9040-44702a76309c","timestamp":"2025-09-23T13:31:23.666515","message":"Registered route: GET /visorapi"}
{"level":"info","service_name":"VISOR_API","service_version":"0.0.1","service_id":"4da6508c-ae5b-4c4d-9945-6c4a5e2541b3","path":"/visor","method":"GET","status_code":200,"timestamp":"2025-09-23T13:41:12.992839","message":"Registering location"}
{"level":"info","service_name":"VISOR_API","service_version":"0.0.1","service_id":"4da6508c-ae5b-4c4d-9945-6c4a5e2541b3","timestamp":"2025-09-23T13:41:12.992866","message":"Registered route: GET /visor"}
{"level":"info","service_name":"VISOR_API","service_version":"0.0.1","service_id":"56f4defa-0cb8-4d65-9900-7ed9db07bfe5","path":"/","method":"GET","status_code":200,"timestamp":"2025-09-23T13:46:43.640162","message":"Registering location"}
{"level":"info","service_name":"VISOR_API","service_version":"0.0.1","service_id":"56f4defa-0cb8-4d65-9900-7ed9db07bfe5","timestamp":"2025-09-23T13:46:43.640196","message":"Registered route: GET /"}
{"level":"info","service_name":"VISOR_API","service_version":"0.0.1","service_id":"56f4defa-0cb8-4d65-9900-7ed9db07bfe5","request_trace_id":"e195b097-3e24-4d39-80e2-e6f6b6172620","response":"{\"message\": \"Hello, World!\"}","timestamp":"2025-09-23T13:46:46.220618","message":"Response processed successfully"}
{"level":"info","service_name":"VISOR_API","service_version":"0.0.1","service_id":"56f4defa-0cb8-4d65-9900-7ed9db07bfe5","request_trace_id":"e195b097-3e24-4d39-80e2-e6f6b6172620","status_code":200,"timestamp":"2025-09-23T13:46:46.22078","message":"Request completed successfully"}
{"level":"info","service_name":"VISOR_API","service_version":"0.0.1","service_id":"56f4defa-0cb8-4d65-9900-7ed9db07bfe5","request_trace_id":"fb4ca936-f344-4d6d-b0a5-a724ca58cdea","response":"{\"message\": \"Hello, World!\"}","timestamp":"2025-09-23T13:46:47.940993","message":"Response processed successfully"}
{"level":"info","service_name":"VISOR_API","service_version":"0.0.1","service_id":"56f4defa-0cb8-4d65-9900-7ed9db07bfe5","request_trace_id":"fb4ca936-f344-4d6d-b0a5-a724ca58cdea","status_code":200,"timestamp":"2025-09-23T13:46:47.94107","message":"Request completed successfully"}
{"level":"info","service_name":"VISOR_API","service_version":"0.0.1","service_id":"56f4defa-0cb8-4d65-9900-7ed9db07bfe5","request_trace_id":"290f5fed-71cd-4203-833e-a728b76a48bc","response":"{\"message\": \"Hello, World!\"}","timestamp":"2025-09-23T13:46:50.018761","message":"Response processed successfully"}
{"level":"info","service_name":"VISOR_API","service_version":"0.0.1","service_id":"56f4defa-0cb8-4d65-9900-7ed9db07bfe5","request_trace_id":"290f5fed-71cd-4203-833e-a728b76a48bc","status_code":200,"timestamp":"2025-09-23T13:46:50.018834","message":"Request completed successfully"}
{"level":"info","service_name":"VISOR_API","service_version":"0.0.1","service_id":"56f4defa-0cb8-4d65-9900-7ed9db07bfe5","request_trace_id":"4c5b0c6b-7c12-4970-b553-7d824c23e038","response":"{\"message\": \"Hello, World!\"}","timestamp":"2025-09-23T13:46:50.543564","message":"Response processed successfully"}
{"level":"info","service_name":"VISOR_API","service_version":"0.0.1","service_id":"56f4defa-0cb8-4d65-9900-7ed9db07bfe5","request_trace_id":"4c5b0c6b-7c12-4970-b553-7d824c23e038","status_code":200,"timestamp":"2025-09-23T13:46:50.543615","message":"Request completed successfully"}
{"level":"info","service_name":"VISOR_API","service_version":"0.0.1","service_id":"56f4defa-0cb8-4d65-9900-7ed9db07bfe5","request_trace_id":"bcea5300-e879-431e-94f6-8afce319cc4c","response":"{\"message\": \"Hello, World!\"}","timestamp":"2025-09-23T13:46:51.070527","message":"Response processed successfully"}
{"level":"info","service_name":"VISOR_API","service_version":"0.0.1","service_id":"56f4defa-0cb8-4d65-9900-7ed9db07bfe5","request_trace_id":"bcea5300-e879-431e-94f6-8afce319cc4c","status_code":200,"timestamp":"2025-09-23T13:46:51.070624","message":"Request completed successfully"}
{"level":"info","service_name":"VISOR_API","service_version":"0.0.1","service_id":"63f5ae25-e6f9-400f-82c0-fa196c015548","path":"/","method":"GET","status_code":200,"timestamp":"2025-09-23T13:47:18.01107","message":"Registering location"}
{"level":"info","service_name":"VISOR_API","service_version":"0.0.1","service_id":"63f5ae25-e6f9-400f-82c0-fa196c015548","timestamp":"2025-09-23T13:47:18.0111","message":"Registered route: GET /"}
{"level":"info","service_name":"VISOR_API","service_version":"0.0.1","service_id":"63f5ae25-e6f9-400f-82c0-fa196c015548","request_trace_id":"cd65f738-c33f-4cb8-85c8-f20baa178d41","response":"{\"message\": \"Hello, World!\"}","timestamp":"2025-09-23T13:47:29.260364","message":"Response processed successfully"}
{"level":"info","service_name":"VISOR_API","service_version":"0.0.1","service_id":"63f5ae25-e6f9-400f-82c0-fa196c015548","request_trace_id":"cd65f738-c33f-4cb8-85c8-f20baa178d41","status_code":200,"timestamp":"2025-09-23T13:47:29.260459","message":"Request completed successfully"}
{"level":"info","service_name":"VISOR_API","service_version":"0.0.1","service_id":"63f5ae25-e6f9-400f-82c0-fa196c015548","request_trace_id":"9fdcd513-0353-4430-aa1e-7711381f9c18","response":"{\"message\": \"Hello, World!\"}","timestamp":"2025-09-23T13:47:30.870797","message":"Response processed successfully"}
{"level":"info","service_name":"VISOR_API","service_version":"0.0.1","service_id":"63f5ae25-e6f9-400f-82c0-fa196c015548","request_trace_id":"9fdcd513-0353-4430-aa1e-7711381f9c18","status_code":200,"timestamp":"2025-09-23T13:47:30.870866","message":"Request completed successfully"}
{"level":"info","service_name":"VISOR_API","service_version":"0.0.1","service_id":"63f5ae25-e6f9-400f-82c0-fa196c015548","request_trace_id":"dcd324a1-d09f-49d5-a288-1d15627a4629","response":"{\"message\": \"Hello, World!\"}","timestamp":"2025-09-23T13:47:31.811253","message":"Response processed successfully"}
{"level":"info","service_name":"VISOR_API","service_version":"0.0.1","service_id":"63f5ae25-e6f9-400f-82c0-fa196c015548","request_trace_id":"dcd324a1-d09f-49d5-a288-1d15627a4629","status_code":200,"timestamp":"2025-09-23T13:47:31.811344","message":"Request completed successfully"}
{"level":"info","service_name":"VISOR_API","service_version":"0.0.1","service_id":"63f5ae25-e6f9-400f-82c0-fa196c015548","request_trace_id":"cfdfe4c5-6bf5-48c7-929e-59df213b0255","response":"{\"message\": \"Hello, World!\"}","timestamp":"2025-09-23T13:47:32.566028","message":"Response processed successfully"}
{"level":"info","service_name":"VISOR_API","service_version":"0.0.1","service_id":"63f5ae25-e6f9-400f-82c0-fa196c015548","request_trace_id":"cfdfe4c5-6bf5-48c7-929e-59df213b0255","status_code":200,"timestamp":"2025-09-23T13:47:32.566106","message":"Request completed successfully"}
{"level":"info","service_name":"VISOR_API","service_version":"0.0.1","service_id":"63f5ae25-e6f9-400f-82c0-fa196c015548","request_trace_id":"c14c6a55-2564-496c-bfe3-5ebb0108f20d","response":"{\"message\": \"Hello, World!\"}","timestamp":"2025-09-23T13:47:33.100079","message":"Response processed successfully"}
{"level":"info","service_name":"VISOR_API","service_version":"0.0.1","service_id":"63f5ae25-e6f9-400f-82c0-fa196c015548","request_trace_id":"c14c6a55-2564-496c-bfe3-5ebb0108f20d","status_code":200,"timestamp":"2025-09-23T13:47:33.100129","message":"Request completed successfully"}
{"level":"info","service_name":"VISOR_API","service_version":"0.0.1","service_id":"63f5ae25-e6f9-400f-82c0-fa196c015548","request_trace_id":"a07eb4b6-ce3b-4f24-b7c3-900a45b461fe","response":"{\"message\": \"Hello, World!\"}","timestamp":"2025-09-23T13:47:34.271204","message":"Response processed successfully"}
{"level":"info","service_name":"VISOR_API","service_version":"0.0.1","service_id":"63f5ae25-e6f9-400f-82c0-fa196c015548","request_trace_id":"a07eb4b6-ce3b-4f24-b7c3-900a45b461fe","status_code":200,"timestamp":"2025-09-23T13:47:34.271257","message":"Request completed successfully"}
{"level":"info","service_name":"VISOR_API","service_version":"0.0.1","service_id":"63f5ae25-e6f9-400f-82c0-fa196c015548","request_trace_id":"dbbebde1-5be3-4e60-b1ae-e3cdb28f0bb0","response":"{\"message\": \"Hello, World!\"}","timestamp":"2025-09-23T13:47:34.74424","message":"Response processed successfully"}
{"level":"info","service_name":"VISOR_API","service_version":"0.0.1","service_id":"63f5ae25-e6f9-400f-82c0-fa196c015548","request_trace_id":"dbbebde1-5be3-4e60-b1ae-e3cdb28f0bb0","status_code":200,"timestamp":"2025-09-23T13:47:34.744278","message":"Request completed successfully"}
{"level":"info","service_name":"VISOR_API","service_version":"0.0.1","service_id":"63f5ae25-e6f9-400f-82c0-fa196c015548","request_trace_id":"ed3becf5-1dfd-45da-a3b8-4a360fe4b3e0","response":"{\"message\": \"Hello, World!\"}","timestamp":"2025-09-23T13:47:35.35971","message":"Response processed successfully"}
{"level":"info","service_name":"VISOR_API","service_version":"0.0.1","service_id":"63f5ae25-e6f9-400f-82c0-fa196c015548","request_trace_id":"ed3becf5-1dfd-45da-a3b8-4a360fe4b3e0","status_code":200,"timestamp":"2025-09-23T13:47:35.359768","message":"Request completed successfully"}
{"level":"info","service_name":"VISOR_API","service_version":"0.0.1","service_id":"1715c7b2-1462-403a-87d5-672378b18e8f","path":"/","method":"GET","status_code":200,"timestamp":"2025-09-23T13:49:47.638934","message":"Registering location"}
{"level":"info","service_name":"VISOR_API","service_version":"0.0.1","service_id":"1715c7b2-1462-403a-87d5-672378b18e8f","timestamp":"2025-09-23T13:49:47.638963","message":"Registered route: GET /"}
{"level":"info","service_name":"VISOR_API","service_version":"0.0.1","service_id":"1715c7b2-1462-403a-87d5-672378b18e8f","request_trace_id":"140305f2-01d7-4bde-b4fc-2f44db2c7a9d","response":"{\"message\": \"Hello, World!\"}","timestamp":"2025-09-23T13:49:50.958686","message":"Response processed successfully"}
{"level":"info","service_name":"VISOR_API","service_version":"0.0.1","service_id":"1715c7b2-1462-403a-87d5-672378b18e8f","request_trace_id":"140305f2-01d7-4bde-b4fc-2f44db2c7a9d","status_code":200,"timestamp":"2025-09-23T13:49:50.958796","message":"Request completed successfully"}
{"level":"info","service_name":"VISOR_API","service_version":"0.0.1","service_id":"1715c7b2-1462-403a-87d5-672378b18e8f","request_trace_id":"b7e9424d-7678-4cdc-b985-cf73ef6e29c6","response":"{\"message\": \"Hello, World!\"}","timestamp":"2025-09-23T13:49:59.284044","message":"Response processed successfully"}
{"level":"info","service_name":"VISOR_API","service_version":"0.0.1","service_id":"1715c7b2-1462-403a-87d5-672378b18e8f","request_trace_id":"b7e9424d-7678-4cdc-b985-cf73ef6e29c6","status_code":200,"timestamp":"2025-09-23T13:49:59.284095","message":"Request completed successfully"}
{"level":"info","service_name":"VISOR_API","service_version":"0.0.1","service_id":"1715c7b2-1462-403a-87d5-672378b18e8f","request_trace_id":"8873d85b-d83d-4e00-b93e-425abd05228a","response":"{\"message\": \"Hello, World!\"}","timestamp":"2025-09-23T13:50:27.743722","message":"Response processed successfully"}
{"level":"info","service_name":"VISOR_API","service_version":"0.0.1","service_id":"1715c7b2-1462-403a-87d5-672378b18e8f","request_trace_id":"8873d85b-d83d-4e00-b93e-425abd05228a","status_code":200,"timestamp":"2025-09-23T13:50:27.743821","message":"Request completed successfully"}
{"level":"info","service_name":"VISOR_API","service_version":"0.0.1","service_id":"1715c7b2-1462-403a-87d5-672378b18e8f","request_trace_id":"dff5808a-ff29-467b-8ebf-b26ac9fbc037","response":"{\"message\": \"Hello, World!\"}","timestamp":"2025-09-23T13:50:46.005587","message":"Response processed successfully"}
{"level":"info","service_name":"VISOR_API","service_version":"0.0.1","service_id":"1715c7b2-1462-403a-87d5-672378b18e8f","request_trace_id":"dff5808a-ff29-467b-8ebf-b26ac9fbc037","status_code":200,"timestamp":"2025-09-23T13:50:46.005668","message":"Request completed successfully"}
{"level":"info","service_name":"VISOR_API","service_version":"0.0.1","service_id":"1715c7b2-1462-403a-87d5-672378b18e8f","request_trace_id":"82336d93-e638-48d0-8611-5012dc733057","response":"{\"message\": \"Hello, World!\"}","timestamp":"2025-09-23T13:50:46.681298","message":"Response processed successfully"}
{"level":"info","service_name":"VISOR_API","service_version":"0.0.1","service_id":"1715c7b2-1462-403a-87d5-672378b18e8f","request_trace_id":"82336d93-e638-48d0-8611-5012dc733057","status_code":200,"timestamp":"2025-09-23T13:50:46.681388","message":"Request completed successfully"}
{"level":"info","service_name":"VISOR_API","service_version":"0.0.1","service_id":"1715c7b2-1462-403a-87d5-672378b18e8f","request_trace_id":"598f226e-868f-4d49-a81a-58a86f19d597","response":"{\"message\": \"Hello, World!\"}","timestamp":"2025-09-23T13:50:47.227402","message":"Response processed successfully"}
{"level":"info","service_name":"VISOR_API","service_version":"0.0.1","service_id":"1715c7b2-1462-403a-87d5-672378b18e8f","request_trace_id":"598f226e-868f-4d49-a81a-58a86f19d597","status_code":200,"timestamp":"2025-09-23T13:50:47.227446","message":"Request completed successfully"}
{"level":"info","service_name":"VISOR_API","service_version":"0.0.1","service_id":"286c6cdb-961f-4fbb-8a84-267264cfb4b2","path":"/","method":"GET","status_code":200,"timestamp":"2025-09-23T13:51:25.245094","message":"Registering location"}
{"level":"info","service_name":"VISOR_API","service_version":"0.0.1","service_id":"286c6cdb-961f-4fbb-8a84-267264cfb4b2","timestamp":"2025-09-23T13:51:25.245122","message":"Registered route: GET /"}
{"level":"info","service_name":"VISOR_API","service_version":"0.0.1","service_id":"286c6cdb-961f-4fbb-8a84-267264cfb4b2","request_trace_id":"9a05ee86-12c1-43b5-a617-bca30669d5d6","response":"{\"message\": \"Hello, World!\"}","timestamp":"2025-09-23T13:51:38.447964","message":"Response processed successfully"}
{"level":"info","service_name":"VISOR_API","service_version":"0.0.1","service_id":"286c6cdb-961f-4fbb-8a84-267264cfb4b2","request_trace_id":"9a05ee86-12c1-43b5-a617-bca30669d5d6","status_code":200,"timestamp":"2025-09-23T13:51:38.448058","message":"Request completed successfully"}
{"level":"info","service_name":"VISOR_API","service_version":"0.0.1","service_id":"9b0ba828-af58-446f-b2b9-5ae45f64f53b","path":"/","method":"GET","status_code":200,"timestamp":"2025-09-23T13:53:36.659247","message":"Registering location"}
{"level":"info","service_name":"VISOR_API","service_version":"0.0.1","service_id":"9b0ba828-af58-446f-b2b9-5ae45f64f53b","timestamp":"2025-09-23T13:53:36.659277","message":"Registered route: GET /"}
{"level":"info","service_name":"VISOR_API","service_version":"0.0.1","service_id":"bb6200fd-305e-4b84-8f75-190f7436ef4f","path":"/","method":"GET","status_code":200,"timestamp":"2025-09-23T16:57:19.831437","message":"Registering location"}
{"level":"info","service_name":"VISOR_API","service_version":"0.0.1","service_id":"bb6200fd-305e-4b84-8f75-190f7436ef4f","timestamp":"2025-09-23T16:57:19.832276","message":"Registered route: GET /"}
{"level":"info","service_name":"VISOR_API","service_version":"0.0.1","service_id":"ebebbd8d-1798-4c6f-812c-e8847856378d","path":"/","method":"GET","status_code":200,"timestamp":"2025-09-23T16:58:05.195639","message":"Registering location"}
{"level":"info","service_name":"VISOR_API","service_version":"0.0.1","service_id":"ebebbd8d-1798-4c6f-812c-e8847856378d","timestamp":"2025-09-23T16:58:05.195674","message":"Registered route: GET /"}
{"level":"info","service_name":"VISOR_API","service_version":"0.0.1","service_id":"ee417b51-9925-47c7-aedc-7d535797664f","path":"/","method":"GET","status_code":200,"timestamp":"2025-09-24T16:32:07.32356","message":"Registering location"}
{"level":"info","service_name":"VISOR_API","service_version":"0.0.1","service_id":"ee417b51-9925-47c7-aedc-7d535797664f","timestamp":"2025-09-24T16:32:07.323793","message":"Registered route: GET /"}
{"level":"info","service_name":"VISOR_API","service_version":"0.0.1","service_id":"904996aa-0f4f-4184-8c14-a0a8c4b04cdc","path":"/","method":"GET","status_code":200,"timestamp":"2025-09-24T16:32:27.857545","message":"Registering location"}
{"level":"info","service_name":"VISOR_API","service_version":"0.0.1","service_id":"4a3947d7-e57c-452d-bc5e-3fe7a4578c81","path":"/","method":"GET","status_code":200,"timestamp":"2025-09-25T14:51:07.092598","message":"Registering location"}
{"level":"info","service_name":"VISOR_API","service_version":"0.0.1","service_id":"4a3947d7-e57c-452d-bc5e-3fe7a4578c81","timestamp":"2025-09-25T14:51:07.09345","message":"Registered route: GET /"}
{"level":"info","service_name":"VISOR_API","service_version":"0.0.1","service_id":"2017fd7d-fddb-45a0-8016-e24432a8eb12","path":"/","method":"GET","status_code":200,"timestamp":"2025-09-25T14:55:33.334268","message":"Registering location"}
{"level":"info","service_name":"VISOR_API","service_version":"0.0.1","service_id":"2017fd7d-fddb-45a0-8016-e24432a8eb12","timestamp":"2025-09-25T14:55:33.335004","message":"Registered route: GET /"}
{"level":"info","service_name":"VISOR_API","service_version":"0.0.1","service_id":"2611355b-7e1f-485d-a03a-a0f095b330c3","path":"/","method":"GET","status_code":200,"timestamp":"2025-09-25T14:57:19.625243","message":"Registering location"}
{"level":"info","service_name":"VISOR_API","service_version":"0.0.1","service_id":"2611355b-7e1f-485d-a03a-a0f095b330c3","timestamp":"2025-09-25T14:57:19.62538","message":"Registered route: GET /"}
{"level":"info","service_name":"VISOR_API","service_version":"0.0.1","service_id":"1e85b518-800b-4f77-9d31-ad613fe81fb8","path":"/","method":"GET","status_code":200,"timestamp":"2025-09-25T15:00:02.524769","message":"Registering location"}
{"level":"info","service_name":"VISOR_API","service_version":"0.0.1","service_id":"1e85b518-800b-4f77-9d31-ad613fe81fb8","timestamp":"2025-09-25T15:00:02.525116","message":"Registered route: GET /"}
{"level":"info","service_name":"VISOR_API","service_version":"0.0.1","service_id":"2199af20-c988-40a7-8df4-c6a69c31ea7c","path":"/","method":"GET","status_code":200,"timestamp":"2025-09-25T15:01:17.674605","message":"Registering location"}
{"level":"info","service_name":"VISOR_API","service_version":"0.0.1","service_id":"2199af20-c988-40a7-8df4-c6a69c31ea7c","timestamp":"2025-09-25T15:01:17.674653","message":"Registered route: GET /"}
{"level":"info","service_name":"VISOR_API","service_version":"0.0.1","service_id":"58385b7f-582a-4fbf-983b-0ed93b023db1","path":"/","method":"GET","status_code":200,"timestamp":"2025-09-25T15:01:30.715167","message":"Registering location"}
{"level":"info","service_name":"VISOR_API","service_version":"0.0.1","service_id":"58385b7f-582a-4fbf-983b-0ed93b023db1","timestamp":"2025-09-25T15:01:30.715208","message":"Registered route: GET /"}
{"level":"info","service_name":"VISOR_API","service_version":"0.0.1","service_id":"893eaae3-7ab9-4169-89c6-14a48b302611","path":"/","method":"GET","status_code":200,"timestamp":"2025-09-25T15:01:41.810873","message":"Registering location"}
{"level":"info","service_name":"VISOR_API","service_version":"0.0.1","service_id":"893eaae3-7ab9-4169-89c6-14a48b302611","timestamp":"2025-09-25T15:01:41.810912","message":"Registered route: GET /"}
{"level":"info","service_name":"VISOR_API","service_version":"0.0.1","service_id":"06172c21-d218-4e2a-8c6d-456deba290f3","path":"/","method":"GET","status_code":200,"timestamp":"2025-09-25T15:02:05.154088","message":"Registering location"}
{"level":"info","service_name":"VISOR_API","service_version":"0.0.1","service_id":"06172c21-d218-4e2a-8c6d-456deba290f3","timestamp":"2025-09-25T15:02:05.154142","message":"Registered route: GET /"}
{"level":"info","service_name":"VISOR_API","service_version":"0.0.1","service_id":"b5da0304-25e2-4ae0-848a-1f4b6b981383","path":"/","method":"GET","status_code":200,"timestamp":"2025-09-25T15:02:57.880821","message":"Registering location"}
{"level":"info","service_name":"VISOR_API","service_version":"0.0.1","service_id":"b5da0304-25e2-4ae0-848a-1f4b6b981383","timestamp":"2025-09-25T15:02:57.881046","message":"Registered route: GET /"}
{"level":"info","service_name":"VISOR_API","service_version":"0.0.1","service_id":"f13ffcd1-0dd4-4a82-9ef7-463346378f78","path":"/","method":"GET","status_code":200,"timestamp":"2025-09-25T15:09:15.901149","message":"Registering location"}
{"level":"info","service_name":"VISOR_API","service_version":"0.0.1","service_id":"f13ffcd1-0dd4-4a82-9ef7-463346378f78","timestamp":"2025-09-25T15:09:15.901946","message":"Registered route: GET /"}
{"level":"info","service_name":"VISOR_API","service_version":"0.0.1","service_id":"d4fa7c1f-e9bf-41da-921a-7459b862c896","path":"/","method":"GET","status_code":200,"timestamp":"2025-09-25T15:12:44.175246","message":"Registering location"}
{"level":"info","service_name":"VISOR_API","service_version":"0.0.1","service_id":"d4fa7c1f-e9bf-41da-921a-7459b862c896","timestamp":"2025-09-25T15:12:44.175793","message":"Registered route: GET /"}
{"level":"info","service_name":"VISOR_API","service_version":"0.0.1","service_id":"8dda1444-26e4-4c9a-bce7-d1dd0c3b6bcc","path":"/","method":"GET","status_code":200,"timestamp":"2025-09-25T15:14:21.924343","message":"Registering location"}
{"level":"info","service_name":"VISOR_API","service_version":"0.0.1","service_id":"8dda1444-26e4-4c9a-bce7-d1dd0c3b6bcc","timestamp":"2025-09-25T15:14:21.924401","message":"Registered route: GET /"}
{"level":"info","service_name":"VISOR_API","service_version":"0.0.1","service_id":"ae499886-96f4-41c3-b35f-4a461376cd29","path":"/","method":"GET","status_code":200,"timestamp":"2025-09-25T15:25:54.765078","message":"Registering location"}
{"level":"info","service_name":"VISOR_API","service_version":"0.0.1","service_id":"ae499886-96f4-41c3-b35f-4a461376cd29","timestamp":"2025-09-25T15:25:54.765131","message":"Registered route: GET /"}
{"level":"info","service_name":"VISOR_API","service_version":"0.0.1","service_id":"ee4a02f3-eebe-4bd7-ab6b-1443c445c9df","path":"/","method":"GET","status_code":200,"timestamp":"2025-09-25T15:27:03.160324","message":"Registering location"}
{"level":"info","service_name":"VISOR_API","service_version":"0.0.1","service_id":"ee4a02f3-eebe-4bd7-ab6b-1443c445c9df","timestamp":"2025-09-25T15:27:03.160379","message":"Registered route: GET /"}
