{"level":"debug","service_name":"SERVER 2","service_version":"0.0.1","service_id":"db9b28dc-72e4-4e5e-aefa-f963778449f0","path":"/api/users","method":"POST","timestamp":"2025-09-10T14:27:27.401263","message":"Schema compiled successfully for location"}
{"level":"debug","service_name":"SERVER 2","service_version":"0.0.1","service_id":"db9b28dc-72e4-4e5e-aefa-f963778449f0","request_trace_id":"7cafc20a-eb8b-4cb8-862e-aa84581cfd6d","method":"GET","path":"/api/data","ip":"::1","timestamp":"2025-09-10T14:27:33.743738","message":"Handling request"}
{"level":"debug","service_name":"SERVER 2","service_version":"0.0.1","service_id":"db9b28dc-72e4-4e5e-aefa-f963778449f0","request_trace_id":"fe865afc-7d92-438e-af4f-2135971b2045","method":"GET","path":"/api/data","ip":"::1","timestamp":"2025-09-10T14:27:52.478501","message":"Handling request"}
{"level":"debug","service_name":"SERVER 2","service_version":"0.0.1","service_id":"db9b28dc-72e4-4e5e-aefa-f963778449f0","request_trace_id":"348f58b2-314a-44cc-84be-e865ffdd2635","method":"GET","path":"/api/data","ip":"::1","timestamp":"2025-09-10T14:28:45.757718","message":"Handling request"}
{"level":"debug","service_name":"SERVER 2","service_version":"0.0.1","service_id":"a1a7b660-66da-407a-8cdd-13b636637c18","path":"/api/users","method":"POST","timestamp":"2025-09-10T14:29:02.768","message":"Schema compiled successfully for location"}
{"level":"debug","service_name":"SERVER 2","service_version":"0.0.1","service_id":"a1a7b660-66da-407a-8cdd-13b636637c18","request_trace_id":"00b01a57-09e0-4104-973f-e6e24e4a9601","method":"GET","path":"/api/data","ip":"::1","timestamp":"2025-09-10T14:29:05.907901","message":"Handling request"}
{"level":"debug","service_name":"SERVER 2","service_version":"0.0.1","service_id":"a1a7b660-66da-407a-8cdd-13b636637c18","request_trace_id":"9762d47a-64d7-48b8-814c-f0f451065320","method":"GET","path":"/api/data","ip":"::1","timestamp":"2025-09-10T14:33:23.837097","message":"Handling request"}
{"level":"debug","service_name":"SERVER 2","service_version":"0.0.1","service_id":"a1a7b660-66da-407a-8cdd-13b636637c18","request_trace_id":"2d15906a-1b86-4d01-a0f6-edc5a72d742d","method":"GET","path":"/api/data","ip":"::1","timestamp":"2025-09-10T14:33:55.157206","message":"Handling request"}
{"level":"debug","service_name":"SERVER 2","service_version":"0.0.1","service_id":"a1a7b660-66da-407a-8cdd-13b636637c18","request_trace_id":"15b4b617-4346-485b-845d-7496b7361e7a","method":"GET","path":"/api/data","ip":"::1","timestamp":"2025-09-10T14:33:57.471688","message":"Handling request"}
{"level":"debug","service_name":"SERVER 2","service_version":"0.0.1","service_id":"a1a7b660-66da-407a-8cdd-13b636637c18","request_trace_id":"1bc404ae-d3d9-4f16-8026-7c52d89c6644","method":"GET","path":"/api/data","ip":"::1","timestamp":"2025-09-10T14:33:58.484976","message":"Handling request"}
{"level":"debug","service_name":"SERVER 2","service_version":"0.0.1","service_id":"a1a7b660-66da-407a-8cdd-13b636637c18","request_trace_id":"3c3411a2-4bc8-45eb-a17c-18ff9f4e838e","method":"GET","path":"/api/data","ip":"::1","timestamp":"2025-09-10T14:33:59.051283","message":"Handling request"}
{"level":"debug","service_name":"SERVER 2","service_version":"0.0.1","service_id":"a1a7b660-66da-407a-8cdd-13b636637c18","request_trace_id":"160d24c6-abff-4bff-b79b-8d359ef66e3b","method":"GET","path":"/api/data","ip":"::1","timestamp":"2025-09-10T14:33:59.754734","message":"Handling request"}
{"level":"debug","service_name":"SERVER 2","service_version":"0.0.1","service_id":"87ca2499-36ce-4a4e-889e-e83b9b10a3e5","path":"/api/users","method":"POST","timestamp":"2025-09-10T16:05:48.496755","message":"Schema compiled successfully for location"}
{"level":"debug","service_name":"SERVER 2","service_version":"0.0.1","service_id":"1b7b0c4f-1f7b-4ce3-81cb-1e5cc055add9","path":"/api/users","method":"POST","timestamp":"2025-09-10T16:09:19.83671","message":"Schema compiled successfully for location"}
{"level":"debug","service_name":"SERVER 2","service_version":"0.0.1","service_id":"82eb0b8d-45f9-414f-b15a-ffa50bf699a0","path":"/api/users","method":"POST","timestamp":"2025-09-17T12:37:29.421158","message":"Schema compiled successfully for location"}
{"level":"debug","service_name":"SERVER 2","service_version":"0.0.1","service_id":"d6ec9f91-f300-41dc-b34b-006866a39d8b","path":"/api/users","method":"POST","timestamp":"2025-09-17T12:39:11.834649","message":"Schema compiled successfully for location"}
{"level":"debug","service_name":"SERVER 2","service_version":"0.0.1","service_id":"3d128f19-b159-438e-9eb8-e5595f120972","path":"/api/users","method":"POST","timestamp":"2025-09-17T12:41:23.535468","message":"Schema compiled successfully for location"}
{"level":"debug","service_name":"SERVER 2","service_version":"0.0.1","service_id":"c80f02c1-1cda-4ab7-88e0-78c0963c68f1","path":"/api/users","method":"POST","timestamp":"2025-09-17T12:42:47.915396","message":"Schema compiled successfully for location"}
{"level":"debug","service_name":"SERVER 2","service_version":"0.0.1","service_id":"38e0458d-1982-45f2-99b2-1df1e6b42754","path":"/api/users","method":"POST","timestamp":"2025-09-17T12:43:41.785147","message":"Schema compiled successfully for location"}
{"level":"debug","service_name":"SERVER 2","service_version":"0.0.1","service_id":"83091470-24fa-4047-a7dc-b99301be9074","path":"/api/users","method":"POST","timestamp":"2025-09-17T12:43:49.501378","message":"Schema compiled successfully for location"}
{"level":"debug","service_name":"SERVER 2","service_version":"0.0.1","service_id":"952ba46f-3fd4-443c-be9f-0c18878238a6","path":"/api/users","method":"POST","timestamp":"2025-09-17T12:44:10.264835","message":"Schema compiled successfully for location"}
{"level":"debug","service_name":"SERVER 2","service_version":"0.0.1","service_id":"62c62822-f16e-4946-b67d-3608757cef8d","path":"/api/users","method":"POST","timestamp":"2025-09-17T14:17:46.843051","message":"Schema compiled successfully for location"}
{"level":"debug","service_name":"SERVER 2","service_version":"0.0.1","service_id":"5e2c7d67-254c-4345-9308-53054768a2e4","path":"/api/users","method":"POST","timestamp":"2025-09-17T14:18:11.050419","message":"Schema compiled successfully for location"}
{"level":"debug","service_name":"SERVER 2","service_version":"0.0.1","service_id":"af262d63-2a6b-4941-9201-8097fd305e2e","path":"/api/users","method":"POST","timestamp":"2025-09-17T15:52:45.979737","message":"Schema compiled successfully for location"}
{"level":"debug","service_name":"SERVER 2","service_version":"0.0.1","service_id":"67ceaab6-10c1-4bdb-823a-34c56f59ca6e","path":"/api/users","method":"POST","timestamp":"2025-09-17T15:53:46.853945","message":"Schema compiled successfully for location"}
{"level":"debug","service_name":"SERVER 2","service_version":"0.0.1","service_id":"48a22bea-aa23-48fe-89e0-c0913005e47a","path":"/api/users","method":"POST","timestamp":"2025-09-17T15:54:52.649046","message":"Schema compiled successfully for location"}
{"level":"debug","service_name":"SERVER 2","service_version":"0.0.1","service_id":"4dbcb2c3-c535-4669-9a26-31cfde70c109","path":"/api/users","method":"POST","timestamp":"2025-09-17T15:58:03.339004","message":"Schema compiled successfully for location"}
{"level":"debug","service_name":"SERVER 2","service_version":"0.0.1","service_id":"a75e8603-caef-40a5-9896-1c8b6976493b","path":"/api/users","method":"POST","timestamp":"2025-09-17T15:58:29.336122","message":"Schema compiled successfully for location"}
{"level":"debug","service_name":"SERVER 2","service_version":"0.0.1","service_id":"de8c0f41-25fe-4c3a-84de-304d82c41f23","path":"/api/users","method":"POST","timestamp":"2025-09-17T15:58:45.119286","message":"Schema compiled successfully for location"}
{"level":"debug","service_name":"SERVER 2","service_version":"0.0.1","service_id":"e82917e5-6a7a-47c8-a140-8c5dff109c6d","path":"/api/users","method":"POST","timestamp":"2025-09-17T15:59:11.238648","message":"Schema compiled successfully for location"}
{"level":"debug","service_name":"SERVER 2","service_version":"0.0.1","service_id":"bc60618d-6f3a-4740-98f0-07bb115b7c98","path":"/api/users","method":"POST","timestamp":"2025-09-17T15:59:46.969912","message":"Schema compiled successfully for location"}
{"level":"debug","service_name":"SERVER 2","service_version":"0.0.1","service_id":"c5933253-97f7-469f-aeca-4068e3a04700","path":"/api/users","method":"POST","timestamp":"2025-09-17T16:00:29.632377","message":"Schema compiled successfully for location"}
{"level":"debug","service_name":"SERVER 2","service_version":"0.0.1","service_id":"2620979d-2486-4bfb-a401-0a3cffb30a23","path":"/api/users","method":"POST","timestamp":"2025-09-17T16:00:48.085939","message":"Schema compiled successfully for location"}
{"level":"debug","service_name":"SERVER 2","service_version":"0.0.1","service_id":"a0f5cf05-1cf9-4dba-b9f1-ae11c43279c3","path":"/api/users","method":"POST","timestamp":"2025-09-17T16:01:19.784348","message":"Schema compiled successfully for location"}
{"level":"debug","service_name":"SERVER 2","service_version":"0.0.1","service_id":"55d21b12-4ee0-40ff-8000-e8601f307ffb","path":"/api/users","method":"POST","timestamp":"2025-09-17T16:01:42.704954","message":"Schema compiled successfully for location"}
{"level":"debug","service_name":"SERVER 2","service_version":"0.0.1","service_id":"3f4ae7ab-dee0-4023-832d-205f41cef723","path":"/api/users","method":"POST","timestamp":"2025-09-17T16:03:08.162348","message":"Schema compiled successfully for location"}
{"level":"debug","service_name":"SERVER 2","service_version":"0.0.1","service_id":"14d40064-96f2-4505-bb7f-875c7c6ba3cc","path":"/api/users","method":"POST","timestamp":"2025-09-17T16:03:45.743745","message":"Schema compiled successfully for location"}
{"level":"debug","service_name":"SERVER 2","service_version":"0.0.1","service_id":"4065991f-73a7-42d8-aa21-38fc6d34d68d","path":"/api/users","method":"POST","timestamp":"2025-09-17T16:05:57.776755","message":"Schema compiled successfully for location"}
{"level":"debug","service_name":"SERVER 2","service_version":"0.0.1","service_id":"bfdace4d-bdb8-44ac-90ef-8ad2590f8539","path":"/api/users","method":"POST","timestamp":"2025-09-17T16:06:15.192423","message":"Schema compiled successfully for location"}
{"level":"debug","service_name":"SERVER 2","service_version":"0.0.1","service_id":"09eded4a-4ddb-4e0f-9219-b50ad7606a8f","path":"/api/users","method":"POST","timestamp":"2025-09-17T16:06:44.799229","message":"Schema compiled successfully for location"}
{"level":"debug","service_name":"SERVER 2","service_version":"0.0.1","service_id":"366bdb40-e83a-4326-bb84-560bbb87bbab","path":"/api/users","method":"POST","timestamp":"2025-09-17T16:07:54.644212","message":"Schema compiled successfully for location"}
{"level":"debug","service_name":"SERVER 2","service_version":"0.0.1","service_id":"88da19ed-7c5c-43a4-9954-d1d2bbfe75cc","path":"/api/users","method":"POST","timestamp":"2025-09-17T16:24:08.242977","message":"Schema compiled successfully for location"}
{"level":"debug","service_name":"SERVER 2","service_version":"0.0.1","service_id":"4088e719-d926-44b6-b0cb-efb7c35e2364","path":"/api/users","method":"POST","timestamp":"2025-09-17T16:24:56.426861","message":"Schema compiled successfully for location"}
{"level":"debug","service_name":"SERVER 2","service_version":"0.0.1","service_id":"5cecb7ed-dacd-41a7-b392-05b82b43466b","path":"/api/users","method":"POST","timestamp":"2025-09-17T16:25:12.834655","message":"Schema compiled successfully for location"}
{"level":"debug","service_name":"SERVER 2","service_version":"0.0.1","service_id":"30fb873f-3ef1-4f34-9d3a-badd909a9bb4","path":"/api/users","method":"POST","timestamp":"2025-09-17T16:29:02.649607","message":"Schema compiled successfully for location"}
{"level":"debug","service_name":"SERVER 2","service_version":"0.0.1","service_id":"e5b6787c-e73e-43c0-ade8-80d6cf2acd50","path":"/api/users","method":"POST","timestamp":"2025-09-17T16:30:00.468503","message":"Schema compiled successfully for location"}
{"level":"debug","service_name":"SERVER 2","service_version":"0.0.1","service_id":"47dcf990-6a7b-4bd4-9cd5-494b9a2c8acd","path":"/api/users","method":"POST","timestamp":"2025-09-17T16:30:29.438407","message":"Schema compiled successfully for location"}
{"level":"debug","service_name":"SERVER 2","service_version":"0.0.1","service_id":"bf5c4054-8db3-4d86-a458-5515a3c2811c","path":"/api/users","method":"POST","timestamp":"2025-09-17T16:32:32.311269","message":"Schema compiled successfully for location"}
{"level":"debug","service_name":"SERVER 2","service_version":"0.0.1","service_id":"101a6a96-c471-4b14-bfd5-203098f84d9d","path":"/api/users","method":"POST","timestamp":"2025-09-17T16:58:20.398078","message":"Schema compiled successfully for location"}
{"level":"debug","service_name":"SERVER 2","service_version":"0.0.1","service_id":"81a26b7d-eccf-458c-b46a-8fa09825e951","path":"/api/users","method":"POST","timestamp":"2025-09-17T17:01:32.3927","message":"Schema compiled successfully for location"}
{"level":"debug","service_name":"SERVER 2","service_version":"0.0.1","service_id":"eaf245ce-de19-470f-917c-b3859badb340","path":"/api/users","method":"POST","timestamp":"2025-09-17T17:03:06.609754","message":"Schema compiled successfully for location"}
{"level":"debug","service_name":"SERVER 2","service_version":"0.0.1","service_id":"cf4580ec-cab1-4e08-a84a-e4efa4ef7558","path":"/api/users","method":"POST","timestamp":"2025-09-17T17:06:06.548935","message":"Schema compiled successfully for location"}
{"level":"debug","service_name":"SERVER 2","service_version":"0.0.1","service_id":"1eaae015-a93e-4164-8226-8758ce942127","path":"/api/users","method":"POST","timestamp":"2025-09-17T17:07:04.342031","message":"Schema compiled successfully for location"}
{"level":"debug","service_name":"SERVER 2","service_version":"0.0.1","service_id":"0e85c9fc-9812-4e6c-acad-251b1b3524d9","path":"/api/users","method":"POST","timestamp":"2025-09-17T17:07:48.334246","message":"Schema compiled successfully for location"}
{"level":"debug","service_name":"SERVER 2","service_version":"0.0.1","service_id":"1a042ef9-e13f-47cc-8879-92d8009351a5","path":"/api/users","method":"POST","timestamp":"2025-09-17T17:08:42.340117","message":"Schema compiled successfully for location"}
{"level":"debug","service_name":"SERVER 2","service_version":"0.0.1","service_id":"72d60dd7-af5c-4a67-bbb3-d50bf94c70f5","path":"/api/users","method":"POST","timestamp":"2025-09-18T12:05:48.02542","message":"Schema compiled successfully for location"}
