{"level":"info","service_name":"CHECKOUT","service_version":"0.0.1","service_id":"000d6143-a1e1-470e-aaa6-2c8ff0106f15","path":"/","method":"GET","status_code":200,"timestamp":"2025-09-22T11:08:58.774425","message":"Registering location"}
{"level":"info","service_name":"CHECKOUT","service_version":"0.0.1","service_id":"000d6143-a1e1-470e-aaa6-2c8ff0106f15","timestamp":"2025-09-22T11:08:58.775009","message":"Registered route: GET /"}
{"level":"info","service_name":"CHECKOUT","service_version":"0.0.1","service_id":"86123feb-f1f2-4554-9ec3-fe30fd647c3b","path":"/","method":"GET","status_code":200,"timestamp":"2025-09-22T11:09:38.837816","message":"Registering location"}
{"level":"info","service_name":"CHECKOUT","service_version":"0.0.1","service_id":"86123feb-f1f2-4554-9ec3-fe30fd647c3b","timestamp":"2025-09-22T11:09:38.8379","message":"Registered route: GET /"}
{"level":"info","service_name":"CHECKOUT","service_version":"0.0.1","service_id":"1902ba87-5d3e-4bcd-98f1-30efa9f05775","path":"/","method":"GET","status_code":200,"timestamp":"2025-09-22T11:13:43.356224","message":"Registering location"}
{"level":"info","service_name":"CHECKOUT","service_version":"0.0.1","service_id":"1902ba87-5d3e-4bcd-98f1-30efa9f05775","timestamp":"2025-09-22T11:13:43.356451","message":"Registered route: GET /"}
{"level":"info","service_name":"CHECKOUT","service_version":"0.0.1","service_id":"be7d02df-5fc6-4972-a5c6-5d96e546755a","path":"/","method":"GET","status_code":200,"timestamp":"2025-09-22T11:14:06.180567","message":"Registering location"}
{"level":"info","service_name":"CHECKOUT","service_version":"0.0.1","service_id":"be7d02df-5fc6-4972-a5c6-5d96e546755a","timestamp":"2025-09-22T11:14:06.180729","message":"Registered route: GET /"}
{"level":"info","service_name":"CHECKOUT","service_version":"0.0.1","service_id":"82ca5f0a-0bdf-492b-80ed-6a5da2f17ffe","path":"/","method":"GET","status_code":200,"timestamp":"2025-09-22T11:18:21.892731","message":"Registering location"}
{"level":"info","service_name":"CHECKOUT","service_version":"0.0.1","service_id":"82ca5f0a-0bdf-492b-80ed-6a5da2f17ffe","timestamp":"2025-09-22T11:18:21.892991","message":"Registered route: GET /"}
{"level":"info","service_name":"CHECKOUT","service_version":"0.0.1","service_id":"d947015e-4c0f-4009-be0b-7da9410da33b","path":"/","method":"GET","status_code":200,"timestamp":"2025-09-22T11:25:05.152301","message":"Registering location"}
{"level":"info","service_name":"CHECKOUT","service_version":"0.0.1","service_id":"d947015e-4c0f-4009-be0b-7da9410da33b","timestamp":"2025-09-22T11:25:05.152367","message":"Registered route: GET /"}
{"level":"info","service_name":"CHECKOUT","service_version":"0.0.1","service_id":"d947015e-4c0f-4009-be0b-7da9410da33b","request_trace_id":"d3364fcf-a3f1-4803-be52-83ce4c51b3c1","response":"{\"message\": \"Hello, World!\"}","timestamp":"2025-09-22T11:33:48.928093","message":"Response processed successfully"}
{"level":"info","service_name":"CHECKOUT","service_version":"0.0.1","service_id":"d947015e-4c0f-4009-be0b-7da9410da33b","request_trace_id":"d3364fcf-a3f1-4803-be52-83ce4c51b3c1","status_code":200,"timestamp":"2025-09-22T11:33:48.92838","message":"Request completed successfully"}
{"level":"info","service_name":"CHECKOUT","service_version":"0.0.1","service_id":"d947015e-4c0f-4009-be0b-7da9410da33b","request_trace_id":"e57d0419-d12b-49ce-b8e5-5eb9c047fc3c","response":"{\"message\": \"Hello, World!\"}","timestamp":"2025-09-22T11:57:23.802457","message":"Response processed successfully"}
{"level":"info","service_name":"CHECKOUT","service_version":"0.0.1","service_id":"d947015e-4c0f-4009-be0b-7da9410da33b","request_trace_id":"e57d0419-d12b-49ce-b8e5-5eb9c047fc3c","status_code":200,"timestamp":"2025-09-22T11:57:23.802846","message":"Request completed successfully"}
{"level":"info","service_name":"CHECKOUT","service_version":"0.0.1","service_id":"d947015e-4c0f-4009-be0b-7da9410da33b","request_trace_id":"338ce097-267b-47ec-a7cd-ba9a20e5095b","response":"{\"message\": \"Hello, World!\"}","timestamp":"2025-09-22T11:57:24.721892","message":"Response processed successfully"}
{"level":"info","service_name":"CHECKOUT","service_version":"0.0.1","service_id":"d947015e-4c0f-4009-be0b-7da9410da33b","request_trace_id":"338ce097-267b-47ec-a7cd-ba9a20e5095b","status_code":200,"timestamp":"2025-09-22T11:57:24.721975","message":"Request completed successfully"}
{"level":"info","service_name":"CHECKOUT","service_version":"0.0.1","service_id":"a1135679-9abb-4402-8f2f-17a3e2685572","path":"/","method":"GET","status_code":200,"timestamp":"2025-09-22T15:59:08.54387","message":"Registering location"}
{"level":"info","service_name":"CHECKOUT","service_version":"0.0.1","service_id":"a1135679-9abb-4402-8f2f-17a3e2685572","timestamp":"2025-09-22T15:59:08.544038","message":"Registered route: GET /"}
{"level":"info","service_name":"CHECKOUT","service_version":"0.0.1","service_id":"a1135679-9abb-4402-8f2f-17a3e2685572","request_trace_id":"b00da5f5-7508-4d75-9f53-ebadc20caeeb","response":"{\"message\": \"Hello, World!\"}","timestamp":"2025-09-22T15:59:16.339405","message":"Response processed successfully"}
{"level":"info","service_name":"CHECKOUT","service_version":"0.0.1","service_id":"a1135679-9abb-4402-8f2f-17a3e2685572","request_trace_id":"b00da5f5-7508-4d75-9f53-ebadc20caeeb","status_code":200,"timestamp":"2025-09-22T15:59:16.33946","message":"Request completed successfully"}
{"level":"info","service_name":"CHECKOUT","service_version":"0.0.1","service_id":"cf58c62e-a56e-45f1-90d8-2110e8a27a40","path":"/","method":"GET","status_code":200,"timestamp":"2025-09-22T15:59:49.396984","message":"Registering location"}
{"level":"info","service_name":"CHECKOUT","service_version":"0.0.1","service_id":"cf58c62e-a56e-45f1-90d8-2110e8a27a40","timestamp":"2025-09-22T15:59:49.397102","message":"Registered route: GET /"}
{"level":"info","service_name":"CHECKOUT","service_version":"0.0.1","service_id":"03d88cf7-fb8a-4fc3-8803-54c7cd7752a5","path":"/","method":"GET","status_code":200,"timestamp":"2025-09-22T16:08:03.09834","message":"Registering location"}
{"level":"info","service_name":"CHECKOUT","service_version":"0.0.1","service_id":"03d88cf7-fb8a-4fc3-8803-54c7cd7752a5","timestamp":"2025-09-22T16:08:03.098446","message":"Registered route: GET /"}
{"level":"info","service_name":"CHECKOUT","service_version":"0.0.1","service_id":"951d924d-b080-4105-9ac5-4029ed7400dc","path":"/","method":"GET","status_code":200,"timestamp":"2025-09-23T09:13:05.143398","message":"Registering location"}
{"level":"info","service_name":"CHECKOUT","service_version":"0.0.1","service_id":"951d924d-b080-4105-9ac5-4029ed7400dc","timestamp":"2025-09-23T09:13:05.143545","message":"Registered route: GET /"}
{"level":"info","service_name":"CHECKOUT","service_version":"0.0.1","service_id":"96182842-a128-4bbb-bc8b-7a2d18e54d07","path":"/","method":"GET","status_code":200,"timestamp":"2025-09-23T09:19:06.307508","message":"Registering location"}
{"level":"info","service_name":"CHECKOUT","service_version":"0.0.1","service_id":"96182842-a128-4bbb-bc8b-7a2d18e54d07","timestamp":"2025-09-23T09:19:06.307534","message":"Registered route: GET /"}
{"level":"info","service_name":"CHECKOUT","service_version":"0.0.1","service_id":"ea17cdaa-2b98-46b5-91fc-9893d5ea6958","path":"/","method":"GET","status_code":200,"timestamp":"2025-09-23T09:23:36.111918","message":"Registering location"}
{"level":"info","service_name":"CHECKOUT","service_version":"0.0.1","service_id":"ea17cdaa-2b98-46b5-91fc-9893d5ea6958","timestamp":"2025-09-23T09:23:36.111939","message":"Registered route: GET /"}
{"level":"info","service_name":"CHECKOUT","service_version":"0.0.1","service_id":"7dee29f9-1d09-49d6-8fb3-32889aef9139","path":"/","method":"GET","status_code":200,"timestamp":"2025-09-23T13:30:11.086719","message":"Registering location"}
{"level":"info","service_name":"CHECKOUT","service_version":"0.0.1","service_id":"7dee29f9-1d09-49d6-8fb3-32889aef9139","timestamp":"2025-09-23T13:30:11.086762","message":"Registered route: GET /"}
{"level":"info","service_name":"CHECKOUT","service_version":"0.0.1","service_id":"1e444103-fa2c-4f88-9887-274885a76f5b","path":"/","method":"GET","status_code":200,"timestamp":"2025-09-23T13:31:09.430894","message":"Registering location"}
{"level":"info","service_name":"CHECKOUT","service_version":"0.0.1","service_id":"1e444103-fa2c-4f88-9887-274885a76f5b","timestamp":"2025-09-23T13:31:09.430923","message":"Registered route: GET /"}
{"level":"info","service_name":"CHECKOUT","service_version":"0.0.1","service_id":"9768f222-00bc-4877-a1a4-c7f8adc67737","path":"/","method":"GET","status_code":200,"timestamp":"2025-09-23T13:31:23.666623","message":"Registering location"}
{"level":"info","service_name":"CHECKOUT","service_version":"0.0.1","service_id":"9768f222-00bc-4877-a1a4-c7f8adc67737","timestamp":"2025-09-23T13:31:23.666655","message":"Registered route: GET /"}
{"level":"info","service_name":"CHECKOUT","service_version":"0.0.1","service_id":"9965fd84-0841-401a-8d3e-14dc1a91b3e8","path":"/","method":"GET","status_code":200,"timestamp":"2025-09-23T13:41:12.992973","message":"Registering location"}
{"level":"info","service_name":"CHECKOUT","service_version":"0.0.1","service_id":"9965fd84-0841-401a-8d3e-14dc1a91b3e8","timestamp":"2025-09-23T13:41:12.992997","message":"Registered route: GET /"}
{"level":"info","service_name":"CHECKOUT","service_version":"0.0.1","service_id":"d33d058f-900a-41ec-b131-50f523da6ea7","path":"/","method":"GET","status_code":200,"timestamp":"2025-09-23T13:46:43.640336","message":"Registering location"}
{"level":"info","service_name":"CHECKOUT","service_version":"0.0.1","service_id":"d33d058f-900a-41ec-b131-50f523da6ea7","timestamp":"2025-09-23T13:46:43.640368","message":"Registered route: GET /"}
{"level":"info","service_name":"CHECKOUT","service_version":"0.0.1","service_id":"c623b0ae-5ff5-4d5d-90d3-36f5c11c257d","path":"/","method":"GET","status_code":200,"timestamp":"2025-09-23T13:47:18.011317","message":"Registering location"}
{"level":"info","service_name":"CHECKOUT","service_version":"0.0.1","service_id":"c623b0ae-5ff5-4d5d-90d3-36f5c11c257d","timestamp":"2025-09-23T13:47:18.01135","message":"Registered route: GET /"}
{"level":"info","service_name":"CHECKOUT","service_version":"0.0.1","service_id":"245f39f7-156a-40e1-aa2d-677b29206013","path":"/","method":"GET","status_code":200,"timestamp":"2025-09-23T13:49:47.639097","message":"Registering location"}
{"level":"info","service_name":"CHECKOUT","service_version":"0.0.1","service_id":"245f39f7-156a-40e1-aa2d-677b29206013","timestamp":"2025-09-23T13:49:47.639123","message":"Registered route: GET /"}
{"level":"info","service_name":"CHECKOUT","service_version":"0.0.1","service_id":"ed2db787-55df-427f-aa11-5974ef3c7aa3","path":"/","method":"GET","status_code":200,"timestamp":"2025-09-23T13:51:25.245248","message":"Registering location"}
{"level":"info","service_name":"CHECKOUT","service_version":"0.0.1","service_id":"ed2db787-55df-427f-aa11-5974ef3c7aa3","timestamp":"2025-09-23T13:51:25.245275","message":"Registered route: GET /"}
{"level":"info","service_name":"CHECKOUT","service_version":"0.0.1","service_id":"ece6323e-4ab3-4cea-8f86-1596aeda0c14","path":"/","method":"GET","status_code":200,"timestamp":"2025-09-23T13:53:36.659449","message":"Registering location"}
{"level":"info","service_name":"CHECKOUT","service_version":"0.0.1","service_id":"ece6323e-4ab3-4cea-8f86-1596aeda0c14","timestamp":"2025-09-23T13:53:36.659476","message":"Registered route: GET /"}
{"level":"info","service_name":"CHECKOUT","service_version":"0.0.1","service_id":"1d53e964-e34a-44ab-a540-c50c2b6d99ff","path":"/","method":"GET","status_code":200,"timestamp":"2025-09-23T16:57:19.834","message":"Registering location"}
{"level":"info","service_name":"CHECKOUT","service_version":"0.0.1","service_id":"1d53e964-e34a-44ab-a540-c50c2b6d99ff","timestamp":"2025-09-23T16:57:19.834136","message":"Registered route: GET /"}
{"level":"info","service_name":"CHECKOUT","service_version":"0.0.1","service_id":"7fb93946-afaf-4f94-a5d5-3b886c8d7af3","path":"/","method":"GET","status_code":200,"timestamp":"2025-09-23T16:58:05.195875","message":"Registering location"}
{"level":"info","service_name":"CHECKOUT","service_version":"0.0.1","service_id":"7fb93946-afaf-4f94-a5d5-3b886c8d7af3","timestamp":"2025-09-23T16:58:05.195909","message":"Registered route: GET /"}
{"level":"info","service_name":"CHECKOUT","service_version":"0.0.1","service_id":"d35791df-0d1e-41e8-9cc7-e7a731db74c9","path":"/","method":"GET","status_code":200,"timestamp":"2025-09-24T16:32:07.324341","message":"Registering location"}
{"level":"info","service_name":"CHECKOUT","service_version":"0.0.1","service_id":"d35791df-0d1e-41e8-9cc7-e7a731db74c9","timestamp":"2025-09-24T16:32:07.324527","message":"Registered route: GET /"}
{"level":"info","service_name":"CHECKOUT","service_version":"0.0.1","service_id":"230c76c6-15de-4479-b383-5f473ca826d4","path":"/","method":"GET","status_code":200,"timestamp":"2025-09-25T14:55:33.336046","message":"Registering location"}
{"level":"info","service_name":"CHECKOUT","service_version":"0.0.1","service_id":"230c76c6-15de-4479-b383-5f473ca826d4","timestamp":"2025-09-25T14:55:33.336333","message":"Registered route: GET /"}
{"level":"info","service_name":"CHECKOUT","service_version":"0.0.1","service_id":"0af60861-ba82-4ce5-b181-22ad0fd36ecd","path":"/","method":"GET","status_code":200,"timestamp":"2025-09-25T14:57:19.626146","message":"Registering location"}
{"level":"info","service_name":"CHECKOUT","service_version":"0.0.1","service_id":"0af60861-ba82-4ce5-b181-22ad0fd36ecd","timestamp":"2025-09-25T14:57:19.626273","message":"Registered route: GET /"}
{"level":"info","service_name":"CHECKOUT","service_version":"0.0.1","service_id":"455e046c-a7d5-4911-9dc9-347fffe66742","path":"/","method":"GET","status_code":200,"timestamp":"2025-09-25T15:00:02.52588","message":"Registering location"}
{"level":"info","service_name":"CHECKOUT","service_version":"0.0.1","service_id":"455e046c-a7d5-4911-9dc9-347fffe66742","timestamp":"2025-09-25T15:00:02.525949","message":"Registered route: GET /"}
{"level":"info","service_name":"CHECKOUT","service_version":"0.0.1","service_id":"de7f2afe-f371-4cb4-8fdc-d61a80d3fceb","path":"/","method":"GET","status_code":200,"timestamp":"2025-09-25T15:01:17.674921","message":"Registering location"}
{"level":"info","service_name":"CHECKOUT","service_version":"0.0.1","service_id":"de7f2afe-f371-4cb4-8fdc-d61a80d3fceb","timestamp":"2025-09-25T15:01:17.674961","message":"Registered route: GET /"}
{"level":"info","service_name":"CHECKOUT","service_version":"0.0.1","service_id":"69ffd89b-08f9-40ee-80ff-49f1d0eb67ba","path":"/","method":"GET","status_code":200,"timestamp":"2025-09-25T15:01:30.715438","message":"Registering location"}
{"level":"info","service_name":"CHECKOUT","service_version":"0.0.1","service_id":"69ffd89b-08f9-40ee-80ff-49f1d0eb67ba","timestamp":"2025-09-25T15:01:30.715482","message":"Registered route: GET /"}
{"level":"info","service_name":"CHECKOUT","service_version":"0.0.1","service_id":"bf6be97e-36a1-407e-a904-ca5c3140e577","path":"/","method":"GET","status_code":200,"timestamp":"2025-09-25T15:01:41.811156","message":"Registering location"}
{"level":"info","service_name":"CHECKOUT","service_version":"0.0.1","service_id":"bf6be97e-36a1-407e-a904-ca5c3140e577","timestamp":"2025-09-25T15:01:41.811193","message":"Registered route: GET /"}
{"level":"info","service_name":"CHECKOUT","service_version":"0.0.1","service_id":"2584f520-8bbf-4cd3-8414-cc477b85e2af","path":"/","method":"GET","status_code":200,"timestamp":"2025-09-25T15:02:05.154418","message":"Registering location"}
{"level":"info","service_name":"CHECKOUT","service_version":"0.0.1","service_id":"2584f520-8bbf-4cd3-8414-cc477b85e2af","timestamp":"2025-09-25T15:02:05.154461","message":"Registered route: GET /"}
{"level":"info","service_name":"CHECKOUT","service_version":"0.0.1","service_id":"cd86c579-349f-4f8e-8249-57f7d409cdca","path":"/","method":"GET","status_code":200,"timestamp":"2025-09-25T15:02:57.88216","message":"Registering location"}
{"level":"info","service_name":"CHECKOUT","service_version":"0.0.1","service_id":"cd86c579-349f-4f8e-8249-57f7d409cdca","timestamp":"2025-09-25T15:02:57.882383","message":"Registered route: GET /"}
{"level":"info","service_name":"CHECKOUT","service_version":"0.0.1","service_id":"856d0de0-74f1-432d-bbd2-68dd6be5da8c","path":"/","method":"GET","status_code":200,"timestamp":"2025-09-25T15:09:15.903089","message":"Registering location"}
{"level":"info","service_name":"CHECKOUT","service_version":"0.0.1","service_id":"856d0de0-74f1-432d-bbd2-68dd6be5da8c","timestamp":"2025-09-25T15:09:15.903315","message":"Registered route: GET /"}
{"level":"info","service_name":"CHECKOUT","service_version":"0.0.1","service_id":"b10dcc52-3222-4e3d-b8c3-7f5e01b1acbc","path":"/","method":"GET","status_code":200,"timestamp":"2025-09-25T15:12:44.176765","message":"Registering location"}
{"level":"info","service_name":"CHECKOUT","service_version":"0.0.1","service_id":"b10dcc52-3222-4e3d-b8c3-7f5e01b1acbc","timestamp":"2025-09-25T15:12:44.176989","message":"Registered route: GET /"}
{"level":"info","service_name":"CHECKOUT","service_version":"0.0.1","service_id":"22038e6c-1e9e-4a65-8df4-783cb8ea3747","path":"/","method":"GET","status_code":200,"timestamp":"2025-09-25T15:14:21.924669","message":"Registering location"}
{"level":"info","service_name":"CHECKOUT","service_version":"0.0.1","service_id":"22038e6c-1e9e-4a65-8df4-783cb8ea3747","timestamp":"2025-09-25T15:14:21.924703","message":"Registered route: GET /"}
{"level":"info","service_name":"CHECKOUT","service_version":"0.0.1","service_id":"2e4af98e-b6fa-4a0a-8f35-11c0952ed6c1","path":"/","method":"GET","status_code":200,"timestamp":"2025-09-25T15:25:54.765583","message":"Registering location"}
{"level":"info","service_name":"CHECKOUT","service_version":"0.0.1","service_id":"2e4af98e-b6fa-4a0a-8f35-11c0952ed6c1","timestamp":"2025-09-25T15:25:54.765628","message":"Registered route: GET /"}
{"level":"info","service_name":"CHECKOUT","service_version":"0.0.1","service_id":"ea9debd7-251e-42e3-8c75-1a53545f9596","path":"/","method":"GET","status_code":200,"timestamp":"2025-09-25T15:27:03.160662","message":"Registering location"}
{"level":"info","service_name":"CHECKOUT","service_version":"0.0.1","service_id":"ea9debd7-251e-42e3-8c75-1a53545f9596","timestamp":"2025-09-25T15:27:03.160709","message":"Registered route: GET /"}
{"level":"info","service_name":"CHECKOUT","service_version":"0.0.1","service_id":"902962cb-917b-4409-bc6c-e2b5bb983d9f","path":"/","method":"GET","status_code":200,"timestamp":"2025-09-30T09:10:43.520895","message":"Registering location"}
{"level":"info","service_name":"CHECKOUT","service_version":"0.0.1","service_id":"902962cb-917b-4409-bc6c-e2b5bb983d9f","timestamp":"2025-09-30T09:10:43.521078","message":"Registered route: GET /"}
{"level":"info","service_name":"CHECKOUT","service_version":"0.0.1","service_id":"594eda79-28dd-44cf-9436-aba240e5e60c","path":"/","method":"GET","status_code":200,"timestamp":"2025-09-30T09:11:37.793207","message":"Registering location"}
{"level":"info","service_name":"CHECKOUT","service_version":"0.0.1","service_id":"594eda79-28dd-44cf-9436-aba240e5e60c","timestamp":"2025-09-30T09:11:37.793234","message":"Registered route: GET /"}
{"level":"info","service_name":"CHECKOUT","service_version":"0.0.1","service_id":"6cb990fa-3ede-4a17-890f-abc3391001e8","path":"/","method":"GET","status_code":200,"timestamp":"2025-10-09T09:27:04.348891","message":"Registering location"}
{"level":"info","service_name":"CHECKOUT","service_version":"0.0.1","service_id":"6cb990fa-3ede-4a17-890f-abc3391001e8","timestamp":"2025-10-09T09:27:04.349056","message":"Registered route: GET /"}
{"level":"info","service_name":"CHECKOUT","service_version":"0.0.1","service_id":"b3408187-d244-471c-adbf-333c0c7c1038","path":"/","method":"GET","status_code":200,"timestamp":"2025-10-09T09:27:26.186305","message":"Registering location"}
{"level":"info","service_name":"CHECKOUT","service_version":"0.0.1","service_id":"b3408187-d244-471c-adbf-333c0c7c1038","timestamp":"2025-10-09T09:27:26.186344","message":"Registered route: GET /"}
{"level":"info","service_name":"CHECKOUT","service_version":"0.0.1","service_id":"518d83e7-fb5d-4f65-a3a9-0387b5442ab3","path":"/","method":"GET","status_code":200,"timestamp":"2025-10-09T09:35:00.962626","message":"Registering location"}
{"level":"info","service_name":"CHECKOUT","service_version":"0.0.1","service_id":"518d83e7-fb5d-4f65-a3a9-0387b5442ab3","timestamp":"2025-10-09T09:35:00.962674","message":"Registered route: GET /"}
{"level":"info","service_name":"CHECKOUT","service_version":"0.0.1","service_id":"bd54c446-9b29-4a9e-a02c-a1a35b75427c","path":"/","method":"GET","status_code":200,"timestamp":"2025-10-09T09:38:16.529977","message":"Registering location"}
{"level":"info","service_name":"CHECKOUT","service_version":"0.0.1","service_id":"bd54c446-9b29-4a9e-a02c-a1a35b75427c","timestamp":"2025-10-09T09:38:16.53007","message":"Registered route: GET /"}
{"level":"info","service_name":"CHECKOUT","service_version":"0.0.1","service_id":"f9d0b06f-138e-47be-b423-d1563d43c3e0","path":"/","method":"GET","status_code":200,"timestamp":"2025-10-09T10:03:41.271598","message":"Registering location"}
{"level":"info","service_name":"CHECKOUT","service_version":"0.0.1","service_id":"f9d0b06f-138e-47be-b423-d1563d43c3e0","timestamp":"2025-10-09T10:03:41.271641","message":"Registered route: GET /"}
{"level":"info","service_name":"CHECKOUT","service_version":"0.0.1","service_id":"b8bf76f8-4a74-43c3-9130-25297a836960","path":"/","method":"GET","status_code":200,"timestamp":"2025-10-09T10:07:18.243675","message":"Registering location"}
{"level":"info","service_name":"CHECKOUT","service_version":"0.0.1","service_id":"b8bf76f8-4a74-43c3-9130-25297a836960","timestamp":"2025-10-09T10:07:18.243722","message":"Registered route: GET /"}
{"level":"info","service_name":"CHECKOUT","service_version":"0.0.1","service_id":"36e77d6a-2522-4f66-a887-199b579797d7","path":"/","method":"GET","status_code":200,"timestamp":"2025-10-09T10:07:41.983475","message":"Registering location"}
{"level":"info","service_name":"CHECKOUT","service_version":"0.0.1","service_id":"36e77d6a-2522-4f66-a887-199b579797d7","timestamp":"2025-10-09T10:07:41.983516","message":"Registered route: GET /"}
{"level":"info","service_name":"CHECKOUT","service_version":"0.0.1","service_id":"b99f607e-a12f-42d6-893b-36ef7e5e37b7","path":"/","method":"GET","status_code":200,"timestamp":"2025-10-10T15:58:11.414078","message":"Registering location"}
{"level":"info","service_name":"CHECKOUT","service_version":"0.0.1","service_id":"b99f607e-a12f-42d6-893b-36ef7e5e37b7","timestamp":"2025-10-10T15:58:11.414207","message":"Registered route: GET /"}
{"level":"info","service_name":"CHECKOUT","service_version":"0.0.1","service_id":"af95478c-f143-4a41-a60f-d7b4b03c0b2b","path":"/","method":"GET","status_code":200,"timestamp":"2025-10-10T16:01:54.204954","message":"Registering location"}
{"level":"info","service_name":"CHECKOUT","service_version":"0.0.1","service_id":"af95478c-f143-4a41-a60f-d7b4b03c0b2b","timestamp":"2025-10-10T16:01:54.204987","message":"Registered route: GET /"}
{"level":"info","service_name":"CHECKOUT","service_version":"0.0.1","service_id":"499d9367-d086-44e3-a253-403e8c29efd1","path":"/","method":"GET","status_code":200,"timestamp":"2025-10-10T16:02:49.709606","message":"Registering location"}
{"level":"info","service_name":"CHECKOUT","service_version":"0.0.1","service_id":"499d9367-d086-44e3-a253-403e8c29efd1","timestamp":"2025-10-10T16:02:49.709633","message":"Registered route: GET /"}
{"level":"info","service_name":"CHECKOUT","service_version":"0.0.1","service_id":"315ea377-9fe5-4231-9462-3e47f8e50470","path":"/","method":"GET","status_code":200,"timestamp":"2025-10-10T16:03:04.490106","message":"Registering location"}
{"level":"info","service_name":"CHECKOUT","service_version":"0.0.1","service_id":"315ea377-9fe5-4231-9462-3e47f8e50470","timestamp":"2025-10-10T16:03:04.490131","message":"Registered route: GET /"}
{"level":"info","service_name":"CHECKOUT","service_version":"0.0.1","service_id":"16769b10-5537-4ca0-98f0-4e6515b46298","path":"/","method":"GET","status_code":200,"timestamp":"2025-10-10T16:05:30.104989","message":"Registering location"}
{"level":"info","service_name":"CHECKOUT","service_version":"0.0.1","service_id":"16769b10-5537-4ca0-98f0-4e6515b46298","timestamp":"2025-10-10T16:05:30.105017","message":"Registered route: GET /"}
{"level":"info","service_name":"CHECKOUT","service_version":"0.0.1","service_id":"83b52faa-53b5-43f5-978d-08624bc056df","path":"/","method":"GET","status_code":200,"timestamp":"2025-10-10T16:07:30.832845","message":"Registering location"}
{"level":"info","service_name":"CHECKOUT","service_version":"0.0.1","service_id":"83b52faa-53b5-43f5-978d-08624bc056df","timestamp":"2025-10-10T16:07:30.832871","message":"Registered route: GET /"}
{"level":"info","service_name":"CHECKOUT","service_version":"0.0.1","service_id":"65780744-b042-4732-bbdd-3d0bd7c1b4c3","path":"/","method":"GET","status_code":200,"timestamp":"2025-10-10T16:08:24.180188","message":"Registering location"}
{"level":"info","service_name":"CHECKOUT","service_version":"0.0.1","service_id":"65780744-b042-4732-bbdd-3d0bd7c1b4c3","timestamp":"2025-10-10T16:08:24.180231","message":"Registered route: GET /"}
{"level":"info","service_name":"CHECKOUT","service_version":"0.0.1","service_id":"a07fcbf0-4dfc-483e-b948-cb94f12dc4f6","path":"/","method":"GET","status_code":200,"timestamp":"2025-10-10T16:09:48.942782","message":"Registering location"}
{"level":"info","service_name":"CHECKOUT","service_version":"0.0.1","service_id":"a07fcbf0-4dfc-483e-b948-cb94f12dc4f6","timestamp":"2025-10-10T16:09:48.942813","message":"Registered route: GET /"}
{"level":"info","service_name":"CHECKOUT","service_version":"0.0.1","service_id":"b9c31565-a721-48bc-be83-12b14a50c071","path":"/","method":"GET","status_code":200,"timestamp":"2025-10-10T16:13:19.076011","message":"Registering location"}
{"level":"info","service_name":"CHECKOUT","service_version":"0.0.1","service_id":"b9c31565-a721-48bc-be83-12b14a50c071","timestamp":"2025-10-10T16:13:19.076036","message":"Registered route: GET /"}
{"level":"info","service_name":"CHECKOUT","service_version":"0.0.1","service_id":"e9c33c17-adde-4f52-961a-24f1bcd49d76","path":"/","method":"GET","status_code":200,"timestamp":"2025-10-10T16:13:45.089399","message":"Registering location"}
{"level":"info","service_name":"CHECKOUT","service_version":"0.0.1","service_id":"e9c33c17-adde-4f52-961a-24f1bcd49d76","timestamp":"2025-10-10T16:13:45.089425","message":"Registered route: GET /"}
{"level":"info","service_name":"CHECKOUT","service_version":"0.0.1","service_id":"b1f6666c-f4ce-413f-98de-075074b8e645","path":"/","method":"GET","status_code":200,"timestamp":"2025-10-10T16:14:03.208133","message":"Registering location"}
{"level":"info","service_name":"CHECKOUT","service_version":"0.0.1","service_id":"b1f6666c-f4ce-413f-98de-075074b8e645","timestamp":"2025-10-10T16:14:03.20816","message":"Registered route: GET /"}
{"level":"info","service_name":"CHECKOUT","service_version":"0.0.1","service_id":"e9ec6449-d9cc-41f1-92bd-7d0f8248aafd","path":"/","method":"GET","status_code":200,"timestamp":"2025-10-10T16:14:39.343833","message":"Registering location"}
{"level":"info","service_name":"CHECKOUT","service_version":"0.0.1","service_id":"e9ec6449-d9cc-41f1-92bd-7d0f8248aafd","timestamp":"2025-10-10T16:14:39.34386","message":"Registered route: GET /"}
{"level":"info","service_name":"CHECKOUT","service_version":"0.0.1","service_id":"11df169f-d4b0-46c0-b98c-f37fa5b4c09a","path":"/","method":"GET","status_code":200,"timestamp":"2025-10-10T16:15:02.545977","message":"Registering location"}
{"level":"info","service_name":"CHECKOUT","service_version":"0.0.1","service_id":"11df169f-d4b0-46c0-b98c-f37fa5b4c09a","timestamp":"2025-10-10T16:15:02.54602","message":"Registered route: GET /"}
{"level":"info","service_name":"CHECKOUT","service_version":"0.0.1","service_id":"61ad0a74-86de-4bb1-bf0e-f26ef5e6161d","path":"/","method":"GET","status_code":200,"timestamp":"2025-10-10T16:15:14.989847","message":"Registering location"}
{"level":"info","service_name":"CHECKOUT","service_version":"0.0.1","service_id":"61ad0a74-86de-4bb1-bf0e-f26ef5e6161d","timestamp":"2025-10-10T16:15:14.989885","message":"Registered route: GET /"}
{"level":"info","service_name":"CHECKOUT","service_version":"0.0.1","service_id":"e7bf59bb-ca2e-448e-9767-2fac68b7a1e9","path":"/","method":"GET","status_code":200,"timestamp":"2025-10-10T16:15:27.918762","message":"Registering location"}
{"level":"info","service_name":"CHECKOUT","service_version":"0.0.1","service_id":"e7bf59bb-ca2e-448e-9767-2fac68b7a1e9","timestamp":"2025-10-10T16:15:27.918787","message":"Registered route: GET /"}
{"level":"info","service_name":"CHECKOUT","service_version":"0.0.1","service_id":"18b61205-7827-458e-814d-44c93f03f238","path":"/","method":"GET","status_code":200,"timestamp":"2025-10-10T16:16:12.148464","message":"Registering location"}
{"level":"info","service_name":"CHECKOUT","service_version":"0.0.1","service_id":"18b61205-7827-458e-814d-44c93f03f238","timestamp":"2025-10-10T16:16:12.1485","message":"Registered route: GET /"}
{"level":"info","service_name":"CHECKOUT","service_version":"0.0.1","service_id":"c3e02eed-c79f-4db2-8c27-da7761be7f32","path":"/","method":"GET","status_code":200,"timestamp":"2025-10-10T16:16:42.426197","message":"Registering location"}
{"level":"info","service_name":"CHECKOUT","service_version":"0.0.1","service_id":"c3e02eed-c79f-4db2-8c27-da7761be7f32","timestamp":"2025-10-10T16:16:42.42623","message":"Registered route: GET /"}
{"level":"info","service_name":"CHECKOUT","service_version":"0.0.1","service_id":"f91a951a-e867-4997-a09c-d3a2b8904436","path":"/","method":"GET","status_code":200,"timestamp":"2025-10-10T16:17:13.175405","message":"Registering location"}
{"level":"info","service_name":"CHECKOUT","service_version":"0.0.1","service_id":"f91a951a-e867-4997-a09c-d3a2b8904436","timestamp":"2025-10-10T16:17:13.175428","message":"Registered route: GET /"}
{"level":"info","service_name":"CHECKOUT","service_version":"0.0.1","service_id":"4d6d55b0-cf47-469b-8006-97557b8e3b68","path":"/","method":"GET","status_code":200,"timestamp":"2025-10-10T16:17:31.102486","message":"Registering location"}
{"level":"info","service_name":"CHECKOUT","service_version":"0.0.1","service_id":"4d6d55b0-cf47-469b-8006-97557b8e3b68","timestamp":"2025-10-10T16:17:31.102518","message":"Registered route: GET /"}
{"level":"info","service_name":"CHECKOUT","service_version":"0.0.1","service_id":"0c75a1fc-66d1-4519-966c-8f595b6f5c09","path":"/","method":"GET","status_code":200,"timestamp":"2025-10-10T16:17:46.782781","message":"Registering location"}
{"level":"info","service_name":"CHECKOUT","service_version":"0.0.1","service_id":"0c75a1fc-66d1-4519-966c-8f595b6f5c09","timestamp":"2025-10-10T16:17:46.782803","message":"Registered route: GET /"}
{"level":"info","service_name":"CHECKOUT","service_version":"0.0.1","service_id":"eab5c96f-79a5-4ee9-b02c-4f77b9b0006f","path":"/","method":"GET","status_code":200,"timestamp":"2025-10-10T16:18:38.188867","message":"Registering location"}
{"level":"info","service_name":"CHECKOUT","service_version":"0.0.1","service_id":"eab5c96f-79a5-4ee9-b02c-4f77b9b0006f","timestamp":"2025-10-10T16:18:38.18889","message":"Registered route: GET /"}
{"level":"info","service_name":"CHECKOUT","service_version":"0.0.1","service_id":"df246f38-a62a-43dd-b371-b6e5a3874fe3","path":"/","method":"GET","status_code":200,"timestamp":"2025-10-10T16:19:39.087457","message":"Registering location"}
{"level":"info","service_name":"CHECKOUT","service_version":"0.0.1","service_id":"df246f38-a62a-43dd-b371-b6e5a3874fe3","timestamp":"2025-10-10T16:19:39.087487","message":"Registered route: GET /"}
{"level":"info","service_name":"CHECKOUT","service_version":"0.0.1","service_id":"7bf33582-f6e0-4c17-9da9-f6df0d4d2bb3","path":"/","method":"GET","status_code":200,"timestamp":"2025-10-10T16:20:43.396791","message":"Registering location"}
{"level":"info","service_name":"CHECKOUT","service_version":"0.0.1","service_id":"7bf33582-f6e0-4c17-9da9-f6df0d4d2bb3","timestamp":"2025-10-10T16:20:43.396821","message":"Registered route: GET /"}
{"level":"info","service_name":"CHECKOUT","service_version":"0.0.1","service_id":"db1e031e-2e77-42aa-917a-f0794e7b2fce","path":"/","method":"GET","status_code":200,"timestamp":"2025-10-10T16:20:54.594384","message":"Registering location"}
{"level":"info","service_name":"CHECKOUT","service_version":"0.0.1","service_id":"db1e031e-2e77-42aa-917a-f0794e7b2fce","timestamp":"2025-10-10T16:20:54.594413","message":"Registered route: GET /"}
{"level":"info","service_name":"CHECKOUT","service_version":"0.0.1","service_id":"e31b5163-5840-4085-b49a-9b8674d35da4","path":"/","method":"GET","status_code":200,"timestamp":"2025-12-10T14:23:38.570707","message":"Registering location"}
{"level":"info","service_name":"CHECKOUT","service_version":"0.0.1","service_id":"e31b5163-5840-4085-b49a-9b8674d35da4","timestamp":"2025-12-10T14:23:38.571803","message":"Registered route: GET /"}
{"level":"info","service_name":"CHECKOUT","service_version":"0.0.1","service_id":"f3c74c16-6ff3-4fba-bba2-fd7c7898d0ae","path":"/","method":"GET","status_code":200,"timestamp":"2025-12-10T15:15:44.147118","message":"Registering location"}
{"level":"info","service_name":"CHECKOUT","service_version":"0.0.1","service_id":"f3c74c16-6ff3-4fba-bba2-fd7c7898d0ae","timestamp":"2025-12-10T15:15:44.147688","message":"Registered route: GET /"}
{"level":"info","service_name":"CHECKOUT","service_version":"0.0.1","service_id":"35e23cb0-be2e-4e2d-a62a-2859bb31c016","path":"/","method":"GET","status_code":200,"timestamp":"2025-12-10T15:18:14.69191","message":"Registering location"}
{"level":"info","service_name":"CHECKOUT","service_version":"0.0.1","service_id":"35e23cb0-be2e-4e2d-a62a-2859bb31c016","timestamp":"2025-12-10T15:18:14.69299","message":"Registered route: GET /"}
{"level":"info","service_name":"CHECKOUT","service_version":"0.0.1","service_id":"c097455f-5590-41dc-9f1f-00d66f845977","path":"/","method":"GET","status_code":200,"timestamp":"2025-12-10T15:22:22.927116","message":"Registering location"}
{"level":"info","service_name":"CHECKOUT","service_version":"0.0.1","service_id":"c097455f-5590-41dc-9f1f-00d66f845977","timestamp":"2025-12-10T15:22:22.929402","message":"Registered route: GET /"}
{"level":"info","service_name":"CHECKOUT","service_version":"0.0.1","service_id":"dc00e5f1-ff36-4e6d-be6b-7e99cc3dd645","path":"/","method":"GET","status_code":200,"timestamp":"2025-12-10T15:24:55.165074","message":"Registering location"}
{"level":"info","service_name":"CHECKOUT","service_version":"0.0.1","service_id":"dc00e5f1-ff36-4e6d-be6b-7e99cc3dd645","timestamp":"2025-12-10T15:24:55.165617","message":"Registered route: GET /"}
{"level":"info","service_name":"CHECKOUT","service_version":"0.0.1","service_id":"85208b1e-5b39-45b0-8526-d10095f3b960","path":"/","method":"GET","status_code":200,"timestamp":"2025-12-10T16:55:22.436089","message":"Registering location"}
{"level":"info","service_name":"CHECKOUT","service_version":"0.0.1","service_id":"85208b1e-5b39-45b0-8526-d10095f3b960","timestamp":"2025-12-10T16:55:22.436616","message":"Registered route: GET /"}
{"level":"info","service_name":"CHECKOUT","service_version":"0.0.1","service_id":"64340502-8bc7-4f8e-b9b4-bfebe5a244e8","path":"/","method":"GET","status_code":200,"timestamp":"2025-12-10T17:01:02.615599","message":"Registering location"}
{"level":"info","service_name":"CHECKOUT","service_version":"0.0.1","service_id":"64340502-8bc7-4f8e-b9b4-bfebe5a244e8","timestamp":"2025-12-10T17:01:02.61615","message":"Registered route: GET /"}
{"level":"info","service_name":"CHECKOUT","service_version":"0.0.1","service_id":"4504be04-ff18-46d6-9ef4-778300525dec","path":"/","method":"GET","status_code":200,"timestamp":"2025-12-18T08:48:58.397905","message":"Registering location"}
{"level":"info","service_name":"CHECKOUT","service_version":"0.0.1","service_id":"4504be04-ff18-46d6-9ef4-778300525dec","timestamp":"2025-12-18T08:48:58.401007","message":"Registered route: GET /"}
{"level":"info","service_name":"CHECKOUT","service_version":"0.0.1","service_id":"50c34474-1ea3-462f-a41f-b099b4cea601","path":"/","method":"GET","status_code":200,"timestamp":"2025-12-19T09:03:33.651198","message":"Registering location"}
{"level":"info","service_name":"CHECKOUT","service_version":"0.0.1","service_id":"50c34474-1ea3-462f-a41f-b099b4cea601","timestamp":"2025-12-19T09:03:33.651744","message":"Registered route: GET /"}
{"level":"info","service_name":"CHECKOUT","service_version":"0.0.1","service_id":"c6c1589c-9000-4895-abca-c0a97cc7cb8b","path":"/","method":"GET","status_code":200,"timestamp":"2025-12-19T12:47:55.687329","message":"Registering location"}
{"level":"info","service_name":"CHECKOUT","service_version":"0.0.1","service_id":"c6c1589c-9000-4895-abca-c0a97cc7cb8b","timestamp":"2025-12-19T12:47:55.688346","message":"Registered route: GET /"}
{"level":"info","service_name":"CHECKOUT","service_version":"0.0.1","service_id":"526b2a1e-990e-4b21-b0a1-142c28b5e53f","path":"/","method":"GET","status_code":200,"timestamp":"2025-12-23T08:43:45.759996","message":"Registering location"}
{"level":"info","service_name":"CHECKOUT","service_version":"0.0.1","service_id":"526b2a1e-990e-4b21-b0a1-142c28b5e53f","timestamp":"2025-12-23T08:43:45.763987","message":"Registered route: GET /"}
{"level":"info","service_name":"CHECKOUT","service_version":"0.0.1","service_id":"db109bbf-310f-4c7b-88c0-fb1bd333269a","path":"/","method":"GET","status_code":200,"timestamp":"2025-12-23T08:58:04.66165","message":"Registering location"}
{"level":"info","service_name":"CHECKOUT","service_version":"0.0.1","service_id":"db109bbf-310f-4c7b-88c0-fb1bd333269a","timestamp":"2025-12-23T08:58:04.662283","message":"Registered route: GET /"}
{"level":"info","service_name":"CHECKOUT","service_version":"0.0.1","service_id":"6a4bf642-42ee-4bbb-810e-7c6323765ee1","path":"/","method":"GET","status_code":200,"timestamp":"2025-12-23T08:59:57.362876","message":"Registering location"}
{"level":"info","service_name":"CHECKOUT","service_version":"0.0.1","service_id":"6a4bf642-42ee-4bbb-810e-7c6323765ee1","timestamp":"2025-12-23T08:59:57.363441","message":"Registered route: GET /"}
{"level":"info","service_name":"CHECKOUT","service_version":"0.0.1","service_id":"86586c04-e783-498c-ba5a-aede35c0afae","path":"/","method":"GET","status_code":200,"timestamp":"2025-12-23T09:07:36.346616","message":"Registering location"}
{"level":"info","service_name":"CHECKOUT","service_version":"0.0.1","service_id":"86586c04-e783-498c-ba5a-aede35c0afae","timestamp":"2025-12-23T09:07:36.347615","message":"Registered route: GET /"}
{"level":"info","service_name":"CHECKOUT","service_version":"0.0.1","service_id":"24a816d0-8bfe-469e-b824-9499611c4ea4","path":"/","method":"GET","status_code":200,"timestamp":"2025-12-23T12:25:30.703324","message":"Registering location"}
{"level":"info","service_name":"CHECKOUT","service_version":"0.0.1","service_id":"24a816d0-8bfe-469e-b824-9499611c4ea4","timestamp":"2025-12-23T12:25:30.704494","message":"Registered route: GET /"}
{"level":"info","service_name":"CHECKOUT","service_version":"0.0.1","service_id":"3f69ed87-8da8-48ed-880a-5bc056b6004d","path":"/","method":"GET","status_code":200,"timestamp":"2025-12-23T14:36:35.663615","message":"Registering location"}
{"level":"info","service_name":"CHECKOUT","service_version":"0.0.1","service_id":"3f69ed87-8da8-48ed-880a-5bc056b6004d","timestamp":"2025-12-23T14:36:35.66658","message":"Registered route: GET /"}
{"level":"info","service_name":"CHECKOUT","service_version":"0.0.1","service_id":"a9e2e793-289a-44a1-967d-d297a4e06a2f","path":"/","method":"GET","status_code":200,"timestamp":"2026-01-07T08:10:22.620764","message":"Registering location"}
{"level":"info","service_name":"CHECKOUT","service_version":"0.0.1","service_id":"a9e2e793-289a-44a1-967d-d297a4e06a2f","timestamp":"2026-01-07T08:10:22.627059","message":"Registered route: GET /"}
{"level":"info","service_name":"CHECKOUT","service_version":"0.0.1","service_id":"46ba2ff9-3dcc-4744-a0ac-5e634bf658c9","path":"/","method":"GET","status_code":200,"timestamp":"2026-01-07T09:03:50.513589","message":"Registering location"}
{"level":"info","service_name":"CHECKOUT","service_version":"0.0.1","service_id":"46ba2ff9-3dcc-4744-a0ac-5e634bf658c9","timestamp":"2026-01-07T09:03:50.51478","message":"Registered route: GET /"}
{"level":"info","service_name":"CHECKOUT","service_version":"0.0.1","service_id":"40b910f8-afe5-4308-a270-090c2355aa2d","path":"/","method":"GET","status_code":200,"timestamp":"2026-01-07T09:04:49.995461","message":"Registering location"}
{"level":"info","service_name":"CHECKOUT","service_version":"0.0.1","service_id":"40b910f8-afe5-4308-a270-090c2355aa2d","timestamp":"2026-01-07T09:04:50.009032","message":"Registered route: GET /"}
{"level":"info","service_name":"CHECKOUT","service_version":"0.0.1","service_id":"1d4b5518-9df7-470a-a780-792ae5025d99","path":"/","method":"GET","status_code":200,"timestamp":"2026-01-07T09:05:34.831084","message":"Registering location"}
{"level":"info","service_name":"CHECKOUT","service_version":"0.0.1","service_id":"1d4b5518-9df7-470a-a780-792ae5025d99","timestamp":"2026-01-07T09:05:34.832186","message":"Registered route: GET /"}
{"level":"info","service_name":"CHECKOUT","service_version":"0.0.1","service_id":"94d3ac0f-b0c0-4bcf-80fb-d9942cf4c431","path":"/","method":"GET","status_code":200,"timestamp":"2026-01-07T09:08:00.617412","message":"Registering location"}
{"level":"info","service_name":"CHECKOUT","service_version":"0.0.1","service_id":"94d3ac0f-b0c0-4bcf-80fb-d9942cf4c431","timestamp":"2026-01-07T09:08:00.619917","message":"Registered route: GET /"}
{"level":"info","service_name":"CHECKOUT","service_version":"0.0.1","service_id":"29795acf-10a8-4838-bcdc-1c27f4af5434","path":"/","method":"GET","status_code":200,"timestamp":"2026-01-07T09:09:59.41097","message":"Registering location"}
{"level":"info","service_name":"CHECKOUT","service_version":"0.0.1","service_id":"29795acf-10a8-4838-bcdc-1c27f4af5434","timestamp":"2026-01-07T09:09:59.411783","message":"Registered route: GET /"}
{"level":"info","service_name":"CHECKOUT","service_version":"0.0.1","service_id":"c849905d-cfcc-4659-bbac-6845420f3508","path":"/","method":"GET","status_code":200,"timestamp":"2026-01-07T09:39:27.40772","message":"Registering location"}
{"level":"info","service_name":"CHECKOUT","service_version":"0.0.1","service_id":"c849905d-cfcc-4659-bbac-6845420f3508","timestamp":"2026-01-07T09:39:27.408278","message":"Registered route: GET /"}
{"level":"info","service_name":"CHECKOUT","service_version":"0.0.1","service_id":"8db844f1-0eca-4196-a1bb-be8b6e4b7f7d","path":"/","method":"GET","status_code":200,"timestamp":"2026-01-07T10:24:07.943277","message":"Registering location"}
{"level":"info","service_name":"CHECKOUT","service_version":"0.0.1","service_id":"8db844f1-0eca-4196-a1bb-be8b6e4b7f7d","timestamp":"2026-01-07T10:24:07.9444","message":"Registered route: GET /"}
{"level":"info","service_name":"CHECKOUT","service_version":"0.0.1","service_id":"13b93107-5c88-47a0-aab7-4bdcce82084d","path":"/","method":"GET","status_code":200,"timestamp":"2026-01-07T11:14:23.235928","message":"Registering location"}
{"level":"info","service_name":"CHECKOUT","service_version":"0.0.1","service_id":"13b93107-5c88-47a0-aab7-4bdcce82084d","timestamp":"2026-01-07T11:14:23.236996","message":"Registered route: GET /"}
{"level":"info","service_name":"CHECKOUT","service_version":"0.0.1","service_id":"ba72cd5b-77fd-4093-8ac0-c8bad9b65cb5","path":"/","method":"GET","status_code":200,"timestamp":"2026-01-07T11:24:47.670803","message":"Registering location"}
{"level":"info","service_name":"CHECKOUT","service_version":"0.0.1","service_id":"ba72cd5b-77fd-4093-8ac0-c8bad9b65cb5","timestamp":"2026-01-07T11:24:47.671349","message":"Registered route: GET /"}
{"level":"info","service_name":"CHECKOUT","service_version":"0.0.1","service_id":"d05c7e8f-837d-47d9-9c20-9432318c96cd","path":"/","method":"GET","status_code":200,"timestamp":"2026-01-07T11:25:15.919277","message":"Registering location"}
{"level":"info","service_name":"CHECKOUT","service_version":"0.0.1","service_id":"d05c7e8f-837d-47d9-9c20-9432318c96cd","timestamp":"2026-01-07T11:25:15.919277","message":"Registered route: GET /"}
{"level":"info","service_name":"CHECKOUT","service_version":"0.0.1","service_id":"cdc27cf0-b010-4f79-ac3c-4621fd19dff4","path":"/","method":"GET","status_code":200,"timestamp":"2026-01-07T11:25:51.133664","message":"Registering location"}
{"level":"info","service_name":"CHECKOUT","service_version":"0.0.1","service_id":"cdc27cf0-b010-4f79-ac3c-4621fd19dff4","timestamp":"2026-01-07T11:25:51.134198","message":"Registered route: GET /"}
{"level":"info","service_name":"CHECKOUT","service_version":"0.0.1","service_id":"48aedc6d-e0c6-4ce3-a468-cc2e34f43a11","path":"/","method":"GET","status_code":200,"timestamp":"2026-01-07T11:26:02.875444","message":"Registering location"}
{"level":"info","service_name":"CHECKOUT","service_version":"0.0.1","service_id":"48aedc6d-e0c6-4ce3-a468-cc2e34f43a11","timestamp":"2026-01-07T11:26:02.876575","message":"Registered route: GET /"}
{"level":"info","service_name":"CHECKOUT","service_version":"0.0.1","service_id":"caaa8341-e76b-49e1-b58a-abda8db2bdf8","path":"/","method":"GET","status_code":200,"timestamp":"2026-01-07T11:27:51.634283","message":"Registering location"}
{"level":"info","service_name":"CHECKOUT","service_version":"0.0.1","service_id":"caaa8341-e76b-49e1-b58a-abda8db2bdf8","timestamp":"2026-01-07T11:27:51.634912","message":"Registered route: GET /"}
