{"level":"debug","service_name":"SERVER 1","service_version":"0.0.1","service_id":"a07dc12f-dab0-4998-bb58-13520a0222ac","path":"/api/echo","method":"POST","timestamp":"2025-09-10T14:27:27.400241","message":"Schema compiled successfully for location"}
{"level":"debug","service_name":"SERVER 1","service_version":"0.0.1","service_id":"27b9579a-e245-4a62-b468-b29b4660517f","path":"/api/echo","method":"POST","timestamp":"2025-09-10T14:29:02.767277","message":"Schema compiled successfully for location"}
{"level":"debug","service_name":"SERVER 1","service_version":"0.0.1","service_id":"3725974b-3145-46a3-82dc-ce404e93d306","path":"/api/echo","method":"POST","timestamp":"2025-09-10T16:05:48.494234","message":"Schema compiled successfully for location"}
{"level":"debug","service_name":"SERVER 1","service_version":"0.0.1","service_id":"3725974b-3145-46a3-82dc-ce404e93d306","request_trace_id":"7cb319cb-8daf-47bf-840b-207cb7072c72","method":"POST","path":"/api/echo","ip":"::1","timestamp":"2025-09-10T16:07:27.535998","message":"Handling request"}
{"level":"debug","service_name":"SERVER 1","service_version":"0.0.1","service_id":"3725974b-3145-46a3-82dc-ce404e93d306","request_trace_id":"7cb319cb-8daf-47bf-840b-207cb7072c72","timestamp":"2025-09-10T16:07:27.537167","message":"Request body validation successful"}
{"level":"debug","service_name":"SERVER 1","service_version":"0.0.1","service_id":"3725974b-3145-46a3-82dc-ce404e93d306","request_trace_id":"06308843-7f26-49d4-8a22-af3d7187e4da","method":"POST","path":"/api/echo","ip":"::1","timestamp":"2025-09-10T16:07:33.720849","message":"Handling request"}
{"level":"debug","service_name":"SERVER 1","service_version":"0.0.1","service_id":"3725974b-3145-46a3-82dc-ce404e93d306","request_trace_id":"06308843-7f26-49d4-8a22-af3d7187e4da","timestamp":"2025-09-10T16:07:33.723626","message":"Request body validation successful"}
{"level":"debug","service_name":"SERVER 1","service_version":"0.0.1","service_id":"3725974b-3145-46a3-82dc-ce404e93d306","request_trace_id":"7ab015c9-2466-47e5-8e70-0514e874ba38","method":"POST","path":"/api/echo","ip":"::1","timestamp":"2025-09-10T16:07:38.490269","message":"Handling request"}
{"level":"debug","service_name":"SERVER 1","service_version":"0.0.1","service_id":"3725974b-3145-46a3-82dc-ce404e93d306","request_trace_id":"7ab015c9-2466-47e5-8e70-0514e874ba38","timestamp":"2025-09-10T16:07:38.490499","message":"Request body validation successful"}
{"level":"debug","service_name":"SERVER 1","service_version":"0.0.1","service_id":"3725974b-3145-46a3-82dc-ce404e93d306","request_trace_id":"3ce38ec1-6600-44d5-ba0a-0feb19a896a4","method":"POST","path":"/api/echo","ip":"::1","timestamp":"2025-09-10T16:07:46.55861","message":"Handling request"}
{"level":"debug","service_name":"SERVER 1","service_version":"0.0.1","service_id":"3725974b-3145-46a3-82dc-ce404e93d306","request_trace_id":"3ce38ec1-6600-44d5-ba0a-0feb19a896a4","timestamp":"2025-09-10T16:07:46.559083","message":"Request body validation successful"}
{"level":"debug","service_name":"SERVER 1","service_version":"0.0.1","service_id":"3725974b-3145-46a3-82dc-ce404e93d306","request_trace_id":"684290ef-ae70-42b5-a71e-22e900ca74f4","method":"POST","path":"/api/echo","ip":"::1","timestamp":"2025-09-10T16:07:47.011586","message":"Handling request"}
{"level":"debug","service_name":"SERVER 1","service_version":"0.0.1","service_id":"3725974b-3145-46a3-82dc-ce404e93d306","request_trace_id":"684290ef-ae70-42b5-a71e-22e900ca74f4","timestamp":"2025-09-10T16:07:47.012127","message":"Request body validation successful"}
{"level":"debug","service_name":"SERVER 1","service_version":"0.0.1","service_id":"3725974b-3145-46a3-82dc-ce404e93d306","request_trace_id":"784dd7b1-d4af-4ddf-880d-7c9da1b26f03","method":"POST","path":"/api/echo","ip":"::1","timestamp":"2025-09-10T16:07:47.427577","message":"Handling request"}
{"level":"debug","service_name":"SERVER 1","service_version":"0.0.1","service_id":"3725974b-3145-46a3-82dc-ce404e93d306","request_trace_id":"784dd7b1-d4af-4ddf-880d-7c9da1b26f03","timestamp":"2025-09-10T16:07:47.428103","message":"Request body validation successful"}
{"level":"debug","service_name":"SERVER 1","service_version":"0.0.1","service_id":"3725974b-3145-46a3-82dc-ce404e93d306","request_trace_id":"9f6dc6f1-30e5-4ca5-84c6-3060ebfffe30","method":"POST","path":"/api/echo","ip":"::1","timestamp":"2025-09-10T16:07:49.467753","message":"Handling request"}
{"level":"debug","service_name":"SERVER 1","service_version":"0.0.1","service_id":"3725974b-3145-46a3-82dc-ce404e93d306","request_trace_id":"9f6dc6f1-30e5-4ca5-84c6-3060ebfffe30","timestamp":"2025-09-10T16:07:49.468451","message":"Request body validation successful"}
{"level":"debug","service_name":"SERVER 1","service_version":"0.0.1","service_id":"3725974b-3145-46a3-82dc-ce404e93d306","request_trace_id":"373970ef-f6b6-41c0-bb02-2af303cf30d7","method":"POST","path":"/api/echo","ip":"::1","timestamp":"2025-09-10T16:08:47.885262","message":"Handling request"}
{"level":"debug","service_name":"SERVER 1","service_version":"0.0.1","service_id":"3725974b-3145-46a3-82dc-ce404e93d306","request_trace_id":"373970ef-f6b6-41c0-bb02-2af303cf30d7","timestamp":"2025-09-10T16:08:47.885452","message":"Request body validation successful"}
{"level":"debug","service_name":"SERVER 1","service_version":"0.0.1","service_id":"3725974b-3145-46a3-82dc-ce404e93d306","request_trace_id":"f5ea5a60-6fef-4251-9900-ed5d5021097f","method":"POST","path":"/api/echo","ip":"::1","timestamp":"2025-09-10T16:08:49.283059","message":"Handling request"}
{"level":"debug","service_name":"SERVER 1","service_version":"0.0.1","service_id":"3725974b-3145-46a3-82dc-ce404e93d306","request_trace_id":"f5ea5a60-6fef-4251-9900-ed5d5021097f","timestamp":"2025-09-10T16:08:49.283252","message":"Request body validation successful"}
{"level":"debug","service_name":"SERVER 1","service_version":"0.0.1","service_id":"3725974b-3145-46a3-82dc-ce404e93d306","request_trace_id":"92179e79-b4d4-404c-bea6-96d016236398","method":"POST","path":"/api/echo","ip":"::1","timestamp":"2025-09-10T16:08:51.468558","message":"Handling request"}
{"level":"debug","service_name":"SERVER 1","service_version":"0.0.1","service_id":"3725974b-3145-46a3-82dc-ce404e93d306","request_trace_id":"92179e79-b4d4-404c-bea6-96d016236398","timestamp":"2025-09-10T16:08:51.468782","message":"Request body validation successful"}
{"level":"debug","service_name":"SERVER 1","service_version":"0.0.1","service_id":"3725974b-3145-46a3-82dc-ce404e93d306","request_trace_id":"6cb6adf5-3d01-4155-b7c8-86c632313dba","method":"POST","path":"/api/echo","ip":"::1","timestamp":"2025-09-10T16:08:53.021738","message":"Handling request"}
{"level":"debug","service_name":"SERVER 1","service_version":"0.0.1","service_id":"3725974b-3145-46a3-82dc-ce404e93d306","request_trace_id":"6cb6adf5-3d01-4155-b7c8-86c632313dba","timestamp":"2025-09-10T16:08:53.022032","message":"Request body validation successful"}
{"level":"debug","service_name":"SERVER 1","service_version":"0.0.1","service_id":"3725974b-3145-46a3-82dc-ce404e93d306","request_trace_id":"ef752c79-3af1-41fb-aaba-ca1697d59c5b","method":"POST","path":"/api/echo","ip":"::1","timestamp":"2025-09-10T16:08:53.964158","message":"Handling request"}
{"level":"debug","service_name":"SERVER 1","service_version":"0.0.1","service_id":"3725974b-3145-46a3-82dc-ce404e93d306","request_trace_id":"ef752c79-3af1-41fb-aaba-ca1697d59c5b","timestamp":"2025-09-10T16:08:53.96435","message":"Request body validation successful"}
{"level":"debug","service_name":"SERVER 1","service_version":"0.0.1","service_id":"3725974b-3145-46a3-82dc-ce404e93d306","request_trace_id":"8979a16c-19b6-45ad-b7df-b8d727e78917","method":"POST","path":"/api/echo","ip":"::1","timestamp":"2025-09-10T16:08:57.884168","message":"Handling request"}
{"level":"debug","service_name":"SERVER 1","service_version":"0.0.1","service_id":"3725974b-3145-46a3-82dc-ce404e93d306","request_trace_id":"8979a16c-19b6-45ad-b7df-b8d727e78917","timestamp":"2025-09-10T16:08:57.884353","message":"Request body validation successful"}
{"level":"debug","service_name":"SERVER 1","service_version":"0.0.1","service_id":"12316dde-79ab-4a7f-887d-a3d22e721fec","path":"/api/echo","method":"POST","timestamp":"2025-09-10T16:09:19.835834","message":"Schema compiled successfully for location"}
{"level":"debug","service_name":"SERVER 1","service_version":"0.0.1","service_id":"12316dde-79ab-4a7f-887d-a3d22e721fec","request_trace_id":"dc69a5ff-f0ab-4387-a73c-c7b74630f864","method":"POST","path":"/api/echo","ip":"::1","timestamp":"2025-09-10T16:09:22.336643","message":"Handling request"}
{"level":"debug","service_name":"SERVER 1","service_version":"0.0.1","service_id":"12316dde-79ab-4a7f-887d-a3d22e721fec","request_trace_id":"dc69a5ff-f0ab-4387-a73c-c7b74630f864","timestamp":"2025-09-10T16:09:22.337134","message":"Request body validation successful"}
{"level":"debug","service_name":"SERVER 1","service_version":"0.0.1","service_id":"12316dde-79ab-4a7f-887d-a3d22e721fec","request_trace_id":"54e140c1-ed70-4230-9f2b-d1aab1c5016b","method":"POST","path":"/api/echo","ip":"::1","timestamp":"2025-09-10T16:09:24.834611","message":"Handling request"}
{"level":"debug","service_name":"SERVER 1","service_version":"0.0.1","service_id":"12316dde-79ab-4a7f-887d-a3d22e721fec","request_trace_id":"54e140c1-ed70-4230-9f2b-d1aab1c5016b","timestamp":"2025-09-10T16:09:24.835036","message":"Request body validation successful"}
{"level":"debug","service_name":"SERVER 1","service_version":"0.0.1","service_id":"12316dde-79ab-4a7f-887d-a3d22e721fec","request_trace_id":"50b5a01e-d127-497c-851f-2cc101fa6a93","method":"POST","path":"/api/echo","ip":"::1","timestamp":"2025-09-10T16:09:25.595433","message":"Handling request"}
{"level":"debug","service_name":"SERVER 1","service_version":"0.0.1","service_id":"12316dde-79ab-4a7f-887d-a3d22e721fec","request_trace_id":"50b5a01e-d127-497c-851f-2cc101fa6a93","timestamp":"2025-09-10T16:09:25.595815","message":"Request body validation successful"}
{"level":"debug","service_name":"SERVER 1","service_version":"0.0.1","service_id":"12316dde-79ab-4a7f-887d-a3d22e721fec","request_trace_id":"05d3885c-c750-44d5-a7d0-9ebcddec3b6b","method":"POST","path":"/api/echo","ip":"::1","timestamp":"2025-09-10T16:09:46.667246","message":"Handling request"}
{"level":"debug","service_name":"SERVER 1","service_version":"0.0.1","service_id":"12316dde-79ab-4a7f-887d-a3d22e721fec","request_trace_id":"05d3885c-c750-44d5-a7d0-9ebcddec3b6b","timestamp":"2025-09-10T16:09:46.667709","message":"Request body validation successful"}
{"level":"debug","service_name":"SERVER 1","service_version":"0.0.1","service_id":"12316dde-79ab-4a7f-887d-a3d22e721fec","request_trace_id":"7eb201c7-f190-4ed6-a6c0-789882773151","method":"POST","path":"/api/echo","ip":"::1","timestamp":"2025-09-10T16:11:52.167285","message":"Handling request"}
{"level":"debug","service_name":"SERVER 1","service_version":"0.0.1","service_id":"12316dde-79ab-4a7f-887d-a3d22e721fec","request_trace_id":"7eb201c7-f190-4ed6-a6c0-789882773151","timestamp":"2025-09-10T16:11:52.167981","message":"Request body validation successful"}
{"level":"debug","service_name":"SERVER 1","service_version":"0.0.1","service_id":"12316dde-79ab-4a7f-887d-a3d22e721fec","request_trace_id":"0f14cffc-f0c3-427d-b380-c58f177743d9","method":"POST","path":"/api/echo","ip":"::1","timestamp":"2025-09-10T16:13:29.738248","message":"Handling request"}
{"level":"debug","service_name":"SERVER 1","service_version":"0.0.1","service_id":"12316dde-79ab-4a7f-887d-a3d22e721fec","request_trace_id":"0f14cffc-f0c3-427d-b380-c58f177743d9","timestamp":"2025-09-10T16:13:29.73865","message":"Request body validation successful"}
{"level":"debug","service_name":"SERVER 1","service_version":"0.0.1","service_id":"305010c1-020a-4013-925a-192a4e6166a0","path":"/api/echo","method":"POST","timestamp":"2025-09-17T12:37:29.420399","message":"Schema compiled successfully for location"}
{"level":"debug","service_name":"SERVER 1","service_version":"0.0.1","service_id":"0d3ce9d4-03dc-4c5b-b0a0-fb7ec01266de","path":"/api/echo","method":"POST","timestamp":"2025-09-17T12:39:11.833814","message":"Schema compiled successfully for location"}
{"level":"debug","service_name":"SERVER 1","service_version":"0.0.1","service_id":"22d117e5-2ba6-4e6f-819f-7eeeadaab5ad","path":"/api/echo","method":"POST","timestamp":"2025-09-17T12:41:23.534679","message":"Schema compiled successfully for location"}
{"level":"debug","service_name":"SERVER 1","service_version":"0.0.1","service_id":"afb9d92e-c0c9-4f8d-9f67-83836528142a","path":"/api/echo","method":"POST","timestamp":"2025-09-17T12:42:47.914854","message":"Schema compiled successfully for location"}
{"level":"debug","service_name":"SERVER 1","service_version":"0.0.1","service_id":"03fc3ea3-bd29-4ace-98df-0d5346e7d70b","path":"/api/echo","method":"POST","timestamp":"2025-09-17T12:43:41.784622","message":"Schema compiled successfully for location"}
{"level":"debug","service_name":"SERVER 1","service_version":"0.0.1","service_id":"f593bede-de54-4770-8a48-843423fbd7cc","path":"/api/echo","method":"POST","timestamp":"2025-09-17T12:43:49.500809","message":"Schema compiled successfully for location"}
{"level":"debug","service_name":"SERVER 1","service_version":"0.0.1","service_id":"194db1d7-6265-4e56-9e7e-94728d567abe","path":"/api/echo","method":"POST","timestamp":"2025-09-17T12:44:10.264319","message":"Schema compiled successfully for location"}
{"level":"debug","service_name":"SERVER 1","service_version":"0.0.1","service_id":"fb1699cd-fa68-497b-8247-772a96afb245","path":"/api/echo","method":"POST","timestamp":"2025-09-17T14:17:46.842","message":"Schema compiled successfully for location"}
{"level":"debug","service_name":"SERVER 1","service_version":"0.0.1","service_id":"ec9ec3d7-4911-470b-808a-ad6182c67758","path":"/api/echo","method":"POST","timestamp":"2025-09-17T14:18:11.049433","message":"Schema compiled successfully for location"}
{"level":"debug","service_name":"SERVER 1","service_version":"0.0.1","service_id":"b9d81401-b407-4a9d-b854-17e5706b7978","path":"/api/echo","method":"POST","timestamp":"2025-09-17T15:52:45.9779","message":"Schema compiled successfully for location"}
{"level":"debug","service_name":"SERVER 1","service_version":"0.0.1","service_id":"4d48802c-dc9b-4de2-84b7-d5ca9fb0b025","path":"/api/echo","method":"POST","timestamp":"2025-09-17T15:53:44.780371","message":"Schema compiled successfully for location"}
{"level":"debug","service_name":"SERVER 1","service_version":"0.0.1","service_id":"9c4a76c3-4d1d-4ac5-af22-6dce124a2d79","path":"/api/echo","method":"POST","timestamp":"2025-09-17T15:54:52.647103","message":"Schema compiled successfully for location"}
{"level":"debug","service_name":"SERVER 1","service_version":"0.0.1","service_id":"2857a9c1-0809-4bec-b244-fc6e7c826156","path":"/api/echo","method":"POST","timestamp":"2025-09-17T15:58:03.337496","message":"Schema compiled successfully for location"}
{"level":"debug","service_name":"SERVER 1","service_version":"0.0.1","service_id":"5f1e6cf1-25a4-4449-a51b-5274fed58ce4","path":"/api/echo","method":"POST","timestamp":"2025-09-17T15:58:29.334777","message":"Schema compiled successfully for location"}
{"level":"debug","service_name":"SERVER 1","service_version":"0.0.1","service_id":"c05d04b3-e954-4c0f-aa41-ef4b993ab248","path":"/api/echo","method":"POST","timestamp":"2025-09-17T15:58:45.117187","message":"Schema compiled successfully for location"}
{"level":"debug","service_name":"SERVER 1","service_version":"0.0.1","service_id":"bdd18815-864c-4983-9beb-99c79677d32d","path":"/api/echo","method":"POST","timestamp":"2025-09-17T15:59:11.237074","message":"Schema compiled successfully for location"}
{"level":"debug","service_name":"SERVER 1","service_version":"0.0.1","service_id":"9296d850-91fc-476d-809f-3a0f3eed20c7","path":"/api/echo","method":"POST","timestamp":"2025-09-17T15:59:46.969382","message":"Schema compiled successfully for location"}
{"level":"debug","service_name":"SERVER 1","service_version":"0.0.1","service_id":"9f4965d3-ff81-4133-b085-a268d450ac32","path":"/api/echo","method":"POST","timestamp":"2025-09-17T16:00:29.631524","message":"Schema compiled successfully for location"}
{"level":"debug","service_name":"SERVER 1","service_version":"0.0.1","service_id":"c255ea1f-0320-45ca-80fe-8acc14c21bce","path":"/api/echo","method":"POST","timestamp":"2025-09-17T16:00:48.085426","message":"Schema compiled successfully for location"}
{"level":"debug","service_name":"SERVER 1","service_version":"0.0.1","service_id":"7b28c653-de0f-4624-a6af-9de1ace2d668","path":"/api/echo","method":"POST","timestamp":"2025-09-17T16:01:19.783859","message":"Schema compiled successfully for location"}
{"level":"debug","service_name":"SERVER 1","service_version":"0.0.1","service_id":"280dd104-b7e3-45e6-8043-fb4c6fb31d4c","path":"/api/echo","method":"POST","timestamp":"2025-09-17T16:01:42.70443","message":"Schema compiled successfully for location"}
{"level":"debug","service_name":"SERVER 1","service_version":"0.0.1","service_id":"903c2fcb-6e63-4780-8699-1b92131614d7","path":"/api/echo","method":"POST","timestamp":"2025-09-17T16:03:08.161805","message":"Schema compiled successfully for location"}
{"level":"debug","service_name":"SERVER 1","service_version":"0.0.1","service_id":"36140870-e542-4e8c-b087-29899ed1b2ea","path":"/api/echo","method":"POST","timestamp":"2025-09-17T16:03:45.742977","message":"Schema compiled successfully for location"}
{"level":"debug","service_name":"SERVER 1","service_version":"0.0.1","service_id":"da4d02fa-09b1-4289-9a5e-67d8d36229d3","path":"/api/echo","method":"POST","timestamp":"2025-09-17T16:05:57.776186","message":"Schema compiled successfully for location"}
{"level":"debug","service_name":"SERVER 1","service_version":"0.0.1","service_id":"12aeb70b-664f-456a-a600-bb8626dc4d6a","path":"/api/echo","method":"POST","timestamp":"2025-09-17T16:06:15.191931","message":"Schema compiled successfully for location"}
{"level":"debug","service_name":"SERVER 1","service_version":"0.0.1","service_id":"8ada7027-2364-48bc-b0a0-b7f16630d52d","path":"/api/echo","method":"POST","timestamp":"2025-09-17T16:06:44.798484","message":"Schema compiled successfully for location"}
{"level":"debug","service_name":"SERVER 1","service_version":"0.0.1","service_id":"532edfb0-34ce-43ec-8354-02b12b53f69e","path":"/api/echo","method":"POST","timestamp":"2025-09-17T16:07:54.643688","message":"Schema compiled successfully for location"}
{"level":"debug","service_name":"SERVER 1","service_version":"0.0.1","service_id":"34c288d0-0939-4dea-9c6e-e69f9e575286","path":"/api/echo","method":"POST","timestamp":"2025-09-17T16:24:08.242334","message":"Schema compiled successfully for location"}
{"level":"debug","service_name":"SERVER 1","service_version":"0.0.1","service_id":"69d17e5a-8308-4008-95f9-253f987c10e0","path":"/api/echo","method":"POST","timestamp":"2025-09-17T16:24:56.426354","message":"Schema compiled successfully for location"}
{"level":"debug","service_name":"SERVER 1","service_version":"0.0.1","service_id":"c8809d5c-3019-4fc4-a8af-6a3e9b5e0910","path":"/api/echo","method":"POST","timestamp":"2025-09-17T16:25:12.834154","message":"Schema compiled successfully for location"}
{"level":"debug","service_name":"SERVER 1","service_version":"0.0.1","service_id":"69be377d-aade-4d2c-86e0-7ec688794259","path":"/api/echo","method":"POST","timestamp":"2025-09-17T16:29:02.649099","message":"Schema compiled successfully for location"}
{"level":"debug","service_name":"SERVER 1","service_version":"0.0.1","service_id":"31dcc260-3c09-42ea-bdb8-98cc5f75e5ca","path":"/api/echo","method":"POST","timestamp":"2025-09-17T16:30:00.468019","message":"Schema compiled successfully for location"}
{"level":"debug","service_name":"SERVER 1","service_version":"0.0.1","service_id":"3e6d9a4f-fdf8-4280-80bd-4657b22d7023","path":"/api/echo","method":"POST","timestamp":"2025-09-17T16:30:29.437876","message":"Schema compiled successfully for location"}
{"level":"debug","service_name":"SERVER 1","service_version":"0.0.1","service_id":"1ce76cc0-989a-41e9-9ddc-550698d52af6","path":"/api/echo","method":"POST","timestamp":"2025-09-17T16:32:32.310709","message":"Schema compiled successfully for location"}
{"level":"debug","service_name":"SERVER 1","service_version":"0.0.1","service_id":"86cab8f1-b9e8-45a7-84c8-796230eb246b","path":"/api/echo","method":"POST","timestamp":"2025-09-17T16:58:20.397102","message":"Schema compiled successfully for location"}
{"level":"debug","service_name":"SERVER 1","service_version":"0.0.1","service_id":"df96ac36-11f3-4a6e-867c-6ec7082f9d34","path":"/api/echo","method":"POST","timestamp":"2025-09-17T17:01:32.392184","message":"Schema compiled successfully for location"}
{"level":"debug","service_name":"SERVER 1","service_version":"0.0.1","service_id":"b776a9ac-ccba-446b-890f-81aa64d10c48","path":"/api/echo","method":"POST","timestamp":"2025-09-17T17:03:06.609167","message":"Schema compiled successfully for location"}
{"level":"debug","service_name":"SERVER 1","service_version":"0.0.1","service_id":"942ca120-4bf5-44ce-9a1f-d7e269b0ae47","path":"/api/echo","method":"POST","timestamp":"2025-09-17T17:06:06.548156","message":"Schema compiled successfully for location"}
{"level":"debug","service_name":"SERVER 1","service_version":"0.0.1","service_id":"a9c352ab-78de-4ca4-b56d-3f1a390e6950","path":"/api/echo","method":"POST","timestamp":"2025-09-17T17:07:04.340931","message":"Schema compiled successfully for location"}
{"level":"debug","service_name":"SERVER 1","service_version":"0.0.1","service_id":"2b4d1a1d-67ea-4c11-8377-1d54db6ae32c","path":"/api/echo","method":"POST","timestamp":"2025-09-17T17:07:48.33375","message":"Schema compiled successfully for location"}
{"level":"debug","service_name":"SERVER 1","service_version":"0.0.1","service_id":"97a9efa1-adab-49a3-8ae0-055be7e4eb79","path":"/api/echo","method":"POST","timestamp":"2025-09-17T17:08:42.339594","message":"Schema compiled successfully for location"}
{"level":"debug","service_name":"SERVER 1","service_version":"0.0.1","service_id":"eb67ad2e-6a7d-45d8-a851-65b237771659","path":"/api/echo","method":"POST","timestamp":"2025-09-18T12:05:48.024654","message":"Schema compiled successfully for location"}
