{"level":"info","service_name":"CTS_MOCK","service_version":"VERSION OTP","service_id":"f28d65fe-70f8-4d84-b68f-6fa43327926c","path":"/CTSProxy/services/resources/sypago/paymentKeyRequest","method":"POST","status_code":200,"timestamp":"2025-10-09T09:27:04.346186","message":"Registering location"}
{"level":"info","service_name":"CTS_MOCK","service_version":"VERSION OTP","service_id":"f28d65fe-70f8-4d84-b68f-6fa43327926c","timestamp":"2025-10-09T09:27:04.346916","message":"Registered route: POST /CTSProxy/services/resources/sypago/paymentKeyRequest"}
{"level":"info","service_name":"CTS_MOCK","service_version":"VERSION OTP","service_id":"f28d65fe-70f8-4d84-b68f-6fa43327926c","path":"/CTSProxy/services/resources/sypago/debitTransaction","method":"POST","status_code":200,"timestamp":"2025-10-09T09:27:04.346933","message":"Registering location"}
{"level":"info","service_name":"CTS_MOCK","service_version":"VERSION OTP","service_id":"f28d65fe-70f8-4d84-b68f-6fa43327926c","timestamp":"2025-10-09T09:27:04.347197","message":"Registered route: POST /CTSProxy/services/resources/sypago/debitTransaction"}
{"level":"info","service_name":"CTS_MOCK","service_version":"VERSION OTP","service_id":"95b78794-e572-48a6-a411-30a163e63724","path":"/CTSProxy/services/resources/sypago/paymentKeyRequest","method":"POST","status_code":200,"timestamp":"2025-10-09T09:27:26.18522","message":"Registering location"}
{"level":"info","service_name":"CTS_MOCK","service_version":"VERSION OTP","service_id":"95b78794-e572-48a6-a411-30a163e63724","timestamp":"2025-10-09T09:27:26.185548","message":"Registered route: POST /CTSProxy/services/resources/sypago/paymentKeyRequest"}
{"level":"info","service_name":"CTS_MOCK","service_version":"VERSION OTP","service_id":"95b78794-e572-48a6-a411-30a163e63724","path":"/CTSProxy/services/resources/sypago/debitTransaction","method":"POST","status_code":200,"timestamp":"2025-10-09T09:27:26.18556","message":"Registering location"}
{"level":"info","service_name":"CTS_MOCK","service_version":"VERSION OTP","service_id":"95b78794-e572-48a6-a411-30a163e63724","timestamp":"2025-10-09T09:27:26.185785","message":"Registered route: POST /CTSProxy/services/resources/sypago/debitTransaction"}
{"level":"info","service_name":"CTS_MOCK","service_version":"VERSION OTP","service_id":"95b78794-e572-48a6-a411-30a163e63724","request_trace_id":"26774bc3-9bf0-4b42-9c8b-085d3c9191a6","timestamp":"2025-10-09T09:34:50.086383","message":"Starting request body validation"}
{"level":"info","service_name":"CTS_MOCK","service_version":"VERSION OTP","service_id":"53c49c46-5214-4375-9845-ff383f774f9b","path":"/CTSProxy/services/resources/sypago/paymentKeyRequest","method":"POST","status_code":200,"timestamp":"2025-10-09T09:35:00.961432","message":"Registering location"}
{"level":"info","service_name":"CTS_MOCK","service_version":"VERSION OTP","service_id":"53c49c46-5214-4375-9845-ff383f774f9b","timestamp":"2025-10-09T09:35:00.961744","message":"Registered route: POST /CTSProxy/services/resources/sypago/paymentKeyRequest"}
{"level":"info","service_name":"CTS_MOCK","service_version":"VERSION OTP","service_id":"53c49c46-5214-4375-9845-ff383f774f9b","path":"/CTSProxy/services/resources/sypago/debitTransaction","method":"POST","status_code":200,"timestamp":"2025-10-09T09:35:00.961756","message":"Registering location"}
{"level":"info","service_name":"CTS_MOCK","service_version":"VERSION OTP","service_id":"53c49c46-5214-4375-9845-ff383f774f9b","timestamp":"2025-10-09T09:35:00.961981","message":"Registered route: POST /CTSProxy/services/resources/sypago/debitTransaction"}
{"level":"info","service_name":"CTS_MOCK","service_version":"VERSION OTP","service_id":"53c49c46-5214-4375-9845-ff383f774f9b","request_trace_id":"42d06c05-f9a6-42f4-bc19-854ea57d01d4","timestamp":"2025-10-09T09:35:04.780422","message":"Starting request body validation"}
{"level":"info","service_name":"CTS_MOCK","service_version":"VERSION OTP","service_id":"eca306d1-e2e7-4a76-afc9-f284f533e31f","path":"/CTSProxy/services/resources/sypago/paymentKeyRequest","method":"POST","status_code":200,"timestamp":"2025-10-09T09:38:16.527465","message":"Registering location"}
{"level":"info","service_name":"CTS_MOCK","service_version":"VERSION OTP","service_id":"eca306d1-e2e7-4a76-afc9-f284f533e31f","timestamp":"2025-10-09T09:38:16.528211","message":"Registered route: POST /CTSProxy/services/resources/sypago/paymentKeyRequest"}
{"level":"info","service_name":"CTS_MOCK","service_version":"VERSION OTP","service_id":"eca306d1-e2e7-4a76-afc9-f284f533e31f","path":"/CTSProxy/services/resources/sypago/debitTransaction","method":"POST","status_code":200,"timestamp":"2025-10-09T09:38:16.528244","message":"Registering location"}
{"level":"info","service_name":"CTS_MOCK","service_version":"VERSION OTP","service_id":"eca306d1-e2e7-4a76-afc9-f284f533e31f","timestamp":"2025-10-09T09:38:16.528574","message":"Registered route: POST /CTSProxy/services/resources/sypago/debitTransaction"}
{"level":"info","service_name":"CTS_MOCK","service_version":"VERSION OTP","service_id":"eca306d1-e2e7-4a76-afc9-f284f533e31f","request_trace_id":"f555c8d4-d5f9-4e90-973b-130347bad8b0","timestamp":"2025-10-09T09:38:20.332043","message":"Starting request body validation"}
{"level":"info","service_name":"CTS_MOCK","service_version":"VERSION OTP","service_id":"fd2fedac-ec03-4cfe-a1b4-34093fe76fdc","path":"/CTSProxy/services/resources/sypago/paymentKeyRequest","method":"POST","status_code":200,"timestamp":"2025-10-09T10:03:41.270128","message":"Registering location"}
{"level":"info","service_name":"CTS_MOCK","service_version":"VERSION OTP","service_id":"fd2fedac-ec03-4cfe-a1b4-34093fe76fdc","timestamp":"2025-10-09T10:03:41.270603","message":"Registered route: POST /CTSProxy/services/resources/sypago/paymentKeyRequest"}
{"level":"info","service_name":"CTS_MOCK","service_version":"VERSION OTP","service_id":"fd2fedac-ec03-4cfe-a1b4-34093fe76fdc","path":"/CTSProxy/services/resources/sypago/debitTransaction","method":"POST","status_code":200,"timestamp":"2025-10-09T10:03:41.270621","message":"Registering location"}
{"level":"info","service_name":"CTS_MOCK","service_version":"VERSION OTP","service_id":"fd2fedac-ec03-4cfe-a1b4-34093fe76fdc","timestamp":"2025-10-09T10:03:41.270916","message":"Registered route: POST /CTSProxy/services/resources/sypago/debitTransaction"}
{"level":"info","service_name":"CTS_MOCK","service_version":"VERSION OTP","service_id":"fd2fedac-ec03-4cfe-a1b4-34093fe76fdc","request_trace_id":"fcb813cb-09c5-4e22-b811-bc7c65edd886","timestamp":"2025-10-09T10:03:44.08588","message":"Starting request body validation"}
{"level":"info","service_name":"CTS_MOCK","service_version":"VERSION OTP","service_id":"fd2fedac-ec03-4cfe-a1b4-34093fe76fdc","request_trace_id":"fcb813cb-09c5-4e22-b811-bc7c65edd886","response":"{\n  \"success\": true,\n  \"message\": null,\n  \"msgId\": \"0114012025091015211102107005\"\n}\n","timestamp":"2025-10-09T10:03:44.086321","message":"Response processed successfully"}
{"level":"info","service_name":"CTS_MOCK","service_version":"VERSION OTP","service_id":"fd2fedac-ec03-4cfe-a1b4-34093fe76fdc","request_trace_id":"fcb813cb-09c5-4e22-b811-bc7c65edd886","status_code":200,"timestamp":"2025-10-09T10:03:44.08648","message":"Request completed successfully"}
{"level":"info","service_name":"CTS_MOCK","service_version":"VERSION OTP","service_id":"fd2fedac-ec03-4cfe-a1b4-34093fe76fdc","request_trace_id":"11094ea6-7cd8-4624-974c-c858bb30d486","timestamp":"2025-10-09T10:05:29.507503","message":"Starting request body validation"}
{"level":"info","service_name":"CTS_MOCK","service_version":"VERSION OTP","service_id":"fd2fedac-ec03-4cfe-a1b4-34093fe76fdc","request_trace_id":"11094ea6-7cd8-4624-974c-c858bb30d486","response":"{\n  \"success\": true,\n  \"message\": null,\n  \"msgId\": \"0114012025091015211102107005\"\n}\n","timestamp":"2025-10-09T10:05:29.507727","message":"Response processed successfully"}
{"level":"info","service_name":"CTS_MOCK","service_version":"VERSION OTP","service_id":"fd2fedac-ec03-4cfe-a1b4-34093fe76fdc","request_trace_id":"11094ea6-7cd8-4624-974c-c858bb30d486","status_code":200,"timestamp":"2025-10-09T10:05:29.507868","message":"Request completed successfully"}
{"level":"info","service_name":"CTS_MOCK","service_version":"VERSION OTP","service_id":"fd2fedac-ec03-4cfe-a1b4-34093fe76fdc","request_trace_id":"5f4028ce-eaf9-49c2-ba0e-cb523b0a2040","timestamp":"2025-10-09T10:05:31.398085","message":"Starting request body validation"}
{"level":"info","service_name":"CTS_MOCK","service_version":"VERSION OTP","service_id":"fd2fedac-ec03-4cfe-a1b4-34093fe76fdc","request_trace_id":"230b9dba-9582-4d0c-82d2-4d7ee11a6996","timestamp":"2025-10-09T10:05:39.998509","message":"Starting request body validation"}
{"level":"info","service_name":"CTS_MOCK","service_version":"VERSION OTP","service_id":"fd2fedac-ec03-4cfe-a1b4-34093fe76fdc","request_trace_id":"230b9dba-9582-4d0c-82d2-4d7ee11a6996","response":"{\n  \"success\": true,\n  \"message\": null,\n  \"msgId\": \"0114012025091015211102107005\"\n}\n","timestamp":"2025-10-09T10:05:39.998713","message":"Response processed successfully"}
{"level":"info","service_name":"CTS_MOCK","service_version":"VERSION OTP","service_id":"fd2fedac-ec03-4cfe-a1b4-34093fe76fdc","request_trace_id":"230b9dba-9582-4d0c-82d2-4d7ee11a6996","status_code":200,"timestamp":"2025-10-09T10:05:39.998822","message":"Request completed successfully"}
{"level":"info","service_name":"CTS_MOCK","service_version":"VERSION OTP","service_id":"fd2fedac-ec03-4cfe-a1b4-34093fe76fdc","request_trace_id":"96d716b6-9d0f-4581-961d-a6a97f9d0c34","timestamp":"2025-10-09T10:06:04.051239","message":"Starting request body validation"}
{"level":"info","service_name":"CTS_MOCK","service_version":"VERSION OTP","service_id":"fd2fedac-ec03-4cfe-a1b4-34093fe76fdc","request_trace_id":"d8ce0ad2-8d59-4477-a0b3-ba2f4d11486e","timestamp":"2025-10-09T10:06:51.897557","message":"Starting request body validation"}
{"level":"info","service_name":"CTS_MOCK","service_version":"VERSION OTP","service_id":"9099229a-3a7a-4da7-81e3-482f2051196d","path":"/CTSProxy/services/resources/sypago/paymentKeyRequest","method":"POST","status_code":200,"timestamp":"2025-10-09T10:07:18.242205","message":"Registering location"}
{"level":"info","service_name":"CTS_MOCK","service_version":"VERSION OTP","service_id":"9099229a-3a7a-4da7-81e3-482f2051196d","timestamp":"2025-10-09T10:07:18.242619","message":"Registered route: POST /CTSProxy/services/resources/sypago/paymentKeyRequest"}
{"level":"info","service_name":"CTS_MOCK","service_version":"VERSION OTP","service_id":"9099229a-3a7a-4da7-81e3-482f2051196d","path":"/CTSProxy/services/resources/sypago/debitTransaction","method":"POST","status_code":200,"timestamp":"2025-10-09T10:07:18.242642","message":"Registering location"}
{"level":"info","service_name":"CTS_MOCK","service_version":"VERSION OTP","service_id":"9099229a-3a7a-4da7-81e3-482f2051196d","timestamp":"2025-10-09T10:07:18.242946","message":"Registered route: POST /CTSProxy/services/resources/sypago/debitTransaction"}
{"level":"info","service_name":"CTS_MOCK","service_version":"VERSION OTP","service_id":"9099229a-3a7a-4da7-81e3-482f2051196d","request_trace_id":"9e60d3de-737d-45ee-893c-292d2a9525fe","timestamp":"2025-10-09T10:07:21.621639","message":"Starting request body validation"}
{"level":"info","service_name":"CTS_MOCK","service_version":"VERSION OTP","service_id":"453317f3-ee53-49e3-8b8d-7ba17ce2633c","path":"/CTSProxy/services/resources/sypago/paymentKeyRequest","method":"POST","status_code":200,"timestamp":"2025-10-09T10:07:41.982055","message":"Registering location"}
{"level":"info","service_name":"CTS_MOCK","service_version":"VERSION OTP","service_id":"453317f3-ee53-49e3-8b8d-7ba17ce2633c","timestamp":"2025-10-09T10:07:41.982439","message":"Registered route: POST /CTSProxy/services/resources/sypago/paymentKeyRequest"}
{"level":"info","service_name":"CTS_MOCK","service_version":"VERSION OTP","service_id":"453317f3-ee53-49e3-8b8d-7ba17ce2633c","path":"/CTSProxy/services/resources/sypago/debitTransaction","method":"POST","status_code":200,"timestamp":"2025-10-09T10:07:41.982459","message":"Registering location"}
{"level":"info","service_name":"CTS_MOCK","service_version":"VERSION OTP","service_id":"453317f3-ee53-49e3-8b8d-7ba17ce2633c","timestamp":"2025-10-09T10:07:41.982773","message":"Registered route: POST /CTSProxy/services/resources/sypago/debitTransaction"}
{"level":"info","service_name":"CTS_MOCK","service_version":"VERSION OTP","service_id":"453317f3-ee53-49e3-8b8d-7ba17ce2633c","request_trace_id":"b511c8ce-85fb-42ed-a848-1063434e7a29","timestamp":"2025-10-09T10:07:44.301662","message":"Starting request body validation"}
{"level":"info","service_name":"CTS_MOCK","service_version":"VERSION OTP","service_id":"453317f3-ee53-49e3-8b8d-7ba17ce2633c","request_trace_id":"b511c8ce-85fb-42ed-a848-1063434e7a29","response":"{\n  \"success\": true,\n  \"message\": null,\n  \"status\": \"ACCP\",\n  \"reason\": \" \",\n  \"idEndToEnd\": \"0114200601021504050000000000\"\n}","timestamp":"2025-10-09T10:07:44.302096","message":"Response processed successfully"}
{"level":"info","service_name":"CTS_MOCK","service_version":"VERSION OTP","service_id":"453317f3-ee53-49e3-8b8d-7ba17ce2633c","request_trace_id":"b511c8ce-85fb-42ed-a848-1063434e7a29","status_code":200,"timestamp":"2025-10-09T10:07:44.302228","message":"Request completed successfully"}
{"level":"info","service_name":"CTS_MOCK","service_version":"VERSION OTP","service_id":"453317f3-ee53-49e3-8b8d-7ba17ce2633c","request_trace_id":"bb628e52-859b-4d05-8c16-020a1ab27373","timestamp":"2025-10-09T10:29:25.350439","message":"Starting request body validation"}
{"level":"info","service_name":"CTS_MOCK","service_version":"VERSION OTP","service_id":"453317f3-ee53-49e3-8b8d-7ba17ce2633c","request_trace_id":"bb628e52-859b-4d05-8c16-020a1ab27373","response":"{\n  \"success\": true,\n  \"message\": null,\n  \"status\": \"ACCP\",\n  \"reason\": \" \",\n  \"idEndToEnd\": \"0114200601021504050000000000\"\n}","timestamp":"2025-10-09T10:29:25.350982","message":"Response processed successfully"}
{"level":"info","service_name":"CTS_MOCK","service_version":"VERSION OTP","service_id":"453317f3-ee53-49e3-8b8d-7ba17ce2633c","request_trace_id":"bb628e52-859b-4d05-8c16-020a1ab27373","status_code":200,"timestamp":"2025-10-09T10:29:25.351134","message":"Request completed successfully"}
{"level":"info","service_name":"CTS_MOCK","service_version":"VERSION OTP","service_id":"453317f3-ee53-49e3-8b8d-7ba17ce2633c","request_trace_id":"26bccfe9-fb2e-4592-81c0-09678f4b4449","timestamp":"2025-10-09T10:29:26.096536","message":"Starting request body validation"}
{"level":"info","service_name":"CTS_MOCK","service_version":"VERSION OTP","service_id":"453317f3-ee53-49e3-8b8d-7ba17ce2633c","request_trace_id":"26bccfe9-fb2e-4592-81c0-09678f4b4449","response":"{\n  \"success\": true,\n  \"message\": null,\n  \"status\": \"ACCP\",\n  \"reason\": \" \",\n  \"idEndToEnd\": \"0114200601021504050000000000\"\n}","timestamp":"2025-10-09T10:29:26.096898","message":"Response processed successfully"}
{"level":"info","service_name":"CTS_MOCK","service_version":"VERSION OTP","service_id":"453317f3-ee53-49e3-8b8d-7ba17ce2633c","request_trace_id":"26bccfe9-fb2e-4592-81c0-09678f4b4449","status_code":200,"timestamp":"2025-10-09T10:29:26.097042","message":"Request completed successfully"}
{"level":"info","service_name":"CTS_MOCK","service_version":"VERSION OTP","service_id":"8ad3911c-db44-42ad-a63c-166a2b2fbf2b","path":"/CTSProxy/services/resources/sypago/paymentKeyRequest","method":"POST","status_code":200,"timestamp":"2025-10-10T15:58:11.411286","message":"Registering location"}
{"level":"info","service_name":"CTS_MOCK","service_version":"VERSION OTP","service_id":"8ad3911c-db44-42ad-a63c-166a2b2fbf2b","timestamp":"2025-10-10T15:58:11.412136","message":"Registered route: POST /CTSProxy/services/resources/sypago/paymentKeyRequest"}
{"level":"info","service_name":"CTS_MOCK","service_version":"VERSION OTP","service_id":"8ad3911c-db44-42ad-a63c-166a2b2fbf2b","path":"/CTSProxy/services/resources/sypago/debitTransaction","method":"POST","status_code":200,"timestamp":"2025-10-10T15:58:11.412162","message":"Registering location"}
{"level":"info","service_name":"CTS_MOCK","service_version":"VERSION OTP","service_id":"8ad3911c-db44-42ad-a63c-166a2b2fbf2b","timestamp":"2025-10-10T15:58:11.412464","message":"Registered route: POST /CTSProxy/services/resources/sypago/debitTransaction"}
{"level":"info","service_name":"CTS_MOCK","service_version":"VERSION OTP","service_id":"3e49e20c-2a23-49c0-b470-ebbed2036d21","path":"/CTSProxy/services/resources/sypago/paymentKeyRequest","method":"POST","status_code":200,"timestamp":"2025-10-10T16:01:54.20401","message":"Registering location"}
{"level":"info","service_name":"CTS_MOCK","service_version":"VERSION OTP","service_id":"3e49e20c-2a23-49c0-b470-ebbed2036d21","timestamp":"2025-10-10T16:01:54.204348","message":"Registered route: POST /CTSProxy/services/resources/sypago/paymentKeyRequest"}
{"level":"info","service_name":"CTS_MOCK","service_version":"VERSION OTP","service_id":"3e49e20c-2a23-49c0-b470-ebbed2036d21","path":"/CTSProxy/services/resources/sypago/debitTransaction","method":"POST","status_code":200,"timestamp":"2025-10-10T16:01:54.204362","message":"Registering location"}
{"level":"info","service_name":"CTS_MOCK","service_version":"VERSION OTP","service_id":"3e49e20c-2a23-49c0-b470-ebbed2036d21","timestamp":"2025-10-10T16:01:54.204544","message":"Registered route: POST /CTSProxy/services/resources/sypago/debitTransaction"}
{"level":"info","service_name":"CTS_MOCK","service_version":"VERSION OTP","service_id":"9528aa0d-16cd-4f83-91b3-229f91e85f44","path":"/CTSProxy/services/resources/sypago/paymentKeyRequest","method":"POST","status_code":200,"timestamp":"2025-10-10T16:02:49.708687","message":"Registering location"}
{"level":"info","service_name":"CTS_MOCK","service_version":"VERSION OTP","service_id":"9528aa0d-16cd-4f83-91b3-229f91e85f44","timestamp":"2025-10-10T16:02:49.708984","message":"Registered route: POST /CTSProxy/services/resources/sypago/paymentKeyRequest"}
{"level":"info","service_name":"CTS_MOCK","service_version":"VERSION OTP","service_id":"9528aa0d-16cd-4f83-91b3-229f91e85f44","path":"/CTSProxy/services/resources/sypago/debitTransaction","method":"POST","status_code":200,"timestamp":"2025-10-10T16:02:49.709001","message":"Registering location"}
{"level":"info","service_name":"CTS_MOCK","service_version":"VERSION OTP","service_id":"9528aa0d-16cd-4f83-91b3-229f91e85f44","timestamp":"2025-10-10T16:02:49.709197","message":"Registered route: POST /CTSProxy/services/resources/sypago/debitTransaction"}
{"level":"info","service_name":"CTS_MOCK","service_version":"VERSION OTP","service_id":"7afccb77-ab78-4f22-8dc2-cb8350cea87e","path":"/CTSProxy/services/resources/sypago/paymentKeyRequest","method":"POST","status_code":200,"timestamp":"2025-10-10T16:03:04.489243","message":"Registering location"}
{"level":"info","service_name":"CTS_MOCK","service_version":"VERSION OTP","service_id":"7afccb77-ab78-4f22-8dc2-cb8350cea87e","timestamp":"2025-10-10T16:03:04.489523","message":"Registered route: POST /CTSProxy/services/resources/sypago/paymentKeyRequest"}
{"level":"info","service_name":"CTS_MOCK","service_version":"VERSION OTP","service_id":"7afccb77-ab78-4f22-8dc2-cb8350cea87e","path":"/CTSProxy/services/resources/sypago/debitTransaction","method":"POST","status_code":200,"timestamp":"2025-10-10T16:03:04.489538","message":"Registering location"}
{"level":"info","service_name":"CTS_MOCK","service_version":"VERSION OTP","service_id":"7afccb77-ab78-4f22-8dc2-cb8350cea87e","timestamp":"2025-10-10T16:03:04.489701","message":"Registered route: POST /CTSProxy/services/resources/sypago/debitTransaction"}
{"level":"info","service_name":"CTS_MOCK","service_version":"VERSION OTP","service_id":"27651351-0ba7-46eb-bf7c-55c9281e1131","path":"/CTSProxy/services/resources/sypago/paymentKeyRequest","method":"POST","status_code":200,"timestamp":"2025-10-10T16:05:30.103466","message":"Registering location"}
{"level":"info","service_name":"CTS_MOCK","service_version":"VERSION OTP","service_id":"27651351-0ba7-46eb-bf7c-55c9281e1131","timestamp":"2025-10-10T16:05:30.103945","message":"Registered route: POST /CTSProxy/services/resources/sypago/paymentKeyRequest"}
{"level":"info","service_name":"CTS_MOCK","service_version":"VERSION OTP","service_id":"27651351-0ba7-46eb-bf7c-55c9281e1131","path":"/CTSProxy/services/resources/sypago/debitTransaction","method":"POST","status_code":200,"timestamp":"2025-10-10T16:05:30.103987","message":"Registering location"}
{"level":"info","service_name":"CTS_MOCK","service_version":"VERSION OTP","service_id":"27651351-0ba7-46eb-bf7c-55c9281e1131","timestamp":"2025-10-10T16:05:30.104258","message":"Registered route: POST /CTSProxy/services/resources/sypago/debitTransaction"}
{"level":"info","service_name":"CTS_MOCK","service_version":"VERSION OTP","service_id":"365e6c4a-5063-4754-af6e-ebec354d2e49","path":"/CTSProxy/services/resources/sypago/paymentKeyRequest","method":"POST","status_code":200,"timestamp":"2025-10-10T16:07:30.831786","message":"Registering location"}
{"level":"info","service_name":"CTS_MOCK","service_version":"VERSION OTP","service_id":"365e6c4a-5063-4754-af6e-ebec354d2e49","timestamp":"2025-10-10T16:07:30.832125","message":"Registered route: POST /CTSProxy/services/resources/sypago/paymentKeyRequest"}
{"level":"info","service_name":"CTS_MOCK","service_version":"VERSION OTP","service_id":"365e6c4a-5063-4754-af6e-ebec354d2e49","path":"/CTSProxy/services/resources/sypago/debitTransaction","method":"POST","status_code":200,"timestamp":"2025-10-10T16:07:30.832142","message":"Registering location"}
{"level":"info","service_name":"CTS_MOCK","service_version":"VERSION OTP","service_id":"365e6c4a-5063-4754-af6e-ebec354d2e49","timestamp":"2025-10-10T16:07:30.832373","message":"Registered route: POST /CTSProxy/services/resources/sypago/debitTransaction"}
{"level":"info","service_name":"CTS_MOCK","service_version":"VERSION OTP","service_id":"179afd52-cc93-4b98-a82a-8d3856cd8033","path":"/CTSProxy/services/resources/sypago/paymentKeyRequest","method":"POST","status_code":200,"timestamp":"2025-10-10T16:08:24.178829","message":"Registering location"}
{"level":"info","service_name":"CTS_MOCK","service_version":"VERSION OTP","service_id":"179afd52-cc93-4b98-a82a-8d3856cd8033","timestamp":"2025-10-10T16:08:24.179257","message":"Registered route: POST /CTSProxy/services/resources/sypago/paymentKeyRequest"}
{"level":"info","service_name":"CTS_MOCK","service_version":"VERSION OTP","service_id":"179afd52-cc93-4b98-a82a-8d3856cd8033","path":"/CTSProxy/services/resources/sypago/debitTransaction","method":"POST","status_code":200,"timestamp":"2025-10-10T16:08:24.17929","message":"Registering location"}
{"level":"info","service_name":"CTS_MOCK","service_version":"VERSION OTP","service_id":"179afd52-cc93-4b98-a82a-8d3856cd8033","timestamp":"2025-10-10T16:08:24.179568","message":"Registered route: POST /CTSProxy/services/resources/sypago/debitTransaction"}
{"level":"info","service_name":"CTS_MOCK","service_version":"VERSION OTP","service_id":"03d0bdf2-5b99-461b-b6b9-57acb51b40f8","path":"/CTSProxy/services/resources/sypago/paymentKeyRequest","method":"POST","status_code":200,"timestamp":"2025-10-10T16:09:48.941499","message":"Registering location"}
{"level":"info","service_name":"CTS_MOCK","service_version":"VERSION OTP","service_id":"03d0bdf2-5b99-461b-b6b9-57acb51b40f8","timestamp":"2025-10-10T16:09:48.941975","message":"Registered route: POST /CTSProxy/services/resources/sypago/paymentKeyRequest"}
{"level":"info","service_name":"CTS_MOCK","service_version":"VERSION OTP","service_id":"03d0bdf2-5b99-461b-b6b9-57acb51b40f8","path":"/CTSProxy/services/resources/sypago/debitTransaction","method":"POST","status_code":200,"timestamp":"2025-10-10T16:09:48.941991","message":"Registering location"}
{"level":"info","service_name":"CTS_MOCK","service_version":"VERSION OTP","service_id":"03d0bdf2-5b99-461b-b6b9-57acb51b40f8","timestamp":"2025-10-10T16:09:48.942237","message":"Registered route: POST /CTSProxy/services/resources/sypago/debitTransaction"}
{"level":"info","service_name":"CTS_MOCK","service_version":"VERSION OTP","service_id":"470e76c7-7238-491d-9b9e-40acb8926c5d","path":"/CTSProxy/services/resources/sypago/paymentKeyRequest","method":"POST","status_code":200,"timestamp":"2025-10-10T16:13:19.074975","message":"Registering location"}
{"level":"info","service_name":"CTS_MOCK","service_version":"VERSION OTP","service_id":"470e76c7-7238-491d-9b9e-40acb8926c5d","timestamp":"2025-10-10T16:13:19.075258","message":"Registered route: POST /CTSProxy/services/resources/sypago/paymentKeyRequest"}
{"level":"info","service_name":"CTS_MOCK","service_version":"VERSION OTP","service_id":"470e76c7-7238-491d-9b9e-40acb8926c5d","path":"/CTSProxy/services/resources/sypago/debitTransaction","method":"POST","status_code":200,"timestamp":"2025-10-10T16:13:19.075274","message":"Registering location"}
{"level":"info","service_name":"CTS_MOCK","service_version":"VERSION OTP","service_id":"470e76c7-7238-491d-9b9e-40acb8926c5d","timestamp":"2025-10-10T16:13:19.075509","message":"Registered route: POST /CTSProxy/services/resources/sypago/debitTransaction"}
{"level":"info","service_name":"CTS_MOCK","service_version":"VERSION OTP","service_id":"2d73beeb-5799-457e-8c5c-4454537ced2e","path":"/CTSProxy/services/resources/sypago/paymentKeyRequest","method":"POST","status_code":200,"timestamp":"2025-10-10T16:13:45.088407","message":"Registering location"}
{"level":"info","service_name":"CTS_MOCK","service_version":"VERSION OTP","service_id":"2d73beeb-5799-457e-8c5c-4454537ced2e","timestamp":"2025-10-10T16:13:45.088748","message":"Registered route: POST /CTSProxy/services/resources/sypago/paymentKeyRequest"}
{"level":"info","service_name":"CTS_MOCK","service_version":"VERSION OTP","service_id":"2d73beeb-5799-457e-8c5c-4454537ced2e","path":"/CTSProxy/services/resources/sypago/debitTransaction","method":"POST","status_code":200,"timestamp":"2025-10-10T16:13:45.088759","message":"Registering location"}
{"level":"info","service_name":"CTS_MOCK","service_version":"VERSION OTP","service_id":"2d73beeb-5799-457e-8c5c-4454537ced2e","timestamp":"2025-10-10T16:13:45.088973","message":"Registered route: POST /CTSProxy/services/resources/sypago/debitTransaction"}
{"level":"info","service_name":"CTS_MOCK","service_version":"VERSION OTP","service_id":"88baaa8f-77d7-43d0-94aa-4d38ce7657d4","path":"/CTSProxy/services/resources/sypago/paymentKeyRequest","method":"POST","status_code":200,"timestamp":"2025-10-10T16:14:03.207251","message":"Registering location"}
{"level":"info","service_name":"CTS_MOCK","service_version":"VERSION OTP","service_id":"88baaa8f-77d7-43d0-94aa-4d38ce7657d4","timestamp":"2025-10-10T16:14:03.207545","message":"Registered route: POST /CTSProxy/services/resources/sypago/paymentKeyRequest"}
{"level":"info","service_name":"CTS_MOCK","service_version":"VERSION OTP","service_id":"88baaa8f-77d7-43d0-94aa-4d38ce7657d4","path":"/CTSProxy/services/resources/sypago/debitTransaction","method":"POST","status_code":200,"timestamp":"2025-10-10T16:14:03.207558","message":"Registering location"}
{"level":"info","service_name":"CTS_MOCK","service_version":"VERSION OTP","service_id":"88baaa8f-77d7-43d0-94aa-4d38ce7657d4","timestamp":"2025-10-10T16:14:03.207744","message":"Registered route: POST /CTSProxy/services/resources/sypago/debitTransaction"}
{"level":"info","service_name":"CTS_MOCK","service_version":"VERSION OTP","service_id":"61f63b85-3152-4549-84a9-7b82773e8bb2","path":"/CTSProxy/services/resources/sypago/paymentKeyRequest","method":"POST","status_code":200,"timestamp":"2025-10-10T16:14:39.342919","message":"Registering location"}
{"level":"info","service_name":"CTS_MOCK","service_version":"VERSION OTP","service_id":"61f63b85-3152-4549-84a9-7b82773e8bb2","timestamp":"2025-10-10T16:14:39.343217","message":"Registered route: POST /CTSProxy/services/resources/sypago/paymentKeyRequest"}
{"level":"info","service_name":"CTS_MOCK","service_version":"VERSION OTP","service_id":"61f63b85-3152-4549-84a9-7b82773e8bb2","path":"/CTSProxy/services/resources/sypago/debitTransaction","method":"POST","status_code":200,"timestamp":"2025-10-10T16:14:39.343231","message":"Registering location"}
{"level":"info","service_name":"CTS_MOCK","service_version":"VERSION OTP","service_id":"61f63b85-3152-4549-84a9-7b82773e8bb2","timestamp":"2025-10-10T16:14:39.343423","message":"Registered route: POST /CTSProxy/services/resources/sypago/debitTransaction"}
{"level":"info","service_name":"CTS_MOCK","service_version":"VERSION OTP","service_id":"95c0d1c3-e219-444f-b4a6-752e8d01dbc9","path":"/CTSProxy/services/resources/sypago/paymentKeyRequest","method":"POST","status_code":200,"timestamp":"2025-10-10T16:15:02.544851","message":"Registering location"}
{"level":"info","service_name":"CTS_MOCK","service_version":"VERSION OTP","service_id":"95c0d1c3-e219-444f-b4a6-752e8d01dbc9","timestamp":"2025-10-10T16:15:02.545148","message":"Registered route: POST /CTSProxy/services/resources/sypago/paymentKeyRequest"}
{"level":"info","service_name":"CTS_MOCK","service_version":"VERSION OTP","service_id":"95c0d1c3-e219-444f-b4a6-752e8d01dbc9","path":"/CTSProxy/services/resources/sypago/debitTransaction","method":"POST","status_code":200,"timestamp":"2025-10-10T16:15:02.545162","message":"Registering location"}
{"level":"info","service_name":"CTS_MOCK","service_version":"VERSION OTP","service_id":"95c0d1c3-e219-444f-b4a6-752e8d01dbc9","timestamp":"2025-10-10T16:15:02.545422","message":"Registered route: POST /CTSProxy/services/resources/sypago/debitTransaction"}
{"level":"info","service_name":"CTS_MOCK","service_version":"VERSION OTP","service_id":"115a9c8f-ad1b-45d0-a03f-f7a6ad740b1f","path":"/CTSProxy/services/resources/sypago/paymentKeyRequest","method":"POST","status_code":200,"timestamp":"2025-10-10T16:15:14.988892","message":"Registering location"}
{"level":"info","service_name":"CTS_MOCK","service_version":"VERSION OTP","service_id":"115a9c8f-ad1b-45d0-a03f-f7a6ad740b1f","timestamp":"2025-10-10T16:15:14.989185","message":"Registered route: POST /CTSProxy/services/resources/sypago/paymentKeyRequest"}
{"level":"info","service_name":"CTS_MOCK","service_version":"VERSION OTP","service_id":"115a9c8f-ad1b-45d0-a03f-f7a6ad740b1f","path":"/CTSProxy/services/resources/sypago/debitTransaction","method":"POST","status_code":200,"timestamp":"2025-10-10T16:15:14.989199","message":"Registering location"}
{"level":"info","service_name":"CTS_MOCK","service_version":"VERSION OTP","service_id":"115a9c8f-ad1b-45d0-a03f-f7a6ad740b1f","timestamp":"2025-10-10T16:15:14.989383","message":"Registered route: POST /CTSProxy/services/resources/sypago/debitTransaction"}
{"level":"info","service_name":"CTS_MOCK","service_version":"VERSION OTP","service_id":"5b155d79-191b-412d-8d26-bea697c89b06","path":"/CTSProxy/services/resources/sypago/paymentKeyRequest","method":"POST","status_code":200,"timestamp":"2025-10-10T16:15:27.917838","message":"Registering location"}
{"level":"info","service_name":"CTS_MOCK","service_version":"VERSION OTP","service_id":"5b155d79-191b-412d-8d26-bea697c89b06","timestamp":"2025-10-10T16:15:27.918142","message":"Registered route: POST /CTSProxy/services/resources/sypago/paymentKeyRequest"}
{"level":"info","service_name":"CTS_MOCK","service_version":"VERSION OTP","service_id":"5b155d79-191b-412d-8d26-bea697c89b06","path":"/CTSProxy/services/resources/sypago/debitTransaction","method":"POST","status_code":200,"timestamp":"2025-10-10T16:15:27.91816","message":"Registering location"}
{"level":"info","service_name":"CTS_MOCK","service_version":"VERSION OTP","service_id":"5b155d79-191b-412d-8d26-bea697c89b06","timestamp":"2025-10-10T16:15:27.918358","message":"Registered route: POST /CTSProxy/services/resources/sypago/debitTransaction"}
{"level":"info","service_name":"CTS_MOCK","service_version":"VERSION OTP","service_id":"164e92f3-1579-4991-91bc-6bc90828089c","path":"/CTSProxy/services/resources/sypago/paymentKeyRequest","method":"POST","status_code":200,"timestamp":"2025-10-10T16:16:12.147406","message":"Registering location"}
{"level":"info","service_name":"CTS_MOCK","service_version":"VERSION OTP","service_id":"164e92f3-1579-4991-91bc-6bc90828089c","timestamp":"2025-10-10T16:16:12.14771","message":"Registered route: POST /CTSProxy/services/resources/sypago/paymentKeyRequest"}
{"level":"info","service_name":"CTS_MOCK","service_version":"VERSION OTP","service_id":"164e92f3-1579-4991-91bc-6bc90828089c","path":"/CTSProxy/services/resources/sypago/debitTransaction","method":"POST","status_code":200,"timestamp":"2025-10-10T16:16:12.147729","message":"Registering location"}
{"level":"info","service_name":"CTS_MOCK","service_version":"VERSION OTP","service_id":"164e92f3-1579-4991-91bc-6bc90828089c","timestamp":"2025-10-10T16:16:12.147979","message":"Registered route: POST /CTSProxy/services/resources/sypago/debitTransaction"}
{"level":"info","service_name":"CTS_MOCK","service_version":"VERSION OTP","service_id":"58714880-0d37-4dbd-b447-70be5e2b16b1","path":"/CTSProxy/services/resources/sypago/paymentKeyRequest","method":"POST","status_code":200,"timestamp":"2025-10-10T16:16:42.425148","message":"Registering location"}
{"level":"info","service_name":"CTS_MOCK","service_version":"VERSION OTP","service_id":"58714880-0d37-4dbd-b447-70be5e2b16b1","timestamp":"2025-10-10T16:16:42.425433","message":"Registered route: POST /CTSProxy/services/resources/sypago/paymentKeyRequest"}
{"level":"info","service_name":"CTS_MOCK","service_version":"VERSION OTP","service_id":"58714880-0d37-4dbd-b447-70be5e2b16b1","path":"/CTSProxy/services/resources/sypago/debitTransaction","method":"POST","status_code":200,"timestamp":"2025-10-10T16:16:42.42545","message":"Registering location"}
{"level":"info","service_name":"CTS_MOCK","service_version":"VERSION OTP","service_id":"58714880-0d37-4dbd-b447-70be5e2b16b1","timestamp":"2025-10-10T16:16:42.42569","message":"Registered route: POST /CTSProxy/services/resources/sypago/debitTransaction"}
{"level":"info","service_name":"CTS_MOCK","service_version":"VERSION OTP","service_id":"ac8fa482-3a42-41d1-b460-fb1790373545","path":"/CTSProxy/services/resources/sypago/paymentKeyRequest","method":"POST","status_code":200,"timestamp":"2025-10-10T16:17:13.174492","message":"Registering location"}
{"level":"info","service_name":"CTS_MOCK","service_version":"VERSION OTP","service_id":"ac8fa482-3a42-41d1-b460-fb1790373545","timestamp":"2025-10-10T16:17:13.174819","message":"Registered route: POST /CTSProxy/services/resources/sypago/paymentKeyRequest"}
{"level":"info","service_name":"CTS_MOCK","service_version":"VERSION OTP","service_id":"ac8fa482-3a42-41d1-b460-fb1790373545","path":"/CTSProxy/services/resources/sypago/debitTransaction","method":"POST","status_code":200,"timestamp":"2025-10-10T16:17:13.174833","message":"Registering location"}
{"level":"info","service_name":"CTS_MOCK","service_version":"VERSION OTP","service_id":"ac8fa482-3a42-41d1-b460-fb1790373545","timestamp":"2025-10-10T16:17:13.175024","message":"Registered route: POST /CTSProxy/services/resources/sypago/debitTransaction"}
{"level":"info","service_name":"CTS_MOCK","service_version":"VERSION OTP","service_id":"4d689a63-cdc6-4f8d-8fa6-41c488e08727","path":"/CTSProxy/services/resources/sypago/paymentKeyRequest","method":"POST","status_code":200,"timestamp":"2025-10-10T16:17:31.101455","message":"Registering location"}
{"level":"info","service_name":"CTS_MOCK","service_version":"VERSION OTP","service_id":"4d689a63-cdc6-4f8d-8fa6-41c488e08727","timestamp":"2025-10-10T16:17:31.101781","message":"Registered route: POST /CTSProxy/services/resources/sypago/paymentKeyRequest"}
{"level":"info","service_name":"CTS_MOCK","service_version":"VERSION OTP","service_id":"4d689a63-cdc6-4f8d-8fa6-41c488e08727","path":"/CTSProxy/services/resources/sypago/debitTransaction","method":"POST","status_code":200,"timestamp":"2025-10-10T16:17:31.101795","message":"Registering location"}
{"level":"info","service_name":"CTS_MOCK","service_version":"VERSION OTP","service_id":"4d689a63-cdc6-4f8d-8fa6-41c488e08727","timestamp":"2025-10-10T16:17:31.101993","message":"Registered route: POST /CTSProxy/services/resources/sypago/debitTransaction"}
{"level":"info","service_name":"CTS_MOCK","service_version":"VERSION OTP","service_id":"708fca46-1484-42a3-85e2-03fa535fe773","path":"/CTSProxy/services/resources/sypago/paymentKeyRequest","method":"POST","status_code":200,"timestamp":"2025-10-10T16:17:46.781601","message":"Registering location"}
{"level":"info","service_name":"CTS_MOCK","service_version":"VERSION OTP","service_id":"708fca46-1484-42a3-85e2-03fa535fe773","timestamp":"2025-10-10T16:17:46.782112","message":"Registered route: POST /CTSProxy/services/resources/sypago/paymentKeyRequest"}
{"level":"info","service_name":"CTS_MOCK","service_version":"VERSION OTP","service_id":"708fca46-1484-42a3-85e2-03fa535fe773","path":"/CTSProxy/services/resources/sypago/debitTransaction","method":"POST","status_code":200,"timestamp":"2025-10-10T16:17:46.782138","message":"Registering location"}
{"level":"info","service_name":"CTS_MOCK","service_version":"VERSION OTP","service_id":"708fca46-1484-42a3-85e2-03fa535fe773","timestamp":"2025-10-10T16:17:46.78236","message":"Registered route: POST /CTSProxy/services/resources/sypago/debitTransaction"}
{"level":"info","service_name":"CTS_MOCK","service_version":"VERSION OTP","service_id":"76bd1374-d200-4c61-ac10-d66a9060ef31","path":"/CTSProxy/services/resources/sypago/paymentKeyRequest","method":"POST","status_code":200,"timestamp":"2025-10-10T16:18:38.187945","message":"Registering location"}
{"level":"info","service_name":"CTS_MOCK","service_version":"VERSION OTP","service_id":"76bd1374-d200-4c61-ac10-d66a9060ef31","timestamp":"2025-10-10T16:18:38.18823","message":"Registered route: POST /CTSProxy/services/resources/sypago/paymentKeyRequest"}
{"level":"info","service_name":"CTS_MOCK","service_version":"VERSION OTP","service_id":"76bd1374-d200-4c61-ac10-d66a9060ef31","path":"/CTSProxy/services/resources/sypago/debitTransaction","method":"POST","status_code":200,"timestamp":"2025-10-10T16:18:38.188243","message":"Registering location"}
{"level":"info","service_name":"CTS_MOCK","service_version":"VERSION OTP","service_id":"76bd1374-d200-4c61-ac10-d66a9060ef31","timestamp":"2025-10-10T16:18:38.188445","message":"Registered route: POST /CTSProxy/services/resources/sypago/debitTransaction"}
{"level":"info","service_name":"CTS_MOCK","service_version":"VERSION OTP","service_id":"1edc17f9-025b-478d-9417-6e6a4b16602b","path":"/CTSProxy/services/resources/sypago/paymentKeyRequest","method":"POST","status_code":200,"timestamp":"2025-10-10T16:19:39.086467","message":"Registering location"}
{"level":"info","service_name":"CTS_MOCK","service_version":"VERSION OTP","service_id":"1edc17f9-025b-478d-9417-6e6a4b16602b","timestamp":"2025-10-10T16:19:39.086765","message":"Registered route: POST /CTSProxy/services/resources/sypago/paymentKeyRequest"}
{"level":"info","service_name":"CTS_MOCK","service_version":"VERSION OTP","service_id":"1edc17f9-025b-478d-9417-6e6a4b16602b","path":"/CTSProxy/services/resources/sypago/debitTransaction","method":"POST","status_code":200,"timestamp":"2025-10-10T16:19:39.086777","message":"Registering location"}
{"level":"info","service_name":"CTS_MOCK","service_version":"VERSION OTP","service_id":"1edc17f9-025b-478d-9417-6e6a4b16602b","timestamp":"2025-10-10T16:19:39.086988","message":"Registered route: POST /CTSProxy/services/resources/sypago/debitTransaction"}
{"level":"info","service_name":"CTS_MOCK","service_version":"VERSION OTP","service_id":"c4e1b4eb-94fb-4538-8389-3231217f63e1","path":"/CTSProxy/services/resources/sypago/paymentKeyRequest","method":"POST","status_code":200,"timestamp":"2025-10-10T16:20:43.395656","message":"Registering location"}
{"level":"info","service_name":"CTS_MOCK","service_version":"VERSION OTP","service_id":"c4e1b4eb-94fb-4538-8389-3231217f63e1","timestamp":"2025-10-10T16:20:43.396007","message":"Registered route: POST /CTSProxy/services/resources/sypago/paymentKeyRequest"}
{"level":"info","service_name":"CTS_MOCK","service_version":"VERSION OTP","service_id":"c4e1b4eb-94fb-4538-8389-3231217f63e1","path":"/CTSProxy/services/resources/sypago/debitTransaction","method":"POST","status_code":200,"timestamp":"2025-10-10T16:20:43.396024","message":"Registering location"}
{"level":"info","service_name":"CTS_MOCK","service_version":"VERSION OTP","service_id":"c4e1b4eb-94fb-4538-8389-3231217f63e1","timestamp":"2025-10-10T16:20:43.396277","message":"Registered route: POST /CTSProxy/services/resources/sypago/debitTransaction"}
{"level":"info","service_name":"CTS_MOCK","service_version":"VERSION OTP","service_id":"20d18290-5310-4969-9f11-e667b5ab09a9","path":"/CTSProxy/services/resources/sypago/paymentKeyRequest","method":"POST","status_code":200,"timestamp":"2025-10-10T16:20:54.593337","message":"Registering location"}
{"level":"info","service_name":"CTS_MOCK","service_version":"VERSION OTP","service_id":"20d18290-5310-4969-9f11-e667b5ab09a9","timestamp":"2025-10-10T16:20:54.593667","message":"Registered route: POST /CTSProxy/services/resources/sypago/paymentKeyRequest"}
{"level":"info","service_name":"CTS_MOCK","service_version":"VERSION OTP","service_id":"20d18290-5310-4969-9f11-e667b5ab09a9","path":"/CTSProxy/services/resources/sypago/debitTransaction","method":"POST","status_code":200,"timestamp":"2025-10-10T16:20:54.59368","message":"Registering location"}
{"level":"info","service_name":"CTS_MOCK","service_version":"VERSION OTP","service_id":"20d18290-5310-4969-9f11-e667b5ab09a9","timestamp":"2025-10-10T16:20:54.593892","message":"Registered route: POST /CTSProxy/services/resources/sypago/debitTransaction"}
