{"level":"info","service_name":"SYCOM","service_version":"0.0.1","service_id":"ad1046d8-c3b2-4db6-9341-4387a2b20b7e","path":"/sycom","method":"GET","status_code":200,"timestamp":"2025-09-22T11:08:58.772635","message":"Registering location"}
{"level":"info","service_name":"SYCOM","service_version":"0.0.1","service_id":"ad1046d8-c3b2-4db6-9341-4387a2b20b7e","timestamp":"2025-09-22T11:08:58.773248","message":"Registered route: GET /sycom"}
{"level":"info","service_name":"SYCOM","service_version":"0.0.1","service_id":"726a7947-a2a0-4d60-a7d9-99d669b79f37","path":"/sycom","method":"GET","status_code":200,"timestamp":"2025-09-22T11:09:38.837512","message":"Registering location"}
{"level":"info","service_name":"SYCOM","service_version":"0.0.1","service_id":"726a7947-a2a0-4d60-a7d9-99d669b79f37","timestamp":"2025-09-22T11:09:38.837601","message":"Registered route: GET /sycom"}
{"level":"info","service_name":"SYCOM","service_version":"0.0.1","service_id":"fbf0c1fe-3e62-4a92-a0c0-417457100ac7","path":"/sycom","method":"GET","status_code":200,"timestamp":"2025-09-22T11:13:43.355084","message":"Registering location"}
{"level":"info","service_name":"SYCOM","service_version":"0.0.1","service_id":"fbf0c1fe-3e62-4a92-a0c0-417457100ac7","timestamp":"2025-09-22T11:13:43.35547","message":"Registered route: GET /sycom"}
{"level":"info","service_name":"SYCOM","service_version":"0.0.1","service_id":"adcef69b-497d-4ae4-b2d9-86b8e53bffb8","path":"/sycom","method":"GET","status_code":200,"timestamp":"2025-09-22T11:14:06.180066","message":"Registering location"}
{"level":"info","service_name":"SYCOM","service_version":"0.0.1","service_id":"adcef69b-497d-4ae4-b2d9-86b8e53bffb8","timestamp":"2025-09-22T11:14:06.180227","message":"Registered route: GET /sycom"}
{"level":"info","service_name":"SYCOM","service_version":"0.0.1","service_id":"e512682a-f031-49fc-bcbb-23b6263c5246","path":"/sycom","method":"GET","status_code":200,"timestamp":"2025-09-22T11:18:21.892119","message":"Registering location"}
{"level":"info","service_name":"SYCOM","service_version":"0.0.1","service_id":"e512682a-f031-49fc-bcbb-23b6263c5246","timestamp":"2025-09-22T11:18:21.892324","message":"Registered route: GET /sycom"}
{"level":"info","service_name":"SYCOM","service_version":"0.0.1","service_id":"72a248fa-d942-432b-8fdc-c7e9481eb91a","path":"/sycom","method":"GET","status_code":200,"timestamp":"2025-09-22T11:25:05.151506","message":"Registering location"}
{"level":"info","service_name":"SYCOM","service_version":"0.0.1","service_id":"72a248fa-d942-432b-8fdc-c7e9481eb91a","timestamp":"2025-09-22T11:25:05.152134","message":"Registered route: GET /sycom"}
{"level":"info","service_name":"SYCOM","service_version":"0.0.1","service_id":"2fdd522c-4c07-4cc8-a4a9-dc2d6de4241a","path":"/sycom","method":"GET","status_code":200,"timestamp":"2025-09-22T15:59:08.543679","message":"Registering location"}
{"level":"info","service_name":"SYCOM","service_version":"0.0.1","service_id":"2fdd522c-4c07-4cc8-a4a9-dc2d6de4241a","timestamp":"2025-09-22T15:59:08.54375","message":"Registered route: GET /sycom"}
{"level":"info","service_name":"SYCOM","service_version":"0.0.1","service_id":"6aa9c964-44af-4827-a427-0060a001e241","path":"/sycom","method":"GET","status_code":200,"timestamp":"2025-09-22T15:59:49.396831","message":"Registering location"}
{"level":"info","service_name":"SYCOM","service_version":"0.0.1","service_id":"6aa9c964-44af-4827-a427-0060a001e241","timestamp":"2025-09-22T15:59:49.396887","message":"Registered route: GET /sycom"}
{"level":"info","service_name":"SYCOM","service_version":"0.0.1","service_id":"fcd4b600-f5ad-4139-9554-6c86eb21e4c6","path":"/sycom","method":"GET","status_code":200,"timestamp":"2025-09-22T16:08:03.098146","message":"Registering location"}
{"level":"info","service_name":"SYCOM","service_version":"0.0.1","service_id":"fcd4b600-f5ad-4139-9554-6c86eb21e4c6","timestamp":"2025-09-22T16:08:03.098211","message":"Registered route: GET /sycom"}
{"level":"info","service_name":"SYCOM","service_version":"0.0.1","service_id":"eebc3be0-b5c8-4d46-8ed1-0473d8306e18","path":"/sycom","method":"GET","status_code":200,"timestamp":"2025-09-23T09:13:05.143218","message":"Registering location"}
{"level":"info","service_name":"SYCOM","service_version":"0.0.1","service_id":"eebc3be0-b5c8-4d46-8ed1-0473d8306e18","timestamp":"2025-09-23T09:13:05.143287","message":"Registered route: GET /sycom"}
{"level":"info","service_name":"SYCOM","service_version":"0.0.1","service_id":"c10b1629-7404-4e42-80de-61574886cc43","path":"/sycom","method":"GET","status_code":200,"timestamp":"2025-09-23T09:19:06.307428","message":"Registering location"}
{"level":"info","service_name":"SYCOM","service_version":"0.0.1","service_id":"c10b1629-7404-4e42-80de-61574886cc43","timestamp":"2025-09-23T09:19:06.307449","message":"Registered route: GET /sycom"}
{"level":"info","service_name":"SYCOM","service_version":"0.0.1","service_id":"7301208d-181e-4ffa-92eb-8c8df6c834f1","path":"/sycom","method":"GET","status_code":200,"timestamp":"2025-09-23T09:23:36.111824","message":"Registering location"}
{"level":"info","service_name":"SYCOM","service_version":"0.0.1","service_id":"7301208d-181e-4ffa-92eb-8c8df6c834f1","timestamp":"2025-09-23T09:23:36.111853","message":"Registered route: GET /sycom"}
{"level":"info","service_name":"SYCOM","service_version":"0.0.1","service_id":"d338d6e0-7263-4667-9f7b-73740a1bd072","path":"/sycom","method":"GET","status_code":200,"timestamp":"2025-09-23T13:30:11.086414","message":"Registering location"}
{"level":"info","service_name":"SYCOM","service_version":"0.0.1","service_id":"d338d6e0-7263-4667-9f7b-73740a1bd072","timestamp":"2025-09-23T13:30:11.086605","message":"Registered route: GET /sycom"}
{"level":"info","service_name":"SYCOM","service_version":"0.0.1","service_id":"81066994-1d65-48af-a05d-ba66befb3088","path":"/sycom","method":"GET","status_code":200,"timestamp":"2025-09-23T13:31:09.430811","message":"Registering location"}
{"level":"info","service_name":"SYCOM","service_version":"0.0.1","service_id":"81066994-1d65-48af-a05d-ba66befb3088","timestamp":"2025-09-23T13:31:09.430833","message":"Registered route: GET /sycom"}
{"level":"info","service_name":"SYCOM","service_version":"0.0.1","service_id":"f1b0e496-e9ed-4db6-82e6-26362d73f1f0","path":"/sycom","method":"GET","status_code":200,"timestamp":"2025-09-23T13:31:23.666534","message":"Registering location"}
{"level":"info","service_name":"SYCOM","service_version":"0.0.1","service_id":"f1b0e496-e9ed-4db6-82e6-26362d73f1f0","timestamp":"2025-09-23T13:31:23.666562","message":"Registered route: GET /sycom"}
{"level":"info","service_name":"SYCOM","service_version":"0.0.1","service_id":"016d5856-7dfd-4249-af8e-eb8b9866e270","path":"/sycom","method":"GET","status_code":200,"timestamp":"2025-09-23T13:41:12.992887","message":"Registering location"}
{"level":"info","service_name":"SYCOM","service_version":"0.0.1","service_id":"016d5856-7dfd-4249-af8e-eb8b9866e270","timestamp":"2025-09-23T13:41:12.99291","message":"Registered route: GET /sycom"}
{"level":"info","service_name":"SYCOM","service_version":"0.0.1","service_id":"f183ca06-855e-4337-a45f-ad11b91d1faa","path":"/sycom","method":"GET","status_code":200,"timestamp":"2025-09-23T13:46:43.640223","message":"Registering location"}
{"level":"info","service_name":"SYCOM","service_version":"0.0.1","service_id":"f183ca06-855e-4337-a45f-ad11b91d1faa","timestamp":"2025-09-23T13:46:43.640252","message":"Registered route: GET /sycom"}
{"level":"info","service_name":"SYCOM","service_version":"0.0.1","service_id":"28079d41-085d-4bed-a035-45dbbfa77eeb","path":"/sycom","method":"GET","status_code":200,"timestamp":"2025-09-23T13:47:18.01112","message":"Registering location"}
{"level":"info","service_name":"SYCOM","service_version":"0.0.1","service_id":"28079d41-085d-4bed-a035-45dbbfa77eeb","timestamp":"2025-09-23T13:47:18.011147","message":"Registered route: GET /sycom"}
{"level":"info","service_name":"SYCOM","service_version":"0.0.1","service_id":"16695886-6f62-4fb9-b637-c4fd55c0a6eb","path":"/sycom","method":"GET","status_code":200,"timestamp":"2025-09-23T13:49:47.638988","message":"Registering location"}
{"level":"info","service_name":"SYCOM","service_version":"0.0.1","service_id":"16695886-6f62-4fb9-b637-c4fd55c0a6eb","timestamp":"2025-09-23T13:49:47.639014","message":"Registered route: GET /sycom"}
{"level":"info","service_name":"SYCOM","service_version":"0.0.1","service_id":"02d8208a-6ded-40ed-adb5-96a5c7b375ff","path":"/sycom","method":"GET","status_code":200,"timestamp":"2025-09-23T13:51:25.245143","message":"Registering location"}
{"level":"info","service_name":"SYCOM","service_version":"0.0.1","service_id":"02d8208a-6ded-40ed-adb5-96a5c7b375ff","timestamp":"2025-09-23T13:51:25.245169","message":"Registered route: GET /sycom"}
{"level":"info","service_name":"SYCOM","service_version":"0.0.1","service_id":"4ee95328-d352-4e71-bc5f-c0fb7a358457","path":"/sycom","method":"GET","status_code":200,"timestamp":"2025-09-23T13:53:36.659303","message":"Registering location"}
{"level":"info","service_name":"SYCOM","service_version":"0.0.1","service_id":"4ee95328-d352-4e71-bc5f-c0fb7a358457","timestamp":"2025-09-23T13:53:36.659334","message":"Registered route: GET /sycom"}
{"level":"info","service_name":"SYCOM","service_version":"0.0.1","service_id":"4b8a39ff-a844-4b96-b3f8-e9e317bc0622","path":"/sycom","method":"GET","status_code":200,"timestamp":"2025-09-23T16:57:19.832319","message":"Registering location"}
{"level":"info","service_name":"SYCOM","service_version":"0.0.1","service_id":"4b8a39ff-a844-4b96-b3f8-e9e317bc0622","timestamp":"2025-09-23T16:57:19.832459","message":"Registered route: GET /sycom"}
{"level":"info","service_name":"SYCOM","service_version":"0.0.1","service_id":"24773ebc-fb83-4f82-9034-b779d85a4e3c","path":"/sycom","method":"GET","status_code":200,"timestamp":"2025-09-23T16:58:05.195696","message":"Registering location"}
{"level":"info","service_name":"SYCOM","service_version":"0.0.1","service_id":"24773ebc-fb83-4f82-9034-b779d85a4e3c","timestamp":"2025-09-23T16:58:05.19573","message":"Registered route: GET /sycom"}
{"level":"info","service_name":"SYCOM","service_version":"0.0.1","service_id":"dc4be49a-6eaf-4926-9858-53264ae9f291","path":"/sycom","method":"GET","status_code":200,"timestamp":"2025-09-24T16:32:07.323827","message":"Registering location"}
{"level":"info","service_name":"SYCOM","service_version":"0.0.1","service_id":"dc4be49a-6eaf-4926-9858-53264ae9f291","timestamp":"2025-09-24T16:32:07.323957","message":"Registered route: GET /sycom"}
{"level":"info","service_name":"SYCOM","service_version":"0.0.1","service_id":"7be175a9-7145-4b85-bbbd-f5048c6e22a3","path":"/sycom","method":"GET","status_code":200,"timestamp":"2025-09-25T14:51:07.093513","message":"Registering location"}
{"level":"info","service_name":"SYCOM","service_version":"0.0.1","service_id":"7be175a9-7145-4b85-bbbd-f5048c6e22a3","timestamp":"2025-09-25T14:51:07.093702","message":"Registered route: GET /sycom"}
{"level":"info","service_name":"SYCOM","service_version":"0.0.1","service_id":"237f71fe-b89c-4bc5-9133-1843def48804","path":"/sycom","method":"GET","status_code":200,"timestamp":"2025-09-25T14:55:33.33507","message":"Registering location"}
{"level":"info","service_name":"SYCOM","service_version":"0.0.1","service_id":"237f71fe-b89c-4bc5-9133-1843def48804","timestamp":"2025-09-25T14:55:33.335226","message":"Registered route: GET /sycom"}
{"level":"info","service_name":"SYCOM","service_version":"0.0.1","service_id":"96b879d1-bfb2-4467-8327-d3a798aa1ac4","path":"/sycom","method":"GET","status_code":200,"timestamp":"2025-09-25T14:57:19.625485","message":"Registering location"}
{"level":"info","service_name":"SYCOM","service_version":"0.0.1","service_id":"96b879d1-bfb2-4467-8327-d3a798aa1ac4","timestamp":"2025-09-25T14:57:19.62562","message":"Registered route: GET /sycom"}
{"level":"info","service_name":"SYCOM","service_version":"0.0.1","service_id":"e10a314d-2108-4121-8879-eb801d67af2f","path":"/sycom","method":"GET","status_code":200,"timestamp":"2025-09-25T15:00:02.525285","message":"Registering location"}
{"level":"info","service_name":"SYCOM","service_version":"0.0.1","service_id":"e10a314d-2108-4121-8879-eb801d67af2f","timestamp":"2025-09-25T15:00:02.525456","message":"Registered route: GET /sycom"}
{"level":"info","service_name":"SYCOM","service_version":"0.0.1","service_id":"70655092-2fec-489a-b244-bbeeed79b242","path":"/sycom","method":"GET","status_code":200,"timestamp":"2025-09-25T15:01:17.674698","message":"Registering location"}
{"level":"info","service_name":"SYCOM","service_version":"0.0.1","service_id":"70655092-2fec-489a-b244-bbeeed79b242","timestamp":"2025-09-25T15:01:17.67474","message":"Registered route: GET /sycom"}
{"level":"info","service_name":"SYCOM","service_version":"0.0.1","service_id":"1d6de5ce-2df8-486f-904d-76b6dee75149","path":"/sycom","method":"GET","status_code":200,"timestamp":"2025-09-25T15:01:30.715242","message":"Registering location"}
{"level":"info","service_name":"SYCOM","service_version":"0.0.1","service_id":"1d6de5ce-2df8-486f-904d-76b6dee75149","timestamp":"2025-09-25T15:01:30.715278","message":"Registered route: GET /sycom"}
{"level":"info","service_name":"SYCOM","service_version":"0.0.1","service_id":"ddd814aa-018b-4748-92fc-0643b6015f97","path":"/sycom","method":"GET","status_code":200,"timestamp":"2025-09-25T15:01:41.810946","message":"Registering location"}
{"level":"info","service_name":"SYCOM","service_version":"0.0.1","service_id":"ddd814aa-018b-4748-92fc-0643b6015f97","timestamp":"2025-09-25T15:01:41.810986","message":"Registered route: GET /sycom"}
{"level":"info","service_name":"SYCOM","service_version":"0.0.1","service_id":"f97303f8-cfdc-4f7c-9e2c-4d54935c4d77","path":"/sycom","method":"GET","status_code":200,"timestamp":"2025-09-25T15:02:05.154177","message":"Registering location"}
{"level":"info","service_name":"SYCOM","service_version":"0.0.1","service_id":"f97303f8-cfdc-4f7c-9e2c-4d54935c4d77","timestamp":"2025-09-25T15:02:05.154223","message":"Registered route: GET /sycom"}
{"level":"info","service_name":"SYCOM","service_version":"0.0.1","service_id":"ab6a75b3-decc-4920-86a8-2829a01b61ca","path":"/sycom","method":"GET","status_code":200,"timestamp":"2025-09-25T15:02:57.881179","message":"Registering location"}
{"level":"info","service_name":"SYCOM","service_version":"0.0.1","service_id":"ab6a75b3-decc-4920-86a8-2829a01b61ca","timestamp":"2025-09-25T15:02:57.88138","message":"Registered route: GET /sycom"}
{"level":"info","service_name":"SYCOM","service_version":"0.0.1","service_id":"fabd36c1-5472-4555-bdfa-95c0e41afd7b","path":"/sycom","method":"GET","status_code":200,"timestamp":"2025-09-25T15:09:15.902094","message":"Registering location"}
{"level":"info","service_name":"SYCOM","service_version":"0.0.1","service_id":"fabd36c1-5472-4555-bdfa-95c0e41afd7b","timestamp":"2025-09-25T15:09:15.902425","message":"Registered route: GET /sycom"}
{"level":"info","service_name":"SYCOM","service_version":"0.0.1","service_id":"7f32a50b-e225-447c-9be7-25c56c755ced","path":"/sycom","method":"GET","status_code":200,"timestamp":"2025-09-25T15:12:44.175917","message":"Registering location"}
{"level":"info","service_name":"SYCOM","service_version":"0.0.1","service_id":"7f32a50b-e225-447c-9be7-25c56c755ced","timestamp":"2025-09-25T15:12:44.1762","message":"Registered route: GET /sycom"}
{"level":"info","service_name":"SYCOM","service_version":"0.0.1","service_id":"0794220d-6aa1-4b6a-a622-3c0b6b688370","path":"/sycom","method":"GET","status_code":200,"timestamp":"2025-09-25T15:14:21.92445","message":"Registering location"}
{"level":"info","service_name":"SYCOM","service_version":"0.0.1","service_id":"0794220d-6aa1-4b6a-a622-3c0b6b688370","timestamp":"2025-09-25T15:14:21.924485","message":"Registered route: GET /sycom"}
{"level":"info","service_name":"SYCOM","service_version":"0.0.1","service_id":"7a939470-7487-4fee-8722-0e231c018d51","path":"/sycom","method":"GET","status_code":200,"timestamp":"2025-09-25T15:25:54.765169","message":"Registering location"}
{"level":"info","service_name":"SYCOM","service_version":"0.0.1","service_id":"7a939470-7487-4fee-8722-0e231c018d51","timestamp":"2025-09-25T15:25:54.76523","message":"Registered route: GET /sycom"}
{"level":"info","service_name":"SYCOM","service_version":"0.0.1","service_id":"00e2df96-411b-42fa-a3ee-2f7670c0a6ff","path":"/sycom","method":"GET","status_code":200,"timestamp":"2025-09-25T15:27:03.160414","message":"Registering location"}
{"level":"info","service_name":"SYCOM","service_version":"0.0.1","service_id":"00e2df96-411b-42fa-a3ee-2f7670c0a6ff","timestamp":"2025-09-25T15:27:03.160462","message":"Registered route: GET /sycom"}
