{"level":"info","service_name":"AUTH","service_version":"0.0.1","service_id":"8fed6ba7-e84e-43aa-ae1e-59b8ea741481","path":"/","method":"GET","status_code":200,"timestamp":"2025-09-22T11:08:58.773529","message":"Registering location"}
{"level":"info","service_name":"AUTH","service_version":"0.0.1","service_id":"8fed6ba7-e84e-43aa-ae1e-59b8ea741481","timestamp":"2025-09-22T11:08:58.774262","message":"Registered route: GET /"}
{"level":"info","service_name":"AUTH","service_version":"0.0.1","service_id":"a711acf4-47d3-4c3d-baad-fcf9d10eb2af","path":"/","method":"GET","status_code":200,"timestamp":"2025-09-22T11:09:38.837667","message":"Registering location"}
{"level":"info","service_name":"AUTH","service_version":"0.0.1","service_id":"a711acf4-47d3-4c3d-baad-fcf9d10eb2af","timestamp":"2025-09-22T11:09:38.837744","message":"Registered route: GET /"}
{"level":"info","service_name":"AUTH","service_version":"0.0.1","service_id":"0e90e25d-62af-46bd-9c1f-681dde16cee4","path":"/","method":"GET","status_code":200,"timestamp":"2025-09-22T11:13:43.355633","message":"Registering location"}
{"level":"info","service_name":"AUTH","service_version":"0.0.1","service_id":"0e90e25d-62af-46bd-9c1f-681dde16cee4","timestamp":"2025-09-22T11:13:43.356063","message":"Registered route: GET /"}
{"level":"info","service_name":"AUTH","service_version":"0.0.1","service_id":"ab9b416c-3abe-40cb-a9b2-1058535a89b3","path":"/","method":"GET","status_code":200,"timestamp":"2025-09-22T11:14:06.180317","message":"Registering location"}
{"level":"info","service_name":"AUTH","service_version":"0.0.1","service_id":"ab9b416c-3abe-40cb-a9b2-1058535a89b3","timestamp":"2025-09-22T11:14:06.180471","message":"Registered route: GET /"}
{"level":"info","service_name":"AUTH","service_version":"0.0.1","service_id":"840fce8d-abd9-414e-aff0-ad7254aad1d0","path":"/","method":"GET","status_code":200,"timestamp":"2025-09-22T11:18:21.892416","message":"Registering location"}
{"level":"info","service_name":"AUTH","service_version":"0.0.1","service_id":"840fce8d-abd9-414e-aff0-ad7254aad1d0","timestamp":"2025-09-22T11:18:21.892623","message":"Registered route: GET /"}
{"level":"info","service_name":"AUTH","service_version":"0.0.1","service_id":"ccdc9831-a7f3-4f76-98a6-1b1ed4ea2b70","path":"/","method":"GET","status_code":200,"timestamp":"2025-09-22T11:25:05.152174","message":"Registering location"}
{"level":"info","service_name":"AUTH","service_version":"0.0.1","service_id":"ccdc9831-a7f3-4f76-98a6-1b1ed4ea2b70","timestamp":"2025-09-22T11:25:05.152263","message":"Registered route: GET /"}
{"level":"info","service_name":"AUTH","service_version":"0.0.1","service_id":"0102fef2-23da-40fc-876d-2af2872abe60","path":"/","method":"GET","status_code":200,"timestamp":"2025-09-22T15:59:08.543768","message":"Registering location"}
{"level":"info","service_name":"AUTH","service_version":"0.0.1","service_id":"0102fef2-23da-40fc-876d-2af2872abe60","timestamp":"2025-09-22T15:59:08.543837","message":"Registered route: GET /"}
{"level":"info","service_name":"AUTH","service_version":"0.0.1","service_id":"9784f36d-c564-4ebb-84d3-95446b91f47d","path":"/","method":"GET","status_code":200,"timestamp":"2025-09-22T15:59:49.396911","message":"Registering location"}
{"level":"info","service_name":"AUTH","service_version":"0.0.1","service_id":"9784f36d-c564-4ebb-84d3-95446b91f47d","timestamp":"2025-09-22T15:59:49.396962","message":"Registered route: GET /"}
{"level":"info","service_name":"AUTH","service_version":"0.0.1","service_id":"085d9736-1490-4e01-a022-b9b809ebf153","path":"/","method":"GET","status_code":200,"timestamp":"2025-09-22T16:08:03.098231","message":"Registering location"}
{"level":"info","service_name":"AUTH","service_version":"0.0.1","service_id":"085d9736-1490-4e01-a022-b9b809ebf153","timestamp":"2025-09-22T16:08:03.098291","message":"Registered route: GET /"}
{"level":"info","service_name":"AUTH","service_version":"0.0.1","service_id":"7e3f9f6d-2698-4e99-802a-d165a31cb916","path":"/","method":"GET","status_code":200,"timestamp":"2025-09-23T09:13:05.143317","message":"Registering location"}
{"level":"info","service_name":"AUTH","service_version":"0.0.1","service_id":"7e3f9f6d-2698-4e99-802a-d165a31cb916","timestamp":"2025-09-23T09:13:05.143372","message":"Registered route: GET /"}
{"level":"info","service_name":"AUTH","service_version":"0.0.1","service_id":"62c54907-2878-475e-8913-a32cb27f05c6","path":"/","method":"GET","status_code":200,"timestamp":"2025-09-23T09:19:06.307468","message":"Registering location"}
{"level":"info","service_name":"AUTH","service_version":"0.0.1","service_id":"62c54907-2878-475e-8913-a32cb27f05c6","timestamp":"2025-09-23T09:19:06.307489","message":"Registered route: GET /"}
{"level":"info","service_name":"AUTH","service_version":"0.0.1","service_id":"32676cc3-3a0b-42cb-a111-b80dcd7ce31e","path":"/","method":"GET","status_code":200,"timestamp":"2025-09-23T09:23:36.111873","message":"Registering location"}
{"level":"info","service_name":"AUTH","service_version":"0.0.1","service_id":"32676cc3-3a0b-42cb-a111-b80dcd7ce31e","timestamp":"2025-09-23T09:23:36.111898","message":"Registered route: GET /"}
{"level":"info","service_name":"AUTH","service_version":"0.0.1","service_id":"015f348f-cf9e-4a96-b799-62a81ef91ec8","path":"/","method":"GET","status_code":200,"timestamp":"2025-09-23T13:30:11.086645","message":"Registering location"}
{"level":"info","service_name":"AUTH","service_version":"0.0.1","service_id":"015f348f-cf9e-4a96-b799-62a81ef91ec8","timestamp":"2025-09-23T13:30:11.086695","message":"Registered route: GET /"}
{"level":"info","service_name":"AUTH","service_version":"0.0.1","service_id":"1027ce4d-dac9-4829-a9b2-2607b3685e98","path":"/","method":"GET","status_code":200,"timestamp":"2025-09-23T13:31:09.430853","message":"Registering location"}
{"level":"info","service_name":"AUTH","service_version":"0.0.1","service_id":"1027ce4d-dac9-4829-a9b2-2607b3685e98","timestamp":"2025-09-23T13:31:09.430875","message":"Registered route: GET /"}
{"level":"info","service_name":"AUTH","service_version":"0.0.1","service_id":"b130197e-ec8c-47eb-83f4-314c4e99c70d","path":"/","method":"GET","status_code":200,"timestamp":"2025-09-23T13:31:23.666581","message":"Registering location"}
{"level":"info","service_name":"AUTH","service_version":"0.0.1","service_id":"b130197e-ec8c-47eb-83f4-314c4e99c70d","timestamp":"2025-09-23T13:31:23.666605","message":"Registered route: GET /"}
{"level":"info","service_name":"AUTH","service_version":"0.0.1","service_id":"8cdfcbab-e328-437f-b083-af6587ed48ae","path":"/","method":"GET","status_code":200,"timestamp":"2025-09-23T13:41:12.992929","message":"Registering location"}
{"level":"info","service_name":"AUTH","service_version":"0.0.1","service_id":"8cdfcbab-e328-437f-b083-af6587ed48ae","timestamp":"2025-09-23T13:41:12.992954","message":"Registered route: GET /"}
{"level":"info","service_name":"AUTH","service_version":"0.0.1","service_id":"64545d80-8cc4-4080-96ab-da8102961911","path":"/","method":"GET","status_code":200,"timestamp":"2025-09-23T13:46:43.640277","message":"Registering location"}
{"level":"info","service_name":"AUTH","service_version":"0.0.1","service_id":"64545d80-8cc4-4080-96ab-da8102961911","timestamp":"2025-09-23T13:46:43.64031","message":"Registered route: GET /"}
{"level":"info","service_name":"AUTH","service_version":"0.0.1","service_id":"17fda3c3-947e-47ea-9136-51abd0ac720c","path":"/","method":"GET","status_code":200,"timestamp":"2025-09-23T13:47:18.011237","message":"Registering location"}
{"level":"info","service_name":"AUTH","service_version":"0.0.1","service_id":"17fda3c3-947e-47ea-9136-51abd0ac720c","timestamp":"2025-09-23T13:47:18.011283","message":"Registered route: GET /"}
{"level":"info","service_name":"AUTH","service_version":"0.0.1","service_id":"f6e5df48-0fc1-489d-a67c-2564cc498183","path":"/","method":"GET","status_code":200,"timestamp":"2025-09-23T13:49:47.639047","message":"Registering location"}
{"level":"info","service_name":"AUTH","service_version":"0.0.1","service_id":"f6e5df48-0fc1-489d-a67c-2564cc498183","timestamp":"2025-09-23T13:49:47.639072","message":"Registered route: GET /"}
{"level":"info","service_name":"AUTH","service_version":"0.0.1","service_id":"5b0f0108-2392-40f1-b519-ae0a09d2041f","path":"/","method":"GET","status_code":200,"timestamp":"2025-09-23T13:51:25.245194","message":"Registering location"}
{"level":"info","service_name":"AUTH","service_version":"0.0.1","service_id":"5b0f0108-2392-40f1-b519-ae0a09d2041f","timestamp":"2025-09-23T13:51:25.245225","message":"Registered route: GET /"}
{"level":"info","service_name":"AUTH","service_version":"0.0.1","service_id":"7eee817f-ec59-4226-8b69-93c0738e9b5d","path":"/","method":"GET","status_code":200,"timestamp":"2025-09-23T13:53:36.659357","message":"Registering location"}
{"level":"info","service_name":"AUTH","service_version":"0.0.1","service_id":"7eee817f-ec59-4226-8b69-93c0738e9b5d","timestamp":"2025-09-23T13:53:36.659382","message":"Registered route: GET /"}
{"level":"info","service_name":"ANOTHERAPI","service_version":"0.0.1","service_id":"9688aef2-c416-45c3-b347-2148abb90254","path":"/","method":"GET","status_code":200,"timestamp":"2025-09-23T13:53:36.659405","message":"Registering location"}
{"level":"info","service_name":"ANOTHERAPI","service_version":"0.0.1","service_id":"9688aef2-c416-45c3-b347-2148abb90254","timestamp":"2025-09-23T13:53:36.659427","message":"Registered route: GET /"}
{"level":"info","service_name":"ANOTHERAPI","service_version":"0.0.1","service_id":"9688aef2-c416-45c3-b347-2148abb90254","request_trace_id":"c52df322-b20d-4046-b9f8-d3fe4e1f268d","response":"{\"message\": \"Hello, World!\"}","timestamp":"2025-09-23T13:54:28.048285","message":"Response processed successfully"}
{"level":"info","service_name":"ANOTHERAPI","service_version":"0.0.1","service_id":"9688aef2-c416-45c3-b347-2148abb90254","request_trace_id":"c52df322-b20d-4046-b9f8-d3fe4e1f268d","status_code":200,"timestamp":"2025-09-23T13:54:28.04838","message":"Request completed successfully"}
{"level":"info","service_name":"ANOTHERAPI","service_version":"0.0.1","service_id":"9688aef2-c416-45c3-b347-2148abb90254","request_trace_id":"3f102068-d432-496f-b54f-a543e7809caa","response":"{\"message\": \"Hello, World!\"}","timestamp":"2025-09-23T13:54:32.894024","message":"Response processed successfully"}
{"level":"info","service_name":"ANOTHERAPI","service_version":"0.0.1","service_id":"9688aef2-c416-45c3-b347-2148abb90254","request_trace_id":"3f102068-d432-496f-b54f-a543e7809caa","status_code":200,"timestamp":"2025-09-23T13:54:32.894093","message":"Request completed successfully"}
{"level":"info","service_name":"ANOTHERAPI","service_version":"0.0.1","service_id":"9688aef2-c416-45c3-b347-2148abb90254","request_trace_id":"09b2ceb5-7520-4f83-8b74-085e5289fc0b","response":"{\"message\": \"Hello, World!\"}","timestamp":"2025-09-23T13:54:33.628106","message":"Response processed successfully"}
{"level":"info","service_name":"ANOTHERAPI","service_version":"0.0.1","service_id":"9688aef2-c416-45c3-b347-2148abb90254","request_trace_id":"09b2ceb5-7520-4f83-8b74-085e5289fc0b","status_code":200,"timestamp":"2025-09-23T13:54:33.628178","message":"Request completed successfully"}
{"level":"info","service_name":"ANOTHERAPI","service_version":"0.0.1","service_id":"9688aef2-c416-45c3-b347-2148abb90254","request_trace_id":"48ab15d8-7c65-4384-92d3-1924f7e1c890","response":"{\"message\": \"Hello, World!\"}","timestamp":"2025-09-23T13:54:34.0953","message":"Response processed successfully"}
{"level":"info","service_name":"ANOTHERAPI","service_version":"0.0.1","service_id":"9688aef2-c416-45c3-b347-2148abb90254","request_trace_id":"48ab15d8-7c65-4384-92d3-1924f7e1c890","status_code":200,"timestamp":"2025-09-23T13:54:34.09536","message":"Request completed successfully"}
{"level":"info","service_name":"ANOTHERAPI","service_version":"0.0.1","service_id":"9688aef2-c416-45c3-b347-2148abb90254","request_trace_id":"4712b8fb-8b65-4378-b7b3-687f8629066f","response":"{\"message\": \"Hello, World!\"}","timestamp":"2025-09-23T13:54:34.540734","message":"Response processed successfully"}
{"level":"info","service_name":"ANOTHERAPI","service_version":"0.0.1","service_id":"9688aef2-c416-45c3-b347-2148abb90254","request_trace_id":"4712b8fb-8b65-4378-b7b3-687f8629066f","status_code":200,"timestamp":"2025-09-23T13:54:34.540833","message":"Request completed successfully"}
{"level":"info","service_name":"ANOTHERAPI","service_version":"0.0.1","service_id":"9688aef2-c416-45c3-b347-2148abb90254","request_trace_id":"962c7aec-5988-47e6-9add-62dfcb99380b","response":"{\"message\": \"Hello, World!\"}","timestamp":"2025-09-23T13:54:34.926049","message":"Response processed successfully"}
{"level":"info","service_name":"ANOTHERAPI","service_version":"0.0.1","service_id":"9688aef2-c416-45c3-b347-2148abb90254","request_trace_id":"962c7aec-5988-47e6-9add-62dfcb99380b","status_code":200,"timestamp":"2025-09-23T13:54:34.926116","message":"Request completed successfully"}
{"level":"info","service_name":"ANOTHERAPI","service_version":"0.0.1","service_id":"9688aef2-c416-45c3-b347-2148abb90254","request_trace_id":"05e3f877-153c-438d-95d3-a405c9532634","response":"{\"message\": \"Hello, World!\"}","timestamp":"2025-09-23T13:54:35.264975","message":"Response processed successfully"}
{"level":"info","service_name":"ANOTHERAPI","service_version":"0.0.1","service_id":"9688aef2-c416-45c3-b347-2148abb90254","request_trace_id":"05e3f877-153c-438d-95d3-a405c9532634","status_code":200,"timestamp":"2025-09-23T13:54:35.265006","message":"Request completed successfully"}
{"level":"info","service_name":"AUTH","service_version":"0.0.1","service_id":"0a3ed7f1-e796-464f-9113-2df3d0b2e380","path":"/","method":"GET","status_code":200,"timestamp":"2025-09-23T16:57:19.832494","message":"Registering location"}
{"level":"info","service_name":"AUTH","service_version":"0.0.1","service_id":"0a3ed7f1-e796-464f-9113-2df3d0b2e380","timestamp":"2025-09-23T16:57:19.833915","message":"Registered route: GET /"}
{"level":"info","service_name":"ANOTHERAPI","service_version":"0.0.1","service_id":"1ae12b47-7d42-4712-953c-b38c8cbda15d","path":"/","method":"GET","status_code":200,"timestamp":"2025-09-23T16:57:19.833943","message":"Registering location"}
{"level":"info","service_name":"ANOTHERAPI","service_version":"0.0.1","service_id":"1ae12b47-7d42-4712-953c-b38c8cbda15d","timestamp":"2025-09-23T16:57:19.833973","message":"Registered route: GET /"}
{"level":"info","service_name":"AUTH","service_version":"0.0.1","service_id":"774cdf15-8986-4f8c-85cd-3f38c83b5c39","path":"/","method":"GET","status_code":200,"timestamp":"2025-09-23T16:58:05.19576","message":"Registering location"}
{"level":"info","service_name":"AUTH","service_version":"0.0.1","service_id":"774cdf15-8986-4f8c-85cd-3f38c83b5c39","timestamp":"2025-09-23T16:58:05.195798","message":"Registered route: GET /"}
{"level":"info","service_name":"ANOTHERAPI","service_version":"0.0.1","service_id":"b85078ae-b71f-48a7-998a-6d0bb06457b7","path":"/","method":"GET","status_code":200,"timestamp":"2025-09-23T16:58:05.195824","message":"Registering location"}
{"level":"info","service_name":"ANOTHERAPI","service_version":"0.0.1","service_id":"b85078ae-b71f-48a7-998a-6d0bb06457b7","timestamp":"2025-09-23T16:58:05.19585","message":"Registered route: GET /"}
{"level":"info","service_name":"AUTH","service_version":"0.0.1","service_id":"00799978-98c8-4668-a337-c0815df44bce","path":"/","method":"GET","status_code":200,"timestamp":"2025-09-24T16:32:07.323992","message":"Registering location"}
{"level":"info","service_name":"AUTH","service_version":"0.0.1","service_id":"00799978-98c8-4668-a337-c0815df44bce","timestamp":"2025-09-24T16:32:07.324194","message":"Registered route: GET /"}
{"level":"info","service_name":"ANOTHERAPI","service_version":"0.0.1","service_id":"85cf44ec-320f-4b04-8276-2812fe7cb250","path":"/","method":"GET","status_code":200,"timestamp":"2025-09-24T16:32:07.324248","message":"Registering location"}
{"level":"info","service_name":"ANOTHERAPI","service_version":"0.0.1","service_id":"85cf44ec-320f-4b04-8276-2812fe7cb250","timestamp":"2025-09-24T16:32:07.324301","message":"Registered route: GET /"}
{"level":"info","service_name":"AUTH","service_version":"0.0.1","service_id":"dd922140-b053-4af0-8358-ef5e214894d3","path":"/","method":"GET","status_code":200,"timestamp":"2025-09-25T14:51:07.093781","message":"Registering location"}
{"level":"info","service_name":"AUTH","service_version":"0.0.1","service_id":"902e815b-b172-4913-9ada-32931f0a5a71","path":"/","method":"GET","status_code":200,"timestamp":"2025-09-25T14:55:33.335356","message":"Registering location"}
{"level":"info","service_name":"AUTH","service_version":"0.0.1","service_id":"902e815b-b172-4913-9ada-32931f0a5a71","timestamp":"2025-09-25T14:55:33.335664","message":"Registered route: GET /"}
{"level":"info","service_name":"ANOTHERAPI","service_version":"0.0.1","service_id":"db5577cb-3715-4007-916e-a0c2daac5882","path":"/","method":"GET","status_code":200,"timestamp":"2025-09-25T14:55:33.335838","message":"Registering location"}
{"level":"info","service_name":"ANOTHERAPI","service_version":"0.0.1","service_id":"db5577cb-3715-4007-916e-a0c2daac5882","timestamp":"2025-09-25T14:55:33.335957","message":"Registered route: GET /"}
{"level":"info","service_name":"AUTH","service_version":"0.0.1","service_id":"202539e2-ded5-4fcd-9295-335127f24d3f","path":"/","method":"GET","status_code":200,"timestamp":"2025-09-25T14:57:19.625701","message":"Registering location"}
{"level":"info","service_name":"AUTH","service_version":"0.0.1","service_id":"202539e2-ded5-4fcd-9295-335127f24d3f","timestamp":"2025-09-25T14:57:19.625829","message":"Registered route: GET /"}
{"level":"info","service_name":"ANOTHERAPI","service_version":"0.0.1","service_id":"7b39e8c9-cccc-43b5-8a58-7beb70791fe5","path":"/","method":"GET","status_code":200,"timestamp":"2025-09-25T14:57:19.625916","message":"Registering location"}
{"level":"info","service_name":"ANOTHERAPI","service_version":"0.0.1","service_id":"7b39e8c9-cccc-43b5-8a58-7beb70791fe5","timestamp":"2025-09-25T14:57:19.626046","message":"Registered route: GET /"}
{"level":"info","service_name":"ANOTHERAPI","service_version":"0.0.1","service_id":"7b39e8c9-cccc-43b5-8a58-7beb70791fe5","request_trace_id":"90df99de-304f-4942-b494-60a276f2b0f4","response":"{\"message\": \"Hello, World!\"}","timestamp":"2025-09-25T14:57:32.377562","message":"Response processed successfully"}
{"level":"info","service_name":"ANOTHERAPI","service_version":"0.0.1","service_id":"7b39e8c9-cccc-43b5-8a58-7beb70791fe5","request_trace_id":"90df99de-304f-4942-b494-60a276f2b0f4","status_code":200,"timestamp":"2025-09-25T14:57:32.377876","message":"Request completed successfully"}
{"level":"info","service_name":"AUTH","service_version":"0.0.1","service_id":"66496f76-1243-47cf-b4ee-063034d94979","path":"/","method":"GET","status_code":200,"timestamp":"2025-09-25T15:00:02.525585","message":"Registering location"}
{"level":"info","service_name":"AUTH","service_version":"0.0.1","service_id":"66496f76-1243-47cf-b4ee-063034d94979","timestamp":"2025-09-25T15:00:02.525694","message":"Registered route: GET /"}
{"level":"info","service_name":"ANOTHERAPI","service_version":"0.0.1","service_id":"8197dfa3-c969-4a9e-b197-389337337606","path":"/","method":"GET","status_code":200,"timestamp":"2025-09-25T15:00:02.525741","message":"Registering location"}
{"level":"info","service_name":"ANOTHERAPI","service_version":"0.0.1","service_id":"8197dfa3-c969-4a9e-b197-389337337606","timestamp":"2025-09-25T15:00:02.525791","message":"Registered route: GET /"}
{"level":"info","service_name":"AUTH","service_version":"0.0.1","service_id":"1f2f8aae-8ef0-473c-94d9-d239ce19844d","path":"/","method":"GET","status_code":200,"timestamp":"2025-09-25T15:01:17.674773","message":"Registering location"}
{"level":"info","service_name":"AUTH","service_version":"0.0.1","service_id":"1f2f8aae-8ef0-473c-94d9-d239ce19844d","timestamp":"2025-09-25T15:01:17.674816","message":"Registered route: GET /"}
{"level":"info","service_name":"ANOTHERAPI","service_version":"0.0.1","service_id":"9cbe938d-fc7f-43e9-b17b-6b6f637bb9a0","path":"/","method":"GET","status_code":200,"timestamp":"2025-09-25T15:01:17.674852","message":"Registering location"}
{"level":"info","service_name":"ANOTHERAPI","service_version":"0.0.1","service_id":"9cbe938d-fc7f-43e9-b17b-6b6f637bb9a0","timestamp":"2025-09-25T15:01:17.674883","message":"Registered route: GET /"}
{"level":"info","service_name":"AUTH","service_version":"0.0.1","service_id":"a15fe201-3723-4e43-af29-ed1a4f19c980","path":"/","method":"GET","status_code":200,"timestamp":"2025-09-25T15:01:30.715313","message":"Registering location"}
{"level":"info","service_name":"AUTH","service_version":"0.0.1","service_id":"a15fe201-3723-4e43-af29-ed1a4f19c980","timestamp":"2025-09-25T15:01:30.715345","message":"Registered route: GET /"}
{"level":"info","service_name":"ANOTHERAPI","service_version":"0.0.1","service_id":"6b81f908-6039-443b-90f2-43d57c341dce","path":"/","method":"GET","status_code":200,"timestamp":"2025-09-25T15:01:30.715377","message":"Registering location"}
{"level":"info","service_name":"ANOTHERAPI","service_version":"0.0.1","service_id":"6b81f908-6039-443b-90f2-43d57c341dce","timestamp":"2025-09-25T15:01:30.715406","message":"Registered route: GET /"}
{"level":"info","service_name":"AUTH","service_version":"0.0.1","service_id":"88e48a30-02d0-4c01-bd79-90e194934b92","path":"/","method":"GET","status_code":200,"timestamp":"2025-09-25T15:01:41.811023","message":"Registering location"}
{"level":"info","service_name":"AUTH","service_version":"0.0.1","service_id":"88e48a30-02d0-4c01-bd79-90e194934b92","timestamp":"2025-09-25T15:01:41.811054","message":"Registered route: GET /"}
{"level":"info","service_name":"ANOTHERAPI","service_version":"0.0.1","service_id":"99dc6db2-1fcc-458a-98fe-eff58431c966","path":"/","method":"GET","status_code":200,"timestamp":"2025-09-25T15:01:41.811087","message":"Registering location"}
{"level":"info","service_name":"ANOTHERAPI","service_version":"0.0.1","service_id":"99dc6db2-1fcc-458a-98fe-eff58431c966","timestamp":"2025-09-25T15:01:41.811118","message":"Registered route: GET /"}
{"level":"info","service_name":"AUTH","service_version":"0.0.1","service_id":"74eac74b-e14d-4f49-978c-f62447582bed","path":"/","method":"GET","status_code":200,"timestamp":"2025-09-25T15:02:05.154264","message":"Registering location"}
{"level":"info","service_name":"AUTH","service_version":"0.0.1","service_id":"74eac74b-e14d-4f49-978c-f62447582bed","timestamp":"2025-09-25T15:02:05.154306","message":"Registered route: GET /"}
{"level":"info","service_name":"ANOTHERAPI","service_version":"0.0.1","service_id":"0bbb9623-74a7-4a84-b2bd-d585c971e9ac","path":"/","method":"GET","status_code":200,"timestamp":"2025-09-25T15:02:05.154346","message":"Registering location"}
{"level":"info","service_name":"ANOTHERAPI","service_version":"0.0.1","service_id":"0bbb9623-74a7-4a84-b2bd-d585c971e9ac","timestamp":"2025-09-25T15:02:05.154377","message":"Registered route: GET /"}
{"level":"info","service_name":"AUTH","service_version":"0.0.1","service_id":"5bdeb6ba-e168-4902-8634-a78d2c66422e","path":"/","method":"GET","status_code":200,"timestamp":"2025-09-25T15:02:57.88149","message":"Registering location"}
{"level":"info","service_name":"AUTH","service_version":"0.0.1","service_id":"5bdeb6ba-e168-4902-8634-a78d2c66422e","timestamp":"2025-09-25T15:02:57.881634","message":"Registered route: GET /"}
{"level":"info","service_name":"ANOTHERAPI","service_version":"0.0.1","service_id":"3833b518-e719-4e38-919a-4a6e47dedcbb","path":"/","method":"GET","status_code":200,"timestamp":"2025-09-25T15:02:57.881723","message":"Registering location"}
{"level":"info","service_name":"ANOTHERAPI","service_version":"0.0.1","service_id":"3833b518-e719-4e38-919a-4a6e47dedcbb","timestamp":"2025-09-25T15:02:57.881936","message":"Registered route: GET /"}
{"level":"info","service_name":"AUTH","service_version":"0.0.1","service_id":"483822e2-e144-46f8-8e9d-c23cd735d8a8","path":"/","method":"GET","status_code":200,"timestamp":"2025-09-25T15:09:15.902613","message":"Registering location"}
{"level":"info","service_name":"AUTH","service_version":"0.0.1","service_id":"483822e2-e144-46f8-8e9d-c23cd735d8a8","timestamp":"2025-09-25T15:09:15.902893","message":"Registered route: GET /"}
{"level":"info","service_name":"ANOTHERAPI","service_version":"0.0.1","service_id":"a45d0b00-1d9a-4706-bb49-bf438566a74e","path":"/","method":"GET","status_code":200,"timestamp":"2025-09-25T15:09:15.90298","message":"Registering location"}
{"level":"info","service_name":"ANOTHERAPI","service_version":"0.0.1","service_id":"a45d0b00-1d9a-4706-bb49-bf438566a74e","timestamp":"2025-09-25T15:09:15.903045","message":"Registered route: GET /"}
{"level":"info","service_name":"AUTH","service_version":"0.0.1","service_id":"3da7fb98-d5ab-4d3e-89eb-5e2c10adacc1","path":"/","method":"GET","status_code":200,"timestamp":"2025-09-25T15:12:44.176312","message":"Registering location"}
{"level":"info","service_name":"AUTH","service_version":"0.0.1","service_id":"3da7fb98-d5ab-4d3e-89eb-5e2c10adacc1","timestamp":"2025-09-25T15:12:44.176576","message":"Registered route: GET /"}
{"level":"info","service_name":"ANOTHERAPI","service_version":"0.0.1","service_id":"76604bfd-8175-46e5-9710-cbb8a2203a29","path":"/","method":"GET","status_code":200,"timestamp":"2025-09-25T15:12:44.176644","message":"Registering location"}
{"level":"info","service_name":"ANOTHERAPI","service_version":"0.0.1","service_id":"76604bfd-8175-46e5-9710-cbb8a2203a29","timestamp":"2025-09-25T15:12:44.17671","message":"Registered route: GET /"}
{"level":"info","service_name":"AUTH","service_version":"0.0.1","service_id":"e49a7d6e-13dc-41d0-afac-04f4908b02d0","path":"/","method":"GET","status_code":200,"timestamp":"2025-09-25T15:14:21.924523","message":"Registering location"}
{"level":"info","service_name":"AUTH","service_version":"0.0.1","service_id":"e49a7d6e-13dc-41d0-afac-04f4908b02d0","timestamp":"2025-09-25T15:14:21.924561","message":"Registered route: GET /"}
{"level":"info","service_name":"ANOTHERAPI","service_version":"0.0.1","service_id":"95f4601f-bd60-46e8-8aa9-2208664e6cfa","path":"/","method":"GET","status_code":200,"timestamp":"2025-09-25T15:14:21.924598","message":"Registering location"}
{"level":"info","service_name":"ANOTHERAPI","service_version":"0.0.1","service_id":"95f4601f-bd60-46e8-8aa9-2208664e6cfa","timestamp":"2025-09-25T15:14:21.924629","message":"Registered route: GET /"}
{"level":"info","service_name":"AUTH","service_version":"0.0.1","service_id":"6384e162-29d1-42d2-92cb-3137db111310","path":"/","method":"GET","status_code":200,"timestamp":"2025-09-25T15:25:54.76528","message":"Registering location"}
{"level":"info","service_name":"AUTH","service_version":"0.0.1","service_id":"6384e162-29d1-42d2-92cb-3137db111310","timestamp":"2025-09-25T15:25:54.76536","message":"Registered route: GET /"}
{"level":"info","service_name":"ANOTHERAPI","service_version":"0.0.1","service_id":"9a30b780-dbd3-488e-aff5-6ed07f062f41","path":"/","method":"GET","status_code":200,"timestamp":"2025-09-25T15:25:54.765413","message":"Registering location"}
{"level":"info","service_name":"ANOTHERAPI","service_version":"0.0.1","service_id":"9a30b780-dbd3-488e-aff5-6ed07f062f41","timestamp":"2025-09-25T15:25:54.765534","message":"Registered route: GET /"}
{"level":"info","service_name":"AUTH","service_version":"0.0.1","service_id":"6adfbcc2-a02f-4537-9acf-9df5eb09bf25","path":"/","method":"GET","status_code":200,"timestamp":"2025-09-25T15:27:03.160504","message":"Registering location"}
{"level":"info","service_name":"AUTH","service_version":"0.0.1","service_id":"6adfbcc2-a02f-4537-9acf-9df5eb09bf25","timestamp":"2025-09-25T15:27:03.160555","message":"Registered route: GET /"}
{"level":"info","service_name":"ANOTHERAPI","service_version":"0.0.1","service_id":"c062a65a-a0df-4ff4-a3af-b9da244b3247","path":"/","method":"GET","status_code":200,"timestamp":"2025-09-25T15:27:03.160592","message":"Registering location"}
{"level":"info","service_name":"ANOTHERAPI","service_version":"0.0.1","service_id":"c062a65a-a0df-4ff4-a3af-b9da244b3247","timestamp":"2025-09-25T15:27:03.160625","message":"Registered route: GET /"}
{"level":"info","service_name":"AUTH","service_version":"0.0.1","service_id":"6560c9e8-9150-45ce-bbec-5a909fe6ad38","path":"/","method":"GET","status_code":200,"timestamp":"2025-09-30T09:10:43.520639","message":"Registering location"}
{"level":"info","service_name":"AUTH","service_version":"0.0.1","service_id":"6560c9e8-9150-45ce-bbec-5a909fe6ad38","timestamp":"2025-09-30T09:10:43.520817","message":"Registered route: GET /"}
{"level":"info","service_name":"ANOTHERAPI","service_version":"0.0.1","service_id":"9803ffc9-b480-4b5d-9f40-69120b4d78da","path":"/","method":"GET","status_code":200,"timestamp":"2025-09-30T09:10:43.52085","message":"Registering location"}
{"level":"info","service_name":"ANOTHERAPI","service_version":"0.0.1","service_id":"9803ffc9-b480-4b5d-9f40-69120b4d78da","timestamp":"2025-09-30T09:10:43.520874","message":"Registered route: GET /"}
{"level":"info","service_name":"AUTH","service_version":"0.0.1","service_id":"2b807b8f-b28a-4613-9a66-abb7dc4e8152","path":"/","method":"GET","status_code":200,"timestamp":"2025-09-30T09:11:37.7931","message":"Registering location"}
{"level":"info","service_name":"AUTH","service_version":"0.0.1","service_id":"2b807b8f-b28a-4613-9a66-abb7dc4e8152","timestamp":"2025-09-30T09:11:37.793129","message":"Registered route: GET /"}
{"level":"info","service_name":"ANOTHERAPI","service_version":"0.0.1","service_id":"fa93adc3-509b-451b-9f03-ec3ee332f061","path":"/","method":"GET","status_code":200,"timestamp":"2025-09-30T09:11:37.793154","message":"Registering location"}
{"level":"info","service_name":"ANOTHERAPI","service_version":"0.0.1","service_id":"fa93adc3-509b-451b-9f03-ec3ee332f061","timestamp":"2025-09-30T09:11:37.793183","message":"Registered route: GET /"}
{"level":"info","service_name":"AUTH","service_version":"0.0.1","service_id":"1c58ce66-ff9c-49c9-999e-bb212b646b5c","path":"/","method":"GET","status_code":200,"timestamp":"2025-10-09T09:27:04.34861","message":"Registering location"}
{"level":"info","service_name":"AUTH","service_version":"0.0.1","service_id":"1c58ce66-ff9c-49c9-999e-bb212b646b5c","timestamp":"2025-10-09T09:27:04.348808","message":"Registered route: GET /"}
{"level":"info","service_name":"ANOTHERAPI","service_version":"0.0.1","service_id":"75819825-d3a5-4bac-b452-288b8cc8e8f5","path":"/","method":"GET","status_code":200,"timestamp":"2025-10-09T09:27:04.348834","message":"Registering location"}
{"level":"info","service_name":"ANOTHERAPI","service_version":"0.0.1","service_id":"75819825-d3a5-4bac-b452-288b8cc8e8f5","timestamp":"2025-10-09T09:27:04.348863","message":"Registered route: GET /"}
{"level":"info","service_name":"AUTH","service_version":"0.0.1","service_id":"070d47d5-89d8-4f3c-ad39-9c7caffafaf5","path":"/","method":"GET","status_code":200,"timestamp":"2025-10-09T09:27:26.186195","message":"Registering location"}
{"level":"info","service_name":"AUTH","service_version":"0.0.1","service_id":"070d47d5-89d8-4f3c-ad39-9c7caffafaf5","timestamp":"2025-10-09T09:27:26.186232","message":"Registered route: GET /"}
{"level":"info","service_name":"ANOTHERAPI","service_version":"0.0.1","service_id":"82a186d7-1313-46fa-a0ff-e83334b0e2cc","path":"/","method":"GET","status_code":200,"timestamp":"2025-10-09T09:27:26.186254","message":"Registering location"}
{"level":"info","service_name":"ANOTHERAPI","service_version":"0.0.1","service_id":"82a186d7-1313-46fa-a0ff-e83334b0e2cc","timestamp":"2025-10-09T09:27:26.186282","message":"Registered route: GET /"}
{"level":"info","service_name":"AUTH","service_version":"0.0.1","service_id":"9c1e87eb-fdb1-4fae-ad99-b1ed62221e6a","path":"/","method":"GET","status_code":200,"timestamp":"2025-10-09T09:35:00.962515","message":"Registering location"}
{"level":"info","service_name":"AUTH","service_version":"0.0.1","service_id":"9c1e87eb-fdb1-4fae-ad99-b1ed62221e6a","timestamp":"2025-10-09T09:35:00.962548","message":"Registered route: GET /"}
{"level":"info","service_name":"ANOTHERAPI","service_version":"0.0.1","service_id":"63f5451f-d63a-4449-9f48-232456cb25f5","path":"/","method":"GET","status_code":200,"timestamp":"2025-10-09T09:35:00.962571","message":"Registering location"}
{"level":"info","service_name":"ANOTHERAPI","service_version":"0.0.1","service_id":"63f5451f-d63a-4449-9f48-232456cb25f5","timestamp":"2025-10-09T09:35:00.962601","message":"Registered route: GET /"}
{"level":"info","service_name":"AUTH","service_version":"0.0.1","service_id":"08c01b92-e9cc-40d1-b931-1b6e8cac38f4","path":"/","method":"GET","status_code":200,"timestamp":"2025-10-09T09:38:16.529702","message":"Registering location"}
{"level":"info","service_name":"AUTH","service_version":"0.0.1","service_id":"08c01b92-e9cc-40d1-b931-1b6e8cac38f4","timestamp":"2025-10-09T09:38:16.529877","message":"Registered route: GET /"}
{"level":"info","service_name":"ANOTHERAPI","service_version":"0.0.1","service_id":"51528219-2366-4ed3-bdb7-38b134616dba","path":"/","method":"GET","status_code":200,"timestamp":"2025-10-09T09:38:16.529912","message":"Registering location"}
{"level":"info","service_name":"ANOTHERAPI","service_version":"0.0.1","service_id":"51528219-2366-4ed3-bdb7-38b134616dba","timestamp":"2025-10-09T09:38:16.529943","message":"Registered route: GET /"}
{"level":"info","service_name":"AUTH","service_version":"0.0.1","service_id":"f156bb64-142f-413f-b6a1-3a84ab555ed9","path":"/","method":"GET","status_code":200,"timestamp":"2025-10-09T10:03:41.271453","message":"Registering location"}
{"level":"info","service_name":"AUTH","service_version":"0.0.1","service_id":"f156bb64-142f-413f-b6a1-3a84ab555ed9","timestamp":"2025-10-09T10:03:41.271494","message":"Registered route: GET /"}
{"level":"info","service_name":"ANOTHERAPI","service_version":"0.0.1","service_id":"7dbfbe28-6cf6-4924-9e31-1346a8618e9f","path":"/","method":"GET","status_code":200,"timestamp":"2025-10-09T10:03:41.271534","message":"Registering location"}
{"level":"info","service_name":"ANOTHERAPI","service_version":"0.0.1","service_id":"7dbfbe28-6cf6-4924-9e31-1346a8618e9f","timestamp":"2025-10-09T10:03:41.271564","message":"Registered route: GET /"}
{"level":"info","service_name":"AUTH","service_version":"0.0.1","service_id":"268f6df6-81d9-4414-806f-eaecbe7fa35f","path":"/","method":"GET","status_code":200,"timestamp":"2025-10-09T10:07:18.24352","message":"Registering location"}
{"level":"info","service_name":"AUTH","service_version":"0.0.1","service_id":"268f6df6-81d9-4414-806f-eaecbe7fa35f","timestamp":"2025-10-09T10:07:18.243563","message":"Registered route: GET /"}
{"level":"info","service_name":"ANOTHERAPI","service_version":"0.0.1","service_id":"f19fd526-f72a-4b5e-a710-675c2260103e","path":"/","method":"GET","status_code":200,"timestamp":"2025-10-09T10:07:18.243596","message":"Registering location"}
{"level":"info","service_name":"ANOTHERAPI","service_version":"0.0.1","service_id":"f19fd526-f72a-4b5e-a710-675c2260103e","timestamp":"2025-10-09T10:07:18.243631","message":"Registered route: GET /"}
{"level":"info","service_name":"AUTH","service_version":"0.0.1","service_id":"36cd431d-cb10-49c4-a3df-06bf35f62702","path":"/","method":"GET","status_code":200,"timestamp":"2025-10-09T10:07:41.983327","message":"Registering location"}
{"level":"info","service_name":"AUTH","service_version":"0.0.1","service_id":"36cd431d-cb10-49c4-a3df-06bf35f62702","timestamp":"2025-10-09T10:07:41.983366","message":"Registered route: GET /"}
{"level":"info","service_name":"ANOTHERAPI","service_version":"0.0.1","service_id":"930f538d-d6de-48d6-a785-5b1a2caff880","path":"/","method":"GET","status_code":200,"timestamp":"2025-10-09T10:07:41.983404","message":"Registering location"}
{"level":"info","service_name":"ANOTHERAPI","service_version":"0.0.1","service_id":"930f538d-d6de-48d6-a785-5b1a2caff880","timestamp":"2025-10-09T10:07:41.983441","message":"Registered route: GET /"}
{"level":"info","service_name":"AUTH","service_version":"0.0.1","service_id":"3c0dae51-c57d-4fe2-9665-974767ccd439","path":"/","method":"GET","status_code":200,"timestamp":"2025-10-10T15:58:11.413827","message":"Registering location"}
{"level":"info","service_name":"AUTH","service_version":"0.0.1","service_id":"3c0dae51-c57d-4fe2-9665-974767ccd439","timestamp":"2025-10-10T15:58:11.413985","message":"Registered route: GET /"}
{"level":"info","service_name":"ANOTHERAPI","service_version":"0.0.1","service_id":"b1d9a7bf-2018-4460-905c-c9aeace8bcf6","path":"/","method":"GET","status_code":200,"timestamp":"2025-10-10T15:58:11.414013","message":"Registering location"}
{"level":"info","service_name":"ANOTHERAPI","service_version":"0.0.1","service_id":"b1d9a7bf-2018-4460-905c-c9aeace8bcf6","timestamp":"2025-10-10T15:58:11.414043","message":"Registered route: GET /"}
{"level":"info","service_name":"AUTH","service_version":"0.0.1","service_id":"56bf97b8-9f8e-4135-9693-5211d27b92a3","path":"/","method":"GET","status_code":200,"timestamp":"2025-10-10T16:01:54.204865","message":"Registering location"}
{"level":"info","service_name":"AUTH","service_version":"0.0.1","service_id":"56bf97b8-9f8e-4135-9693-5211d27b92a3","timestamp":"2025-10-10T16:01:54.204897","message":"Registered route: GET /"}
{"level":"info","service_name":"ANOTHERAPI","service_version":"0.0.1","service_id":"d24d315f-de6e-41cc-a2f5-ae66cde98782","path":"/","method":"GET","status_code":200,"timestamp":"2025-10-10T16:01:54.204915","message":"Registering location"}
{"level":"info","service_name":"ANOTHERAPI","service_version":"0.0.1","service_id":"d24d315f-de6e-41cc-a2f5-ae66cde98782","timestamp":"2025-10-10T16:01:54.204936","message":"Registered route: GET /"}
{"level":"info","service_name":"AUTH","service_version":"0.0.1","service_id":"522acbed-0b7d-4e08-aff4-795fb973ca59","path":"/","method":"GET","status_code":200,"timestamp":"2025-10-10T16:02:49.709517","message":"Registering location"}
{"level":"info","service_name":"AUTH","service_version":"0.0.1","service_id":"522acbed-0b7d-4e08-aff4-795fb973ca59","timestamp":"2025-10-10T16:02:49.70954","message":"Registered route: GET /"}
{"level":"info","service_name":"ANOTHERAPI","service_version":"0.0.1","service_id":"eff8ba24-81cc-4d11-b443-6daafb14400a","path":"/","method":"GET","status_code":200,"timestamp":"2025-10-10T16:02:49.709561","message":"Registering location"}
{"level":"info","service_name":"ANOTHERAPI","service_version":"0.0.1","service_id":"eff8ba24-81cc-4d11-b443-6daafb14400a","timestamp":"2025-10-10T16:02:49.709585","message":"Registered route: GET /"}
{"level":"info","service_name":"AUTH","service_version":"0.0.1","service_id":"49f45477-aef8-4791-9333-fe06f1ac161e","path":"/","method":"GET","status_code":200,"timestamp":"2025-10-10T16:03:04.490013","message":"Registering location"}
{"level":"info","service_name":"AUTH","service_version":"0.0.1","service_id":"49f45477-aef8-4791-9333-fe06f1ac161e","timestamp":"2025-10-10T16:03:04.490046","message":"Registered route: GET /"}
{"level":"info","service_name":"ANOTHERAPI","service_version":"0.0.1","service_id":"72d8326b-fb81-4026-a7c9-3d4d1a7120d7","path":"/","method":"GET","status_code":200,"timestamp":"2025-10-10T16:03:04.490067","message":"Registering location"}
{"level":"info","service_name":"ANOTHERAPI","service_version":"0.0.1","service_id":"72d8326b-fb81-4026-a7c9-3d4d1a7120d7","timestamp":"2025-10-10T16:03:04.490088","message":"Registered route: GET /"}
{"level":"info","service_name":"AUTH","service_version":"0.0.1","service_id":"8ca8a210-a6d7-4041-aac2-5c000c59b5af","path":"/","method":"GET","status_code":200,"timestamp":"2025-10-10T16:05:30.10485","message":"Registering location"}
{"level":"info","service_name":"AUTH","service_version":"0.0.1","service_id":"8ca8a210-a6d7-4041-aac2-5c000c59b5af","timestamp":"2025-10-10T16:05:30.104894","message":"Registered route: GET /"}
{"level":"info","service_name":"ANOTHERAPI","service_version":"0.0.1","service_id":"abf2353e-cff7-4df5-98c5-a605dafeeef9","path":"/","method":"GET","status_code":200,"timestamp":"2025-10-10T16:05:30.104919","message":"Registering location"}
{"level":"info","service_name":"ANOTHERAPI","service_version":"0.0.1","service_id":"abf2353e-cff7-4df5-98c5-a605dafeeef9","timestamp":"2025-10-10T16:05:30.104946","message":"Registered route: GET /"}
{"level":"info","service_name":"AUTH","service_version":"0.0.1","service_id":"7bb80f4b-6cc9-4ccf-953b-889d1d3d7835","path":"/","method":"GET","status_code":200,"timestamp":"2025-10-10T16:07:30.83274","message":"Registering location"}
{"level":"info","service_name":"AUTH","service_version":"0.0.1","service_id":"7bb80f4b-6cc9-4ccf-953b-889d1d3d7835","timestamp":"2025-10-10T16:07:30.832766","message":"Registered route: GET /"}
{"level":"info","service_name":"ANOTHERAPI","service_version":"0.0.1","service_id":"a6c526fd-ee1d-447f-b954-9e46a350b91f","path":"/","method":"GET","status_code":200,"timestamp":"2025-10-10T16:07:30.832792","message":"Registering location"}
{"level":"info","service_name":"ANOTHERAPI","service_version":"0.0.1","service_id":"a6c526fd-ee1d-447f-b954-9e46a350b91f","timestamp":"2025-10-10T16:07:30.832819","message":"Registered route: GET /"}
{"level":"info","service_name":"AUTH","service_version":"0.0.1","service_id":"157048a0-5d8d-41c4-b0ae-1cef3d8932e3","path":"/","method":"GET","status_code":200,"timestamp":"2025-10-10T16:08:24.180055","message":"Registering location"}
{"level":"info","service_name":"AUTH","service_version":"0.0.1","service_id":"157048a0-5d8d-41c4-b0ae-1cef3d8932e3","timestamp":"2025-10-10T16:08:24.1801","message":"Registered route: GET /"}
{"level":"info","service_name":"ANOTHERAPI","service_version":"0.0.1","service_id":"01fe83d1-cd49-42ae-bcf5-306ae39bfc04","path":"/","method":"GET","status_code":200,"timestamp":"2025-10-10T16:08:24.180123","message":"Registering location"}
{"level":"info","service_name":"ANOTHERAPI","service_version":"0.0.1","service_id":"01fe83d1-cd49-42ae-bcf5-306ae39bfc04","timestamp":"2025-10-10T16:08:24.180148","message":"Registered route: GET /"}
{"level":"info","service_name":"AUTH","service_version":"0.0.1","service_id":"5cb300c7-c0bc-4596-9e69-d48597e1ce84","path":"/","method":"GET","status_code":200,"timestamp":"2025-10-10T16:09:48.942679","message":"Registering location"}
{"level":"info","service_name":"AUTH","service_version":"0.0.1","service_id":"5cb300c7-c0bc-4596-9e69-d48597e1ce84","timestamp":"2025-10-10T16:09:48.942711","message":"Registered route: GET /"}
{"level":"info","service_name":"ANOTHERAPI","service_version":"0.0.1","service_id":"553ae282-6f8f-4b6d-9ef4-5a9d9e21c077","path":"/","method":"GET","status_code":200,"timestamp":"2025-10-10T16:09:48.942735","message":"Registering location"}
{"level":"info","service_name":"ANOTHERAPI","service_version":"0.0.1","service_id":"553ae282-6f8f-4b6d-9ef4-5a9d9e21c077","timestamp":"2025-10-10T16:09:48.942758","message":"Registered route: GET /"}
{"level":"info","service_name":"AUTH","service_version":"0.0.1","service_id":"a2ffb4fb-69f2-4309-8f5b-b1e3bfe72745","path":"/","method":"GET","status_code":200,"timestamp":"2025-10-10T16:13:19.075911","message":"Registering location"}
{"level":"info","service_name":"AUTH","service_version":"0.0.1","service_id":"a2ffb4fb-69f2-4309-8f5b-b1e3bfe72745","timestamp":"2025-10-10T16:13:19.075937","message":"Registered route: GET /"}
{"level":"info","service_name":"ANOTHERAPI","service_version":"0.0.1","service_id":"7099fa02-0b1f-41e3-84cd-ad61817db82a","path":"/","method":"GET","status_code":200,"timestamp":"2025-10-10T16:13:19.07596","message":"Registering location"}
{"level":"info","service_name":"ANOTHERAPI","service_version":"0.0.1","service_id":"7099fa02-0b1f-41e3-84cd-ad61817db82a","timestamp":"2025-10-10T16:13:19.075985","message":"Registered route: GET /"}
{"level":"info","service_name":"AUTH","service_version":"0.0.1","service_id":"2dea1bde-8ee9-43cd-a061-a741100dc9b9","path":"/","method":"GET","status_code":200,"timestamp":"2025-10-10T16:13:45.089311","message":"Registering location"}
{"level":"info","service_name":"AUTH","service_version":"0.0.1","service_id":"2dea1bde-8ee9-43cd-a061-a741100dc9b9","timestamp":"2025-10-10T16:13:45.089337","message":"Registered route: GET /"}
{"level":"info","service_name":"ANOTHERAPI","service_version":"0.0.1","service_id":"8a02b382-250a-456d-9ea5-e93e887b942f","path":"/","method":"GET","status_code":200,"timestamp":"2025-10-10T16:13:45.089359","message":"Registering location"}
{"level":"info","service_name":"ANOTHERAPI","service_version":"0.0.1","service_id":"8a02b382-250a-456d-9ea5-e93e887b942f","timestamp":"2025-10-10T16:13:45.089379","message":"Registered route: GET /"}
{"level":"info","service_name":"AUTH","service_version":"0.0.1","service_id":"f136c2d9-99ca-4a69-8220-b7e9bfbc7b80","path":"/","method":"GET","status_code":200,"timestamp":"2025-10-10T16:14:03.208048","message":"Registering location"}
{"level":"info","service_name":"AUTH","service_version":"0.0.1","service_id":"f136c2d9-99ca-4a69-8220-b7e9bfbc7b80","timestamp":"2025-10-10T16:14:03.208078","message":"Registered route: GET /"}
{"level":"info","service_name":"ANOTHERAPI","service_version":"0.0.1","service_id":"6b7facec-e795-46ea-8c6c-b666c8a2a9de","path":"/","method":"GET","status_code":200,"timestamp":"2025-10-10T16:14:03.208095","message":"Registering location"}
{"level":"info","service_name":"ANOTHERAPI","service_version":"0.0.1","service_id":"6b7facec-e795-46ea-8c6c-b666c8a2a9de","timestamp":"2025-10-10T16:14:03.208114","message":"Registered route: GET /"}
{"level":"info","service_name":"AUTH","service_version":"0.0.1","service_id":"3ef34654-be00-4ea5-97c6-99b52d4e9578","path":"/","method":"GET","status_code":200,"timestamp":"2025-10-10T16:14:39.343749","message":"Registering location"}
{"level":"info","service_name":"AUTH","service_version":"0.0.1","service_id":"3ef34654-be00-4ea5-97c6-99b52d4e9578","timestamp":"2025-10-10T16:14:39.343772","message":"Registered route: GET /"}
{"level":"info","service_name":"ANOTHERAPI","service_version":"0.0.1","service_id":"8212fa34-23a2-4f5b-9579-16609d3c3237","path":"/","method":"GET","status_code":200,"timestamp":"2025-10-10T16:14:39.343794","message":"Registering location"}
{"level":"info","service_name":"ANOTHERAPI","service_version":"0.0.1","service_id":"8212fa34-23a2-4f5b-9579-16609d3c3237","timestamp":"2025-10-10T16:14:39.343814","message":"Registered route: GET /"}
{"level":"info","service_name":"AUTH","service_version":"0.0.1","service_id":"74c8b17d-1f88-4f50-bdd6-54f2f51af6b6","path":"/","method":"GET","status_code":200,"timestamp":"2025-10-10T16:15:02.545818","message":"Registering location"}
{"level":"info","service_name":"AUTH","service_version":"0.0.1","service_id":"74c8b17d-1f88-4f50-bdd6-54f2f51af6b6","timestamp":"2025-10-10T16:15:02.545859","message":"Registered route: GET /"}
{"level":"info","service_name":"ANOTHERAPI","service_version":"0.0.1","service_id":"d1759128-51b7-4c15-9bc0-377067abb094","path":"/","method":"GET","status_code":200,"timestamp":"2025-10-10T16:15:02.545906","message":"Registering location"}
{"level":"info","service_name":"ANOTHERAPI","service_version":"0.0.1","service_id":"d1759128-51b7-4c15-9bc0-377067abb094","timestamp":"2025-10-10T16:15:02.545947","message":"Registered route: GET /"}
{"level":"info","service_name":"AUTH","service_version":"0.0.1","service_id":"8cb97b27-7f6f-43f5-bb60-8ff138fd3b1d","path":"/","method":"GET","status_code":200,"timestamp":"2025-10-10T16:15:14.989712","message":"Registering location"}
{"level":"info","service_name":"AUTH","service_version":"0.0.1","service_id":"8cb97b27-7f6f-43f5-bb60-8ff138fd3b1d","timestamp":"2025-10-10T16:15:14.989755","message":"Registered route: GET /"}
{"level":"info","service_name":"ANOTHERAPI","service_version":"0.0.1","service_id":"986fd2d3-c6dc-42e3-8d68-d980a5f47eb1","path":"/","method":"GET","status_code":200,"timestamp":"2025-10-10T16:15:14.989789","message":"Registering location"}
{"level":"info","service_name":"ANOTHERAPI","service_version":"0.0.1","service_id":"986fd2d3-c6dc-42e3-8d68-d980a5f47eb1","timestamp":"2025-10-10T16:15:14.989824","message":"Registered route: GET /"}
{"level":"info","service_name":"AUTH","service_version":"0.0.1","service_id":"b8a4d90d-7ba8-4d12-a809-fb208f72e9ae","path":"/","method":"GET","status_code":200,"timestamp":"2025-10-10T16:15:27.918674","message":"Registering location"}
{"level":"info","service_name":"AUTH","service_version":"0.0.1","service_id":"b8a4d90d-7ba8-4d12-a809-fb208f72e9ae","timestamp":"2025-10-10T16:15:27.918697","message":"Registered route: GET /"}
{"level":"info","service_name":"ANOTHERAPI","service_version":"0.0.1","service_id":"90dac73d-0897-4e29-974a-fdb0959607d9","path":"/","method":"GET","status_code":200,"timestamp":"2025-10-10T16:15:27.918715","message":"Registering location"}
{"level":"info","service_name":"ANOTHERAPI","service_version":"0.0.1","service_id":"90dac73d-0897-4e29-974a-fdb0959607d9","timestamp":"2025-10-10T16:15:27.918737","message":"Registered route: GET /"}
{"level":"info","service_name":"AUTH","service_version":"0.0.1","service_id":"2687b685-7ea9-4368-88f3-123c5a294c4b","path":"/","method":"GET","status_code":200,"timestamp":"2025-10-10T16:16:12.148356","message":"Registering location"}
{"level":"info","service_name":"AUTH","service_version":"0.0.1","service_id":"2687b685-7ea9-4368-88f3-123c5a294c4b","timestamp":"2025-10-10T16:16:12.148389","message":"Registered route: GET /"}
{"level":"info","service_name":"ANOTHERAPI","service_version":"0.0.1","service_id":"9cd3a4da-eb99-47f7-8092-7400574641b4","path":"/","method":"GET","status_code":200,"timestamp":"2025-10-10T16:16:12.148413","message":"Registering location"}
{"level":"info","service_name":"ANOTHERAPI","service_version":"0.0.1","service_id":"9cd3a4da-eb99-47f7-8092-7400574641b4","timestamp":"2025-10-10T16:16:12.148439","message":"Registered route: GET /"}
{"level":"info","service_name":"AUTH","service_version":"0.0.1","service_id":"7436162d-6238-44ac-919f-0640073a3b72","path":"/","method":"GET","status_code":200,"timestamp":"2025-10-10T16:16:42.426086","message":"Registering location"}
{"level":"info","service_name":"AUTH","service_version":"0.0.1","service_id":"7436162d-6238-44ac-919f-0640073a3b72","timestamp":"2025-10-10T16:16:42.426115","message":"Registered route: GET /"}
{"level":"info","service_name":"ANOTHERAPI","service_version":"0.0.1","service_id":"41990b73-7b57-465f-8764-051637a8ebb5","path":"/","method":"GET","status_code":200,"timestamp":"2025-10-10T16:16:42.426143","message":"Registering location"}
{"level":"info","service_name":"ANOTHERAPI","service_version":"0.0.1","service_id":"41990b73-7b57-465f-8764-051637a8ebb5","timestamp":"2025-10-10T16:16:42.426169","message":"Registered route: GET /"}
{"level":"info","service_name":"AUTH","service_version":"0.0.1","service_id":"daafd483-150b-4932-ac02-0db19284e703","path":"/","method":"GET","status_code":200,"timestamp":"2025-10-10T16:17:13.175323","message":"Registering location"}
{"level":"info","service_name":"AUTH","service_version":"0.0.1","service_id":"daafd483-150b-4932-ac02-0db19284e703","timestamp":"2025-10-10T16:17:13.175349","message":"Registered route: GET /"}
{"level":"info","service_name":"ANOTHERAPI","service_version":"0.0.1","service_id":"48be57d2-deb6-4c83-8bf8-dc6b92b64e54","path":"/","method":"GET","status_code":200,"timestamp":"2025-10-10T16:17:13.175368","message":"Registering location"}
{"level":"info","service_name":"ANOTHERAPI","service_version":"0.0.1","service_id":"48be57d2-deb6-4c83-8bf8-dc6b92b64e54","timestamp":"2025-10-10T16:17:13.175386","message":"Registered route: GET /"}
{"level":"info","service_name":"AUTH","service_version":"0.0.1","service_id":"ea8e8c7a-8b03-4ea7-b860-0405fd3bff24","path":"/","method":"GET","status_code":200,"timestamp":"2025-10-10T16:17:31.102366","message":"Registering location"}
{"level":"info","service_name":"AUTH","service_version":"0.0.1","service_id":"ea8e8c7a-8b03-4ea7-b860-0405fd3bff24","timestamp":"2025-10-10T16:17:31.102409","message":"Registered route: GET /"}
{"level":"info","service_name":"ANOTHERAPI","service_version":"0.0.1","service_id":"ba6f9e5d-bb1c-407e-9019-c1c06a69a58d","path":"/","method":"GET","status_code":200,"timestamp":"2025-10-10T16:17:31.102433","message":"Registering location"}
{"level":"info","service_name":"ANOTHERAPI","service_version":"0.0.1","service_id":"ba6f9e5d-bb1c-407e-9019-c1c06a69a58d","timestamp":"2025-10-10T16:17:31.102465","message":"Registered route: GET /"}
{"level":"info","service_name":"AUTH","service_version":"0.0.1","service_id":"bc97fa56-7f64-48a6-9d56-a47c1408793e","path":"/","method":"GET","status_code":200,"timestamp":"2025-10-10T16:17:46.782697","message":"Registering location"}
{"level":"info","service_name":"AUTH","service_version":"0.0.1","service_id":"bc97fa56-7f64-48a6-9d56-a47c1408793e","timestamp":"2025-10-10T16:17:46.78272","message":"Registered route: GET /"}
{"level":"info","service_name":"ANOTHERAPI","service_version":"0.0.1","service_id":"792bccca-8830-404f-aa42-526bd7663c18","path":"/","method":"GET","status_code":200,"timestamp":"2025-10-10T16:17:46.782739","message":"Registering location"}
{"level":"info","service_name":"ANOTHERAPI","service_version":"0.0.1","service_id":"792bccca-8830-404f-aa42-526bd7663c18","timestamp":"2025-10-10T16:17:46.782764","message":"Registered route: GET /"}
{"level":"info","service_name":"AUTH","service_version":"0.0.1","service_id":"eab0215c-dffc-4591-989e-7e419639a3e4","path":"/","method":"GET","status_code":200,"timestamp":"2025-10-10T16:18:38.188776","message":"Registering location"}
{"level":"info","service_name":"AUTH","service_version":"0.0.1","service_id":"eab0215c-dffc-4591-989e-7e419639a3e4","timestamp":"2025-10-10T16:18:38.188805","message":"Registered route: GET /"}
{"level":"info","service_name":"ANOTHERAPI","service_version":"0.0.1","service_id":"d2a16459-2f23-4fb7-9ff9-da9959aebee9","path":"/","method":"GET","status_code":200,"timestamp":"2025-10-10T16:18:38.188825","message":"Registering location"}
{"level":"info","service_name":"ANOTHERAPI","service_version":"0.0.1","service_id":"d2a16459-2f23-4fb7-9ff9-da9959aebee9","timestamp":"2025-10-10T16:18:38.188846","message":"Registered route: GET /"}
{"level":"info","service_name":"AUTH","service_version":"0.0.1","service_id":"b83a9e72-0de4-49ce-a6d0-ce2dcc0d9d5f","path":"/","method":"GET","status_code":200,"timestamp":"2025-10-10T16:19:39.087355","message":"Registering location"}
{"level":"info","service_name":"AUTH","service_version":"0.0.1","service_id":"b83a9e72-0de4-49ce-a6d0-ce2dcc0d9d5f","timestamp":"2025-10-10T16:19:39.08739","message":"Registered route: GET /"}
{"level":"info","service_name":"ANOTHERAPI","service_version":"0.0.1","service_id":"3184d3ea-9234-4a1c-a32d-ce734fc42a8f","path":"/","method":"GET","status_code":200,"timestamp":"2025-10-10T16:19:39.087411","message":"Registering location"}
{"level":"info","service_name":"ANOTHERAPI","service_version":"0.0.1","service_id":"3184d3ea-9234-4a1c-a32d-ce734fc42a8f","timestamp":"2025-10-10T16:19:39.087433","message":"Registered route: GET /"}
{"level":"info","service_name":"AUTH","service_version":"0.0.1","service_id":"2eeb9e3b-aa9d-4fcf-8f9c-fb75a51bfe7a","path":"/","method":"GET","status_code":200,"timestamp":"2025-10-10T16:20:43.396681","message":"Registering location"}
{"level":"info","service_name":"AUTH","service_version":"0.0.1","service_id":"2eeb9e3b-aa9d-4fcf-8f9c-fb75a51bfe7a","timestamp":"2025-10-10T16:20:43.396712","message":"Registered route: GET /"}
{"level":"info","service_name":"ANOTHERAPI","service_version":"0.0.1","service_id":"9c54e159-f845-41f2-9ec8-703196249ae0","path":"/","method":"GET","status_code":200,"timestamp":"2025-10-10T16:20:43.39674","message":"Registering location"}
{"level":"info","service_name":"ANOTHERAPI","service_version":"0.0.1","service_id":"9c54e159-f845-41f2-9ec8-703196249ae0","timestamp":"2025-10-10T16:20:43.396766","message":"Registered route: GET /"}
{"level":"info","service_name":"AUTH","service_version":"0.0.1","service_id":"0e3241cb-55bc-4157-b1fc-df7a583c7179","path":"/","method":"GET","status_code":200,"timestamp":"2025-10-10T16:20:54.594273","message":"Registering location"}
{"level":"info","service_name":"AUTH","service_version":"0.0.1","service_id":"0e3241cb-55bc-4157-b1fc-df7a583c7179","timestamp":"2025-10-10T16:20:54.594309","message":"Registered route: GET /"}
{"level":"info","service_name":"ANOTHERAPI","service_version":"0.0.1","service_id":"eb23dfec-b728-4a08-8812-3723023ad15b","path":"/","method":"GET","status_code":200,"timestamp":"2025-10-10T16:20:54.594332","message":"Registering location"}
{"level":"info","service_name":"ANOTHERAPI","service_version":"0.0.1","service_id":"eb23dfec-b728-4a08-8812-3723023ad15b","timestamp":"2025-10-10T16:20:54.59436","message":"Registered route: GET /"}
{"level":"info","service_name":"AUTH","service_version":"0.0.1","service_id":"b805dab3-27dc-4c9d-bbc5-6e8f95dc26e1","path":"/","method":"GET","status_code":200,"timestamp":"2025-12-10T14:23:38.552877","message":"Registering location"}
{"level":"info","service_name":"AUTH","service_version":"0.0.1","service_id":"b805dab3-27dc-4c9d-bbc5-6e8f95dc26e1","timestamp":"2025-12-10T14:23:38.553407","message":"Registered route: GET /"}
{"level":"info","service_name":"ANOTHERAPI","service_version":"0.0.1","service_id":"1a64cc2d-0ace-42b4-9abb-aaa10b2e1cee","path":"/","method":"GET","status_code":200,"timestamp":"2025-12-10T14:23:38.560818","message":"Registering location"}
{"level":"info","service_name":"ANOTHERAPI","service_version":"0.0.1","service_id":"1a64cc2d-0ace-42b4-9abb-aaa10b2e1cee","timestamp":"2025-12-10T14:23:38.562325","message":"Registered route: GET /"}
{"level":"info","service_name":"AUTH","service_version":"0.0.1","service_id":"6698a50c-f08d-4703-9131-7d1fae5fa878","path":"/","method":"GET","status_code":200,"timestamp":"2025-12-10T15:15:44.140287","message":"Registering location"}
{"level":"info","service_name":"AUTH","service_version":"0.0.1","service_id":"6698a50c-f08d-4703-9131-7d1fae5fa878","timestamp":"2025-12-10T15:15:44.140829","message":"Registered route: GET /"}
{"level":"info","service_name":"ANOTHERAPI","service_version":"0.0.1","service_id":"f29f7371-dfb4-41ff-ba58-a42e0da20f92","path":"/","method":"GET","status_code":200,"timestamp":"2025-12-10T15:15:44.143664","message":"Registering location"}
{"level":"info","service_name":"ANOTHERAPI","service_version":"0.0.1","service_id":"f29f7371-dfb4-41ff-ba58-a42e0da20f92","timestamp":"2025-12-10T15:15:44.144754","message":"Registered route: GET /"}
{"level":"info","service_name":"AUTH","service_version":"0.0.1","service_id":"8aaeabcb-f3ad-4c28-927e-e0a1e8f478ce","path":"/","method":"GET","status_code":200,"timestamp":"2025-12-10T15:18:14.68431","message":"Registering location"}
{"level":"info","service_name":"AUTH","service_version":"0.0.1","service_id":"8aaeabcb-f3ad-4c28-927e-e0a1e8f478ce","timestamp":"2025-12-10T15:18:14.685904","message":"Registered route: GET /"}
{"level":"info","service_name":"ANOTHERAPI","service_version":"0.0.1","service_id":"8a3b4c38-1be4-436a-a045-0f7ad115ef29","path":"/","method":"GET","status_code":200,"timestamp":"2025-12-10T15:18:14.688127","message":"Registering location"}
{"level":"info","service_name":"ANOTHERAPI","service_version":"0.0.1","service_id":"8a3b4c38-1be4-436a-a045-0f7ad115ef29","timestamp":"2025-12-10T15:18:14.689215","message":"Registered route: GET /"}
{"level":"info","service_name":"AUTH","service_version":"0.0.1","service_id":"8693247c-c238-423f-bd0d-6030bfa15421","path":"/","method":"GET","status_code":200,"timestamp":"2025-12-10T15:22:22.915258","message":"Registering location"}
{"level":"info","service_name":"AUTH","service_version":"0.0.1","service_id":"8693247c-c238-423f-bd0d-6030bfa15421","timestamp":"2025-12-10T15:22:22.915833","message":"Registered route: GET /"}
{"level":"info","service_name":"ANOTHERAPI","service_version":"0.0.1","service_id":"8777f456-3af5-426e-9312-3a303ff27b2a","path":"/","method":"GET","status_code":200,"timestamp":"2025-12-10T15:22:22.921288","message":"Registering location"}
{"level":"info","service_name":"ANOTHERAPI","service_version":"0.0.1","service_id":"8777f456-3af5-426e-9312-3a303ff27b2a","timestamp":"2025-12-10T15:22:22.923598","message":"Registered route: GET /"}
{"level":"info","service_name":"AUTH","service_version":"0.0.1","service_id":"81a9c191-b777-4838-94b3-b649035466c6","path":"/","method":"GET","status_code":200,"timestamp":"2025-12-10T15:24:55.158263","message":"Registering location"}
{"level":"info","service_name":"AUTH","service_version":"0.0.1","service_id":"81a9c191-b777-4838-94b3-b649035466c6","timestamp":"2025-12-10T15:24:55.160174","message":"Registered route: GET /"}
{"level":"info","service_name":"ANOTHERAPI","service_version":"0.0.1","service_id":"b9d7e58f-c3fe-40ad-9ea4-6d37980a8bb1","path":"/","method":"GET","status_code":200,"timestamp":"2025-12-10T15:24:55.162371","message":"Registering location"}
{"level":"info","service_name":"ANOTHERAPI","service_version":"0.0.1","service_id":"b9d7e58f-c3fe-40ad-9ea4-6d37980a8bb1","timestamp":"2025-12-10T15:24:55.162907","message":"Registered route: GET /"}
{"level":"info","service_name":"AUTH","service_version":"0.0.1","service_id":"ac26047e-9d9c-432b-8a19-9c4e9c78f96c","path":"/","method":"GET","status_code":200,"timestamp":"2025-12-10T16:55:22.427858","message":"Registering location"}
{"level":"info","service_name":"AUTH","service_version":"0.0.1","service_id":"ac26047e-9d9c-432b-8a19-9c4e9c78f96c","timestamp":"2025-12-10T16:55:22.429429","message":"Registered route: GET /"}
{"level":"info","service_name":"ANOTHERAPI","service_version":"0.0.1","service_id":"ad1e8b46-9069-41df-beda-5e45f5c1748b","path":"/","method":"GET","status_code":200,"timestamp":"2025-12-10T16:55:22.43248","message":"Registering location"}
{"level":"info","service_name":"ANOTHERAPI","service_version":"0.0.1","service_id":"ad1e8b46-9069-41df-beda-5e45f5c1748b","timestamp":"2025-12-10T16:55:22.433796","message":"Registered route: GET /"}
{"level":"info","service_name":"AUTH","service_version":"0.0.1","service_id":"038e06b5-6044-4163-85bc-ee450407f47f","path":"/","method":"GET","status_code":200,"timestamp":"2025-12-10T17:01:02.605081","message":"Registering location"}
{"level":"info","service_name":"AUTH","service_version":"0.0.1","service_id":"038e06b5-6044-4163-85bc-ee450407f47f","timestamp":"2025-12-10T17:01:02.606093","message":"Registered route: GET /"}
{"level":"info","service_name":"ANOTHERAPI","service_version":"0.0.1","service_id":"0bb96e8b-a489-470f-aa1c-f0702891c6ea","path":"/","method":"GET","status_code":200,"timestamp":"2025-12-10T17:01:02.612205","message":"Registering location"}
{"level":"info","service_name":"ANOTHERAPI","service_version":"0.0.1","service_id":"0bb96e8b-a489-470f-aa1c-f0702891c6ea","timestamp":"2025-12-10T17:01:02.613368","message":"Registered route: GET /"}
{"level":"info","service_name":"AUTH","service_version":"0.0.1","service_id":"adc13c67-b993-4ff1-9116-8a541b23c6c6","path":"/","method":"GET","status_code":200,"timestamp":"2025-12-18T08:48:58.391747","message":"Registering location"}
{"level":"info","service_name":"AUTH","service_version":"0.0.1","service_id":"adc13c67-b993-4ff1-9116-8a541b23c6c6","timestamp":"2025-12-18T08:48:58.394821","message":"Registered route: GET /"}
{"level":"info","service_name":"ANOTHERAPI","service_version":"0.0.1","service_id":"0a4d22ed-0823-4860-b08d-09f1b28ea57e","path":"/","method":"GET","status_code":200,"timestamp":"2025-12-18T08:48:58.394821","message":"Registering location"}
{"level":"info","service_name":"ANOTHERAPI","service_version":"0.0.1","service_id":"0a4d22ed-0823-4860-b08d-09f1b28ea57e","timestamp":"2025-12-18T08:48:58.394821","message":"Registered route: GET /"}
{"level":"info","service_name":"AUTH","service_version":"0.0.1","service_id":"9a6fa0a2-b361-4bc1-b807-2e23c159cd89","path":"/","method":"GET","status_code":200,"timestamp":"2025-12-19T09:03:33.646187","message":"Registering location"}
{"level":"info","service_name":"AUTH","service_version":"0.0.1","service_id":"9a6fa0a2-b361-4bc1-b807-2e23c159cd89","timestamp":"2025-12-19T09:03:33.646736","message":"Registered route: GET /"}
{"level":"info","service_name":"ANOTHERAPI","service_version":"0.0.1","service_id":"ffc231ad-0145-460d-8668-043d4471fbeb","path":"/","method":"GET","status_code":200,"timestamp":"2025-12-19T09:03:33.64896","message":"Registering location"}
{"level":"info","service_name":"ANOTHERAPI","service_version":"0.0.1","service_id":"ffc231ad-0145-460d-8668-043d4471fbeb","timestamp":"2025-12-19T09:03:33.649506","message":"Registered route: GET /"}
{"level":"info","service_name":"AUTH","service_version":"0.0.1","service_id":"44ff9edf-be20-41cd-80fd-172baabe9d67","path":"/","method":"GET","status_code":200,"timestamp":"2025-12-19T12:47:55.675996","message":"Registering location"}
{"level":"info","service_name":"AUTH","service_version":"0.0.1","service_id":"44ff9edf-be20-41cd-80fd-172baabe9d67","timestamp":"2025-12-19T12:47:55.682113","message":"Registered route: GET /"}
{"level":"info","service_name":"ANOTHERAPI","service_version":"0.0.1","service_id":"03bbf1ca-e975-4d44-899b-fc1e160fc9a6","path":"/","method":"GET","status_code":200,"timestamp":"2025-12-19T12:47:55.684286","message":"Registering location"}
{"level":"info","service_name":"ANOTHERAPI","service_version":"0.0.1","service_id":"03bbf1ca-e975-4d44-899b-fc1e160fc9a6","timestamp":"2025-12-19T12:47:55.685306","message":"Registered route: GET /"}
{"level":"info","service_name":"AUTH","service_version":"0.0.1","service_id":"f9afaa8b-f504-422e-ace4-edec13934ec5","path":"/","method":"GET","status_code":200,"timestamp":"2025-12-23T08:43:45.747589","message":"Registering location"}
{"level":"info","service_name":"AUTH","service_version":"0.0.1","service_id":"f9afaa8b-f504-422e-ace4-edec13934ec5","timestamp":"2025-12-23T08:43:45.749633","message":"Registered route: GET /"}
{"level":"info","service_name":"ANOTHERAPI","service_version":"0.0.1","service_id":"77f08a52-3e93-451c-aa71-b6c8b0977505","path":"/","method":"GET","status_code":200,"timestamp":"2025-12-23T08:43:45.752563","message":"Registering location"}
{"level":"info","service_name":"ANOTHERAPI","service_version":"0.0.1","service_id":"77f08a52-3e93-451c-aa71-b6c8b0977505","timestamp":"2025-12-23T08:43:45.753563","message":"Registered route: GET /"}
{"level":"info","service_name":"AUTH","service_version":"0.0.1","service_id":"d994630f-b3f7-4a8c-97b9-8f5d76972e6a","path":"/","method":"GET","status_code":200,"timestamp":"2025-12-23T08:58:04.654081","message":"Registering location"}
{"level":"info","service_name":"AUTH","service_version":"0.0.1","service_id":"d994630f-b3f7-4a8c-97b9-8f5d76972e6a","timestamp":"2025-12-23T08:58:04.655264","message":"Registered route: GET /"}
{"level":"info","service_name":"ANOTHERAPI","service_version":"0.0.1","service_id":"41baf0cd-1071-4beb-a73c-de8433018d1d","path":"/","method":"GET","status_code":200,"timestamp":"2025-12-23T08:58:04.658238","message":"Registering location"}
{"level":"info","service_name":"ANOTHERAPI","service_version":"0.0.1","service_id":"41baf0cd-1071-4beb-a73c-de8433018d1d","timestamp":"2025-12-23T08:58:04.658771","message":"Registered route: GET /"}
{"level":"info","service_name":"AUTH","service_version":"0.0.1","service_id":"c5922ae9-e4de-414a-a774-5f1c96f99a91","path":"/","method":"GET","status_code":200,"timestamp":"2025-12-23T08:59:57.357102","message":"Registering location"}
{"level":"info","service_name":"AUTH","service_version":"0.0.1","service_id":"c5922ae9-e4de-414a-a774-5f1c96f99a91","timestamp":"2025-12-23T08:59:57.358056","message":"Registered route: GET /"}
{"level":"info","service_name":"ANOTHERAPI","service_version":"0.0.1","service_id":"d825558c-1ca1-484d-a86f-ee02414e4369","path":"/","method":"GET","status_code":200,"timestamp":"2025-12-23T08:59:57.360054","message":"Registering location"}
{"level":"info","service_name":"ANOTHERAPI","service_version":"0.0.1","service_id":"d825558c-1ca1-484d-a86f-ee02414e4369","timestamp":"2025-12-23T08:59:57.361262","message":"Registered route: GET /"}
{"level":"info","service_name":"AUTH","service_version":"0.0.1","service_id":"f2d76df0-d3ab-41ce-8f8a-e983e4d6045a","path":"/","method":"GET","status_code":200,"timestamp":"2025-12-23T09:07:36.341032","message":"Registering location"}
{"level":"info","service_name":"AUTH","service_version":"0.0.1","service_id":"f2d76df0-d3ab-41ce-8f8a-e983e4d6045a","timestamp":"2025-12-23T09:07:36.341032","message":"Registered route: GET /"}
{"level":"info","service_name":"ANOTHERAPI","service_version":"0.0.1","service_id":"569cf43e-d653-4e1b-a856-c6335c3b58a6","path":"/","method":"GET","status_code":200,"timestamp":"2025-12-23T09:07:36.343646","message":"Registering location"}
{"level":"info","service_name":"ANOTHERAPI","service_version":"0.0.1","service_id":"569cf43e-d653-4e1b-a856-c6335c3b58a6","timestamp":"2025-12-23T09:07:36.344618","message":"Registered route: GET /"}
{"level":"info","service_name":"AUTH","service_version":"0.0.1","service_id":"7860c81d-3bee-4f98-8d71-053106c6fd49","path":"/","method":"GET","status_code":200,"timestamp":"2025-12-23T12:25:30.687847","message":"Registering location"}
{"level":"info","service_name":"AUTH","service_version":"0.0.1","service_id":"7860c81d-3bee-4f98-8d71-053106c6fd49","timestamp":"2025-12-23T12:25:30.688693","message":"Registered route: GET /"}
{"level":"info","service_name":"ANOTHERAPI","service_version":"0.0.1","service_id":"2fdfe1b0-6ebe-4b15-bb0c-99480d8af49c","path":"/","method":"GET","status_code":200,"timestamp":"2025-12-23T12:25:30.69934","message":"Registering location"}
{"level":"info","service_name":"ANOTHERAPI","service_version":"0.0.1","service_id":"2fdfe1b0-6ebe-4b15-bb0c-99480d8af49c","timestamp":"2025-12-23T12:25:30.700988","message":"Registered route: GET /"}
{"level":"info","service_name":"AUTH","service_version":"0.0.1","service_id":"7f6a9f7a-5066-492f-ac4b-dac792d08ace","path":"/","method":"GET","status_code":200,"timestamp":"2025-12-23T14:36:35.658246","message":"Registering location"}
{"level":"info","service_name":"AUTH","service_version":"0.0.1","service_id":"7f6a9f7a-5066-492f-ac4b-dac792d08ace","timestamp":"2025-12-23T14:36:35.659293","message":"Registered route: GET /"}
{"level":"info","service_name":"ANOTHERAPI","service_version":"0.0.1","service_id":"f0a90539-fef0-454f-8d86-6ab118785a09","path":"/","method":"GET","status_code":200,"timestamp":"2025-12-23T14:36:35.661522","message":"Registering location"}
{"level":"info","service_name":"ANOTHERAPI","service_version":"0.0.1","service_id":"f0a90539-fef0-454f-8d86-6ab118785a09","timestamp":"2025-12-23T14:36:35.662092","message":"Registered route: GET /"}
{"level":"info","service_name":"AUTH","service_version":"0.0.1","service_id":"df63e54d-6973-4b52-ae01-37fbfcdcca25","path":"/","method":"GET","status_code":200,"timestamp":"2026-01-07T08:10:22.607","message":"Registering location"}
{"level":"info","service_name":"AUTH","service_version":"0.0.1","service_id":"df63e54d-6973-4b52-ae01-37fbfcdcca25","timestamp":"2026-01-07T08:10:22.608105","message":"Registered route: GET /"}
{"level":"info","service_name":"ANOTHERAPI","service_version":"0.0.1","service_id":"cb889522-8d58-4874-82e9-bdbeb2154838","path":"/","method":"GET","status_code":200,"timestamp":"2026-01-07T08:10:22.61089","message":"Registering location"}
{"level":"info","service_name":"ANOTHERAPI","service_version":"0.0.1","service_id":"cb889522-8d58-4874-82e9-bdbeb2154838","timestamp":"2026-01-07T08:10:22.612552","message":"Registered route: GET /"}
{"level":"info","service_name":"AUTH","service_version":"0.0.1","service_id":"03cd4d2a-dc4c-4edf-8f0c-57b4f11b8457","path":"/","method":"GET","status_code":200,"timestamp":"2026-01-07T09:03:50.501146","message":"Registering location"}
{"level":"info","service_name":"AUTH","service_version":"0.0.1","service_id":"03cd4d2a-dc4c-4edf-8f0c-57b4f11b8457","timestamp":"2026-01-07T09:03:50.503783","message":"Registered route: GET /"}
{"level":"info","service_name":"ANOTHERAPI","service_version":"0.0.1","service_id":"1949a68b-2493-4ae4-9eba-9854a11ed681","path":"/","method":"GET","status_code":200,"timestamp":"2026-01-07T09:03:50.50547","message":"Registering location"}
{"level":"info","service_name":"ANOTHERAPI","service_version":"0.0.1","service_id":"1949a68b-2493-4ae4-9eba-9854a11ed681","timestamp":"2026-01-07T09:03:50.506557","message":"Registered route: GET /"}
{"level":"info","service_name":"AUTH","service_version":"0.0.1","service_id":"6be47880-3c72-4028-9c87-7cd4333ef20d","path":"/","method":"GET","status_code":200,"timestamp":"2026-01-07T09:04:49.98448","message":"Registering location"}
{"level":"info","service_name":"AUTH","service_version":"0.0.1","service_id":"6be47880-3c72-4028-9c87-7cd4333ef20d","timestamp":"2026-01-07T09:04:49.986462","message":"Registered route: GET /"}
{"level":"info","service_name":"ANOTHERAPI","service_version":"0.0.1","service_id":"94e916f5-6035-4eba-b350-23e8f4053a92","path":"/","method":"GET","status_code":200,"timestamp":"2026-01-07T09:04:49.988833","message":"Registering location"}
{"level":"info","service_name":"ANOTHERAPI","service_version":"0.0.1","service_id":"94e916f5-6035-4eba-b350-23e8f4053a92","timestamp":"2026-01-07T09:04:49.989423","message":"Registered route: GET /"}
{"level":"info","service_name":"AUTH","service_version":"0.0.1","service_id":"05837b21-f25e-47db-886d-b032d27eb17c","path":"/","method":"GET","status_code":200,"timestamp":"2026-01-07T09:05:34.826555","message":"Registering location"}
{"level":"info","service_name":"AUTH","service_version":"0.0.1","service_id":"05837b21-f25e-47db-886d-b032d27eb17c","timestamp":"2026-01-07T09:05:34.827119","message":"Registered route: GET /"}
{"level":"info","service_name":"ANOTHERAPI","service_version":"0.0.1","service_id":"58c4dd9a-958c-4654-b71d-9258a54702be","path":"/","method":"GET","status_code":200,"timestamp":"2026-01-07T09:05:34.8289","message":"Registering location"}
{"level":"info","service_name":"ANOTHERAPI","service_version":"0.0.1","service_id":"58c4dd9a-958c-4654-b71d-9258a54702be","timestamp":"2026-01-07T09:05:34.829433","message":"Registered route: GET /"}
{"level":"info","service_name":"AUTH","service_version":"0.0.1","service_id":"a66140a5-add8-4064-8f04-17ae37c21014","path":"/","method":"GET","status_code":200,"timestamp":"2026-01-07T09:08:00.608822","message":"Registering location"}
{"level":"info","service_name":"AUTH","service_version":"0.0.1","service_id":"a66140a5-add8-4064-8f04-17ae37c21014","timestamp":"2026-01-07T09:08:00.609854","message":"Registered route: GET /"}
{"level":"info","service_name":"ANOTHERAPI","service_version":"0.0.1","service_id":"4c7dd254-c8e5-448d-9678-162f94f4b7cd","path":"/","method":"GET","status_code":200,"timestamp":"2026-01-07T09:08:00.612573","message":"Registering location"}
{"level":"info","service_name":"ANOTHERAPI","service_version":"0.0.1","service_id":"4c7dd254-c8e5-448d-9678-162f94f4b7cd","timestamp":"2026-01-07T09:08:00.614402","message":"Registered route: GET /"}
{"level":"info","service_name":"AUTH","service_version":"0.0.1","service_id":"0b5378a3-d6ab-4256-a85d-df720830fc16","path":"/","method":"GET","status_code":200,"timestamp":"2026-01-07T09:09:59.404647","message":"Registering location"}
{"level":"info","service_name":"AUTH","service_version":"0.0.1","service_id":"0b5378a3-d6ab-4256-a85d-df720830fc16","timestamp":"2026-01-07T09:09:59.405165","message":"Registered route: GET /"}
{"level":"info","service_name":"ANOTHERAPI","service_version":"0.0.1","service_id":"658cbdff-39db-48ed-a47d-305196eed20a","path":"/","method":"GET","status_code":200,"timestamp":"2026-01-07T09:09:59.40736","message":"Registering location"}
{"level":"info","service_name":"ANOTHERAPI","service_version":"0.0.1","service_id":"658cbdff-39db-48ed-a47d-305196eed20a","timestamp":"2026-01-07T09:09:59.407927","message":"Registered route: GET /"}
{"level":"info","service_name":"AUTH","service_version":"0.0.1","service_id":"5166ae83-1ba5-462f-9649-fa17f592850c","path":"/","method":"GET","status_code":200,"timestamp":"2026-01-07T09:39:27.39976","message":"Registering location"}
{"level":"info","service_name":"AUTH","service_version":"0.0.1","service_id":"5166ae83-1ba5-462f-9649-fa17f592850c","timestamp":"2026-01-07T09:39:27.400876","message":"Registered route: GET /"}
{"level":"info","service_name":"ANOTHERAPI","service_version":"0.0.1","service_id":"906f062d-34e2-4746-b955-981d5167c7a3","path":"/","method":"GET","status_code":200,"timestamp":"2026-01-07T09:39:27.403698","message":"Registering location"}
{"level":"info","service_name":"ANOTHERAPI","service_version":"0.0.1","service_id":"906f062d-34e2-4746-b955-981d5167c7a3","timestamp":"2026-01-07T09:39:27.404828","message":"Registered route: GET /"}
{"level":"info","service_name":"AUTH","service_version":"0.0.1","service_id":"6f346def-d143-4da2-88a0-849e52bfbc31","path":"/","method":"GET","status_code":200,"timestamp":"2026-01-07T10:24:07.929296","message":"Registering location"}
{"level":"info","service_name":"AUTH","service_version":"0.0.1","service_id":"6f346def-d143-4da2-88a0-849e52bfbc31","timestamp":"2026-01-07T10:24:07.933834","message":"Registered route: GET /"}
{"level":"info","service_name":"ANOTHERAPI","service_version":"0.0.1","service_id":"a6927f92-c927-4334-9401-54908aa2dc19","path":"/","method":"GET","status_code":200,"timestamp":"2026-01-07T10:24:07.937971","message":"Registering location"}
{"level":"info","service_name":"ANOTHERAPI","service_version":"0.0.1","service_id":"a6927f92-c927-4334-9401-54908aa2dc19","timestamp":"2026-01-07T10:24:07.938564","message":"Registered route: GET /"}
{"level":"info","service_name":"AUTH","service_version":"0.0.1","service_id":"b00f962f-2b56-4d74-8729-4a2b278bea23","path":"/","method":"GET","status_code":200,"timestamp":"2026-01-07T11:14:23.230174","message":"Registering location"}
{"level":"info","service_name":"AUTH","service_version":"0.0.1","service_id":"b00f962f-2b56-4d74-8729-4a2b278bea23","timestamp":"2026-01-07T11:14:23.23073","message":"Registered route: GET /"}
{"level":"info","service_name":"ANOTHERAPI","service_version":"0.0.1","service_id":"166077cd-3ca2-4d70-a304-cc08ae2b3df0","path":"/","method":"GET","status_code":200,"timestamp":"2026-01-07T11:14:23.23315","message":"Registering location"}
{"level":"info","service_name":"ANOTHERAPI","service_version":"0.0.1","service_id":"166077cd-3ca2-4d70-a304-cc08ae2b3df0","timestamp":"2026-01-07T11:14:23.233687","message":"Registered route: GET /"}
{"level":"info","service_name":"AUTH","service_version":"0.0.1","service_id":"e69fb81f-0267-4092-a356-1817578daaa7","path":"/","method":"GET","status_code":200,"timestamp":"2026-01-07T11:24:47.666931","message":"Registering location"}
{"level":"info","service_name":"AUTH","service_version":"0.0.1","service_id":"e69fb81f-0267-4092-a356-1817578daaa7","timestamp":"2026-01-07T11:24:47.666931","message":"Registered route: GET /"}
{"level":"info","service_name":"ANOTHERAPI","service_version":"0.0.1","service_id":"233b0b79-d8e1-4cd1-b883-30cd9b5354dd","path":"/","method":"GET","status_code":200,"timestamp":"2026-01-07T11:24:47.668565","message":"Registering location"}
{"level":"info","service_name":"ANOTHERAPI","service_version":"0.0.1","service_id":"233b0b79-d8e1-4cd1-b883-30cd9b5354dd","timestamp":"2026-01-07T11:24:47.669122","message":"Registered route: GET /"}
{"level":"info","service_name":"AUTH","service_version":"0.0.1","service_id":"aaf0d79a-ab0e-4f97-8659-e5d9f5513c05","path":"/","method":"GET","status_code":200,"timestamp":"2026-01-07T11:25:15.917459","message":"Registering location"}
{"level":"info","service_name":"AUTH","service_version":"0.0.1","service_id":"aaf0d79a-ab0e-4f97-8659-e5d9f5513c05","timestamp":"2026-01-07T11:25:15.917459","message":"Registered route: GET /"}
{"level":"info","service_name":"ANOTHERAPI","service_version":"0.0.1","service_id":"bbbb0b37-c64c-414a-ac39-06251ccddbb9","path":"/","method":"GET","status_code":200,"timestamp":"2026-01-07T11:25:15.918067","message":"Registering location"}
{"level":"info","service_name":"ANOTHERAPI","service_version":"0.0.1","service_id":"bbbb0b37-c64c-414a-ac39-06251ccddbb9","timestamp":"2026-01-07T11:25:15.918745","message":"Registered route: GET /"}
{"level":"info","service_name":"AUTH","service_version":"0.0.1","service_id":"dec301de-f04a-456a-94d8-70670bdc0465","path":"/","method":"GET","status_code":200,"timestamp":"2026-01-07T11:25:51.125202","message":"Registering location"}
{"level":"info","service_name":"AUTH","service_version":"0.0.1","service_id":"dec301de-f04a-456a-94d8-70670bdc0465","timestamp":"2026-01-07T11:25:51.126423","message":"Registered route: GET /"}
{"level":"info","service_name":"ANOTHERAPI","service_version":"0.0.1","service_id":"8b03c74f-ef26-472b-ad2b-c01cf6a1c616","path":"/","method":"GET","status_code":200,"timestamp":"2026-01-07T11:25:51.129229","message":"Registering location"}
{"level":"info","service_name":"ANOTHERAPI","service_version":"0.0.1","service_id":"8b03c74f-ef26-472b-ad2b-c01cf6a1c616","timestamp":"2026-01-07T11:25:51.13086","message":"Registered route: GET /"}
{"level":"info","service_name":"AUTH","service_version":"0.0.1","service_id":"26f2d952-fef2-4209-ac33-2b831e26f158","path":"/","method":"GET","status_code":200,"timestamp":"2026-01-07T11:26:02.866476","message":"Registering location"}
{"level":"info","service_name":"AUTH","service_version":"0.0.1","service_id":"26f2d952-fef2-4209-ac33-2b831e26f158","timestamp":"2026-01-07T11:26:02.868742","message":"Registered route: GET /"}
{"level":"info","service_name":"ANOTHERAPI","service_version":"0.0.1","service_id":"df9b2b22-2d11-4955-b0cf-eee01886b73d","path":"/","method":"GET","status_code":200,"timestamp":"2026-01-07T11:26:02.871562","message":"Registering location"}
{"level":"info","service_name":"ANOTHERAPI","service_version":"0.0.1","service_id":"df9b2b22-2d11-4955-b0cf-eee01886b73d","timestamp":"2026-01-07T11:26:02.873178","message":"Registered route: GET /"}
{"level":"info","service_name":"AUTH","service_version":"0.0.1","service_id":"62449e26-b077-4d30-90aa-c071b152ee45","path":"/","method":"GET","status_code":200,"timestamp":"2026-01-07T11:27:51.624559","message":"Registering location"}
{"level":"info","service_name":"AUTH","service_version":"0.0.1","service_id":"62449e26-b077-4d30-90aa-c071b152ee45","timestamp":"2026-01-07T11:27:51.626843","message":"Registered route: GET /"}
{"level":"info","service_name":"ANOTHERAPI","service_version":"0.0.1","service_id":"370005b2-3d19-4332-8004-3beae5d7d2fc","path":"/","method":"GET","status_code":200,"timestamp":"2026-01-07T11:27:51.629138","message":"Registering location"}
{"level":"info","service_name":"ANOTHERAPI","service_version":"0.0.1","service_id":"370005b2-3d19-4332-8004-3beae5d7d2fc","timestamp":"2026-01-07T11:27:51.632003","message":"Registered route: GET /"}
