{"level":"info","service_name":"GRAFANA","service_version":"0.0.1","service_id":"8ac75e83-638b-478b-9200-90aad6832053","path":"/grafana","method":"GET","status_code":200,"timestamp":"2025-09-22T11:08:58.771366","message":"Registering location"}
{"level":"info","service_name":"GRAFANA","service_version":"0.0.1","service_id":"8ac75e83-638b-478b-9200-90aad6832053","timestamp":"2025-09-22T11:08:58.771857","message":"Registered route: GET /grafana"}
{"level":"info","service_name":"GRAFANA","service_version":"0.0.1","service_id":"2145c31a-b6f8-406d-a5a4-899fb6fda5c2","path":"/grafana","method":"GET","status_code":200,"timestamp":"2025-09-22T11:09:38.83706","message":"Registering location"}
{"level":"info","service_name":"GRAFANA","service_version":"0.0.1","service_id":"2145c31a-b6f8-406d-a5a4-899fb6fda5c2","timestamp":"2025-09-22T11:09:38.837158","message":"Registered route: GET /grafana"}
{"level":"info","service_name":"GRAFANA","service_version":"0.0.1","service_id":"4ed85d4f-63b6-4646-b975-7864be9d9c85","path":"/grafana","method":"GET","status_code":200,"timestamp":"2025-09-22T11:13:43.353559","message":"Registering location"}
{"level":"info","service_name":"GRAFANA","service_version":"0.0.1","service_id":"4ed85d4f-63b6-4646-b975-7864be9d9c85","timestamp":"2025-09-22T11:13:43.354351","message":"Registered route: GET /grafana"}
{"level":"info","service_name":"GRAFANA","service_version":"0.0.1","service_id":"85466f96-7abc-492f-b0ad-7a89a29ca9ca","path":"/grafana","method":"GET","status_code":200,"timestamp":"2025-09-22T11:14:06.17879","message":"Registering location"}
{"level":"info","service_name":"GRAFANA","service_version":"0.0.1","service_id":"85466f96-7abc-492f-b0ad-7a89a29ca9ca","timestamp":"2025-09-22T11:14:06.17937","message":"Registered route: GET /grafana"}
{"level":"info","service_name":"GRAFANA","service_version":"0.0.1","service_id":"d2b22d3f-2d89-4548-8cf8-08a6c26fa959","path":"/grafana","method":"GET","status_code":200,"timestamp":"2025-09-22T11:18:21.890791","message":"Registering location"}
{"level":"info","service_name":"GRAFANA","service_version":"0.0.1","service_id":"d2b22d3f-2d89-4548-8cf8-08a6c26fa959","timestamp":"2025-09-22T11:18:21.891447","message":"Registered route: GET /grafana"}
{"level":"info","service_name":"GRAFANA","service_version":"0.0.1","service_id":"8d8faffd-1893-456b-a885-8012ec08d06a","path":"/grafana","method":"GET","status_code":200,"timestamp":"2025-09-22T11:25:05.150931","message":"Registering location"}
{"level":"info","service_name":"GRAFANA","service_version":"0.0.1","service_id":"8d8faffd-1893-456b-a885-8012ec08d06a","timestamp":"2025-09-22T11:25:05.151084","message":"Registered route: GET /grafana"}
{"level":"info","service_name":"GRAFANA","service_version":"0.0.1","service_id":"fe9625d7-caa6-4690-a509-59bbccc80dad","path":"/grafana","method":"GET","status_code":200,"timestamp":"2025-09-22T15:59:08.542238","message":"Registering location"}
{"level":"info","service_name":"GRAFANA","service_version":"0.0.1","service_id":"fe9625d7-caa6-4690-a509-59bbccc80dad","timestamp":"2025-09-22T15:59:08.542348","message":"Registered route: GET /grafana"}
{"level":"info","service_name":"GRAFANA","service_version":"0.0.1","service_id":"b194adb7-b99d-45c5-b093-45da44bc70b8","path":"/grafana","method":"GET","status_code":200,"timestamp":"2025-09-22T15:59:49.395277","message":"Registering location"}
{"level":"info","service_name":"GRAFANA","service_version":"0.0.1","service_id":"b194adb7-b99d-45c5-b093-45da44bc70b8","timestamp":"2025-09-22T15:59:49.395489","message":"Registered route: GET /grafana"}
{"level":"info","service_name":"GRAFANA","service_version":"0.0.1","service_id":"47ae0d48-20dd-4245-8580-92a999434381","path":"/grafana","method":"GET","status_code":200,"timestamp":"2025-09-22T16:08:03.096758","message":"Registering location"}
{"level":"info","service_name":"GRAFANA","service_version":"0.0.1","service_id":"47ae0d48-20dd-4245-8580-92a999434381","timestamp":"2025-09-22T16:08:03.096893","message":"Registered route: GET /grafana"}
{"level":"info","service_name":"GRAFANA","service_version":"0.0.1","service_id":"38933f3c-93b6-47d7-b241-48dd76076a20","path":"/grafana","method":"GET","status_code":200,"timestamp":"2025-09-23T09:13:05.141831","message":"Registering location"}
{"level":"info","service_name":"GRAFANA","service_version":"0.0.1","service_id":"38933f3c-93b6-47d7-b241-48dd76076a20","timestamp":"2025-09-23T09:13:05.141957","message":"Registered route: GET /grafana"}
{"level":"info","service_name":"GRAFANA","service_version":"0.0.1","service_id":"667f11f8-2e3d-4196-b6cb-cf58daf14121","path":"/grafana","method":"GET","status_code":200,"timestamp":"2025-09-23T09:19:06.307285","message":"Registering location"}
{"level":"info","service_name":"GRAFANA","service_version":"0.0.1","service_id":"667f11f8-2e3d-4196-b6cb-cf58daf14121","timestamp":"2025-09-23T09:19:06.307315","message":"Registered route: GET /grafana"}
{"level":"info","service_name":"GRAFANA","service_version":"0.0.1","service_id":"667f11f8-2e3d-4196-b6cb-cf58daf14121","request_trace_id":"1db262f1-8590-4c45-9d3b-e862cda44ca6","response":"{\"message\": \"Hello, World!\"}","timestamp":"2025-09-23T09:22:44.686907","message":"Response processed successfully"}
{"level":"info","service_name":"GRAFANA","service_version":"0.0.1","service_id":"667f11f8-2e3d-4196-b6cb-cf58daf14121","request_trace_id":"1db262f1-8590-4c45-9d3b-e862cda44ca6","status_code":200,"timestamp":"2025-09-23T09:22:44.687","message":"Request completed successfully"}
{"level":"info","service_name":"GRAFANA","service_version":"0.0.1","service_id":"dcb3dad3-b4ac-41d5-99a3-17e7e55d3a4f","path":"/grafana","method":"GET","status_code":200,"timestamp":"2025-09-23T09:23:36.111646","message":"Registering location"}
{"level":"info","service_name":"GRAFANA","service_version":"0.0.1","service_id":"dcb3dad3-b4ac-41d5-99a3-17e7e55d3a4f","timestamp":"2025-09-23T09:23:36.111687","message":"Registered route: GET /grafana"}
{"level":"info","service_name":"GRAFANA","service_version":"0.0.1","service_id":"dcb3dad3-b4ac-41d5-99a3-17e7e55d3a4f","request_trace_id":"f0a4d17b-7b62-404a-abb2-299a3667fa46","response":"{\"message\": \"Hello, World!\"}","timestamp":"2025-09-23T09:24:06.439026","message":"Response processed successfully"}
{"level":"info","service_name":"GRAFANA","service_version":"0.0.1","service_id":"dcb3dad3-b4ac-41d5-99a3-17e7e55d3a4f","request_trace_id":"f0a4d17b-7b62-404a-abb2-299a3667fa46","status_code":200,"timestamp":"2025-09-23T09:24:06.439315","message":"Request completed successfully"}
{"level":"info","service_name":"GRAFANA","service_version":"0.0.1","service_id":"dcb3dad3-b4ac-41d5-99a3-17e7e55d3a4f","request_trace_id":"9ea570c5-694b-47a0-b42a-d85c52fa1dfe","response":"{\"message\": \"Hello, World!\"}","timestamp":"2025-09-23T13:28:23.016561","message":"Response processed successfully"}
{"level":"info","service_name":"GRAFANA","service_version":"0.0.1","service_id":"dcb3dad3-b4ac-41d5-99a3-17e7e55d3a4f","request_trace_id":"9ea570c5-694b-47a0-b42a-d85c52fa1dfe","status_code":200,"timestamp":"2025-09-23T13:28:23.017522","message":"Request completed successfully"}
{"level":"info","service_name":"GRAFANA","service_version":"0.0.1","service_id":"3ac1162b-051a-4afd-bb94-229360a91ace","path":"/grafana","method":"GET","status_code":200,"timestamp":"2025-09-23T13:30:11.086218","message":"Registering location"}
{"level":"info","service_name":"GRAFANA","service_version":"0.0.1","service_id":"3ac1162b-051a-4afd-bb94-229360a91ace","timestamp":"2025-09-23T13:30:11.08626","message":"Registered route: GET /grafana"}
{"level":"info","service_name":"GRAFANA","service_version":"0.0.1","service_id":"2b753164-915a-466b-aa6c-9fd34d470ed3","path":"/grafana","method":"GET","status_code":200,"timestamp":"2025-09-23T13:31:09.430653","message":"Registering location"}
{"level":"info","service_name":"GRAFANA","service_version":"0.0.1","service_id":"2b753164-915a-466b-aa6c-9fd34d470ed3","timestamp":"2025-09-23T13:31:09.430687","message":"Registered route: GET /grafana"}
{"level":"info","service_name":"GRAFANA","service_version":"0.0.1","service_id":"3525a495-5596-4dd8-a691-fd20d5f310d6","path":"/grafana","method":"GET","status_code":200,"timestamp":"2025-09-23T13:31:23.666366","message":"Registering location"}
{"level":"info","service_name":"GRAFANA","service_version":"0.0.1","service_id":"3525a495-5596-4dd8-a691-fd20d5f310d6","timestamp":"2025-09-23T13:31:23.666409","message":"Registered route: GET /grafana"}
{"level":"info","service_name":"GRAFANA","service_version":"0.0.1","service_id":"ae10452e-081b-4dae-bb57-94b4b4f2fbdf","path":"/grafana","method":"GET","status_code":200,"timestamp":"2025-09-23T13:41:12.992737","message":"Registering location"}
{"level":"info","service_name":"GRAFANA","service_version":"0.0.1","service_id":"ae10452e-081b-4dae-bb57-94b4b4f2fbdf","timestamp":"2025-09-23T13:41:12.992767","message":"Registered route: GET /grafana"}
{"level":"info","service_name":"GRAFANA","service_version":"0.0.1","service_id":"2aad6637-c56c-417f-a2a9-1e9016dbd32b","path":"/grafana","method":"GET","status_code":200,"timestamp":"2025-09-23T13:46:43.640034","message":"Registering location"}
{"level":"info","service_name":"GRAFANA","service_version":"0.0.1","service_id":"2aad6637-c56c-417f-a2a9-1e9016dbd32b","timestamp":"2025-09-23T13:46:43.640077","message":"Registered route: GET /grafana"}
{"level":"info","service_name":"GRAFANA","service_version":"0.0.1","service_id":"0acf0e8f-c644-4713-b68e-91edc306f706","path":"/grafana","method":"GET","status_code":200,"timestamp":"2025-09-23T13:47:18.01097","message":"Registering location"}
{"level":"info","service_name":"GRAFANA","service_version":"0.0.1","service_id":"0acf0e8f-c644-4713-b68e-91edc306f706","timestamp":"2025-09-23T13:47:18.011001","message":"Registered route: GET /grafana"}
{"level":"info","service_name":"GRAFANA","service_version":"0.0.1","service_id":"5a334243-89ce-4c95-b01b-6e796af5417e","path":"/grafana","method":"GET","status_code":200,"timestamp":"2025-09-23T13:49:47.638814","message":"Registering location"}
{"level":"info","service_name":"GRAFANA","service_version":"0.0.1","service_id":"5a334243-89ce-4c95-b01b-6e796af5417e","timestamp":"2025-09-23T13:49:47.638848","message":"Registered route: GET /grafana"}
{"level":"info","service_name":"GRAFANA","service_version":"0.0.1","service_id":"4e76b29b-9cfb-4ec9-8756-ed51ff4e67a4","path":"/grafana","method":"GET","status_code":200,"timestamp":"2025-09-23T13:51:25.244996","message":"Registering location"}
{"level":"info","service_name":"GRAFANA","service_version":"0.0.1","service_id":"4e76b29b-9cfb-4ec9-8756-ed51ff4e67a4","timestamp":"2025-09-23T13:51:25.245026","message":"Registered route: GET /grafana"}
{"level":"info","service_name":"GRAFANA","service_version":"0.0.1","service_id":"4f150001-9e96-4370-b9a6-da23e63a0c6a","path":"/grafana","method":"GET","status_code":200,"timestamp":"2025-09-23T13:53:36.659136","message":"Registering location"}
{"level":"info","service_name":"GRAFANA","service_version":"0.0.1","service_id":"4f150001-9e96-4370-b9a6-da23e63a0c6a","timestamp":"2025-09-23T13:53:36.65917","message":"Registered route: GET /grafana"}
{"level":"info","service_name":"GRAFANA","service_version":"0.0.1","service_id":"b00f7b14-786e-4d33-a32e-b52e5c905691","path":"/grafana","method":"GET","status_code":200,"timestamp":"2025-09-23T16:57:19.831015","message":"Registering location"}
{"level":"info","service_name":"GRAFANA","service_version":"0.0.1","service_id":"b00f7b14-786e-4d33-a32e-b52e5c905691","timestamp":"2025-09-23T16:57:19.831198","message":"Registered route: GET /grafana"}
{"level":"info","service_name":"GRAFANA","service_version":"0.0.1","service_id":"96cd87d1-bd68-4ef7-91b8-96358e0d1de7","path":"/grafana","method":"GET","status_code":200,"timestamp":"2025-09-23T16:58:05.195526","message":"Registering location"}
{"level":"info","service_name":"GRAFANA","service_version":"0.0.1","service_id":"96cd87d1-bd68-4ef7-91b8-96358e0d1de7","timestamp":"2025-09-23T16:58:05.195563","message":"Registered route: GET /grafana"}
{"level":"info","service_name":"GRAFANA","service_version":"0.0.1","service_id":"b9e633d9-84e7-4f52-91f7-dcadd0e8ce9d","path":"/grafana","method":"GET","status_code":200,"timestamp":"2025-09-24T16:32:07.323147","message":"Registering location"}
{"level":"info","service_name":"GRAFANA","service_version":"0.0.1","service_id":"b9e633d9-84e7-4f52-91f7-dcadd0e8ce9d","timestamp":"2025-09-24T16:32:07.323329","message":"Registered route: GET /grafana"}
{"level":"info","service_name":"GRAFANA","service_version":"0.0.1","service_id":"5236b697-5273-4495-a64a-18d3fe59786e","path":"/grafana","method":"GET","status_code":200,"timestamp":"2025-09-24T16:32:21.674301","message":"Registering location"}
{"level":"info","service_name":"GRAFANA","service_version":"0.0.1","service_id":"5236b697-5273-4495-a64a-18d3fe59786e","timestamp":"2025-09-24T16:32:24.215797","message":"Registered route: GET /grafana"}
{"level":"info","service_name":"GRAFANA","service_version":"0.0.1","service_id":"272dd9be-0cbe-4b1c-9adc-af9e4321b4c7","path":"/grafana","method":"GET","status_code":200,"timestamp":"2025-09-25T14:51:07.091601","message":"Registering location"}
{"level":"info","service_name":"GRAFANA","service_version":"0.0.1","service_id":"272dd9be-0cbe-4b1c-9adc-af9e4321b4c7","timestamp":"2025-09-25T14:51:07.091947","message":"Registered route: GET /grafana"}
{"level":"info","service_name":"GRAFANA","service_version":"0.0.1","service_id":"998c5dc4-b0f0-441c-988d-b152b14133d3","path":"/grafana","method":"GET","status_code":200,"timestamp":"2025-09-25T14:55:30.615263","message":"Registering location"}
{"level":"info","service_name":"GRAFANA","service_version":"0.0.1","service_id":"998c5dc4-b0f0-441c-988d-b152b14133d3","timestamp":"2025-09-25T14:55:33.332568","message":"Registered route: GET /grafana"}
{"level":"info","service_name":"GRAFANA","service_version":"0.0.1","service_id":"a4799ad5-2475-4589-a390-e39264b77f42","path":"/grafana","method":"GET","status_code":200,"timestamp":"2025-09-25T14:57:19.624661","message":"Registering location"}
{"level":"info","service_name":"GRAFANA","service_version":"0.0.1","service_id":"a4799ad5-2475-4589-a390-e39264b77f42","timestamp":"2025-09-25T14:57:19.624897","message":"Registered route: GET /grafana"}
{"level":"info","service_name":"GRAFANA","service_version":"0.0.1","service_id":"8c18b431-c58a-4f0f-89f8-f54c07e88bad","path":"/grafana","method":"GET","status_code":200,"timestamp":"2025-09-25T15:00:02.524013","message":"Registering location"}
{"level":"info","service_name":"GRAFANA","service_version":"0.0.1","service_id":"8c18b431-c58a-4f0f-89f8-f54c07e88bad","timestamp":"2025-09-25T15:00:02.524297","message":"Registered route: GET /grafana"}
{"level":"info","service_name":"GRAFANA","service_version":"0.0.1","service_id":"e530bd4b-aa7b-45ca-a413-16d8b006e7af","path":"/grafana","method":"GET","status_code":200,"timestamp":"2025-09-25T15:01:17.674426","message":"Registering location"}
{"level":"info","service_name":"GRAFANA","service_version":"0.0.1","service_id":"e530bd4b-aa7b-45ca-a413-16d8b006e7af","timestamp":"2025-09-25T15:01:17.674473","message":"Registered route: GET /grafana"}
{"level":"info","service_name":"GRAFANA","service_version":"0.0.1","service_id":"31616827-b553-4263-b3e4-151886971fe5","path":"/grafana","method":"GET","status_code":200,"timestamp":"2025-09-25T15:01:30.71501","message":"Registering location"}
{"level":"info","service_name":"GRAFANA","service_version":"0.0.1","service_id":"31616827-b553-4263-b3e4-151886971fe5","timestamp":"2025-09-25T15:01:30.715056","message":"Registered route: GET /grafana"}
{"level":"info","service_name":"GRAFANA","service_version":"0.0.1","service_id":"a470ac62-252b-4eb2-ade0-66b918205755","path":"/grafana","method":"GET","status_code":200,"timestamp":"2025-09-25T15:01:41.810707","message":"Registering location"}
{"level":"info","service_name":"GRAFANA","service_version":"0.0.1","service_id":"a470ac62-252b-4eb2-ade0-66b918205755","timestamp":"2025-09-25T15:01:41.810758","message":"Registered route: GET /grafana"}
{"level":"info","service_name":"GRAFANA","service_version":"0.0.1","service_id":"429a7950-063c-414c-bf3b-3bf80b9acf79","path":"/grafana","method":"GET","status_code":200,"timestamp":"2025-09-25T15:02:05.153877","message":"Registering location"}
{"level":"info","service_name":"GRAFANA","service_version":"0.0.1","service_id":"429a7950-063c-414c-bf3b-3bf80b9acf79","timestamp":"2025-09-25T15:02:05.153952","message":"Registered route: GET /grafana"}
{"level":"info","service_name":"GRAFANA","service_version":"0.0.1","service_id":"4dfd5330-9cb0-4a62-be84-28457ecb9b5d","path":"/grafana","method":"GET","status_code":200,"timestamp":"2025-09-25T15:02:57.880153","message":"Registering location"}
{"level":"info","service_name":"GRAFANA","service_version":"0.0.1","service_id":"4dfd5330-9cb0-4a62-be84-28457ecb9b5d","timestamp":"2025-09-25T15:02:57.880447","message":"Registered route: GET /grafana"}
{"level":"info","service_name":"GRAFANA","service_version":"0.0.1","service_id":"52eeb2b1-6393-4c8c-902e-83118f992888","path":"/grafana","method":"GET","status_code":200,"timestamp":"2025-09-25T15:09:15.895199","message":"Registering location"}
{"level":"info","service_name":"GRAFANA","service_version":"0.0.1","service_id":"52eeb2b1-6393-4c8c-902e-83118f992888","timestamp":"2025-09-25T15:09:15.896443","message":"Registered route: GET /grafana"}
{"level":"info","service_name":"GRAFANA","service_version":"0.0.1","service_id":"5be2f580-1c20-409e-a782-f22390e70426","path":"/grafana","method":"GET","status_code":200,"timestamp":"2025-09-25T15:12:44.172566","message":"Registering location"}
{"level":"info","service_name":"GRAFANA","service_version":"0.0.1","service_id":"5be2f580-1c20-409e-a782-f22390e70426","timestamp":"2025-09-25T15:12:44.173715","message":"Registered route: GET /grafana"}
{"level":"info","service_name":"GRAFANA","service_version":"0.0.1","service_id":"ef9cad80-31c6-4eae-87d1-89cb42b35c15","path":"/grafana","method":"GET","status_code":200,"timestamp":"2025-09-25T15:14:21.924174","message":"Registering location"}
{"level":"info","service_name":"GRAFANA","service_version":"0.0.1","service_id":"ef9cad80-31c6-4eae-87d1-89cb42b35c15","timestamp":"2025-09-25T15:14:21.924226","message":"Registered route: GET /grafana"}
{"level":"info","service_name":"GRAFANA","service_version":"0.0.1","service_id":"a50c446d-3d42-44be-a991-b9bee4e439eb","path":"/grafana","method":"GET","status_code":200,"timestamp":"2025-09-25T15:25:54.76489","message":"Registering location"}
{"level":"info","service_name":"GRAFANA","service_version":"0.0.1","service_id":"a50c446d-3d42-44be-a991-b9bee4e439eb","timestamp":"2025-09-25T15:25:54.76495","message":"Registered route: GET /grafana"}
{"level":"info","service_name":"GRAFANA","service_version":"0.0.1","service_id":"8d6d1409-6c24-4b67-9e9e-767f903b5eb8","path":"/grafana","method":"GET","status_code":200,"timestamp":"2025-09-25T15:27:03.160136","message":"Registering location"}
{"level":"info","service_name":"GRAFANA","service_version":"0.0.1","service_id":"8d6d1409-6c24-4b67-9e9e-767f903b5eb8","timestamp":"2025-09-25T15:27:03.160197","message":"Registered route: GET /grafana"}
{"level":"info","service_name":"GRAFANA","service_version":"0.0.1","service_id":"fb3fcbba-b450-4962-90b3-154a9f022c58","path":"/grafana","method":"GET","status_code":200,"timestamp":"2025-09-30T09:10:43.519869","message":"Registering location"}
{"level":"info","service_name":"GRAFANA","service_version":"0.0.1","service_id":"fb3fcbba-b450-4962-90b3-154a9f022c58","timestamp":"2025-09-30T09:10:43.519979","message":"Registered route: GET /grafana"}
{"level":"info","service_name":"GRAFANA","service_version":"0.0.1","service_id":"5c78ee3a-6a2e-4947-87eb-3049d86b437a","path":"/grafana","method":"GET","status_code":200,"timestamp":"2025-09-30T09:11:37.792878","message":"Registering location"}
{"level":"info","service_name":"GRAFANA","service_version":"0.0.1","service_id":"5c78ee3a-6a2e-4947-87eb-3049d86b437a","timestamp":"2025-09-30T09:11:37.792916","message":"Registered route: GET /grafana"}
{"level":"info","service_name":"GRAFANA","service_version":"0.0.1","service_id":"cdcae3ec-b1c9-4d62-b5e7-7b1f49ea9b68","path":"/grafana","method":"GET","status_code":200,"timestamp":"2025-10-09T09:27:04.347855","message":"Registering location"}
{"level":"info","service_name":"GRAFANA","service_version":"0.0.1","service_id":"cdcae3ec-b1c9-4d62-b5e7-7b1f49ea9b68","timestamp":"2025-10-09T09:27:04.348018","message":"Registered route: GET /grafana"}
{"level":"info","service_name":"GRAFANA","service_version":"0.0.1","service_id":"971af657-d9da-4eb9-a84a-8c6a351006fb","path":"/grafana","method":"GET","status_code":200,"timestamp":"2025-10-09T09:27:26.185948","message":"Registering location"}
{"level":"info","service_name":"GRAFANA","service_version":"0.0.1","service_id":"971af657-d9da-4eb9-a84a-8c6a351006fb","timestamp":"2025-10-09T09:27:26.185987","message":"Registered route: GET /grafana"}
{"level":"info","service_name":"GRAFANA","service_version":"0.0.1","service_id":"04998d27-fa71-449c-9fee-820b44311274","path":"/grafana","method":"GET","status_code":200,"timestamp":"2025-10-09T09:35:00.962123","message":"Registering location"}
{"level":"info","service_name":"GRAFANA","service_version":"0.0.1","service_id":"04998d27-fa71-449c-9fee-820b44311274","timestamp":"2025-10-09T09:35:00.96215","message":"Registered route: GET /grafana"}
{"level":"info","service_name":"GRAFANA","service_version":"0.0.1","service_id":"126108a5-5fd1-49c9-83e0-3186545d634c","path":"/grafana","method":"GET","status_code":200,"timestamp":"2025-10-09T09:38:16.529061","message":"Registering location"}
{"level":"info","service_name":"GRAFANA","service_version":"0.0.1","service_id":"126108a5-5fd1-49c9-83e0-3186545d634c","timestamp":"2025-10-09T09:38:16.529193","message":"Registered route: GET /grafana"}
{"level":"info","service_name":"GRAFANA","service_version":"0.0.1","service_id":"b6810351-0516-4f59-bc7d-cd82ab995132","path":"/grafana","method":"GET","status_code":200,"timestamp":"2025-10-09T10:03:41.271135","message":"Registering location"}
{"level":"info","service_name":"GRAFANA","service_version":"0.0.1","service_id":"b6810351-0516-4f59-bc7d-cd82ab995132","timestamp":"2025-10-09T10:03:41.271177","message":"Registered route: GET /grafana"}
{"level":"info","service_name":"GRAFANA","service_version":"0.0.1","service_id":"fef074f7-27f4-4f88-bb51-64c932888d2f","path":"/grafana","method":"GET","status_code":200,"timestamp":"2025-10-09T10:07:18.243175","message":"Registering location"}
{"level":"info","service_name":"GRAFANA","service_version":"0.0.1","service_id":"fef074f7-27f4-4f88-bb51-64c932888d2f","timestamp":"2025-10-09T10:07:18.243222","message":"Registered route: GET /grafana"}
{"level":"info","service_name":"GRAFANA","service_version":"0.0.1","service_id":"4f1a081f-7e6d-48c9-9af6-0aec0d10f0ea","path":"/grafana","method":"GET","status_code":200,"timestamp":"2025-10-09T10:07:41.982998","message":"Registering location"}
{"level":"info","service_name":"GRAFANA","service_version":"0.0.1","service_id":"4f1a081f-7e6d-48c9-9af6-0aec0d10f0ea","timestamp":"2025-10-09T10:07:41.983042","message":"Registered route: GET /grafana"}
{"level":"info","service_name":"GRAFANA","service_version":"0.0.1","service_id":"f5adea5a-7805-45f9-a169-94be20c0ca0f","path":"/grafana","method":"GET","status_code":200,"timestamp":"2025-10-10T15:58:11.413008","message":"Registering location"}
{"level":"info","service_name":"GRAFANA","service_version":"0.0.1","service_id":"f5adea5a-7805-45f9-a169-94be20c0ca0f","timestamp":"2025-10-10T15:58:11.413177","message":"Registered route: GET /grafana"}
{"level":"info","service_name":"GRAFANA","service_version":"0.0.1","service_id":"76e12b23-1ae6-43ce-838c-a6c171c848bb","path":"/grafana","method":"GET","status_code":200,"timestamp":"2025-10-10T16:01:54.204674","message":"Registering location"}
{"level":"info","service_name":"GRAFANA","service_version":"0.0.1","service_id":"76e12b23-1ae6-43ce-838c-a6c171c848bb","timestamp":"2025-10-10T16:01:54.204703","message":"Registered route: GET /grafana"}
{"level":"info","service_name":"GRAFANA","service_version":"0.0.1","service_id":"6e1ee95a-4600-4439-a78e-d120c486dff1","path":"/grafana","method":"GET","status_code":200,"timestamp":"2025-10-10T16:02:49.709327","message":"Registering location"}
{"level":"info","service_name":"GRAFANA","service_version":"0.0.1","service_id":"6e1ee95a-4600-4439-a78e-d120c486dff1","timestamp":"2025-10-10T16:02:49.709352","message":"Registered route: GET /grafana"}
{"level":"info","service_name":"GRAFANA","service_version":"0.0.1","service_id":"70256f7b-a163-41f4-bd97-7381de762dd9","path":"/grafana","method":"GET","status_code":200,"timestamp":"2025-10-10T16:03:04.489827","message":"Registering location"}
{"level":"info","service_name":"GRAFANA","service_version":"0.0.1","service_id":"70256f7b-a163-41f4-bd97-7381de762dd9","timestamp":"2025-10-10T16:03:04.489853","message":"Registered route: GET /grafana"}
{"level":"info","service_name":"GRAFANA","service_version":"0.0.1","service_id":"3bdbbf22-7249-40d8-a08d-972d8efb367d","path":"/grafana","method":"GET","status_code":200,"timestamp":"2025-10-10T16:05:30.104523","message":"Registering location"}
{"level":"info","service_name":"GRAFANA","service_version":"0.0.1","service_id":"3bdbbf22-7249-40d8-a08d-972d8efb367d","timestamp":"2025-10-10T16:05:30.104582","message":"Registered route: GET /grafana"}
{"level":"info","service_name":"GRAFANA","service_version":"0.0.1","service_id":"d17257b7-3a18-438a-83c9-3fd872e229b7","path":"/grafana","method":"GET","status_code":200,"timestamp":"2025-10-10T16:07:30.832527","message":"Registering location"}
{"level":"info","service_name":"GRAFANA","service_version":"0.0.1","service_id":"d17257b7-3a18-438a-83c9-3fd872e229b7","timestamp":"2025-10-10T16:07:30.832555","message":"Registered route: GET /grafana"}
{"level":"info","service_name":"GRAFANA","service_version":"0.0.1","service_id":"e50280e2-89e1-47a8-a157-c6d1edbeeb45","path":"/grafana","method":"GET","status_code":200,"timestamp":"2025-10-10T16:08:24.179763","message":"Registering location"}
{"level":"info","service_name":"GRAFANA","service_version":"0.0.1","service_id":"e50280e2-89e1-47a8-a157-c6d1edbeeb45","timestamp":"2025-10-10T16:08:24.179808","message":"Registered route: GET /grafana"}
{"level":"info","service_name":"GRAFANA","service_version":"0.0.1","service_id":"619e5cce-e829-4708-bc55-fdcc810dd56f","path":"/grafana","method":"GET","status_code":200,"timestamp":"2025-10-10T16:09:48.942435","message":"Registering location"}
{"level":"info","service_name":"GRAFANA","service_version":"0.0.1","service_id":"619e5cce-e829-4708-bc55-fdcc810dd56f","timestamp":"2025-10-10T16:09:48.942472","message":"Registered route: GET /grafana"}
{"level":"info","service_name":"GRAFANA","service_version":"0.0.1","service_id":"8accaf65-ca83-4e82-b169-1903fa5b06da","path":"/grafana","method":"GET","status_code":200,"timestamp":"2025-10-10T16:13:19.075666","message":"Registering location"}
{"level":"info","service_name":"GRAFANA","service_version":"0.0.1","service_id":"8accaf65-ca83-4e82-b169-1903fa5b06da","timestamp":"2025-10-10T16:13:19.0757","message":"Registered route: GET /grafana"}
{"level":"info","service_name":"GRAFANA","service_version":"0.0.1","service_id":"59abb275-af8f-44fe-ac6b-689199510322","path":"/grafana","method":"GET","status_code":200,"timestamp":"2025-10-10T16:13:45.08911","message":"Registering location"}
{"level":"info","service_name":"GRAFANA","service_version":"0.0.1","service_id":"59abb275-af8f-44fe-ac6b-689199510322","timestamp":"2025-10-10T16:13:45.089137","message":"Registered route: GET /grafana"}
{"level":"info","service_name":"GRAFANA","service_version":"0.0.1","service_id":"5d9b5289-bc67-4de5-a670-f71c90931f1a","path":"/grafana","method":"GET","status_code":200,"timestamp":"2025-10-10T16:14:03.207869","message":"Registering location"}
{"level":"info","service_name":"GRAFANA","service_version":"0.0.1","service_id":"5d9b5289-bc67-4de5-a670-f71c90931f1a","timestamp":"2025-10-10T16:14:03.207894","message":"Registered route: GET /grafana"}
{"level":"info","service_name":"GRAFANA","service_version":"0.0.1","service_id":"37604e90-f6bf-433e-b3dd-b3a2f0c63c74","path":"/grafana","method":"GET","status_code":200,"timestamp":"2025-10-10T16:14:39.343557","message":"Registering location"}
{"level":"info","service_name":"GRAFANA","service_version":"0.0.1","service_id":"37604e90-f6bf-433e-b3dd-b3a2f0c63c74","timestamp":"2025-10-10T16:14:39.343581","message":"Registered route: GET /grafana"}
{"level":"info","service_name":"GRAFANA","service_version":"0.0.1","service_id":"f96d1c03-c268-4ea6-aa1b-d141928e2efd","path":"/grafana","method":"GET","status_code":200,"timestamp":"2025-10-10T16:15:02.545581","message":"Registering location"}
{"level":"info","service_name":"GRAFANA","service_version":"0.0.1","service_id":"f96d1c03-c268-4ea6-aa1b-d141928e2efd","timestamp":"2025-10-10T16:15:02.545612","message":"Registered route: GET /grafana"}
{"level":"info","service_name":"GRAFANA","service_version":"0.0.1","service_id":"11bd24cd-3dcb-4c5c-8c74-775c2d1d8d98","path":"/grafana","method":"GET","status_code":200,"timestamp":"2025-10-10T16:15:14.989508","message":"Registering location"}
{"level":"info","service_name":"GRAFANA","service_version":"0.0.1","service_id":"11bd24cd-3dcb-4c5c-8c74-775c2d1d8d98","timestamp":"2025-10-10T16:15:14.989536","message":"Registered route: GET /grafana"}
{"level":"info","service_name":"GRAFANA","service_version":"0.0.1","service_id":"71ee2a74-8458-48bc-966c-da041e0db4ef","path":"/grafana","method":"GET","status_code":200,"timestamp":"2025-10-10T16:15:27.918489","message":"Registering location"}
{"level":"info","service_name":"GRAFANA","service_version":"0.0.1","service_id":"71ee2a74-8458-48bc-966c-da041e0db4ef","timestamp":"2025-10-10T16:15:27.918514","message":"Registered route: GET /grafana"}
{"level":"info","service_name":"GRAFANA","service_version":"0.0.1","service_id":"b276997d-9743-44f8-a7ef-b9cf143ff804","path":"/grafana","method":"GET","status_code":200,"timestamp":"2025-10-10T16:16:12.148134","message":"Registering location"}
{"level":"info","service_name":"GRAFANA","service_version":"0.0.1","service_id":"b276997d-9743-44f8-a7ef-b9cf143ff804","timestamp":"2025-10-10T16:16:12.148166","message":"Registered route: GET /grafana"}
{"level":"info","service_name":"GRAFANA","service_version":"0.0.1","service_id":"2655c154-5f8a-4eda-bbc0-fce22caed04f","path":"/grafana","method":"GET","status_code":200,"timestamp":"2025-10-10T16:16:42.425847","message":"Registering location"}
{"level":"info","service_name":"GRAFANA","service_version":"0.0.1","service_id":"2655c154-5f8a-4eda-bbc0-fce22caed04f","timestamp":"2025-10-10T16:16:42.425878","message":"Registered route: GET /grafana"}
{"level":"info","service_name":"GRAFANA","service_version":"0.0.1","service_id":"171db3f3-9dc0-47ca-aab5-7da75d310982","path":"/grafana","method":"GET","status_code":200,"timestamp":"2025-10-10T16:17:13.175149","message":"Registering location"}
{"level":"info","service_name":"GRAFANA","service_version":"0.0.1","service_id":"171db3f3-9dc0-47ca-aab5-7da75d310982","timestamp":"2025-10-10T16:17:13.175174","message":"Registered route: GET /grafana"}
{"level":"info","service_name":"GRAFANA","service_version":"0.0.1","service_id":"4fa0599f-d41c-40aa-a7b5-c19c8b28aad7","path":"/grafana","method":"GET","status_code":200,"timestamp":"2025-10-10T16:17:31.102135","message":"Registering location"}
{"level":"info","service_name":"GRAFANA","service_version":"0.0.1","service_id":"4fa0599f-d41c-40aa-a7b5-c19c8b28aad7","timestamp":"2025-10-10T16:17:31.102163","message":"Registered route: GET /grafana"}
{"level":"info","service_name":"GRAFANA","service_version":"0.0.1","service_id":"751b9d78-d4a6-4587-be15-0ccbdd135e85","path":"/grafana","method":"GET","status_code":200,"timestamp":"2025-10-10T16:17:46.782496","message":"Registering location"}
{"level":"info","service_name":"GRAFANA","service_version":"0.0.1","service_id":"751b9d78-d4a6-4587-be15-0ccbdd135e85","timestamp":"2025-10-10T16:17:46.782523","message":"Registered route: GET /grafana"}
{"level":"info","service_name":"GRAFANA","service_version":"0.0.1","service_id":"d8a1e1a6-ee36-42cb-9a7b-2dc4694d1e4c","path":"/grafana","method":"GET","status_code":200,"timestamp":"2025-10-10T16:18:38.188582","message":"Registering location"}
{"level":"info","service_name":"GRAFANA","service_version":"0.0.1","service_id":"d8a1e1a6-ee36-42cb-9a7b-2dc4694d1e4c","timestamp":"2025-10-10T16:18:38.188609","message":"Registered route: GET /grafana"}
{"level":"info","service_name":"GRAFANA","service_version":"0.0.1","service_id":"e42acae2-eabe-4a18-9f85-4e1d685dfb8e","path":"/grafana","method":"GET","status_code":200,"timestamp":"2025-10-10T16:19:39.087133","message":"Registering location"}
{"level":"info","service_name":"GRAFANA","service_version":"0.0.1","service_id":"e42acae2-eabe-4a18-9f85-4e1d685dfb8e","timestamp":"2025-10-10T16:19:39.087171","message":"Registered route: GET /grafana"}
{"level":"info","service_name":"GRAFANA","service_version":"0.0.1","service_id":"23a1ce09-9206-4354-a774-abb72beeebe6","path":"/grafana","method":"GET","status_code":200,"timestamp":"2025-10-10T16:20:43.396438","message":"Registering location"}
{"level":"info","service_name":"GRAFANA","service_version":"0.0.1","service_id":"23a1ce09-9206-4354-a774-abb72beeebe6","timestamp":"2025-10-10T16:20:43.396477","message":"Registered route: GET /grafana"}
{"level":"info","service_name":"GRAFANA","service_version":"0.0.1","service_id":"ce79c9a6-0a2a-4ddd-9a04-c8fa6af62580","path":"/grafana","method":"GET","status_code":200,"timestamp":"2025-10-10T16:20:54.59403","message":"Registering location"}
{"level":"info","service_name":"GRAFANA","service_version":"0.0.1","service_id":"ce79c9a6-0a2a-4ddd-9a04-c8fa6af62580","timestamp":"2025-10-10T16:20:54.594061","message":"Registered route: GET /grafana"}
{"level":"info","service_name":"GRAFANA","service_version":"0.0.1","service_id":"a1d6df34-7fa6-4217-82ed-9b5a87715098","path":"/grafana","method":"GET","status_code":200,"timestamp":"2025-12-10T14:23:38.529935","message":"Registering location"}
{"level":"info","service_name":"GRAFANA","service_version":"0.0.1","service_id":"a1d6df34-7fa6-4217-82ed-9b5a87715098","timestamp":"2025-12-10T14:23:38.531898","message":"Registered route: GET /grafana"}
{"level":"info","service_name":"GRAFANA","service_version":"0.0.1","service_id":"cd71d4f4-e01d-4673-aaa9-3904a9d23edf","path":"/grafana","method":"GET","status_code":200,"timestamp":"2025-12-10T15:15:44.122362","message":"Registering location"}
{"level":"info","service_name":"GRAFANA","service_version":"0.0.1","service_id":"cd71d4f4-e01d-4673-aaa9-3904a9d23edf","timestamp":"2025-12-10T15:15:44.122892","message":"Registered route: GET /grafana"}
{"level":"info","service_name":"GRAFANA","service_version":"0.0.1","service_id":"d043a962-379a-437c-b411-0a91e2678967","path":"/grafana","method":"GET","status_code":200,"timestamp":"2025-12-10T15:18:14.660379","message":"Registering location"}
{"level":"info","service_name":"GRAFANA","service_version":"0.0.1","service_id":"d043a962-379a-437c-b411-0a91e2678967","timestamp":"2025-12-10T15:18:14.662598","message":"Registered route: GET /grafana"}
{"level":"info","service_name":"GRAFANA","service_version":"0.0.1","service_id":"4b71cbc9-7d46-44f1-bb23-c54652b4e9a1","path":"/grafana","method":"GET","status_code":200,"timestamp":"2025-12-10T15:22:22.87697","message":"Registering location"}
{"level":"info","service_name":"GRAFANA","service_version":"0.0.1","service_id":"4b71cbc9-7d46-44f1-bb23-c54652b4e9a1","timestamp":"2025-12-10T15:22:22.877755","message":"Registered route: GET /grafana"}
{"level":"info","service_name":"GRAFANA","service_version":"0.0.1","service_id":"0164ac54-c0c0-4952-ad98-7239e4eb378f","path":"/grafana","method":"GET","status_code":200,"timestamp":"2025-12-10T15:24:55.081736","message":"Registering location"}
{"level":"info","service_name":"GRAFANA","service_version":"0.0.1","service_id":"0164ac54-c0c0-4952-ad98-7239e4eb378f","timestamp":"2025-12-10T15:24:55.084204","message":"Registered route: GET /grafana"}
{"level":"info","service_name":"GRAFANA","service_version":"0.0.1","service_id":"fe087ea2-6307-4442-9c8a-7b5ff4715f7c","path":"/grafana","method":"GET","status_code":200,"timestamp":"2025-12-10T16:55:22.394335","message":"Registering location"}
{"level":"info","service_name":"GRAFANA","service_version":"0.0.1","service_id":"fe087ea2-6307-4442-9c8a-7b5ff4715f7c","timestamp":"2025-12-10T16:55:22.402334","message":"Registered route: GET /grafana"}
{"level":"info","service_name":"GRAFANA","service_version":"0.0.1","service_id":"88af1d99-7002-42c7-8574-baa9830370ec","path":"/grafana","method":"GET","status_code":200,"timestamp":"2025-12-10T17:01:02.585654","message":"Registering location"}
{"level":"info","service_name":"GRAFANA","service_version":"0.0.1","service_id":"88af1d99-7002-42c7-8574-baa9830370ec","timestamp":"2025-12-10T17:01:02.586818","message":"Registered route: GET /grafana"}
{"level":"info","service_name":"GRAFANA","service_version":"0.0.1","service_id":"49ab5a44-59dd-4173-a446-faad1bcf59cb","path":"/grafana","method":"GET","status_code":200,"timestamp":"2025-12-18T08:48:58.383547","message":"Registering location"}
{"level":"info","service_name":"GRAFANA","service_version":"0.0.1","service_id":"49ab5a44-59dd-4173-a446-faad1bcf59cb","timestamp":"2025-12-18T08:48:58.384632","message":"Registered route: GET /grafana"}
{"level":"info","service_name":"GRAFANA","service_version":"0.0.1","service_id":"34902328-f98e-4c0f-840d-18f33832bd29","path":"/grafana","method":"GET","status_code":200,"timestamp":"2025-12-19T09:03:33.633304","message":"Registering location"}
{"level":"info","service_name":"GRAFANA","service_version":"0.0.1","service_id":"34902328-f98e-4c0f-840d-18f33832bd29","timestamp":"2025-12-19T09:03:33.633862","message":"Registered route: GET /grafana"}
{"level":"info","service_name":"GRAFANA","service_version":"0.0.1","service_id":"4bb4ca14-5274-4c90-948c-87010d2016a5","path":"/grafana","method":"GET","status_code":200,"timestamp":"2025-12-19T12:47:55.652107","message":"Registering location"}
{"level":"info","service_name":"GRAFANA","service_version":"0.0.1","service_id":"4bb4ca14-5274-4c90-948c-87010d2016a5","timestamp":"2025-12-19T12:47:55.653496","message":"Registered route: GET /grafana"}
{"level":"info","service_name":"GRAFANA","service_version":"0.0.1","service_id":"07d54f9a-9c8a-498a-be1e-3fa022e20f82","path":"/grafana","method":"GET","status_code":200,"timestamp":"2025-12-23T08:43:45.714161","message":"Registering location"}
{"level":"info","service_name":"GRAFANA","service_version":"0.0.1","service_id":"07d54f9a-9c8a-498a-be1e-3fa022e20f82","timestamp":"2025-12-23T08:43:45.715336","message":"Registered route: GET /grafana"}
{"level":"info","service_name":"GRAFANA","service_version":"0.0.1","service_id":"197d2861-9473-4f03-934f-38eca9fda893","path":"/grafana","method":"GET","status_code":200,"timestamp":"2025-12-23T08:58:04.554662","message":"Registering location"}
{"level":"info","service_name":"GRAFANA","service_version":"0.0.1","service_id":"197d2861-9473-4f03-934f-38eca9fda893","timestamp":"2025-12-23T08:58:04.554662","message":"Registered route: GET /grafana"}
{"level":"info","service_name":"GRAFANA","service_version":"0.0.1","service_id":"56222961-95fd-48ff-b9de-1e42e37343e7","path":"/grafana","method":"GET","status_code":200,"timestamp":"2025-12-23T08:59:57.339509","message":"Registering location"}
{"level":"info","service_name":"GRAFANA","service_version":"0.0.1","service_id":"56222961-95fd-48ff-b9de-1e42e37343e7","timestamp":"2025-12-23T08:59:57.340899","message":"Registered route: GET /grafana"}
{"level":"info","service_name":"GRAFANA","service_version":"0.0.1","service_id":"6bd6e65a-be79-4805-800b-624fa0680caf","path":"/grafana","method":"GET","status_code":200,"timestamp":"2025-12-23T09:07:36.322783","message":"Registering location"}
{"level":"info","service_name":"GRAFANA","service_version":"0.0.1","service_id":"6bd6e65a-be79-4805-800b-624fa0680caf","timestamp":"2025-12-23T09:07:36.323908","message":"Registered route: GET /grafana"}
{"level":"info","service_name":"GRAFANA","service_version":"0.0.1","service_id":"0560780f-2fb9-4206-a390-332201bc7838","path":"/grafana","method":"GET","status_code":200,"timestamp":"2025-12-23T12:25:30.672183","message":"Registering location"}
{"level":"info","service_name":"GRAFANA","service_version":"0.0.1","service_id":"0560780f-2fb9-4206-a390-332201bc7838","timestamp":"2025-12-23T12:25:30.673451","message":"Registered route: GET /grafana"}
