{"level":"info","service_name":"VISOR","service_version":"0.0.1","service_id":"82d78862-0eb6-49a6-a8f2-d686083bbbb9","path":"/","method":"GET","status_code":200,"timestamp":"2025-09-22T11:08:58.771976","message":"Registering location"}
{"level":"info","service_name":"VISOR","service_version":"0.0.1","service_id":"82d78862-0eb6-49a6-a8f2-d686083bbbb9","timestamp":"2025-09-22T11:08:58.772315","message":"Registered route: GET /"}
{"level":"info","service_name":"VISOR","service_version":"0.0.1","service_id":"5cafacc2-b7f8-4fa0-aa84-5f0bd5422cfd","path":"/","method":"GET","status_code":200,"timestamp":"2025-09-22T11:09:38.837226","message":"Registering location"}
{"level":"info","service_name":"VISOR","service_version":"0.0.1","service_id":"5cafacc2-b7f8-4fa0-aa84-5f0bd5422cfd","timestamp":"2025-09-22T11:09:38.837303","message":"Registered route: GET /"}
{"level":"info","service_name":"VISOR","service_version":"0.0.1","service_id":"1d1b3e88-7629-4863-b171-9116b26845cd","path":"/","method":"GET","status_code":200,"timestamp":"2025-09-22T11:13:43.354451","message":"Registering location"}
{"level":"info","service_name":"VISOR","service_version":"0.0.1","service_id":"1d1b3e88-7629-4863-b171-9116b26845cd","timestamp":"2025-09-22T11:13:43.35465","message":"Registered route: GET /"}
{"level":"info","service_name":"VISOR","service_version":"0.0.1","service_id":"9445ca58-00f5-4185-b5fe-a704dd1b56bf","path":"/","method":"GET","status_code":200,"timestamp":"2025-09-22T11:14:06.179516","message":"Registering location"}
{"level":"info","service_name":"VISOR","service_version":"0.0.1","service_id":"9445ca58-00f5-4185-b5fe-a704dd1b56bf","timestamp":"2025-09-22T11:14:06.179754","message":"Registered route: GET /"}
{"level":"info","service_name":"VISOR","service_version":"0.0.1","service_id":"f97aeff4-3e07-4056-9ee2-5eac0edb11f7","path":"/","method":"GET","status_code":200,"timestamp":"2025-09-22T11:18:21.891554","message":"Registering location"}
{"level":"info","service_name":"VISOR","service_version":"0.0.1","service_id":"f97aeff4-3e07-4056-9ee2-5eac0edb11f7","timestamp":"2025-09-22T11:18:21.891774","message":"Registered route: GET /"}
{"level":"info","service_name":"VISOR","service_version":"0.0.1","service_id":"cbd9d996-7f2e-42c9-a417-2eec88b051e3","path":"/","method":"GET","status_code":200,"timestamp":"2025-09-22T11:25:05.151125","message":"Registering location"}
{"level":"info","service_name":"VISOR","service_version":"0.0.1","service_id":"cbd9d996-7f2e-42c9-a417-2eec88b051e3","timestamp":"2025-09-22T11:25:05.151265","message":"Registered route: GET /"}
{"level":"info","service_name":"VISOR","service_version":"0.0.1","service_id":"8825b733-0fc4-4e3c-8e7d-1588c291dc70","path":"/","method":"GET","status_code":200,"timestamp":"2025-09-22T15:59:08.542373","message":"Registering location"}
{"level":"info","service_name":"VISOR","service_version":"0.0.1","service_id":"8825b733-0fc4-4e3c-8e7d-1588c291dc70","timestamp":"2025-09-22T15:59:08.54252","message":"Registered route: GET /"}
{"level":"info","service_name":"VISOR","service_version":"0.0.1","service_id":"e5b93cbd-3354-46eb-a3f5-8edeacd2eb01","path":"/","method":"GET","status_code":200,"timestamp":"2025-09-22T15:59:49.395523","message":"Registering location"}
{"level":"info","service_name":"VISOR","service_version":"0.0.1","service_id":"e5b93cbd-3354-46eb-a3f5-8edeacd2eb01","timestamp":"2025-09-22T15:59:49.395678","message":"Registered route: GET /"}
{"level":"info","service_name":"VISOR","service_version":"0.0.1","service_id":"12e2ae05-53b1-4436-93d8-7d545677c68a","path":"/","method":"GET","status_code":200,"timestamp":"2025-09-22T16:08:03.096917","message":"Registering location"}
{"level":"info","service_name":"VISOR","service_version":"0.0.1","service_id":"12e2ae05-53b1-4436-93d8-7d545677c68a","timestamp":"2025-09-22T16:08:03.097049","message":"Registered route: GET /"}
{"level":"info","service_name":"VISOR","service_version":"0.0.1","service_id":"fbc3bad9-2984-4b33-93dc-7923a0ef57db","path":"/","method":"GET","status_code":200,"timestamp":"2025-09-23T09:13:05.141983","message":"Registering location"}
{"level":"info","service_name":"VISOR","service_version":"0.0.1","service_id":"fbc3bad9-2984-4b33-93dc-7923a0ef57db","timestamp":"2025-09-23T09:13:05.142152","message":"Registered route: GET /"}
{"level":"info","service_name":"VISOR","service_version":"0.0.1","service_id":"09b6460e-2b3b-4055-ae15-49b20c20c884","path":"/","method":"GET","status_code":200,"timestamp":"2025-09-23T09:19:06.307338","message":"Registering location"}
{"level":"info","service_name":"VISOR","service_version":"0.0.1","service_id":"09b6460e-2b3b-4055-ae15-49b20c20c884","timestamp":"2025-09-23T09:19:06.307362","message":"Registered route: GET /"}
{"level":"info","service_name":"VISOR","service_version":"0.0.1","service_id":"6c7843e0-f741-482f-857b-3f081819fb01","path":"/","method":"GET","status_code":200,"timestamp":"2025-09-23T09:23:36.11171","message":"Registering location"}
{"level":"info","service_name":"VISOR","service_version":"0.0.1","service_id":"6c7843e0-f741-482f-857b-3f081819fb01","timestamp":"2025-09-23T09:23:36.111742","message":"Registered route: GET /"}
{"level":"info","service_name":"VISOR","service_version":"0.0.1","service_id":"b9583209-0348-4b75-8d89-43518220e787","path":"/","method":"GET","status_code":200,"timestamp":"2025-09-23T13:30:11.086286","message":"Registering location"}
{"level":"info","service_name":"VISOR","service_version":"0.0.1","service_id":"b9583209-0348-4b75-8d89-43518220e787","timestamp":"2025-09-23T13:30:11.086324","message":"Registered route: GET /"}
{"level":"info","service_name":"VISOR","service_version":"0.0.1","service_id":"430c858b-91d8-415d-b213-d16cfacdcfd7","path":"/visor","method":"GET","status_code":200,"timestamp":"2025-09-23T13:31:09.430712","message":"Registering location"}
{"level":"info","service_name":"VISOR","service_version":"0.0.1","service_id":"430c858b-91d8-415d-b213-d16cfacdcfd7","timestamp":"2025-09-23T13:31:09.430739","message":"Registered route: GET /visor"}
{"level":"info","service_name":"VISOR","service_version":"0.0.1","service_id":"926c3fe9-c347-4b4e-91c5-84e94d0d5459","path":"/visor","method":"GET","status_code":200,"timestamp":"2025-09-23T13:31:23.666431","message":"Registering location"}
{"level":"info","service_name":"VISOR","service_version":"0.0.1","service_id":"926c3fe9-c347-4b4e-91c5-84e94d0d5459","timestamp":"2025-09-23T13:31:23.666459","message":"Registered route: GET /visor"}
{"level":"info","service_name":"VISOR","service_version":"0.0.1","service_id":"ff6d2fb4-b78b-4c82-a5ff-0c68e2560758","path":"/","method":"GET","status_code":200,"timestamp":"2025-09-23T13:41:12.992788","message":"Registering location"}
{"level":"info","service_name":"VISOR","service_version":"0.0.1","service_id":"ff6d2fb4-b78b-4c82-a5ff-0c68e2560758","timestamp":"2025-09-23T13:41:12.992817","message":"Registered route: GET /"}
{"level":"info","service_name":"VISOR","service_version":"0.0.1","service_id":"bcf68043-a4df-4cdb-b6a4-393128f6834a","path":"/","method":"GET","status_code":200,"timestamp":"2025-09-23T13:46:43.640104","message":"Registering location"}
{"level":"info","service_name":"VISOR","service_version":"0.0.1","service_id":"bcf68043-a4df-4cdb-b6a4-393128f6834a","timestamp":"2025-09-23T13:46:43.640136","message":"Registered route: GET /"}
{"level":"info","service_name":"VISOR","service_version":"0.0.1","service_id":"076c8149-f1c8-47c0-b5af-ef6c833396e9","path":"/","method":"GET","status_code":200,"timestamp":"2025-09-23T13:47:18.011022","message":"Registering location"}
{"level":"info","service_name":"VISOR","service_version":"0.0.1","service_id":"076c8149-f1c8-47c0-b5af-ef6c833396e9","timestamp":"2025-09-23T13:47:18.01105","message":"Registered route: GET /"}
{"level":"info","service_name":"VISOR","service_version":"0.0.1","service_id":"656a1791-34ee-4ab7-ab93-650799e34c60","path":"/","method":"GET","status_code":200,"timestamp":"2025-09-23T13:49:47.638875","message":"Registering location"}
{"level":"info","service_name":"VISOR","service_version":"0.0.1","service_id":"656a1791-34ee-4ab7-ab93-650799e34c60","timestamp":"2025-09-23T13:49:47.638905","message":"Registered route: GET /"}
{"level":"info","service_name":"VISOR","service_version":"0.0.1","service_id":"78ec3fdf-d77a-47da-b176-6982033bf5fd","path":"/","method":"GET","status_code":200,"timestamp":"2025-09-23T13:51:25.245048","message":"Registering location"}
{"level":"info","service_name":"VISOR","service_version":"0.0.1","service_id":"78ec3fdf-d77a-47da-b176-6982033bf5fd","timestamp":"2025-09-23T13:51:25.245073","message":"Registered route: GET /"}
{"level":"info","service_name":"VISOR","service_version":"0.0.1","service_id":"a4f6121a-dd9b-4d4b-8d9e-8b53a1815f69","path":"/","method":"GET","status_code":200,"timestamp":"2025-09-23T13:53:36.659195","message":"Registering location"}
{"level":"info","service_name":"VISOR","service_version":"0.0.1","service_id":"a4f6121a-dd9b-4d4b-8d9e-8b53a1815f69","timestamp":"2025-09-23T13:53:36.659224","message":"Registered route: GET /"}
{"level":"info","service_name":"VISOR","service_version":"0.0.1","service_id":"3d68b179-0a02-4448-8643-903d637f3efc","path":"/","method":"GET","status_code":200,"timestamp":"2025-09-23T16:57:19.831229","message":"Registering location"}
{"level":"info","service_name":"VISOR","service_version":"0.0.1","service_id":"3d68b179-0a02-4448-8643-903d637f3efc","timestamp":"2025-09-23T16:57:19.831407","message":"Registered route: GET /"}
{"level":"info","service_name":"VISOR","service_version":"0.0.1","service_id":"d83098bc-b5d7-42a7-8502-075f39fe4c39","path":"/","method":"GET","status_code":200,"timestamp":"2025-09-23T16:58:05.195586","message":"Registering location"}
{"level":"info","service_name":"VISOR","service_version":"0.0.1","service_id":"d83098bc-b5d7-42a7-8502-075f39fe4c39","timestamp":"2025-09-23T16:58:05.195618","message":"Registered route: GET /"}
{"level":"info","service_name":"VISOR","service_version":"0.0.1","service_id":"f12d1481-5266-42be-ab04-71332f3a82a5","path":"/","method":"GET","status_code":200,"timestamp":"2025-09-24T16:32:07.323368","message":"Registering location"}
{"level":"info","service_name":"VISOR","service_version":"0.0.1","service_id":"f12d1481-5266-42be-ab04-71332f3a82a5","timestamp":"2025-09-24T16:32:07.323523","message":"Registered route: GET /"}
{"level":"info","service_name":"VISOR","service_version":"0.0.1","service_id":"20b8b3c9-cd1e-42ac-bb54-619a47180b61","path":"/","method":"GET","status_code":200,"timestamp":"2025-09-24T16:32:24.216045","message":"Registering location"}
{"level":"info","service_name":"VISOR","service_version":"0.0.1","service_id":"20b8b3c9-cd1e-42ac-bb54-619a47180b61","timestamp":"2025-09-24T16:32:27.857435","message":"Registered route: GET /"}
{"level":"info","service_name":"VISOR","service_version":"0.0.1","service_id":"8250fc6b-6815-4d68-bc9d-58957433079e","path":"/","method":"GET","status_code":200,"timestamp":"2025-09-25T14:51:07.09208","message":"Registering location"}
{"level":"info","service_name":"VISOR","service_version":"0.0.1","service_id":"8250fc6b-6815-4d68-bc9d-58957433079e","timestamp":"2025-09-25T14:51:07.092467","message":"Registered route: GET /"}
{"level":"info","service_name":"VISOR","service_version":"0.0.1","service_id":"0632a98e-3e13-4177-b498-2548bf523b99","path":"/","method":"GET","status_code":200,"timestamp":"2025-09-25T14:55:33.332935","message":"Registering location"}
{"level":"info","service_name":"VISOR","service_version":"0.0.1","service_id":"0632a98e-3e13-4177-b498-2548bf523b99","timestamp":"2025-09-25T14:55:33.334102","message":"Registered route: GET /"}
{"level":"info","service_name":"VISOR","service_version":"0.0.1","service_id":"1d3aacfe-94b9-4f7e-8a5a-59af4ce0c17f","path":"/","method":"GET","status_code":200,"timestamp":"2025-09-25T14:57:19.625003","message":"Registering location"}
{"level":"info","service_name":"VISOR","service_version":"0.0.1","service_id":"1d3aacfe-94b9-4f7e-8a5a-59af4ce0c17f","timestamp":"2025-09-25T14:57:19.625139","message":"Registered route: GET /"}
{"level":"info","service_name":"VISOR","service_version":"0.0.1","service_id":"3cd7f16e-0733-457c-bb20-dd3d536380b9","path":"/","method":"GET","status_code":200,"timestamp":"2025-09-25T15:00:02.524447","message":"Registering location"}
{"level":"info","service_name":"VISOR","service_version":"0.0.1","service_id":"3cd7f16e-0733-457c-bb20-dd3d536380b9","timestamp":"2025-09-25T15:00:02.524649","message":"Registered route: GET /"}
{"level":"info","service_name":"VISOR","service_version":"0.0.1","service_id":"dc5d696c-5f33-47bd-b5fc-6ffa8d48c446","path":"/","method":"GET","status_code":200,"timestamp":"2025-09-25T15:01:17.674509","message":"Registering location"}
{"level":"info","service_name":"VISOR","service_version":"0.0.1","service_id":"dc5d696c-5f33-47bd-b5fc-6ffa8d48c446","timestamp":"2025-09-25T15:01:17.674565","message":"Registered route: GET /"}
{"level":"info","service_name":"VISOR","service_version":"0.0.1","service_id":"07e1da29-5cb5-45f2-9633-754c8c3a73a9","path":"/","method":"GET","status_code":200,"timestamp":"2025-09-25T15:01:30.715091","message":"Registering location"}
{"level":"info","service_name":"VISOR","service_version":"0.0.1","service_id":"07e1da29-5cb5-45f2-9633-754c8c3a73a9","timestamp":"2025-09-25T15:01:30.715129","message":"Registered route: GET /"}
{"level":"info","service_name":"VISOR","service_version":"0.0.1","service_id":"2ac4a1b1-f785-4b0d-afeb-754f8b098941","path":"/","method":"GET","status_code":200,"timestamp":"2025-09-25T15:01:41.810797","message":"Registering location"}
{"level":"info","service_name":"VISOR","service_version":"0.0.1","service_id":"2ac4a1b1-f785-4b0d-afeb-754f8b098941","timestamp":"2025-09-25T15:01:41.810833","message":"Registered route: GET /"}
{"level":"info","service_name":"VISOR","service_version":"0.0.1","service_id":"b6e16d12-4e8f-4933-bda0-7c55f7582160","path":"/","method":"GET","status_code":200,"timestamp":"2025-09-25T15:02:05.153998","message":"Registering location"}
{"level":"info","service_name":"VISOR","service_version":"0.0.1","service_id":"b6e16d12-4e8f-4933-bda0-7c55f7582160","timestamp":"2025-09-25T15:02:05.154051","message":"Registered route: GET /"}
{"level":"info","service_name":"VISOR","service_version":"0.0.1","service_id":"9bd589ff-0a19-4a21-8b4a-3cb37fde7ee3","path":"/","method":"GET","status_code":200,"timestamp":"2025-09-25T15:02:57.880554","message":"Registering location"}
{"level":"info","service_name":"VISOR","service_version":"0.0.1","service_id":"9bd589ff-0a19-4a21-8b4a-3cb37fde7ee3","timestamp":"2025-09-25T15:02:57.88072","message":"Registered route: GET /"}
{"level":"info","service_name":"VISOR","service_version":"0.0.1","service_id":"0c455d5e-3b9c-463f-8def-fe00991c628b","path":"/","method":"GET","status_code":200,"timestamp":"2025-09-25T15:09:15.896627","message":"Registering location"}
{"level":"info","service_name":"VISOR","service_version":"0.0.1","service_id":"0c455d5e-3b9c-463f-8def-fe00991c628b","timestamp":"2025-09-25T15:09:15.900806","message":"Registered route: GET /"}
{"level":"info","service_name":"VISOR","service_version":"0.0.1","service_id":"777677ae-75b9-4c18-b9d2-4bee063f29fa","path":"/","method":"GET","status_code":200,"timestamp":"2025-09-25T15:12:44.173834","message":"Registering location"}
{"level":"info","service_name":"VISOR","service_version":"0.0.1","service_id":"777677ae-75b9-4c18-b9d2-4bee063f29fa","timestamp":"2025-09-25T15:12:44.175052","message":"Registered route: GET /"}
{"level":"info","service_name":"VISOR","service_version":"0.0.1","service_id":"5fab62cd-c25d-4b75-8e85-f0dc73902f19","path":"/","method":"GET","status_code":200,"timestamp":"2025-09-25T15:14:21.924263","message":"Registering location"}
{"level":"info","service_name":"VISOR","service_version":"0.0.1","service_id":"5fab62cd-c25d-4b75-8e85-f0dc73902f19","timestamp":"2025-09-25T15:14:21.9243","message":"Registered route: GET /"}
{"level":"info","service_name":"VISOR","service_version":"0.0.1","service_id":"86a2e481-928c-4bc1-9321-9d585a43ef4e","path":"/","method":"GET","status_code":200,"timestamp":"2025-09-25T15:25:54.764986","message":"Registering location"}
{"level":"info","service_name":"VISOR","service_version":"0.0.1","service_id":"86a2e481-928c-4bc1-9321-9d585a43ef4e","timestamp":"2025-09-25T15:25:54.765037","message":"Registered route: GET /"}
{"level":"info","service_name":"VISOR","service_version":"0.0.1","service_id":"58292373-6179-4731-809a-4a556f9e5208","path":"/","method":"GET","status_code":200,"timestamp":"2025-09-25T15:27:03.160233","message":"Registering location"}
{"level":"info","service_name":"VISOR","service_version":"0.0.1","service_id":"58292373-6179-4731-809a-4a556f9e5208","timestamp":"2025-09-25T15:27:03.160281","message":"Registered route: GET /"}
