{"level":"info","service_name":"pgA","service_version":"","service_id":"78604854-2d49-42fc-96f0-3cb907010b36","timestamp":"2025-09-17T16:01:51.320361","message":"Starting migration for table simf.credito_inmediato_enviado with 100 rows"}
{"level":"info","service_name":"pgA","service_version":"","service_id":"78604854-2d49-42fc-96f0-3cb907010b36","timestamp":"2025-09-17T16:01:51.326822","message":"Using default columns for table credito_inmediato_enviado"}
{"level":"info","service_name":"pgA","service_version":"","service_id":"33391821-d9a5-4bd6-9573-81965004d31c","timestamp":"2025-09-17T16:07:57.923812","message":"Found seed configuration for server pgA, running migration"}
{"level":"info","service_name":"pgA","service_version":"","service_id":"dc4c9b47-8f5e-4a56-b8b9-0c6f676b26da","timestamp":"2025-09-17T16:07:57.925079","message":"Starting migration for table simf.credito_inmediato_enviado with 100 rows"}
{"level":"info","service_name":"pgA","service_version":"","service_id":"dc4c9b47-8f5e-4a56-b8b9-0c6f676b26da","timestamp":"2025-09-17T16:07:57.930199","message":"Using default columns for table credito_inmediato_enviado"}
{"level":"info","service_name":"pgA","service_version":"","service_id":"6eec6912-c113-4de4-b968-c9d1b63b3887","timestamp":"2025-09-17T16:29:03.61681","message":"Found seed configuration for server pgA, running migration"}
{"level":"info","service_name":"pgA","service_version":"","service_id":"27df2aa0-62c4-41a2-914b-240fb6cf6fbb","timestamp":"2025-09-17T16:29:03.617047","message":"Starting migration for table simf.credito_inmediato_enviado with 100 rows"}
{"level":"info","service_name":"pgA","service_version":"","service_id":"27df2aa0-62c4-41a2-914b-240fb6cf6fbb","timestamp":"2025-09-17T16:29:03.619362","message":"Using default columns for table credito_inmediato_enviado"}
{"level":"info","service_name":"pgA","service_version":"","service_id":"a547ac1b-f6fa-45b2-9165-62fe205aed67","timestamp":"2025-09-17T16:30:01.332777","message":"Found seed configuration for server pgA, running migration"}
{"level":"info","service_name":"pgA","service_version":"","service_id":"3c856530-33e6-4719-ad37-49288dbe0630","timestamp":"2025-09-17T16:30:01.332968","message":"Starting migration for table simf.credito_inmediato_enviado with 100 rows"}
{"level":"info","service_name":"pgA","service_version":"","service_id":"3c856530-33e6-4719-ad37-49288dbe0630","timestamp":"2025-09-17T16:30:01.335108","message":"Using default columns for table credito_inmediato_enviado"}
{"level":"info","service_name":"pgA","service_version":"","service_id":"a074ec36-f28a-403a-a1f4-baf8e6bc6644","timestamp":"2025-09-17T16:30:30.386813","message":"Found seed configuration for server pgA, running migration"}
{"level":"info","service_name":"pgA","service_version":"","service_id":"599afbad-1e1e-412d-ac17-332830cdb80d","timestamp":"2025-09-17T16:30:30.387024","message":"Starting migration for table simf.credito_inmediato_enviado with 100 rows"}
{"level":"info","service_name":"pgA","service_version":"","service_id":"599afbad-1e1e-412d-ac17-332830cdb80d","timestamp":"2025-09-17T16:30:30.390062","message":"Using default columns for table credito_inmediato_enviado"}
{"level":"info","service_name":"pgA","service_version":"","service_id":"9cc11384-7c44-4758-b112-0be031eaf0d8","timestamp":"2025-09-17T16:32:33.255178","message":"Found seed configuration for server pgA, running migration"}
{"level":"info","service_name":"pgA","service_version":"","service_id":"423b894a-7db6-4065-8e46-b3b9afc2e99f","timestamp":"2025-09-17T16:32:33.255409","message":"Starting migration for table simf.credito_inmediato_enviado with 100 rows"}
{"level":"info","service_name":"pgA","service_version":"","service_id":"423b894a-7db6-4065-8e46-b3b9afc2e99f","timestamp":"2025-09-17T16:32:33.258344","message":"Using default columns for table credito_inmediato_enviado"}
{"level":"info","service_name":"pgA","service_version":"","service_id":"411f465c-26f8-46a8-9f77-44c0659bdf95","timestamp":"2025-09-17T16:58:21.466497","message":"Found seed configuration for server pgA, running migration"}
{"level":"info","service_name":"pgA","service_version":"","service_id":"68b1b39d-ee3a-4e7b-a690-4b91b0eb7730","timestamp":"2025-09-17T16:58:21.466709","message":"Starting migration for table simf.credito_inmediato_enviado with 100 rows"}
{"level":"info","service_name":"pgA","service_version":"","service_id":"68b1b39d-ee3a-4e7b-a690-4b91b0eb7730","timestamp":"2025-09-17T16:58:21.468501","message":"Using default columns for table credito_inmediato_enviado"}
{"level":"info","service_name":"pgA","service_version":"","service_id":"325b1d98-5ef8-4b0d-8753-df8f479369cf","timestamp":"2025-09-17T17:03:10.227843","message":"Found seed configuration for server pgA, running migration"}
{"level":"info","service_name":"pgA","service_version":"","service_id":"d3e0eebc-14da-4529-8368-caf1b886fb51","timestamp":"2025-09-17T17:03:10.228358","message":"Starting migration for table simf.credito_inmediato_enviado with 100 rows"}
{"level":"info","service_name":"pgA","service_version":"","service_id":"d3e0eebc-14da-4529-8368-caf1b886fb51","timestamp":"2025-09-17T17:03:30.760185","message":"Using default columns for table credito_inmediato_enviado"}
{"level":"info","service_name":"pgA","service_version":"","service_id":"698f39ef-4cf4-4ce9-bb35-a42a7e626b35","timestamp":"2025-09-17T17:06:07.523737","message":"Found seed configuration for server pgA, running migration"}
{"level":"info","service_name":"pgA","service_version":"","service_id":"545e1a16-ca2d-4a26-9da8-0021b0048f64","timestamp":"2025-09-17T17:06:07.524939","message":"Starting migration for table simf.credito_inmediato_enviado with 100 rows"}
{"level":"info","service_name":"pgA","service_version":"","service_id":"545e1a16-ca2d-4a26-9da8-0021b0048f64","timestamp":"2025-09-17T17:06:29.758881","message":"Using default columns for table credito_inmediato_enviado"}
{"level":"info","service_name":"pgA","service_version":"","service_id":"4064a955-a02d-4530-a1af-80f9f2de8715","timestamp":"2025-09-17T17:07:05.296567","message":"Found seed configuration for server pgA, running migration"}
{"level":"info","service_name":"pgA","service_version":"","service_id":"299501c7-b85a-4edc-8c63-2e58e915ef60","timestamp":"2025-09-17T17:07:05.297599","message":"Starting migration for table simf.credito_inmediato_enviado with 100 rows"}
{"level":"info","service_name":"pgA","service_version":"","service_id":"299501c7-b85a-4edc-8c63-2e58e915ef60","timestamp":"2025-09-17T17:07:11.099672","message":"Using default columns for table credito_inmediato_enviado"}
{"level":"info","service_name":"pgA","service_version":"","service_id":"c4963306-2802-4291-92f3-a8f168b9cf68","timestamp":"2025-09-17T17:07:49.304702","message":"Found seed configuration for server pgA, running migration"}
{"level":"info","service_name":"pgA","service_version":"","service_id":"4b82af73-778b-43b6-850a-2245dda15fdc","timestamp":"2025-09-17T17:07:49.305024","message":"Starting migration for table simf.credito_inmediato_enviado with 100 rows"}
{"level":"info","service_name":"pgA","service_version":"","service_id":"4b82af73-778b-43b6-850a-2245dda15fdc","timestamp":"2025-09-17T17:07:49.306525","message":"Using default columns for table credito_inmediato_enviado"}
{"level":"info","service_name":"pgA","service_version":"","service_id":"57ab77e3-79f8-4a7d-b5a6-44b4e65b5042","timestamp":"2025-09-17T17:09:33.808048","message":"Found seed configuration for server pgA, running migration"}
{"level":"info","service_name":"pgA","service_version":"","service_id":"619a2210-8b98-43e5-8b96-d1f833bb1069","timestamp":"2025-09-17T17:09:33.808784","message":"Starting migration for table simf.credito_inmediato_enviado with 100 rows"}
{"level":"info","service_name":"pgA","service_version":"","service_id":"619a2210-8b98-43e5-8b96-d1f833bb1069","timestamp":"2025-09-17T17:09:33.810607","message":"Using default columns for table credito_inmediato_enviado"}
{"level":"info","service_name":"pgA","service_version":"","service_id":"143f35fa-e32a-4ac0-9750-847d8ba24801","timestamp":"2025-09-18T12:05:52.42479","message":"Found seed configuration for server pgA, running migration"}
{"level":"info","service_name":"pgA","service_version":"","service_id":"442bd117-4759-434e-ab5e-d8f1e0e5a033","timestamp":"2025-09-18T12:05:52.426581","message":"Starting migration for table simf.credito_inmediato_enviado with 100 rows"}
{"level":"info","service_name":"pgA","service_version":"","service_id":"442bd117-4759-434e-ab5e-d8f1e0e5a033","timestamp":"2025-09-18T12:05:52.428645","message":"Using default columns for table credito_inmediato_enviado"}
{"level":"info","service_name":"pgA","service_version":"","service_id":"18fce38d-93f7-4d8c-8700-797b5a13b807","timestamp":"2025-09-23T09:13:06.195449","message":"Found seed configuration for server pgA, running migration"}
{"level":"info","service_name":"pgA","service_version":"","service_id":"431a0683-77f2-4834-9059-cecf7ec43b16","timestamp":"2025-09-23T09:13:06.195776","message":"Starting migration for table simf.credito_inmediato_enviado with 100 rows"}
{"level":"info","service_name":"pgA","service_version":"","service_id":"431a0683-77f2-4834-9059-cecf7ec43b16","timestamp":"2025-09-23T09:13:06.197045","message":"Using default columns for table credito_inmediato_enviado"}
{"level":"info","service_name":"pgA","service_version":"","service_id":"b1b25026-6107-4f0b-bff3-61ba018cfd83","timestamp":"2025-09-23T09:19:06.940891","message":"Found seed configuration for server pgA, running migration"}
{"level":"info","service_name":"pgA","service_version":"","service_id":"1496709d-86e4-409f-9eb5-48aaead68d66","timestamp":"2025-09-23T09:19:06.941041","message":"Starting migration for table simf.credito_inmediato_enviado with 100 rows"}
{"level":"info","service_name":"pgA","service_version":"","service_id":"1496709d-86e4-409f-9eb5-48aaead68d66","timestamp":"2025-09-23T09:19:06.942018","message":"Using default columns for table credito_inmediato_enviado"}
{"level":"info","service_name":"pgA","service_version":"","service_id":"47226ada-450f-4f9c-a79f-8fec40912a05","timestamp":"2025-09-23T09:23:36.717039","message":"Found seed configuration for server pgA, running migration"}
{"level":"info","service_name":"pgA","service_version":"","service_id":"37ed3a45-add9-41da-806f-c848c248e37e","timestamp":"2025-09-23T09:23:36.717215","message":"Starting migration for table simf.credito_inmediato_enviado with 100 rows"}
{"level":"info","service_name":"pgA","service_version":"","service_id":"37ed3a45-add9-41da-806f-c848c248e37e","timestamp":"2025-09-23T09:23:36.718501","message":"Using default columns for table credito_inmediato_enviado"}
{"level":"info","service_name":"pgA","service_version":"","service_id":"03d411a6-6d89-4011-b616-8ea71b4b2dea","timestamp":"2025-09-23T13:30:11.691095","message":"Found seed configuration for server pgA, running migration"}
{"level":"info","service_name":"pgA","service_version":"","service_id":"ccc9212c-8ea4-4e26-bdb3-9573468ad38a","timestamp":"2025-09-23T13:30:11.691257","message":"Starting migration for table simf.credito_inmediato_enviado with 100 rows"}
{"level":"info","service_name":"pgA","service_version":"","service_id":"ccc9212c-8ea4-4e26-bdb3-9573468ad38a","timestamp":"2025-09-23T13:30:11.69232","message":"Using default columns for table credito_inmediato_enviado"}
{"level":"info","service_name":"pgA","service_version":"","service_id":"9284a54d-4e72-4e2b-8c3b-6127d3aa3a06","timestamp":"2025-09-23T13:31:10.028399","message":"Found seed configuration for server pgA, running migration"}
{"level":"info","service_name":"pgA","service_version":"","service_id":"6351584e-d9f0-439b-baf6-5cb2736ca82f","timestamp":"2025-09-23T13:31:10.028474","message":"Starting migration for table simf.credito_inmediato_enviado with 100 rows"}
{"level":"info","service_name":"pgA","service_version":"","service_id":"6351584e-d9f0-439b-baf6-5cb2736ca82f","timestamp":"2025-09-23T13:31:10.029011","message":"Using default columns for table credito_inmediato_enviado"}
{"level":"info","service_name":"pgA","service_version":"","service_id":"c6e66ec0-da5b-425d-a62e-f5e617305a90","timestamp":"2025-09-23T13:31:24.241523","message":"Found seed configuration for server pgA, running migration"}
{"level":"info","service_name":"pgA","service_version":"","service_id":"8fb595be-d042-45e3-8cbf-a8d2699a8614","timestamp":"2025-09-23T13:31:24.241662","message":"Starting migration for table simf.credito_inmediato_enviado with 100 rows"}
{"level":"info","service_name":"pgA","service_version":"","service_id":"8fb595be-d042-45e3-8cbf-a8d2699a8614","timestamp":"2025-09-23T13:31:24.242302","message":"Using default columns for table credito_inmediato_enviado"}
{"level":"info","service_name":"pgA","service_version":"","service_id":"4650ce5b-11c8-463a-ad14-52617b507c3b","timestamp":"2025-09-23T13:41:13.579543","message":"Found seed configuration for server pgA, running migration"}
{"level":"info","service_name":"pgA","service_version":"","service_id":"bf42ba1b-aa02-4405-85b6-4001f3bfb4e7","timestamp":"2025-09-23T13:41:13.579674","message":"Starting migration for table simf.credito_inmediato_enviado with 100 rows"}
{"level":"info","service_name":"pgA","service_version":"","service_id":"bf42ba1b-aa02-4405-85b6-4001f3bfb4e7","timestamp":"2025-09-23T13:41:13.580615","message":"Using default columns for table credito_inmediato_enviado"}
{"level":"info","service_name":"pgA","service_version":"","service_id":"0b11a1f7-18a9-4f79-b926-036f674323d8","timestamp":"2025-09-23T13:46:44.122812","message":"Found seed configuration for server pgA, running migration"}
{"level":"info","service_name":"pgA","service_version":"","service_id":"b1540289-1654-4961-a540-84d43cde3962","timestamp":"2025-09-23T13:46:44.122947","message":"Starting migration for table simf.credito_inmediato_enviado with 100 rows"}
{"level":"info","service_name":"pgA","service_version":"","service_id":"b1540289-1654-4961-a540-84d43cde3962","timestamp":"2025-09-23T13:46:44.123947","message":"Using default columns for table credito_inmediato_enviado"}
{"level":"info","service_name":"pgA","service_version":"","service_id":"1ba988c8-c393-418f-aba0-bcf57d4ab60a","timestamp":"2025-09-23T13:47:18.490275","message":"Found seed configuration for server pgA, running migration"}
{"level":"info","service_name":"pgA","service_version":"","service_id":"77518fd5-de68-4f88-9a5b-f6034343f9d7","timestamp":"2025-09-23T13:47:18.490423","message":"Starting migration for table simf.credito_inmediato_enviado with 100 rows"}
{"level":"info","service_name":"pgA","service_version":"","service_id":"77518fd5-de68-4f88-9a5b-f6034343f9d7","timestamp":"2025-09-23T13:47:18.491545","message":"Using default columns for table credito_inmediato_enviado"}
{"level":"info","service_name":"pgA","service_version":"","service_id":"76e0f0d1-9bb7-4310-bdf6-299e94f49475","timestamp":"2025-09-23T13:49:48.144778","message":"Found seed configuration for server pgA, running migration"}
{"level":"info","service_name":"pgA","service_version":"","service_id":"383e39cc-b2d1-486a-9269-bc79bd98e031","timestamp":"2025-09-23T13:49:48.144863","message":"Starting migration for table simf.credito_inmediato_enviado with 100 rows"}
{"level":"info","service_name":"pgA","service_version":"","service_id":"383e39cc-b2d1-486a-9269-bc79bd98e031","timestamp":"2025-09-23T13:49:48.145397","message":"Using default columns for table credito_inmediato_enviado"}
{"level":"info","service_name":"pgA","service_version":"","service_id":"4d4b98b5-05d2-4c88-bbd7-4b4f98134dcb","timestamp":"2025-09-23T13:51:25.855641","message":"Found seed configuration for server pgA, running migration"}
{"level":"info","service_name":"pgA","service_version":"","service_id":"fff96234-bc6b-427a-9af0-06c689c5ffc6","timestamp":"2025-09-23T13:51:25.855782","message":"Starting migration for table simf.credito_inmediato_enviado with 100 rows"}
{"level":"info","service_name":"pgA","service_version":"","service_id":"fff96234-bc6b-427a-9af0-06c689c5ffc6","timestamp":"2025-09-23T13:51:25.857102","message":"Using default columns for table credito_inmediato_enviado"}
{"level":"info","service_name":"pgA","service_version":"","service_id":"3396e34b-2926-45d9-adcf-ed5848f7849b","timestamp":"2025-09-23T13:53:37.266281","message":"Found seed configuration for server pgA, running migration"}
{"level":"info","service_name":"pgA","service_version":"","service_id":"0a111fbe-bdfa-4db9-96d0-34494b11c602","timestamp":"2025-09-23T13:53:37.266483","message":"Starting migration for table simf.credito_inmediato_enviado with 100 rows"}
{"level":"info","service_name":"pgA","service_version":"","service_id":"0a111fbe-bdfa-4db9-96d0-34494b11c602","timestamp":"2025-09-23T13:53:37.267465","message":"Using default columns for table credito_inmediato_enviado"}
{"level":"info","service_name":"pgA","service_version":"","service_id":"0fae5c8b-d69b-498e-9425-884b4dadac91","timestamp":"2025-09-23T16:57:20.795723","message":"Found seed configuration for server pgA, running migration"}
{"level":"info","service_name":"pgA","service_version":"","service_id":"1b552bbf-29b6-44e7-a805-6e08f654f6d0","timestamp":"2025-09-23T16:57:20.796025","message":"Starting migration for table simf.credito_inmediato_enviado with 100 rows"}
{"level":"info","service_name":"pgA","service_version":"","service_id":"1b552bbf-29b6-44e7-a805-6e08f654f6d0","timestamp":"2025-09-23T16:57:20.797634","message":"Using default columns for table credito_inmediato_enviado"}
{"level":"info","service_name":"pgA","service_version":"","service_id":"b748e8fe-906b-4728-a698-ede7141c6119","timestamp":"2025-09-23T16:58:05.781252","message":"Found seed configuration for server pgA, running migration"}
{"level":"info","service_name":"pgA","service_version":"","service_id":"3394b872-cf1f-4229-a58d-87a2369adc6d","timestamp":"2025-09-23T16:58:05.781335","message":"Starting migration for table simf.credito_inmediato_enviado with 100 rows"}
{"level":"info","service_name":"pgA","service_version":"","service_id":"3394b872-cf1f-4229-a58d-87a2369adc6d","timestamp":"2025-09-23T16:58:05.781918","message":"Using default columns for table credito_inmediato_enviado"}
{"level":"info","service_name":"pgA","service_version":"","service_id":"856b8a02-2968-4877-81d9-89c764ff9159","timestamp":"2025-09-25T15:26:00.460206","message":"Found seed configuration for server pgA, running migration"}
{"level":"info","service_name":"pgA","service_version":"","service_id":"d7792ece-90f5-45de-8f7e-a175085894f0","timestamp":"2025-09-25T15:26:00.461471","message":"Starting migration for table simf.credito_inmediato_enviado with 100 rows"}
{"level":"info","service_name":"pgA","service_version":"","service_id":"d7792ece-90f5-45de-8f7e-a175085894f0","timestamp":"2025-09-25T15:26:00.463289","message":"Using default columns for table credito_inmediato_enviado"}
{"level":"info","service_name":"pgA","service_version":"","service_id":"07621cd9-b8b8-4e72-be70-611a8fbbfe27","timestamp":"2025-09-25T15:27:04.029205","message":"Found seed configuration for server pgA, running migration"}
{"level":"info","service_name":"pgA","service_version":"","service_id":"a210f386-2d77-471b-b128-daf29ac90d82","timestamp":"2025-09-25T15:27:04.029442","message":"Starting migration for table simf.credito_inmediato_enviado with 100 rows"}
{"level":"info","service_name":"pgA","service_version":"","service_id":"a210f386-2d77-471b-b128-daf29ac90d82","timestamp":"2025-09-25T15:27:04.030758","message":"Using default columns for table credito_inmediato_enviado"}
