{"level":"debug","service_name":"BANCRECER","service_version":"0.0.1","service_id":"18a4ae36-b722-4f13-ac15-ce5d22b865bb","path":"/bancrecer/simf/1.0.0/enviar","method":"POST","timestamp":"2025-10-10T15:58:11.414604","message":"Schema compiled successfully for location"}
{"level":"debug","service_name":"BANCRECER","service_version":"0.0.1","service_id":"18a4ae36-b722-4f13-ac15-ce5d22b865bb","request_trace_id":"d05e7e70-e8af-4e6a-910c-837ad5451bfb","method":"POST","path":"/bancrecer/simf/1.0.0/enviar","ip":"::1","timestamp":"2025-10-10T16:00:10.945384","message":"Handling request"}
{"level":"debug","service_name":"BANCRECER","service_version":"0.0.1","service_id":"18a4ae36-b722-4f13-ac15-ce5d22b865bb","request_trace_id":"d05e7e70-e8af-4e6a-910c-837ad5451bfb","timestamp":"2025-10-10T16:00:10.94621","message":"Request body validation successful"}
{"level":"debug","service_name":"BANCRECER","service_version":"0.0.1","service_id":"68952e5b-b6e3-4089-be06-928864b871a2","path":"/bancrecer/simf/1.0.0/enviar","method":"POST","timestamp":"2025-10-10T16:01:54.205274","message":"Schema compiled successfully for location"}
{"level":"debug","service_name":"BANCRECER","service_version":"0.0.1","service_id":"68952e5b-b6e3-4089-be06-928864b871a2","request_trace_id":"014400d0-617d-4986-96e1-b71b53aacee9","method":"POST","path":"/bancrecer/simf/1.0.0/enviar","ip":"::1","timestamp":"2025-10-10T16:01:58.585334","message":"Handling request"}
{"level":"debug","service_name":"BANCRECER","service_version":"0.0.1","service_id":"68952e5b-b6e3-4089-be06-928864b871a2","request_trace_id":"014400d0-617d-4986-96e1-b71b53aacee9","timestamp":"2025-10-10T16:01:58.585516","message":"Request body validation successful"}
{"level":"debug","service_name":"BANCRECER","service_version":"0.0.1","service_id":"b4d050db-1ff0-4805-919c-de77ec7c06a3","path":"/bancrecer/simf/1.0.0/enviar","method":"POST","timestamp":"2025-10-10T16:02:49.709756","message":"Schema compiled successfully for location"}
{"level":"debug","service_name":"BANCRECER","service_version":"0.0.1","service_id":"b4d050db-1ff0-4805-919c-de77ec7c06a3","request_trace_id":"794ecbff-d647-4d95-95ff-b08f565af64b","method":"POST","path":"/bancrecer/simf/1.0.0/enviar","ip":"::1","timestamp":"2025-10-10T16:02:54.924","message":"Handling request"}
{"level":"debug","service_name":"BANCRECER","service_version":"0.0.1","service_id":"b4d050db-1ff0-4805-919c-de77ec7c06a3","request_trace_id":"794ecbff-d647-4d95-95ff-b08f565af64b","timestamp":"2025-10-10T16:02:54.924417","message":"Request body validation successful"}
{"level":"debug","service_name":"BANCRECER","service_version":"0.0.1","service_id":"b4d050db-1ff0-4805-919c-de77ec7c06a3","request_trace_id":"13986f12-2eb3-47a1-993d-cfa828ab334a","method":"POST","path":"/bancrecer/simf/1.0.0/enviar","ip":"::1","timestamp":"2025-10-10T16:02:56.038397","message":"Handling request"}
{"level":"debug","service_name":"BANCRECER","service_version":"0.0.1","service_id":"b4d050db-1ff0-4805-919c-de77ec7c06a3","request_trace_id":"13986f12-2eb3-47a1-993d-cfa828ab334a","timestamp":"2025-10-10T16:02:56.038539","message":"Request body validation successful"}
{"level":"debug","service_name":"BANCRECER","service_version":"0.0.1","service_id":"cde80a27-b6bf-4b52-bdb7-2f4609f54ed3","path":"/bancrecer/simf/1.0.0/enviar","method":"POST","timestamp":"2025-10-10T16:03:04.49027","message":"Schema compiled successfully for location"}
{"level":"debug","service_name":"BANCRECER","service_version":"0.0.1","service_id":"cde80a27-b6bf-4b52-bdb7-2f4609f54ed3","request_trace_id":"c1a75830-8b28-498f-a266-cc3eb8f9ab0a","method":"POST","path":"/bancrecer/simf/1.0.0/enviar","ip":"::1","timestamp":"2025-10-10T16:03:07.298096","message":"Handling request"}
{"level":"debug","service_name":"BANCRECER","service_version":"0.0.1","service_id":"cde80a27-b6bf-4b52-bdb7-2f4609f54ed3","request_trace_id":"c1a75830-8b28-498f-a266-cc3eb8f9ab0a","timestamp":"2025-10-10T16:03:07.298471","message":"Request body validation successful"}
{"level":"debug","service_name":"BANCRECER","service_version":"0.0.1","service_id":"cde80a27-b6bf-4b52-bdb7-2f4609f54ed3","request_trace_id":"119013cb-772e-4cab-9121-dab2f64c3000","method":"POST","path":"/bancrecer/simf/1.0.0/enviar","ip":"::1","timestamp":"2025-10-10T16:03:10.024882","message":"Handling request"}
{"level":"debug","service_name":"BANCRECER","service_version":"0.0.1","service_id":"cde80a27-b6bf-4b52-bdb7-2f4609f54ed3","request_trace_id":"119013cb-772e-4cab-9121-dab2f64c3000","timestamp":"2025-10-10T16:03:10.025178","message":"Request body validation successful"}
{"level":"debug","service_name":"BANCRECER","service_version":"0.0.1","service_id":"6ead8e0c-985e-429d-85eb-a793eb91bfb9","path":"/bancrecer/simf/1.0.0/enviar","method":"POST","timestamp":"2025-10-10T16:05:30.105225","message":"Schema compiled successfully for location"}
{"level":"debug","service_name":"BANCRECER","service_version":"0.0.1","service_id":"6ead8e0c-985e-429d-85eb-a793eb91bfb9","request_trace_id":"3e96792b-896b-4948-9bda-a08eecd06122","method":"POST","path":"/bancrecer/simf/1.0.0/enviar","ip":"::1","timestamp":"2025-10-10T16:05:33.003521","message":"Handling request"}
{"level":"debug","service_name":"BANCRECER","service_version":"0.0.1","service_id":"6ead8e0c-985e-429d-85eb-a793eb91bfb9","request_trace_id":"3e96792b-896b-4948-9bda-a08eecd06122","timestamp":"2025-10-10T16:05:33.003653","message":"Request body validation successful"}
{"level":"debug","service_name":"BANCRECER","service_version":"0.0.1","service_id":"16b3de4d-6094-4663-a8ba-3ee7b39c17ce","path":"/bancrecer/simf/1.0.0/enviar","method":"POST","timestamp":"2025-10-10T16:07:30.833009","message":"Schema compiled successfully for location"}
{"level":"debug","service_name":"BANCRECER","service_version":"0.0.1","service_id":"16b3de4d-6094-4663-a8ba-3ee7b39c17ce","request_trace_id":"a7d0c159-09f7-4cde-99ef-f99b1516e143","method":"POST","path":"/bancrecer/simf/1.0.0/enviar","ip":"::1","timestamp":"2025-10-10T16:07:33.549989","message":"Handling request"}
{"level":"debug","service_name":"BANCRECER","service_version":"0.0.1","service_id":"16b3de4d-6094-4663-a8ba-3ee7b39c17ce","request_trace_id":"a7d0c159-09f7-4cde-99ef-f99b1516e143","timestamp":"2025-10-10T16:07:33.550405","message":"Request body validation successful"}
{"level":"debug","service_name":"BANCRECER","service_version":"0.0.1","service_id":"291e9444-0021-4617-bdc9-ad531bcd033b","path":"/bancrecer/simf/1.0.0/enviar","method":"POST","timestamp":"2025-10-10T16:08:24.180402","message":"Schema compiled successfully for location"}
{"level":"debug","service_name":"BANCRECER","service_version":"0.0.1","service_id":"291e9444-0021-4617-bdc9-ad531bcd033b","request_trace_id":"302a719a-51fd-480c-8eb2-2d3213130143","method":"POST","path":"/bancrecer/simf/1.0.0/enviar","ip":"::1","timestamp":"2025-10-10T16:08:27.152013","message":"Handling request"}
{"level":"debug","service_name":"BANCRECER","service_version":"0.0.1","service_id":"291e9444-0021-4617-bdc9-ad531bcd033b","request_trace_id":"302a719a-51fd-480c-8eb2-2d3213130143","timestamp":"2025-10-10T16:08:27.15215","message":"Request body validation successful"}
{"level":"debug","service_name":"BANCRECER","service_version":"0.0.1","service_id":"291e9444-0021-4617-bdc9-ad531bcd033b","request_trace_id":"e75498d0-e052-41cf-8dfd-476c9da8b36d","method":"POST","path":"/bancrecer/simf/1.0.0/enviar","ip":"::1","timestamp":"2025-10-10T16:08:28.199424","message":"Handling request"}
{"level":"debug","service_name":"BANCRECER","service_version":"0.0.1","service_id":"291e9444-0021-4617-bdc9-ad531bcd033b","request_trace_id":"e75498d0-e052-41cf-8dfd-476c9da8b36d","timestamp":"2025-10-10T16:08:28.19955","message":"Request body validation successful"}
{"level":"debug","service_name":"BANCRECER","service_version":"0.0.1","service_id":"d4577d8a-7638-44e3-b75f-4e29dac19e5d","path":"/bancrecer/simf/1.0.0/enviar","method":"POST","timestamp":"2025-10-10T16:09:48.942967","message":"Schema compiled successfully for location"}
{"level":"debug","service_name":"BANCRECER","service_version":"0.0.1","service_id":"d4577d8a-7638-44e3-b75f-4e29dac19e5d","request_trace_id":"2cbb8ebd-527c-4738-ab67-36a5fe386677","method":"POST","path":"/bancrecer/simf/1.0.0/enviar","ip":"::1","timestamp":"2025-10-10T16:09:53.565771","message":"Handling request"}
{"level":"debug","service_name":"BANCRECER","service_version":"0.0.1","service_id":"d4577d8a-7638-44e3-b75f-4e29dac19e5d","request_trace_id":"2cbb8ebd-527c-4738-ab67-36a5fe386677","timestamp":"2025-10-10T16:09:53.566448","message":"Request body validation successful"}
{"level":"debug","service_name":"BANCRECER","service_version":"0.0.1","service_id":"75f60a25-bbbb-4f75-8ea6-ffff76493f67","path":"/bancrecer/simf/1.0.0/enviar","method":"POST","timestamp":"2025-10-10T16:13:19.076182","message":"Schema compiled successfully for location"}
{"level":"debug","service_name":"BANCRECER","service_version":"0.0.1","service_id":"75f60a25-bbbb-4f75-8ea6-ffff76493f67","request_trace_id":"8f24b965-5394-46e4-9f9c-f58c70f802a1","method":"POST","path":"/bancrecer/simf/1.0.0/enviar","ip":"::1","timestamp":"2025-10-10T16:13:25.529465","message":"Handling request"}
{"level":"debug","service_name":"BANCRECER","service_version":"0.0.1","service_id":"75f60a25-bbbb-4f75-8ea6-ffff76493f67","request_trace_id":"8f24b965-5394-46e4-9f9c-f58c70f802a1","timestamp":"2025-10-10T16:13:25.529772","message":"Request body validation successful"}
{"level":"debug","service_name":"BANCRECER","service_version":"0.0.1","service_id":"4214ccce-81f0-446d-9fbb-a5b0d1010488","path":"/bancrecer/simf/1.0.0/enviar","method":"POST","timestamp":"2025-10-10T16:13:45.089548","message":"Schema compiled successfully for location"}
{"level":"debug","service_name":"BANCRECER","service_version":"0.0.1","service_id":"4214ccce-81f0-446d-9fbb-a5b0d1010488","request_trace_id":"e4daa2d7-b569-41f1-93a4-25ae782af8d8","method":"POST","path":"/bancrecer/simf/1.0.0/enviar","ip":"::1","timestamp":"2025-10-10T16:13:49.297379","message":"Handling request"}
{"level":"debug","service_name":"BANCRECER","service_version":"0.0.1","service_id":"4214ccce-81f0-446d-9fbb-a5b0d1010488","request_trace_id":"e4daa2d7-b569-41f1-93a4-25ae782af8d8","timestamp":"2025-10-10T16:13:49.297471","message":"Request body validation successful"}
{"level":"debug","service_name":"BANCRECER","service_version":"0.0.1","service_id":"66e886f2-b945-45a1-a422-7bf9c2068993","path":"/bancrecer/simf/1.0.0/enviar","method":"POST","timestamp":"2025-10-10T16:14:03.208276","message":"Schema compiled successfully for location"}
{"level":"debug","service_name":"BANCRECER","service_version":"0.0.1","service_id":"66e886f2-b945-45a1-a422-7bf9c2068993","request_trace_id":"49f9296f-a6c0-4186-9707-6b319fe67a1f","method":"POST","path":"/bancrecer/simf/1.0.0/enviar","ip":"::1","timestamp":"2025-10-10T16:14:05.357504","message":"Handling request"}
{"level":"debug","service_name":"BANCRECER","service_version":"0.0.1","service_id":"66e886f2-b945-45a1-a422-7bf9c2068993","request_trace_id":"49f9296f-a6c0-4186-9707-6b319fe67a1f","timestamp":"2025-10-10T16:14:05.357713","message":"Request body validation successful"}
{"level":"debug","service_name":"BANCRECER","service_version":"0.0.1","service_id":"0699598c-f894-44a4-bba5-79366e1c6e63","path":"/bancrecer/simf/1.0.0/enviar","method":"POST","timestamp":"2025-10-10T16:14:39.343986","message":"Schema compiled successfully for location"}
{"level":"debug","service_name":"BANCRECER","service_version":"0.0.1","service_id":"0699598c-f894-44a4-bba5-79366e1c6e63","request_trace_id":"00a4c8c6-3821-4ef0-8ec9-93611aa10b64","method":"POST","path":"/bancrecer/simf/1.0.0/enviar","ip":"::1","timestamp":"2025-10-10T16:14:42.188069","message":"Handling request"}
{"level":"debug","service_name":"BANCRECER","service_version":"0.0.1","service_id":"0699598c-f894-44a4-bba5-79366e1c6e63","request_trace_id":"00a4c8c6-3821-4ef0-8ec9-93611aa10b64","timestamp":"2025-10-10T16:14:42.188432","message":"Request body validation successful"}
{"level":"debug","service_name":"BANCRECER","service_version":"0.0.1","service_id":"83cef725-0bd2-4b08-9910-cbb8e511c9c3","path":"/bancrecer/simf/1.0.0/enviar","method":"POST","timestamp":"2025-10-10T16:15:02.546204","message":"Schema compiled successfully for location"}
{"level":"debug","service_name":"BANCRECER","service_version":"0.0.1","service_id":"83cef725-0bd2-4b08-9910-cbb8e511c9c3","request_trace_id":"5bf50ceb-5841-4c09-818a-ba292a7e231f","method":"POST","path":"/bancrecer/simf/1.0.0/enviar","ip":"::1","timestamp":"2025-10-10T16:15:04.967158","message":"Handling request"}
{"level":"debug","service_name":"BANCRECER","service_version":"0.0.1","service_id":"83cef725-0bd2-4b08-9910-cbb8e511c9c3","request_trace_id":"5bf50ceb-5841-4c09-818a-ba292a7e231f","timestamp":"2025-10-10T16:15:04.967314","message":"Request body validation successful"}
{"level":"debug","service_name":"BANCRECER","service_version":"0.0.1","service_id":"2af917dc-1821-4dfe-8c25-2928b315435a","path":"/bancrecer/simf/1.0.0/enviar","method":"POST","timestamp":"2025-10-10T16:15:14.990028","message":"Schema compiled successfully for location"}
{"level":"debug","service_name":"BANCRECER","service_version":"0.0.1","service_id":"2af917dc-1821-4dfe-8c25-2928b315435a","request_trace_id":"9d0cd4db-e8f5-4e4a-a789-31bb5bde4253","method":"POST","path":"/bancrecer/simf/1.0.0/enviar","ip":"::1","timestamp":"2025-10-10T16:15:17.027564","message":"Handling request"}
{"level":"debug","service_name":"BANCRECER","service_version":"0.0.1","service_id":"2af917dc-1821-4dfe-8c25-2928b315435a","request_trace_id":"9d0cd4db-e8f5-4e4a-a789-31bb5bde4253","timestamp":"2025-10-10T16:15:17.027919","message":"Request body validation successful"}
{"level":"debug","service_name":"BANCRECER","service_version":"0.0.1","service_id":"c1ee868c-ffc1-4d4f-a77c-45fe3a1d7de9","path":"/bancrecer/simf/1.0.0/enviar","method":"POST","timestamp":"2025-10-10T16:15:27.918906","message":"Schema compiled successfully for location"}
{"level":"debug","service_name":"BANCRECER","service_version":"0.0.1","service_id":"c1ee868c-ffc1-4d4f-a77c-45fe3a1d7de9","request_trace_id":"345e0f64-9a1f-4c86-a24c-d7f381d5b908","method":"POST","path":"/bancrecer/simf/1.0.0/enviar","ip":"::1","timestamp":"2025-10-10T16:15:29.537388","message":"Handling request"}
{"level":"debug","service_name":"BANCRECER","service_version":"0.0.1","service_id":"c1ee868c-ffc1-4d4f-a77c-45fe3a1d7de9","request_trace_id":"345e0f64-9a1f-4c86-a24c-d7f381d5b908","timestamp":"2025-10-10T16:15:29.537726","message":"Request body validation successful"}
{"level":"debug","service_name":"BANCRECER","service_version":"0.0.1","service_id":"4005627d-6a7e-4f21-a8ed-399cb8e2e2f6","path":"/bancrecer/simf/1.0.0/enviar","method":"POST","timestamp":"2025-10-10T16:16:12.148647","message":"Schema compiled successfully for location"}
{"level":"debug","service_name":"BANCRECER","service_version":"0.0.1","service_id":"255fde89-1634-4a42-9ca5-271a7c0f892b","path":"/bancrecer/simf/1.0.0/enviar","method":"POST","timestamp":"2025-10-10T16:16:42.426382","message":"Schema compiled successfully for location"}
{"level":"debug","service_name":"BANCRECER","service_version":"0.0.1","service_id":"255fde89-1634-4a42-9ca5-271a7c0f892b","request_trace_id":"1a0929eb-55c3-43a6-ad06-bd7eb6acf381","method":"POST","path":"/bancrecer/simf/1.0.0/enviar","ip":"::1","timestamp":"2025-10-10T16:16:44.020075","message":"Handling request"}
{"level":"debug","service_name":"BANCRECER","service_version":"0.0.1","service_id":"255fde89-1634-4a42-9ca5-271a7c0f892b","request_trace_id":"1a0929eb-55c3-43a6-ad06-bd7eb6acf381","timestamp":"2025-10-10T16:16:44.020202","message":"Request body validation successful"}
{"level":"debug","service_name":"BANCRECER","service_version":"0.0.1","service_id":"255fde89-1634-4a42-9ca5-271a7c0f892b","request_trace_id":"323f5392-ea10-4231-9d1d-86453516e2fc","method":"POST","path":"/bancrecer/simf/1.0.0/enviar","ip":"::1","timestamp":"2025-10-10T16:16:45.257149","message":"Handling request"}
{"level":"debug","service_name":"BANCRECER","service_version":"0.0.1","service_id":"255fde89-1634-4a42-9ca5-271a7c0f892b","request_trace_id":"323f5392-ea10-4231-9d1d-86453516e2fc","timestamp":"2025-10-10T16:16:45.257448","message":"Request body validation successful"}
{"level":"debug","service_name":"BANCRECER","service_version":"0.0.1","service_id":"255fde89-1634-4a42-9ca5-271a7c0f892b","request_trace_id":"0077b2c8-3df2-4c14-8a73-516c04f0ea9a","method":"POST","path":"/bancrecer/simf/1.0.0/enviar","ip":"::1","timestamp":"2025-10-10T16:16:50.776547","message":"Handling request"}
{"level":"debug","service_name":"BANCRECER","service_version":"0.0.1","service_id":"255fde89-1634-4a42-9ca5-271a7c0f892b","request_trace_id":"0077b2c8-3df2-4c14-8a73-516c04f0ea9a","timestamp":"2025-10-10T16:16:50.776706","message":"Request body validation successful"}
{"level":"debug","service_name":"BANCRECER","service_version":"0.0.1","service_id":"65b24f5d-f66b-4e11-9ca4-829c6002e198","path":"/bancrecer/simf/1.0.0/enviar","method":"POST","timestamp":"2025-10-10T16:17:13.175545","message":"Schema compiled successfully for location"}
{"level":"debug","service_name":"BANCRECER","service_version":"0.0.1","service_id":"f4b412db-7f15-424c-90f4-4d828778b9c0","path":"/bancrecer/simf/1.0.0/enviar","method":"POST","timestamp":"2025-10-10T16:17:31.102678","message":"Schema compiled successfully for location"}
{"level":"debug","service_name":"BANCRECER","service_version":"0.0.1","service_id":"f4b412db-7f15-424c-90f4-4d828778b9c0","request_trace_id":"db6a3cc1-96e4-4e70-802a-306f4f947949","method":"POST","path":"/bancrecer/simf/1.0.0/enviar","ip":"::1","timestamp":"2025-10-10T16:17:33.187834","message":"Handling request"}
{"level":"debug","service_name":"BANCRECER","service_version":"0.0.1","service_id":"f4b412db-7f15-424c-90f4-4d828778b9c0","request_trace_id":"db6a3cc1-96e4-4e70-802a-306f4f947949","timestamp":"2025-10-10T16:17:33.188544","message":"Request body validation successful"}
{"level":"debug","service_name":"BANCRECER","service_version":"0.0.1","service_id":"7e8cd454-edb3-492d-b9ec-2bce3e49881b","path":"/bancrecer/simf/1.0.0/enviar","method":"POST","timestamp":"2025-10-10T16:17:46.782926","message":"Schema compiled successfully for location"}
{"level":"debug","service_name":"BANCRECER","service_version":"0.0.1","service_id":"7e8cd454-edb3-492d-b9ec-2bce3e49881b","request_trace_id":"eb83c9b7-07c2-48f9-9df3-f29e51f3e1dc","method":"POST","path":"/bancrecer/simf/1.0.0/enviar","ip":"::1","timestamp":"2025-10-10T16:17:49.046093","message":"Handling request"}
{"level":"debug","service_name":"BANCRECER","service_version":"0.0.1","service_id":"7e8cd454-edb3-492d-b9ec-2bce3e49881b","request_trace_id":"eb83c9b7-07c2-48f9-9df3-f29e51f3e1dc","timestamp":"2025-10-10T16:17:49.046214","message":"Request body validation successful"}
{"level":"debug","service_name":"BANCRECER","service_version":"0.0.1","service_id":"7e8cd454-edb3-492d-b9ec-2bce3e49881b","request_trace_id":"74b3767b-d9d2-4f78-9290-c45202d56aa3","method":"POST","path":"/bancrecer/simf/1.0.0/enviar","ip":"::1","timestamp":"2025-10-10T16:17:50.327188","message":"Handling request"}
{"level":"debug","service_name":"BANCRECER","service_version":"0.0.1","service_id":"7e8cd454-edb3-492d-b9ec-2bce3e49881b","request_trace_id":"74b3767b-d9d2-4f78-9290-c45202d56aa3","timestamp":"2025-10-10T16:17:50.327524","message":"Request body validation successful"}
{"level":"debug","service_name":"BANCRECER","service_version":"0.0.1","service_id":"7e8cd454-edb3-492d-b9ec-2bce3e49881b","request_trace_id":"852f26e9-b690-4a5e-a611-daf8257c6ae2","method":"POST","path":"/bancrecer/simf/1.0.0/enviar","ip":"::1","timestamp":"2025-10-10T16:17:59.178423","message":"Handling request"}
{"level":"debug","service_name":"BANCRECER","service_version":"0.0.1","service_id":"7e8cd454-edb3-492d-b9ec-2bce3e49881b","request_trace_id":"852f26e9-b690-4a5e-a611-daf8257c6ae2","timestamp":"2025-10-10T16:17:59.178781","message":"Request body validation successful"}
{"level":"debug","service_name":"BANCRECER","service_version":"0.0.1","service_id":"7e8cd454-edb3-492d-b9ec-2bce3e49881b","request_trace_id":"10d95a3e-e8d3-4a72-8e05-4ae08b4ec858","method":"POST","path":"/bancrecer/simf/1.0.0/enviar","ip":"::1","timestamp":"2025-10-10T16:18:06.905115","message":"Handling request"}
{"level":"debug","service_name":"BANCRECER","service_version":"0.0.1","service_id":"7e8cd454-edb3-492d-b9ec-2bce3e49881b","request_trace_id":"10d95a3e-e8d3-4a72-8e05-4ae08b4ec858","timestamp":"2025-10-10T16:18:06.905265","message":"Request body validation successful"}
{"level":"debug","service_name":"BANCRECER","service_version":"0.0.1","service_id":"7e8cd454-edb3-492d-b9ec-2bce3e49881b","request_trace_id":"f882ec11-f720-45c3-a1de-6838300c57e0","method":"POST","path":"/bancrecer/simf/1.0.0/enviar","ip":"::1","timestamp":"2025-10-10T16:18:07.7362","message":"Handling request"}
{"level":"debug","service_name":"BANCRECER","service_version":"0.0.1","service_id":"7e8cd454-edb3-492d-b9ec-2bce3e49881b","request_trace_id":"f882ec11-f720-45c3-a1de-6838300c57e0","timestamp":"2025-10-10T16:18:07.736334","message":"Request body validation successful"}
{"level":"debug","service_name":"BANCRECER","service_version":"0.0.1","service_id":"7e8cd454-edb3-492d-b9ec-2bce3e49881b","request_trace_id":"de438ad7-1e21-4e83-9172-33cf6bfc5cad","method":"POST","path":"/bancrecer/simf/1.0.0/enviar","ip":"::1","timestamp":"2025-10-10T16:18:08.451638","message":"Handling request"}
{"level":"debug","service_name":"BANCRECER","service_version":"0.0.1","service_id":"7e8cd454-edb3-492d-b9ec-2bce3e49881b","request_trace_id":"de438ad7-1e21-4e83-9172-33cf6bfc5cad","timestamp":"2025-10-10T16:18:08.451788","message":"Request body validation successful"}
{"level":"debug","service_name":"BANCRECER","service_version":"0.0.1","service_id":"7e8cd454-edb3-492d-b9ec-2bce3e49881b","request_trace_id":"81dbbec3-346f-45db-8df1-46637fa44089","method":"POST","path":"/bancrecer/simf/1.0.0/enviar","ip":"::1","timestamp":"2025-10-10T16:18:09.140361","message":"Handling request"}
{"level":"debug","service_name":"BANCRECER","service_version":"0.0.1","service_id":"7e8cd454-edb3-492d-b9ec-2bce3e49881b","request_trace_id":"81dbbec3-346f-45db-8df1-46637fa44089","timestamp":"2025-10-10T16:18:09.140535","message":"Request body validation successful"}
{"level":"debug","service_name":"BANCRECER","service_version":"0.0.1","service_id":"7d985f46-037f-458a-9582-0b2f209b3477","path":"/bancrecer/simf/1.0.0/enviar","method":"POST","timestamp":"2025-10-10T16:18:38.189027","message":"Schema compiled successfully for location"}
{"level":"debug","service_name":"BANCRECER","service_version":"0.0.1","service_id":"7d985f46-037f-458a-9582-0b2f209b3477","request_trace_id":"0f2b426b-5efd-43cb-8eb5-1c401846b631","method":"POST","path":"/bancrecer/simf/1.0.0/enviar","ip":"::1","timestamp":"2025-10-10T16:18:40.122334","message":"Handling request"}
{"level":"debug","service_name":"BANCRECER","service_version":"0.0.1","service_id":"7d985f46-037f-458a-9582-0b2f209b3477","request_trace_id":"0f2b426b-5efd-43cb-8eb5-1c401846b631","timestamp":"2025-10-10T16:18:40.122624","message":"Request body validation successful"}
{"level":"debug","service_name":"BANCRECER","service_version":"0.0.1","service_id":"268f17a2-3e8d-4b70-813e-f65e6c93d130","path":"/bancrecer/simf/1.0.0/enviar","method":"POST","timestamp":"2025-10-10T16:19:39.087623","message":"Schema compiled successfully for location"}
{"level":"debug","service_name":"BANCRECER","service_version":"0.0.1","service_id":"268f17a2-3e8d-4b70-813e-f65e6c93d130","request_trace_id":"9e26ece8-133c-44a0-994d-6fa8ab89adc4","method":"POST","path":"/bancrecer/simf/1.0.0/enviar","ip":"::1","timestamp":"2025-10-10T16:19:51.39245","message":"Handling request"}
{"level":"debug","service_name":"BANCRECER","service_version":"0.0.1","service_id":"268f17a2-3e8d-4b70-813e-f65e6c93d130","request_trace_id":"9e26ece8-133c-44a0-994d-6fa8ab89adc4","timestamp":"2025-10-10T16:19:51.392744","message":"Request body validation successful"}
{"level":"debug","service_name":"BANCRECER","service_version":"0.0.1","service_id":"268f17a2-3e8d-4b70-813e-f65e6c93d130","request_trace_id":"3734acd9-1025-45be-b619-26417475bc94","method":"POST","path":"/bancrecer/simf/1.0.0/enviar","ip":"::1","timestamp":"2025-10-10T16:19:52.66646","message":"Handling request"}
{"level":"debug","service_name":"BANCRECER","service_version":"0.0.1","service_id":"268f17a2-3e8d-4b70-813e-f65e6c93d130","request_trace_id":"3734acd9-1025-45be-b619-26417475bc94","timestamp":"2025-10-10T16:19:52.666574","message":"Request body validation successful"}
{"level":"debug","service_name":"BANCRECER","service_version":"0.0.1","service_id":"268f17a2-3e8d-4b70-813e-f65e6c93d130","request_trace_id":"4151d8a0-fda1-4866-ad56-2f4b3008446c","method":"POST","path":"/bancrecer/simf/1.0.0/enviar","ip":"::1","timestamp":"2025-10-10T16:20:11.45791","message":"Handling request"}
{"level":"debug","service_name":"BANCRECER","service_version":"0.0.1","service_id":"268f17a2-3e8d-4b70-813e-f65e6c93d130","request_trace_id":"4151d8a0-fda1-4866-ad56-2f4b3008446c","timestamp":"2025-10-10T16:20:11.458265","message":"Request body validation successful"}
{"level":"debug","service_name":"BANCRECER","service_version":"0.0.1","service_id":"268f17a2-3e8d-4b70-813e-f65e6c93d130","request_trace_id":"6aabb758-fc7b-49cc-9987-330d28c6b25b","method":"POST","path":"/bancrecer/simf/1.0.0/enviar","ip":"::1","timestamp":"2025-10-10T16:20:11.944575","message":"Handling request"}
{"level":"debug","service_name":"BANCRECER","service_version":"0.0.1","service_id":"268f17a2-3e8d-4b70-813e-f65e6c93d130","request_trace_id":"6aabb758-fc7b-49cc-9987-330d28c6b25b","timestamp":"2025-10-10T16:20:11.944725","message":"Request body validation successful"}
{"level":"debug","service_name":"BANCRECER","service_version":"0.0.1","service_id":"268f17a2-3e8d-4b70-813e-f65e6c93d130","request_trace_id":"980c285e-a451-44b3-b13f-faf2730e74d2","method":"POST","path":"/bancrecer/simf/1.0.0/enviar","ip":"::1","timestamp":"2025-10-10T16:20:12.336817","message":"Handling request"}
{"level":"debug","service_name":"BANCRECER","service_version":"0.0.1","service_id":"268f17a2-3e8d-4b70-813e-f65e6c93d130","request_trace_id":"980c285e-a451-44b3-b13f-faf2730e74d2","timestamp":"2025-10-10T16:20:12.337612","message":"Request body validation successful"}
{"level":"debug","service_name":"BANCRECER","service_version":"0.0.1","service_id":"268f17a2-3e8d-4b70-813e-f65e6c93d130","request_trace_id":"9de8bb15-230b-4d07-af0e-4c43377a33c2","method":"POST","path":"/bancrecer/simf/1.0.0/enviar","ip":"::1","timestamp":"2025-10-10T16:20:12.76059","message":"Handling request"}
{"level":"debug","service_name":"BANCRECER","service_version":"0.0.1","service_id":"268f17a2-3e8d-4b70-813e-f65e6c93d130","request_trace_id":"9de8bb15-230b-4d07-af0e-4c43377a33c2","timestamp":"2025-10-10T16:20:12.760873","message":"Request body validation successful"}
{"level":"debug","service_name":"BANCRECER","service_version":"0.0.1","service_id":"268f17a2-3e8d-4b70-813e-f65e6c93d130","request_trace_id":"6cfdb997-b9dc-4b52-8285-c4cdf08376ec","method":"POST","path":"/bancrecer/simf/1.0.0/enviar","ip":"::1","timestamp":"2025-10-10T16:20:13.139795","message":"Handling request"}
{"level":"debug","service_name":"BANCRECER","service_version":"0.0.1","service_id":"268f17a2-3e8d-4b70-813e-f65e6c93d130","request_trace_id":"6cfdb997-b9dc-4b52-8285-c4cdf08376ec","timestamp":"2025-10-10T16:20:13.139925","message":"Request body validation successful"}
{"level":"debug","service_name":"BANCRECER","service_version":"0.0.1","service_id":"1ba706c4-760e-41f2-b5fc-4e2d54b8c48f","path":"/bancrecer/simf/1.0.0/enviar","method":"POST","timestamp":"2025-10-10T16:20:43.396991","message":"Schema compiled successfully for location"}
{"level":"debug","service_name":"BANCRECER","service_version":"0.0.1","service_id":"1ba706c4-760e-41f2-b5fc-4e2d54b8c48f","request_trace_id":"a9cb4290-073c-400a-a6c7-3126c7d3ff8f","method":"POST","path":"/bancrecer/simf/1.0.0/enviar","ip":"::1","timestamp":"2025-10-10T16:20:46.162249","message":"Handling request"}
{"level":"debug","service_name":"BANCRECER","service_version":"0.0.1","service_id":"1ba706c4-760e-41f2-b5fc-4e2d54b8c48f","request_trace_id":"a9cb4290-073c-400a-a6c7-3126c7d3ff8f","timestamp":"2025-10-10T16:20:46.163258","message":"Request body validation successful"}
{"level":"debug","service_name":"BANCRECER","service_version":"0.0.1","service_id":"2fe03387-eaf9-49ab-9090-b096e5c7c42a","path":"/bancrecer/simf/1.0.0/enviar","method":"POST","timestamp":"2025-10-10T16:20:54.594573","message":"Schema compiled successfully for location"}
{"level":"debug","service_name":"BANCRECER","service_version":"0.0.1","service_id":"2fe03387-eaf9-49ab-9090-b096e5c7c42a","request_trace_id":"c0fa9b45-6683-43cd-9d09-ef8d6caf4d38","method":"POST","path":"/bancrecer/simf/1.0.0/enviar","ip":"::1","timestamp":"2025-10-10T16:20:56.268101","message":"Handling request"}
{"level":"debug","service_name":"BANCRECER","service_version":"0.0.1","service_id":"2fe03387-eaf9-49ab-9090-b096e5c7c42a","request_trace_id":"c0fa9b45-6683-43cd-9d09-ef8d6caf4d38","timestamp":"2025-10-10T16:20:56.268577","message":"Request body validation successful"}
{"level":"debug","service_name":"BANCRECER","service_version":"0.0.1","service_id":"2fe03387-eaf9-49ab-9090-b096e5c7c42a","request_trace_id":"272f1920-383f-4b75-bda5-a7d4d1801227","method":"POST","path":"/bancrecer/simf/1.0.0/enviar","ip":"::1","timestamp":"2025-10-10T16:20:58.648","message":"Handling request"}
{"level":"debug","service_name":"BANCRECER","service_version":"0.0.1","service_id":"2fe03387-eaf9-49ab-9090-b096e5c7c42a","request_trace_id":"272f1920-383f-4b75-bda5-a7d4d1801227","timestamp":"2025-10-10T16:20:58.648286","message":"Request body validation successful"}
{"level":"debug","service_name":"BANCRECER","service_version":"0.0.1","service_id":"2fe03387-eaf9-49ab-9090-b096e5c7c42a","request_trace_id":"1fa9731f-4ee3-4fa6-830d-06d7f41bee82","method":"POST","path":"/bancrecer/simf/1.0.0/enviar","ip":"::1","timestamp":"2025-10-10T16:20:59.94155","message":"Handling request"}
{"level":"debug","service_name":"BANCRECER","service_version":"0.0.1","service_id":"2fe03387-eaf9-49ab-9090-b096e5c7c42a","request_trace_id":"1fa9731f-4ee3-4fa6-830d-06d7f41bee82","timestamp":"2025-10-10T16:20:59.94173","message":"Request body validation successful"}
{"level":"debug","service_name":"BANCRECER","service_version":"0.0.1","service_id":"2fe03387-eaf9-49ab-9090-b096e5c7c42a","request_trace_id":"60ff6275-c680-406a-bd69-d3723a131994","method":"POST","path":"/bancrecer/simf/1.0.0/enviar","ip":"::1","timestamp":"2025-10-10T16:21:01.741676","message":"Handling request"}
{"level":"debug","service_name":"BANCRECER","service_version":"0.0.1","service_id":"2fe03387-eaf9-49ab-9090-b096e5c7c42a","request_trace_id":"60ff6275-c680-406a-bd69-d3723a131994","timestamp":"2025-10-10T16:21:01.741809","message":"Request body validation successful"}
{"level":"debug","service_name":"BANCRECER","service_version":"0.0.1","service_id":"2fe03387-eaf9-49ab-9090-b096e5c7c42a","request_trace_id":"a7908182-9684-41a8-a0cc-289945120ad7","method":"POST","path":"/bancrecer/simf/1.0.0/enviar","ip":"::1","timestamp":"2025-10-10T16:21:03.237636","message":"Handling request"}
{"level":"debug","service_name":"BANCRECER","service_version":"0.0.1","service_id":"2fe03387-eaf9-49ab-9090-b096e5c7c42a","request_trace_id":"a7908182-9684-41a8-a0cc-289945120ad7","timestamp":"2025-10-10T16:21:03.237981","message":"Request body validation successful"}
