{"level":"info","service_name":"MAIN","service_version":"0.0.1","service_id":"7711cab8-56d6-4697-a6ab-ebd384e7399f","path":"/","method":"GET","status_code":200,"timestamp":"2025-09-22T11:08:58.769855","message":"Registering location"}
{"level":"info","service_name":"MAIN","service_version":"0.0.1","service_id":"7711cab8-56d6-4697-a6ab-ebd384e7399f","timestamp":"2025-09-22T11:08:58.771206","message":"Registered route: GET /"}
{"level":"info","service_name":"MAIN","service_version":"0.0.1","service_id":"207ef0ae-02a3-47dc-bcbb-9d0e6dd49fa9","path":"/visor","method":"GET","status_code":200,"timestamp":"2025-09-22T11:08:58.772422","message":"Registering location"}
{"level":"info","service_name":"MAIN","service_version":"0.0.1","service_id":"207ef0ae-02a3-47dc-bcbb-9d0e6dd49fa9","timestamp":"2025-09-22T11:08:58.772543","message":"Registered route: GET /visor"}
{"level":"info","service_name":"MAIN","service_version":"0.0.1","service_id":"ec0aa202-d29c-4ca8-9e16-4b3187a5e259","path":"/","method":"GET","status_code":200,"timestamp":"2025-09-22T11:09:38.836632","message":"Registering location"}
{"level":"info","service_name":"MAIN","service_version":"0.0.1","service_id":"ec0aa202-d29c-4ca8-9e16-4b3187a5e259","timestamp":"2025-09-22T11:09:38.83698","message":"Registered route: GET /"}
{"level":"info","service_name":"MAIN","service_version":"0.0.1","service_id":"62ccac9a-6110-49f0-8fdf-a78cfb6fd639","path":"/visor","method":"GET","status_code":200,"timestamp":"2025-09-22T11:09:38.837377","message":"Registering location"}
{"level":"info","service_name":"MAIN","service_version":"0.0.1","service_id":"62ccac9a-6110-49f0-8fdf-a78cfb6fd639","timestamp":"2025-09-22T11:09:38.837445","message":"Registered route: GET /visor"}
{"level":"info","service_name":"MAIN","service_version":"0.0.1","service_id":"ff4e5d05-ede4-4570-82f9-cf7b0324920b","path":"/","method":"GET","status_code":200,"timestamp":"2025-09-22T11:13:43.352494","message":"Registering location"}
{"level":"info","service_name":"MAIN","service_version":"0.0.1","service_id":"ff4e5d05-ede4-4570-82f9-cf7b0324920b","timestamp":"2025-09-22T11:13:43.353408","message":"Registered route: GET /"}
{"level":"info","service_name":"MAIN","service_version":"0.0.1","service_id":"48efadd9-be84-42ae-8209-cd83577107df","path":"/visor","method":"GET","status_code":200,"timestamp":"2025-09-22T11:13:43.354732","message":"Registering location"}
{"level":"info","service_name":"MAIN","service_version":"0.0.1","service_id":"48efadd9-be84-42ae-8209-cd83577107df","timestamp":"2025-09-22T11:13:43.354871","message":"Registered route: GET /visor"}
{"level":"info","service_name":"MAIN","service_version":"0.0.1","service_id":"d12d5747-3f48-4a00-8d5a-70486d6c4658","path":"/","method":"GET","status_code":200,"timestamp":"2025-09-22T11:14:06.177584","message":"Registering location"}
{"level":"info","service_name":"MAIN","service_version":"0.0.1","service_id":"d12d5747-3f48-4a00-8d5a-70486d6c4658","timestamp":"2025-09-22T11:14:06.178589","message":"Registered route: GET /"}
{"level":"info","service_name":"MAIN","service_version":"0.0.1","service_id":"e361391c-6f8f-4d4e-aab3-34f67cfe11a8","path":"/visor","method":"GET","status_code":200,"timestamp":"2025-09-22T11:14:06.179862","message":"Registering location"}
{"level":"info","service_name":"MAIN","service_version":"0.0.1","service_id":"e361391c-6f8f-4d4e-aab3-34f67cfe11a8","timestamp":"2025-09-22T11:14:06.179969","message":"Registered route: GET /visor"}
{"level":"info","service_name":"MAIN","service_version":"0.0.1","service_id":"fe907e8d-4be4-4d6d-9bea-6f0d5b1cb1bd","path":"/","method":"GET","status_code":200,"timestamp":"2025-09-22T11:18:21.889873","message":"Registering location"}
{"level":"info","service_name":"MAIN","service_version":"0.0.1","service_id":"fe907e8d-4be4-4d6d-9bea-6f0d5b1cb1bd","timestamp":"2025-09-22T11:18:21.89065","message":"Registered route: GET /"}
{"level":"info","service_name":"MAIN","service_version":"0.0.1","service_id":"437b69e2-74ea-4627-8bf8-b718af9c105a","path":"/visor","method":"GET","status_code":200,"timestamp":"2025-09-22T11:18:21.891882","message":"Registering location"}
{"level":"info","service_name":"MAIN","service_version":"0.0.1","service_id":"437b69e2-74ea-4627-8bf8-b718af9c105a","timestamp":"2025-09-22T11:18:21.892028","message":"Registered route: GET /visor"}
{"level":"info","service_name":"MAIN","service_version":"0.0.1","service_id":"8ced4a2b-325a-4c2e-806b-a9d2029f8c2d","path":"/","method":"GET","status_code":200,"timestamp":"2025-09-22T11:25:05.150522","message":"Registering location"}
{"level":"info","service_name":"MAIN","service_version":"0.0.1","service_id":"8ced4a2b-325a-4c2e-806b-a9d2029f8c2d","timestamp":"2025-09-22T11:25:05.150873","message":"Registered route: GET /"}
{"level":"info","service_name":"MAIN","service_version":"0.0.1","service_id":"f1ad9c8a-e689-456b-9cfe-42ecbb2f942a","path":"/","method":"GET","status_code":200,"timestamp":"2025-09-22T15:59:08.541385","message":"Registering location"}
{"level":"info","service_name":"MAIN","service_version":"0.0.1","service_id":"f1ad9c8a-e689-456b-9cfe-42ecbb2f942a","timestamp":"2025-09-22T15:59:08.542206","message":"Registered route: GET /"}
{"level":"info","service_name":"MAIN","service_version":"0.0.1","service_id":"f1ad9c8a-e689-456b-9cfe-42ecbb2f942a","request_trace_id":"0138bee3-deb6-44b7-868a-a01531aec356","async_url":"https://pruebas.app.sypago.net:8086/api/v1/auth/token","async_method":"POST","timestamp":"2025-09-22T15:59:33.718543","message":"Starting async call"}
{"level":"info","service_name":"MAIN","service_version":"0.0.1","service_id":"f1ad9c8a-e689-456b-9cfe-42ecbb2f942a","request_trace_id":"0138bee3-deb6-44b7-868a-a01531aec356","response":"{\"message\": \"Hello, World!\"}","timestamp":"2025-09-22T15:59:33.719575","message":"Response processed successfully"}
{"level":"info","service_name":"MAIN","service_version":"0.0.1","service_id":"f1ad9c8a-e689-456b-9cfe-42ecbb2f942a","request_trace_id":"0138bee3-deb6-44b7-868a-a01531aec356","status_code":200,"timestamp":"2025-09-22T15:59:33.719695","message":"Request completed successfully"}
{"level":"info","service_name":"MAIN","service_version":"0.0.1","service_id":"98782b05-75cd-46e6-bb2c-71e0b5bd12e0","path":"/","method":"GET","status_code":200,"timestamp":"2025-09-22T15:59:49.395108","message":"Registering location"}
{"level":"info","service_name":"MAIN","service_version":"0.0.1","service_id":"98782b05-75cd-46e6-bb2c-71e0b5bd12e0","timestamp":"2025-09-22T15:59:49.395248","message":"Registered route: GET /"}
{"level":"info","service_name":"MAIN","service_version":"0.0.1","service_id":"98782b05-75cd-46e6-bb2c-71e0b5bd12e0","request_trace_id":"2a70c61d-8aa2-44f8-8254-57157ff2fb2e","async_url":"https://pruebas.app.sypago.net:8086/api/v1/auth/token","async_method":"POST","timestamp":"2025-09-22T15:59:52.462033","message":"Starting async call"}
{"level":"info","service_name":"MAIN","service_version":"0.0.1","service_id":"98782b05-75cd-46e6-bb2c-71e0b5bd12e0","request_trace_id":"2a70c61d-8aa2-44f8-8254-57157ff2fb2e","response":"{\"message\": \"Hello, World!\"}","timestamp":"2025-09-22T15:59:52.462106","message":"Response processed successfully"}
{"level":"info","service_name":"MAIN","service_version":"0.0.1","service_id":"98782b05-75cd-46e6-bb2c-71e0b5bd12e0","request_trace_id":"2a70c61d-8aa2-44f8-8254-57157ff2fb2e","status_code":200,"timestamp":"2025-09-22T15:59:52.462149","message":"Request completed successfully"}
{"level":"info","service_name":"MAIN","service_version":"0.0.1","service_id":"98782b05-75cd-46e6-bb2c-71e0b5bd12e0","async_request_trace_id":"04a438ca-3666-46ae-a6a4-2b5093e57889","url":"https://pruebas.app.sypago.net:8086/api/v1/auth/token","method":"POST","status":"400 Bad Request","status_code":400,"timestamp":"2025-09-22T15:59:52.721957","message":"Async request completed successfully"}
{"level":"info","service_name":"MAIN","service_version":"0.0.1","service_id":"98782b05-75cd-46e6-bb2c-71e0b5bd12e0","request_trace_id":"f9809286-1c8a-472d-a642-33863c718bf6","async_url":"https://pruebas.app.sypago.net:8086/api/v1/auth/token","async_method":"POST","timestamp":"2025-09-22T16:00:49.104013","message":"Starting async call"}
{"level":"info","service_name":"MAIN","service_version":"0.0.1","service_id":"98782b05-75cd-46e6-bb2c-71e0b5bd12e0","request_trace_id":"f9809286-1c8a-472d-a642-33863c718bf6","response":"{\"message\": \"Hello, World!\"}","timestamp":"2025-09-22T16:00:49.104132","message":"Response processed successfully"}
{"level":"info","service_name":"MAIN","service_version":"0.0.1","service_id":"98782b05-75cd-46e6-bb2c-71e0b5bd12e0","request_trace_id":"f9809286-1c8a-472d-a642-33863c718bf6","status_code":200,"timestamp":"2025-09-22T16:00:49.104204","message":"Request completed successfully"}
{"level":"info","service_name":"MAIN","service_version":"0.0.1","service_id":"98782b05-75cd-46e6-bb2c-71e0b5bd12e0","async_request_trace_id":"aa465738-93c6-4dd2-87c1-e5aa068edac6","url":"https://pruebas.app.sypago.net:8086/api/v1/auth/token","method":"POST","status":"400 Bad Request","status_code":400,"timestamp":"2025-09-22T16:00:49.353544","message":"Async request completed successfully"}
{"level":"info","service_name":"MAIN","service_version":"0.0.1","service_id":"98782b05-75cd-46e6-bb2c-71e0b5bd12e0","request_trace_id":"a0ac83eb-fba6-47f4-9a7f-6cc7c7375d08","async_url":"https://pruebas.app.sypago.net:8086/api/v1/auth/token","async_method":"POST","timestamp":"2025-09-22T16:00:49.853963","message":"Starting async call"}
{"level":"info","service_name":"MAIN","service_version":"0.0.1","service_id":"98782b05-75cd-46e6-bb2c-71e0b5bd12e0","request_trace_id":"a0ac83eb-fba6-47f4-9a7f-6cc7c7375d08","response":"{\"message\": \"Hello, World!\"}","timestamp":"2025-09-22T16:00:49.854004","message":"Response processed successfully"}
{"level":"info","service_name":"MAIN","service_version":"0.0.1","service_id":"98782b05-75cd-46e6-bb2c-71e0b5bd12e0","request_trace_id":"a0ac83eb-fba6-47f4-9a7f-6cc7c7375d08","status_code":200,"timestamp":"2025-09-22T16:00:49.854034","message":"Request completed successfully"}
{"level":"info","service_name":"MAIN","service_version":"0.0.1","service_id":"98782b05-75cd-46e6-bb2c-71e0b5bd12e0","async_request_trace_id":"71a22937-2bfd-46d0-b5a6-07be4a76e6b3","url":"https://pruebas.app.sypago.net:8086/api/v1/auth/token","method":"POST","status":"400 Bad Request","status_code":400,"timestamp":"2025-09-22T16:00:50.094346","message":"Async request completed successfully"}
{"level":"info","service_name":"MAIN","service_version":"0.0.1","service_id":"98782b05-75cd-46e6-bb2c-71e0b5bd12e0","request_trace_id":"b9215b6b-9b75-48ca-9659-f9d4cfec0649","async_url":"https://pruebas.app.sypago.net:8086/api/v1/auth/token","async_method":"POST","timestamp":"2025-09-22T16:00:50.13637","message":"Starting async call"}
{"level":"info","service_name":"MAIN","service_version":"0.0.1","service_id":"98782b05-75cd-46e6-bb2c-71e0b5bd12e0","request_trace_id":"b9215b6b-9b75-48ca-9659-f9d4cfec0649","response":"{\"message\": \"Hello, World!\"}","timestamp":"2025-09-22T16:00:50.136437","message":"Response processed successfully"}
{"level":"info","service_name":"MAIN","service_version":"0.0.1","service_id":"98782b05-75cd-46e6-bb2c-71e0b5bd12e0","request_trace_id":"b9215b6b-9b75-48ca-9659-f9d4cfec0649","status_code":200,"timestamp":"2025-09-22T16:00:50.136487","message":"Request completed successfully"}
{"level":"info","service_name":"MAIN","service_version":"0.0.1","service_id":"98782b05-75cd-46e6-bb2c-71e0b5bd12e0","async_request_trace_id":"2374e238-7689-4966-94aa-8b9faf9e1d7f","url":"https://pruebas.app.sypago.net:8086/api/v1/auth/token","method":"POST","status":"400 Bad Request","status_code":400,"timestamp":"2025-09-22T16:00:50.384063","message":"Async request completed successfully"}
{"level":"info","service_name":"MAIN","service_version":"0.0.1","service_id":"98782b05-75cd-46e6-bb2c-71e0b5bd12e0","request_trace_id":"c74dc711-4a6e-427a-ad1f-4e257b419fa7","async_url":"https://pruebas.app.sypago.net:8086/api/v1/auth/token","async_method":"POST","timestamp":"2025-09-22T16:00:52.627358","message":"Starting async call"}
{"level":"info","service_name":"MAIN","service_version":"0.0.1","service_id":"98782b05-75cd-46e6-bb2c-71e0b5bd12e0","request_trace_id":"c74dc711-4a6e-427a-ad1f-4e257b419fa7","response":"{\"message\": \"Hello, World!\"}","timestamp":"2025-09-22T16:00:52.627393","message":"Response processed successfully"}
{"level":"info","service_name":"MAIN","service_version":"0.0.1","service_id":"98782b05-75cd-46e6-bb2c-71e0b5bd12e0","request_trace_id":"c74dc711-4a6e-427a-ad1f-4e257b419fa7","status_code":200,"timestamp":"2025-09-22T16:00:52.627433","message":"Request completed successfully"}
{"level":"info","service_name":"MAIN","service_version":"0.0.1","service_id":"98782b05-75cd-46e6-bb2c-71e0b5bd12e0","async_request_trace_id":"61c42046-4be2-4fde-a5c3-116ca6d2eb90","url":"https://pruebas.app.sypago.net:8086/api/v1/auth/token","method":"POST","status":"400 Bad Request","status_code":400,"timestamp":"2025-09-22T16:00:52.880711","message":"Async request completed successfully"}
{"level":"info","service_name":"MAIN","service_version":"0.0.1","service_id":"bfe71056-e852-4ae5-bca3-2fb0efe3c705","path":"/","method":"GET","status_code":200,"timestamp":"2025-09-22T16:08:03.09634","message":"Registering location"}
{"level":"info","service_name":"MAIN","service_version":"0.0.1","service_id":"bfe71056-e852-4ae5-bca3-2fb0efe3c705","timestamp":"2025-09-22T16:08:03.096728","message":"Registered route: GET /"}
{"level":"info","service_name":"MAIN","service_version":"0.0.1","service_id":"11e64c5f-bcb2-49f4-86c7-b5d379db3f13","path":"/","method":"GET","status_code":200,"timestamp":"2025-09-23T09:13:05.141401","message":"Registering location"}
{"level":"info","service_name":"MAIN","service_version":"0.0.1","service_id":"11e64c5f-bcb2-49f4-86c7-b5d379db3f13","timestamp":"2025-09-23T09:13:05.141802","message":"Registered route: GET /"}
{"level":"info","service_name":"MAIN","service_version":"0.0.1","service_id":"772c4617-7e2c-464a-98b7-8ae8e88b9c5b","path":"/","method":"GET","status_code":200,"timestamp":"2025-09-23T09:19:06.30712","message":"Registering location"}
{"level":"info","service_name":"MAIN","service_version":"0.0.1","service_id":"772c4617-7e2c-464a-98b7-8ae8e88b9c5b","timestamp":"2025-09-23T09:19:06.30726","message":"Registered route: GET /"}
{"level":"info","service_name":"MAIN","service_version":"0.0.1","service_id":"e41acc4c-875b-4144-8f8f-482738fa4d1d","path":"/","method":"GET","status_code":200,"timestamp":"2025-09-23T09:23:36.111492","message":"Registering location"}
{"level":"info","service_name":"MAIN","service_version":"0.0.1","service_id":"e41acc4c-875b-4144-8f8f-482738fa4d1d","timestamp":"2025-09-23T09:23:36.111618","message":"Registered route: GET /"}
{"level":"info","service_name":"MAIN","service_version":"0.0.1","service_id":"e41acc4c-875b-4144-8f8f-482738fa4d1d","request_trace_id":"f7b8c8e5-e530-47a5-a7de-2daedc0d0d39","async_url":"https://pruebas.app.sypago.net:8086/api/v1/auth/token","async_method":"POST","timestamp":"2025-09-23T13:29:41.494414","message":"Starting async call"}
{"level":"info","service_name":"MAIN","service_version":"0.0.1","service_id":"e41acc4c-875b-4144-8f8f-482738fa4d1d","request_trace_id":"f7b8c8e5-e530-47a5-a7de-2daedc0d0d39","response":"{\"message\": \"Hello, World!\"}","timestamp":"2025-09-23T13:29:41.495149","message":"Response processed successfully"}
{"level":"info","service_name":"MAIN","service_version":"0.0.1","service_id":"e41acc4c-875b-4144-8f8f-482738fa4d1d","request_trace_id":"f7b8c8e5-e530-47a5-a7de-2daedc0d0d39","status_code":200,"timestamp":"2025-09-23T13:29:41.495228","message":"Request completed successfully"}
{"level":"info","service_name":"MAIN","service_version":"0.0.1","service_id":"44ffc395-38cf-4c91-afd7-de3cb5ef8a9c","path":"/","method":"GET","status_code":200,"timestamp":"2025-09-23T13:30:11.086051","message":"Registering location"}
{"level":"info","service_name":"MAIN","service_version":"0.0.1","service_id":"44ffc395-38cf-4c91-afd7-de3cb5ef8a9c","timestamp":"2025-09-23T13:30:11.086188","message":"Registered route: GET /"}
{"level":"info","service_name":"MAIN","service_version":"0.0.1","service_id":"44ffc395-38cf-4c91-afd7-de3cb5ef8a9c","request_trace_id":"9faac89b-f96b-46d2-91c0-6ac438a194b0","response":"{\"message\": \"Hello, World!\"}","timestamp":"2025-09-23T13:30:28.72489","message":"Response processed successfully"}
{"level":"info","service_name":"MAIN","service_version":"0.0.1","service_id":"44ffc395-38cf-4c91-afd7-de3cb5ef8a9c","request_trace_id":"9faac89b-f96b-46d2-91c0-6ac438a194b0","status_code":200,"timestamp":"2025-09-23T13:30:28.725002","message":"Request completed successfully"}
{"level":"info","service_name":"MAIN","service_version":"0.0.1","service_id":"44ffc395-38cf-4c91-afd7-de3cb5ef8a9c","request_trace_id":"1972c1e7-2d2e-4a37-b644-2135a8f212c8","response":"{\"message\": \"Hello, World!\"}","timestamp":"2025-09-23T13:30:39.042903","message":"Response processed successfully"}
{"level":"info","service_name":"MAIN","service_version":"0.0.1","service_id":"44ffc395-38cf-4c91-afd7-de3cb5ef8a9c","request_trace_id":"1972c1e7-2d2e-4a37-b644-2135a8f212c8","status_code":200,"timestamp":"2025-09-23T13:30:39.042951","message":"Request completed successfully"}
{"level":"info","service_name":"MAIN","service_version":"0.0.1","service_id":"934fea32-c8cb-431e-a6d0-653dc1362626","path":"/","method":"GET","status_code":200,"timestamp":"2025-09-23T13:31:09.430508","message":"Registering location"}
{"level":"info","service_name":"MAIN","service_version":"0.0.1","service_id":"934fea32-c8cb-431e-a6d0-653dc1362626","timestamp":"2025-09-23T13:31:09.430628","message":"Registered route: GET /"}
{"level":"info","service_name":"MAIN","service_version":"0.0.1","service_id":"d1099da2-6d71-413b-956d-b8a996cb004b","path":"/","method":"GET","status_code":200,"timestamp":"2025-09-23T13:31:23.666214","message":"Registering location"}
{"level":"info","service_name":"MAIN","service_version":"0.0.1","service_id":"d1099da2-6d71-413b-956d-b8a996cb004b","timestamp":"2025-09-23T13:31:23.666342","message":"Registered route: GET /"}
{"level":"info","service_name":"MAIN","service_version":"0.0.1","service_id":"d1099da2-6d71-413b-956d-b8a996cb004b","request_trace_id":"73f3669d-0c89-44ed-9ed3-c196972f12de","response":"{\"message\": \"Hello, World!\"}","timestamp":"2025-09-23T13:33:07.792008","message":"Response processed successfully"}
{"level":"info","service_name":"MAIN","service_version":"0.0.1","service_id":"d1099da2-6d71-413b-956d-b8a996cb004b","request_trace_id":"73f3669d-0c89-44ed-9ed3-c196972f12de","status_code":200,"timestamp":"2025-09-23T13:33:07.792112","message":"Request completed successfully"}
{"level":"info","service_name":"MAIN","service_version":"0.0.1","service_id":"14fbc569-79e8-4eb0-8925-dac721afce52","path":"/","method":"GET","status_code":200,"timestamp":"2025-09-23T13:41:12.992596","message":"Registering location"}
{"level":"info","service_name":"MAIN","service_version":"0.0.1","service_id":"14fbc569-79e8-4eb0-8925-dac721afce52","timestamp":"2025-09-23T13:41:12.992714","message":"Registered route: GET /"}
{"level":"info","service_name":"MAIN","service_version":"0.0.1","service_id":"af6689a8-2992-42cb-8593-7f504f1849a6","path":"/","method":"GET","status_code":200,"timestamp":"2025-09-23T13:46:43.639852","message":"Registering location"}
{"level":"info","service_name":"MAIN","service_version":"0.0.1","service_id":"af6689a8-2992-42cb-8593-7f504f1849a6","timestamp":"2025-09-23T13:46:43.640003","message":"Registered route: GET /"}
{"level":"info","service_name":"MAIN","service_version":"0.0.1","service_id":"ecea35f4-17a7-45f7-879a-e0ae583c8a0c","path":"/","method":"GET","status_code":200,"timestamp":"2025-09-23T13:47:18.010822","message":"Registering location"}
{"level":"info","service_name":"MAIN","service_version":"0.0.1","service_id":"ecea35f4-17a7-45f7-879a-e0ae583c8a0c","timestamp":"2025-09-23T13:47:18.010946","message":"Registered route: GET /"}
{"level":"info","service_name":"MAIN","service_version":"0.0.1","service_id":"753f32f0-6658-4726-ba5b-2da2025374aa","path":"/","method":"GET","status_code":200,"timestamp":"2025-09-23T13:49:47.63865","message":"Registering location"}
{"level":"info","service_name":"MAIN","service_version":"0.0.1","service_id":"753f32f0-6658-4726-ba5b-2da2025374aa","timestamp":"2025-09-23T13:49:47.638777","message":"Registered route: GET /"}
{"level":"info","service_name":"MAIN","service_version":"0.0.1","service_id":"8b1626d2-ee06-47f3-b0a5-5334c9f574a1","path":"/","method":"GET","status_code":200,"timestamp":"2025-09-23T13:51:25.244852","message":"Registering location"}
{"level":"info","service_name":"MAIN","service_version":"0.0.1","service_id":"8b1626d2-ee06-47f3-b0a5-5334c9f574a1","timestamp":"2025-09-23T13:51:25.244968","message":"Registered route: GET /"}
{"level":"info","service_name":"MAIN","service_version":"0.0.1","service_id":"8b1626d2-ee06-47f3-b0a5-5334c9f574a1","request_trace_id":"80f20ac9-d87a-43d5-94dd-7fab044a01ac","response":"{\"message\": \"Hello, World!\"}","timestamp":"2025-09-23T13:51:45.890986","message":"Response processed successfully"}
{"level":"info","service_name":"MAIN","service_version":"0.0.1","service_id":"8b1626d2-ee06-47f3-b0a5-5334c9f574a1","request_trace_id":"80f20ac9-d87a-43d5-94dd-7fab044a01ac","status_code":200,"timestamp":"2025-09-23T13:51:45.891076","message":"Request completed successfully"}
{"level":"info","service_name":"MAIN","service_version":"0.0.1","service_id":"8b1626d2-ee06-47f3-b0a5-5334c9f574a1","request_trace_id":"f50761be-ef2c-4d97-ab60-49d8f969371e","response":"{\"message\": \"Hello, World!\"}","timestamp":"2025-09-23T13:52:56.206245","message":"Response processed successfully"}
{"level":"info","service_name":"MAIN","service_version":"0.0.1","service_id":"8b1626d2-ee06-47f3-b0a5-5334c9f574a1","request_trace_id":"f50761be-ef2c-4d97-ab60-49d8f969371e","status_code":200,"timestamp":"2025-09-23T13:52:56.206284","message":"Request completed successfully"}
{"level":"info","service_name":"MAIN","service_version":"0.0.1","service_id":"64eef21b-32d5-4055-873f-1da5548aa006","path":"/","method":"GET","status_code":200,"timestamp":"2025-09-23T13:53:36.658981","message":"Registering location"}
{"level":"info","service_name":"MAIN","service_version":"0.0.1","service_id":"64eef21b-32d5-4055-873f-1da5548aa006","timestamp":"2025-09-23T13:53:36.659106","message":"Registered route: GET /"}
{"level":"info","service_name":"MAIN","service_version":"0.0.1","service_id":"64eef21b-32d5-4055-873f-1da5548aa006","request_trace_id":"f91ac736-8727-4cad-90fc-0b98a8e646bc","response":"{\"message\": \"Hello, World!\"}","timestamp":"2025-09-23T13:53:42.63913","message":"Response processed successfully"}
{"level":"info","service_name":"MAIN","service_version":"0.0.1","service_id":"64eef21b-32d5-4055-873f-1da5548aa006","request_trace_id":"f91ac736-8727-4cad-90fc-0b98a8e646bc","status_code":200,"timestamp":"2025-09-23T13:53:42.63922","message":"Request completed successfully"}
{"level":"info","service_name":"MAIN","service_version":"0.0.1","service_id":"64eef21b-32d5-4055-873f-1da5548aa006","request_trace_id":"2d7eff49-7f4d-414e-8ab7-17546953758e","response":"{\"message\": \"Hello, World!\"}","timestamp":"2025-09-23T14:03:32.953361","message":"Response processed successfully"}
{"level":"info","service_name":"MAIN","service_version":"0.0.1","service_id":"64eef21b-32d5-4055-873f-1da5548aa006","request_trace_id":"2d7eff49-7f4d-414e-8ab7-17546953758e","status_code":200,"timestamp":"2025-09-23T14:03:32.953481","message":"Request completed successfully"}
{"level":"info","service_name":"MAIN","service_version":"0.0.1","service_id":"64eef21b-32d5-4055-873f-1da5548aa006","request_trace_id":"7fa2d97f-da5b-4c6a-8a76-6d3fa2799ed7","response":"{\"message\": \"Hello, World!\"}","timestamp":"2025-09-23T14:07:48.442195","message":"Response processed successfully"}
{"level":"info","service_name":"MAIN","service_version":"0.0.1","service_id":"64eef21b-32d5-4055-873f-1da5548aa006","request_trace_id":"7fa2d97f-da5b-4c6a-8a76-6d3fa2799ed7","status_code":200,"timestamp":"2025-09-23T14:07:48.442264","message":"Request completed successfully"}
{"level":"info","service_name":"MAIN","service_version":"0.0.1","service_id":"64eef21b-32d5-4055-873f-1da5548aa006","request_trace_id":"468678ff-d738-4604-8233-235b08d80b8a","response":"{\"message\": \"Hello, World!\"}","timestamp":"2025-09-23T14:07:54.297","message":"Response processed successfully"}
{"level":"info","service_name":"MAIN","service_version":"0.0.1","service_id":"64eef21b-32d5-4055-873f-1da5548aa006","request_trace_id":"468678ff-d738-4604-8233-235b08d80b8a","status_code":200,"timestamp":"2025-09-23T14:07:54.297095","message":"Request completed successfully"}
{"level":"info","service_name":"MAIN","service_version":"0.0.1","service_id":"64eef21b-32d5-4055-873f-1da5548aa006","request_trace_id":"c73b0c69-9168-4523-9110-29a3757750b6","response":"{\"message\": \"Hello, World!\"}","timestamp":"2025-09-23T14:07:55.28538","message":"Response processed successfully"}
{"level":"info","service_name":"MAIN","service_version":"0.0.1","service_id":"64eef21b-32d5-4055-873f-1da5548aa006","request_trace_id":"c73b0c69-9168-4523-9110-29a3757750b6","status_code":200,"timestamp":"2025-09-23T14:07:55.285453","message":"Request completed successfully"}
{"level":"info","service_name":"MAIN","service_version":"0.0.1","service_id":"64eef21b-32d5-4055-873f-1da5548aa006","request_trace_id":"9dc6778b-481e-4cb8-9adc-51ec09b76d24","response":"{\"message\": \"Hello, World!\"}","timestamp":"2025-09-23T14:07:56.007013","message":"Response processed successfully"}
{"level":"info","service_name":"MAIN","service_version":"0.0.1","service_id":"64eef21b-32d5-4055-873f-1da5548aa006","request_trace_id":"9dc6778b-481e-4cb8-9adc-51ec09b76d24","status_code":200,"timestamp":"2025-09-23T14:07:56.007079","message":"Request completed successfully"}
{"level":"info","service_name":"MAIN","service_version":"0.0.1","service_id":"64eef21b-32d5-4055-873f-1da5548aa006","request_trace_id":"800eeecd-c069-4a65-8597-06929ea93fd5","response":"{\"message\": \"Hello, World!\"}","timestamp":"2025-09-23T14:07:57.006359","message":"Response processed successfully"}
{"level":"info","service_name":"MAIN","service_version":"0.0.1","service_id":"64eef21b-32d5-4055-873f-1da5548aa006","request_trace_id":"800eeecd-c069-4a65-8597-06929ea93fd5","status_code":200,"timestamp":"2025-09-23T14:07:57.006452","message":"Request completed successfully"}
{"level":"info","service_name":"MAIN","service_version":"0.0.1","service_id":"64eef21b-32d5-4055-873f-1da5548aa006","request_trace_id":"c5e65fa5-4092-4a89-807d-68d606eec088","response":"{\"message\": \"Hello, World!\"}","timestamp":"2025-09-23T14:11:38.213539","message":"Response processed successfully"}
{"level":"info","service_name":"MAIN","service_version":"0.0.1","service_id":"64eef21b-32d5-4055-873f-1da5548aa006","request_trace_id":"c5e65fa5-4092-4a89-807d-68d606eec088","status_code":200,"timestamp":"2025-09-23T14:11:38.214003","message":"Request completed successfully"}
{"level":"info","service_name":"MAIN","service_version":"0.0.1","service_id":"b3e71c98-a88d-4dcb-b733-802a04c0ba80","path":"/","method":"GET","status_code":200,"timestamp":"2025-09-23T16:57:19.830534","message":"Registering location"}
{"level":"info","service_name":"MAIN","service_version":"0.0.1","service_id":"b3e71c98-a88d-4dcb-b733-802a04c0ba80","timestamp":"2025-09-23T16:57:19.830972","message":"Registered route: GET /"}
{"level":"info","service_name":"MAIN","service_version":"0.0.1","service_id":"b3e71c98-a88d-4dcb-b733-802a04c0ba80","request_trace_id":"e1f90706-d2ed-4a24-885a-e821c97abe3a","response":"{\"message\": \"Hello, World!\"}","timestamp":"2025-09-23T16:57:34.694947","message":"Response processed successfully"}
{"level":"info","service_name":"MAIN","service_version":"0.0.1","service_id":"b3e71c98-a88d-4dcb-b733-802a04c0ba80","request_trace_id":"e1f90706-d2ed-4a24-885a-e821c97abe3a","status_code":200,"timestamp":"2025-09-23T16:57:34.695045","message":"Request completed successfully"}
{"level":"info","service_name":"MAIN","service_version":"0.0.1","service_id":"b3e71c98-a88d-4dcb-b733-802a04c0ba80","request_trace_id":"bcc134c6-1ec9-4f5e-93ef-120b713c56d3","response":"{\"message\": \"Hello, World!\"}","timestamp":"2025-09-23T16:57:37.007568","message":"Response processed successfully"}
{"level":"info","service_name":"MAIN","service_version":"0.0.1","service_id":"b3e71c98-a88d-4dcb-b733-802a04c0ba80","request_trace_id":"bcc134c6-1ec9-4f5e-93ef-120b713c56d3","status_code":200,"timestamp":"2025-09-23T16:57:37.007654","message":"Request completed successfully"}
{"level":"info","service_name":"MAIN","service_version":"0.0.1","service_id":"b3e71c98-a88d-4dcb-b733-802a04c0ba80","request_trace_id":"e34b908d-4849-4c1c-9c4a-5c3fc35becf0","response":"{\"message\": \"Hello, World!\"}","timestamp":"2025-09-23T16:57:38.829932","message":"Response processed successfully"}
{"level":"info","service_name":"MAIN","service_version":"0.0.1","service_id":"b3e71c98-a88d-4dcb-b733-802a04c0ba80","request_trace_id":"e34b908d-4849-4c1c-9c4a-5c3fc35becf0","status_code":200,"timestamp":"2025-09-23T16:57:38.830021","message":"Request completed successfully"}
{"level":"info","service_name":"MAIN","service_version":"0.0.1","service_id":"c720f8ae-e410-4535-a6a6-a5c5ed048289","path":"/","method":"GET","status_code":200,"timestamp":"2025-09-23T16:58:05.195379","message":"Registering location"}
{"level":"info","service_name":"MAIN","service_version":"0.0.1","service_id":"c720f8ae-e410-4535-a6a6-a5c5ed048289","timestamp":"2025-09-23T16:58:05.1955","message":"Registered route: GET /"}
{"level":"info","service_name":"MAIN","service_version":"0.0.1","service_id":"4609af71-d32d-4fb4-ae6d-aa4818daf11c","path":"/","method":"GET","status_code":200,"timestamp":"2025-09-24T16:32:07.322708","message":"Registering location"}
{"level":"info","service_name":"MAIN","service_version":"0.0.1","service_id":"4609af71-d32d-4fb4-ae6d-aa4818daf11c","timestamp":"2025-09-24T16:32:07.323097","message":"Registered route: GET /"}
{"level":"info","service_name":"MAIN","service_version":"0.0.1","service_id":"9ad445e8-2c3f-4856-97dd-9b2c135c76a4","path":"/","method":"GET","status_code":200,"timestamp":"2025-09-24T16:32:18.905962","message":"Registering location"}
{"level":"info","service_name":"MAIN","service_version":"0.0.1","service_id":"9ad445e8-2c3f-4856-97dd-9b2c135c76a4","timestamp":"2025-09-24T16:32:21.674139","message":"Registered route: GET /"}
{"level":"info","service_name":"MAIN","service_version":"0.0.1","service_id":"78ac38c6-c8d3-4639-b621-54dbaf70fd6e","path":"/","method":"GET","status_code":200,"timestamp":"2025-09-25T14:51:07.090612","message":"Registering location"}
{"level":"info","service_name":"MAIN","service_version":"0.0.1","service_id":"78ac38c6-c8d3-4639-b621-54dbaf70fd6e","timestamp":"2025-09-25T14:51:07.091423","message":"Registered route: GET /"}
{"level":"info","service_name":"MAIN","service_version":"0.0.1","service_id":"7edbfe2a-40e5-420a-84f3-0c797add02d4","path":"/","method":"GET","status_code":200,"timestamp":"2025-09-25T14:55:20.496788","message":"Registering location"}
{"level":"info","service_name":"MAIN","service_version":"0.0.1","service_id":"7edbfe2a-40e5-420a-84f3-0c797add02d4","timestamp":"2025-09-25T14:55:25.240516","message":"registering static files at ./"}
{"level":"info","service_name":"MAIN","service_version":"0.0.1","service_id":"7edbfe2a-40e5-420a-84f3-0c797add02d4","timestamp":"2025-09-25T14:55:27.61749","message":"Registered route: GET /"}
{"level":"info","service_name":"MAIN","service_version":"0.0.1","service_id":"004b1214-7d16-4a09-aeda-b76fc8f3d476","path":"/","method":"GET","status_code":200,"timestamp":"2025-09-25T14:57:10.87477","message":"Registering location"}
{"level":"info","service_name":"MAIN","service_version":"0.0.1","service_id":"004b1214-7d16-4a09-aeda-b76fc8f3d476","timestamp":"2025-09-25T14:57:10.874914","message":"registering static files at ./"}
{"level":"info","service_name":"MAIN","service_version":"0.0.1","service_id":"004b1214-7d16-4a09-aeda-b76fc8f3d476","timestamp":"2025-09-25T14:57:19.624369","message":"Registered route: GET /"}
{"level":"info","service_name":"MAIN","service_version":"0.0.1","service_id":"59a0c0ae-4db7-44e1-90be-cd6d7df3439e","path":"/","method":"GET","status_code":200,"timestamp":"2025-09-25T14:59:59.696359","message":"Registering location"}
{"level":"info","service_name":"MAIN","service_version":"0.0.1","service_id":"59a0c0ae-4db7-44e1-90be-cd6d7df3439e","timestamp":"2025-09-25T14:59:59.696507","message":"registering static files at ../samplesite/"}
{"level":"info","service_name":"MAIN","service_version":"0.0.1","service_id":"59a0c0ae-4db7-44e1-90be-cd6d7df3439e","timestamp":"2025-09-25T15:00:02.523806","message":"Registered route: GET /"}
{"level":"info","service_name":"MAIN","service_version":"0.0.1","service_id":"be4de5de-5ee9-4a11-a186-92460c132c44","path":"/","method":"GET","status_code":200,"timestamp":"2025-09-25T15:01:17.674218","message":"Registering location"}
{"level":"info","service_name":"MAIN","service_version":"0.0.1","service_id":"be4de5de-5ee9-4a11-a186-92460c132c44","timestamp":"2025-09-25T15:01:17.674352","message":"registering static files at ./samplesite"}
{"level":"info","service_name":"MAIN","service_version":"0.0.1","service_id":"be4de5de-5ee9-4a11-a186-92460c132c44","timestamp":"2025-09-25T15:01:17.674388","message":"Registered route: GET /"}
{"level":"info","service_name":"MAIN","service_version":"0.0.1","service_id":"16a0eae4-0139-4ec3-8a0e-ca8777d05534","path":"/","method":"GET","status_code":200,"timestamp":"2025-09-25T15:01:30.714799","message":"Registering location"}
{"level":"info","service_name":"MAIN","service_version":"0.0.1","service_id":"16a0eae4-0139-4ec3-8a0e-ca8777d05534","timestamp":"2025-09-25T15:01:30.714936","message":"registering static files at ./samplesite/"}
{"level":"info","service_name":"MAIN","service_version":"0.0.1","service_id":"16a0eae4-0139-4ec3-8a0e-ca8777d05534","timestamp":"2025-09-25T15:01:30.714972","message":"Registered route: GET /"}
{"level":"info","service_name":"MAIN","service_version":"0.0.1","service_id":"a2b5ce84-639c-4376-ae73-2c2f9c6f5380","path":"/samplesite","method":"GET","status_code":200,"timestamp":"2025-09-25T15:01:41.810503","message":"Registering location"}
{"level":"info","service_name":"MAIN","service_version":"0.0.1","service_id":"a2b5ce84-639c-4376-ae73-2c2f9c6f5380","timestamp":"2025-09-25T15:01:41.810633","message":"registering static files at ./samplesite/"}
{"level":"info","service_name":"MAIN","service_version":"0.0.1","service_id":"a2b5ce84-639c-4376-ae73-2c2f9c6f5380","timestamp":"2025-09-25T15:01:41.810672","message":"Registered route: GET /samplesite"}
{"level":"info","service_name":"MAIN","service_version":"0.0.1","service_id":"2392cdf3-24e7-41c6-ab63-7c8b0f44dabf","path":"/","method":"GET","status_code":200,"timestamp":"2025-09-25T15:02:05.153641","message":"Registering location"}
{"level":"info","service_name":"MAIN","service_version":"0.0.1","service_id":"2392cdf3-24e7-41c6-ab63-7c8b0f44dabf","timestamp":"2025-09-25T15:02:05.153787","message":"registering static files at ./samplesite"}
{"level":"info","service_name":"MAIN","service_version":"0.0.1","service_id":"2392cdf3-24e7-41c6-ab63-7c8b0f44dabf","timestamp":"2025-09-25T15:02:05.153829","message":"Registered route: GET /"}
{"level":"info","service_name":"MAIN","service_version":"0.0.1","service_id":"3666965a-0838-42e7-9401-3845b929a935","path":"/","method":"GET","status_code":200,"timestamp":"2025-09-25T15:02:53.095481","message":"Registering location"}
{"level":"info","service_name":"MAIN","service_version":"0.0.1","service_id":"3666965a-0838-42e7-9401-3845b929a935","timestamp":"2025-09-25T15:02:53.095636","message":"registering static files at ./samplesite"}
{"level":"info","service_name":"MAIN","service_version":"0.0.1","service_id":"3666965a-0838-42e7-9401-3845b929a935","timestamp":"2025-09-25T15:02:57.879892","message":"Registered route: GET /"}
{"level":"info","service_name":"MAIN","service_version":"0.0.1","service_id":"2e4a6775-3767-4678-9b80-6be9f8042e94","path":"/","method":"GET","status_code":200,"timestamp":"2025-09-25T15:09:09.773067","message":"Registering location"}
{"level":"info","service_name":"MAIN","service_version":"0.0.1","service_id":"2e4a6775-3767-4678-9b80-6be9f8042e94","timestamp":"2025-09-25T15:09:09.773397","message":"registering static files at ./samplesite"}
{"level":"info","service_name":"MAIN","service_version":"0.0.1","service_id":"2e4a6775-3767-4678-9b80-6be9f8042e94","timestamp":"2025-09-25T15:09:15.89477","message":"Registered route: GET /"}
{"level":"info","service_name":"MAIN","service_version":"0.0.1","service_id":"d47b4710-82cd-41a3-b8b3-b6f61554d8de","path":"/","method":"GET","status_code":200,"timestamp":"2025-09-25T15:09:49.424527","message":"Registering location"}
{"level":"info","service_name":"MAIN","service_version":"0.0.1","service_id":"d47b4710-82cd-41a3-b8b3-b6f61554d8de","timestamp":"2025-09-25T15:09:49.424691","message":"registering static files at ./samplesite"}
{"level":"info","service_name":"MAIN","service_version":"0.0.1","service_id":"58d78563-3282-4f94-8f39-6693a9321816","path":"/","method":"GET","status_code":200,"timestamp":"2025-09-25T15:12:43.218704","message":"Registering location"}
{"level":"info","service_name":"MAIN","service_version":"0.0.1","service_id":"58d78563-3282-4f94-8f39-6693a9321816","timestamp":"2025-09-25T15:12:43.218894","message":"registering static files at samplesite"}
{"level":"info","service_name":"MAIN","service_version":"0.0.1","service_id":"58d78563-3282-4f94-8f39-6693a9321816","timestamp":"2025-09-25T15:12:44.172275","message":"Registered route: GET /"}
{"level":"info","service_name":"MAIN","service_version":"0.0.1","service_id":"44c30a63-8504-44df-966f-58d7e0a59abe","path":"/sample","method":"GET","status_code":200,"timestamp":"2025-09-25T15:14:21.923961","message":"Registering location"}
{"level":"info","service_name":"MAIN","service_version":"0.0.1","service_id":"44c30a63-8504-44df-966f-58d7e0a59abe","timestamp":"2025-09-25T15:14:21.924089","message":"registering static files at samplesite"}
{"level":"info","service_name":"MAIN","service_version":"0.0.1","service_id":"44c30a63-8504-44df-966f-58d7e0a59abe","timestamp":"2025-09-25T15:14:21.924132","message":"Registered route: GET /sample"}
{"level":"info","service_name":"MAIN","service_version":"0.0.1","service_id":"7d062915-9ad9-4c07-a974-b8b55e740d17","path":"/sample","method":"GET","status_code":200,"timestamp":"2025-09-25T15:25:54.764658","message":"Registering location"}
{"level":"info","service_name":"MAIN","service_version":"0.0.1","service_id":"7d062915-9ad9-4c07-a974-b8b55e740d17","timestamp":"2025-09-25T15:25:54.764805","message":"registering static files at samplesite"}
{"level":"info","service_name":"MAIN","service_version":"0.0.1","service_id":"7d062915-9ad9-4c07-a974-b8b55e740d17","timestamp":"2025-09-25T15:25:54.764846","message":"Registered route: GET /sample"}
{"level":"info","service_name":"MAIN","service_version":"0.0.1","service_id":"ccffd49f-858d-4187-9d6d-7749c1e8e371","path":"/","method":"GET","status_code":200,"timestamp":"2025-09-25T15:27:03.159922","message":"Registering location"}
{"level":"info","service_name":"MAIN","service_version":"0.0.1","service_id":"ccffd49f-858d-4187-9d6d-7749c1e8e371","timestamp":"2025-09-25T15:27:03.160061","message":"registering static files at samplesite"}
{"level":"info","service_name":"MAIN","service_version":"0.0.1","service_id":"ccffd49f-858d-4187-9d6d-7749c1e8e371","timestamp":"2025-09-25T15:27:03.160097","message":"Registered route: GET /"}
{"level":"info","service_name":"MAIN","service_version":"0.0.1","service_id":"3df9bafc-a119-4ff2-a1f8-23e6894b1187","path":"/","method":"GET","status_code":200,"timestamp":"2025-09-30T09:10:43.519454","message":"Registering location"}
{"level":"info","service_name":"MAIN","service_version":"0.0.1","service_id":"3df9bafc-a119-4ff2-a1f8-23e6894b1187","timestamp":"2025-09-30T09:10:43.519783","message":"registering static files at samplesite"}
{"level":"info","service_name":"MAIN","service_version":"0.0.1","service_id":"3df9bafc-a119-4ff2-a1f8-23e6894b1187","timestamp":"2025-09-30T09:10:43.519843","message":"Registered route: GET /"}
{"level":"info","service_name":"MAIN","service_version":"0.0.1","service_id":"396460be-9daf-410c-b2c5-589303978304","path":"/","method":"GET","status_code":200,"timestamp":"2025-09-30T09:11:37.79269","message":"Registering location"}
{"level":"info","service_name":"MAIN","service_version":"0.0.1","service_id":"396460be-9daf-410c-b2c5-589303978304","timestamp":"2025-09-30T09:11:37.792814","message":"registering static files at samplesite"}
{"level":"info","service_name":"MAIN","service_version":"0.0.1","service_id":"396460be-9daf-410c-b2c5-589303978304","timestamp":"2025-09-30T09:11:37.79284","message":"Registered route: GET /"}
{"level":"info","service_name":"MAIN","service_version":"0.0.1","service_id":"3f81d2b6-6575-4318-8ea0-a2633c91f32d","path":"/","method":"GET","status_code":200,"timestamp":"2025-10-09T09:27:04.347244","message":"Registering location"}
{"level":"info","service_name":"MAIN","service_version":"0.0.1","service_id":"3f81d2b6-6575-4318-8ea0-a2633c91f32d","timestamp":"2025-10-09T09:27:04.347764","message":"registering static files at samplesite"}
{"level":"info","service_name":"MAIN","service_version":"0.0.1","service_id":"3f81d2b6-6575-4318-8ea0-a2633c91f32d","timestamp":"2025-10-09T09:27:04.347819","message":"Registered route: GET /"}
{"level":"info","service_name":"MAIN","service_version":"0.0.1","service_id":"e9983786-ebcc-46ff-8ce9-dbfc1079f391","path":"/","method":"GET","status_code":200,"timestamp":"2025-10-09T09:27:26.185814","message":"Registering location"}
{"level":"info","service_name":"MAIN","service_version":"0.0.1","service_id":"e9983786-ebcc-46ff-8ce9-dbfc1079f391","timestamp":"2025-10-09T09:27:26.185906","message":"registering static files at samplesite"}
{"level":"info","service_name":"MAIN","service_version":"0.0.1","service_id":"e9983786-ebcc-46ff-8ce9-dbfc1079f391","timestamp":"2025-10-09T09:27:26.185923","message":"Registered route: GET /"}
{"level":"info","service_name":"MAIN","service_version":"0.0.1","service_id":"17370bf2-3192-4980-8d6a-fdbcf3910d30","path":"/","method":"GET","status_code":200,"timestamp":"2025-10-09T09:35:00.962011","message":"Registering location"}
{"level":"info","service_name":"MAIN","service_version":"0.0.1","service_id":"17370bf2-3192-4980-8d6a-fdbcf3910d30","timestamp":"2025-10-09T09:35:00.962081","message":"registering static files at samplesite"}
{"level":"info","service_name":"MAIN","service_version":"0.0.1","service_id":"17370bf2-3192-4980-8d6a-fdbcf3910d30","timestamp":"2025-10-09T09:35:00.962099","message":"Registered route: GET /"}
{"level":"info","service_name":"MAIN","service_version":"0.0.1","service_id":"c2f91cf9-9e7b-4556-bac4-e13281af9d3d","path":"/","method":"GET","status_code":200,"timestamp":"2025-10-09T09:38:16.528617","message":"Registering location"}
{"level":"info","service_name":"MAIN","service_version":"0.0.1","service_id":"c2f91cf9-9e7b-4556-bac4-e13281af9d3d","timestamp":"2025-10-09T09:38:16.52896","message":"registering static files at samplesite"}
{"level":"info","service_name":"MAIN","service_version":"0.0.1","service_id":"c2f91cf9-9e7b-4556-bac4-e13281af9d3d","timestamp":"2025-10-09T09:38:16.529022","message":"Registered route: GET /"}
{"level":"info","service_name":"MAIN","service_version":"0.0.1","service_id":"81bebda0-dba2-4a44-8703-71ca631fe316","path":"/","method":"GET","status_code":200,"timestamp":"2025-10-09T10:03:41.270952","message":"Registering location"}
{"level":"info","service_name":"MAIN","service_version":"0.0.1","service_id":"81bebda0-dba2-4a44-8703-71ca631fe316","timestamp":"2025-10-09T10:03:41.271065","message":"registering static files at samplesite"}
{"level":"info","service_name":"MAIN","service_version":"0.0.1","service_id":"81bebda0-dba2-4a44-8703-71ca631fe316","timestamp":"2025-10-09T10:03:41.271094","message":"Registered route: GET /"}
{"level":"info","service_name":"MAIN","service_version":"0.0.1","service_id":"8e809d48-3a1a-47ab-9dfb-a40e22509a69","path":"/","method":"GET","status_code":200,"timestamp":"2025-10-09T10:07:18.242988","message":"Registering location"}
{"level":"info","service_name":"MAIN","service_version":"0.0.1","service_id":"8e809d48-3a1a-47ab-9dfb-a40e22509a69","timestamp":"2025-10-09T10:07:18.243105","message":"registering static files at samplesite"}
{"level":"info","service_name":"MAIN","service_version":"0.0.1","service_id":"8e809d48-3a1a-47ab-9dfb-a40e22509a69","timestamp":"2025-10-09T10:07:18.243134","message":"Registered route: GET /"}
{"level":"info","service_name":"MAIN","service_version":"0.0.1","service_id":"d3237f91-98f8-4591-bb07-55e3be65530a","path":"/","method":"GET","status_code":200,"timestamp":"2025-10-09T10:07:41.982824","message":"Registering location"}
{"level":"info","service_name":"MAIN","service_version":"0.0.1","service_id":"d3237f91-98f8-4591-bb07-55e3be65530a","timestamp":"2025-10-09T10:07:41.982929","message":"registering static files at samplesite"}
{"level":"info","service_name":"MAIN","service_version":"0.0.1","service_id":"d3237f91-98f8-4591-bb07-55e3be65530a","timestamp":"2025-10-09T10:07:41.982959","message":"Registered route: GET /"}
{"level":"info","service_name":"MAIN","service_version":"0.0.1","service_id":"064919b0-5b2e-4375-b0cf-4beb326a7b16","path":"/","method":"GET","status_code":200,"timestamp":"2025-10-10T15:58:11.412523","message":"Registering location"}
{"level":"info","service_name":"MAIN","service_version":"0.0.1","service_id":"064919b0-5b2e-4375-b0cf-4beb326a7b16","timestamp":"2025-10-10T15:58:11.412923","message":"registering static files at samplesite"}
{"level":"info","service_name":"MAIN","service_version":"0.0.1","service_id":"064919b0-5b2e-4375-b0cf-4beb326a7b16","timestamp":"2025-10-10T15:58:11.412974","message":"Registered route: GET /"}
{"level":"info","service_name":"MAIN","service_version":"0.0.1","service_id":"3a50df92-f2e4-4411-b925-05d7b925937a","path":"/","method":"GET","status_code":200,"timestamp":"2025-10-10T16:01:54.204571","message":"Registering location"}
{"level":"info","service_name":"MAIN","service_version":"0.0.1","service_id":"3a50df92-f2e4-4411-b925-05d7b925937a","timestamp":"2025-10-10T16:01:54.204639","message":"registering static files at samplesite"}
{"level":"info","service_name":"MAIN","service_version":"0.0.1","service_id":"3a50df92-f2e4-4411-b925-05d7b925937a","timestamp":"2025-10-10T16:01:54.204653","message":"Registered route: GET /"}
{"level":"info","service_name":"MAIN","service_version":"0.0.1","service_id":"b6d9c25d-1b74-44b8-a96b-684ce61187ae","path":"/","method":"GET","status_code":200,"timestamp":"2025-10-10T16:02:49.709224","message":"Registering location"}
{"level":"info","service_name":"MAIN","service_version":"0.0.1","service_id":"b6d9c25d-1b74-44b8-a96b-684ce61187ae","timestamp":"2025-10-10T16:02:49.709291","message":"registering static files at samplesite"}
{"level":"info","service_name":"MAIN","service_version":"0.0.1","service_id":"b6d9c25d-1b74-44b8-a96b-684ce61187ae","timestamp":"2025-10-10T16:02:49.709307","message":"Registered route: GET /"}
{"level":"info","service_name":"MAIN","service_version":"0.0.1","service_id":"14ea717c-cb68-4003-8d48-efb86933625f","path":"/","method":"GET","status_code":200,"timestamp":"2025-10-10T16:03:04.489722","message":"Registering location"}
{"level":"info","service_name":"MAIN","service_version":"0.0.1","service_id":"14ea717c-cb68-4003-8d48-efb86933625f","timestamp":"2025-10-10T16:03:04.489789","message":"registering static files at samplesite"}
{"level":"info","service_name":"MAIN","service_version":"0.0.1","service_id":"14ea717c-cb68-4003-8d48-efb86933625f","timestamp":"2025-10-10T16:03:04.489806","message":"Registered route: GET /"}
{"level":"info","service_name":"MAIN","service_version":"0.0.1","service_id":"bc6b8028-02b1-4219-9773-91d1c03b3681","path":"/","method":"GET","status_code":200,"timestamp":"2025-10-10T16:05:30.10429","message":"Registering location"}
{"level":"info","service_name":"MAIN","service_version":"0.0.1","service_id":"bc6b8028-02b1-4219-9773-91d1c03b3681","timestamp":"2025-10-10T16:05:30.104387","message":"registering static files at samplesite"}
{"level":"info","service_name":"MAIN","service_version":"0.0.1","service_id":"bc6b8028-02b1-4219-9773-91d1c03b3681","timestamp":"2025-10-10T16:05:30.104452","message":"Registered route: GET /"}
{"level":"info","service_name":"MAIN","service_version":"0.0.1","service_id":"8e85150c-0b7d-483d-a84a-3a0f26c16388","path":"/","method":"GET","status_code":200,"timestamp":"2025-10-10T16:07:30.832403","message":"Registering location"}
{"level":"info","service_name":"MAIN","service_version":"0.0.1","service_id":"8e85150c-0b7d-483d-a84a-3a0f26c16388","timestamp":"2025-10-10T16:07:30.832478","message":"registering static files at samplesite"}
{"level":"info","service_name":"MAIN","service_version":"0.0.1","service_id":"8e85150c-0b7d-483d-a84a-3a0f26c16388","timestamp":"2025-10-10T16:07:30.832503","message":"Registered route: GET /"}
{"level":"info","service_name":"MAIN","service_version":"0.0.1","service_id":"a8c3447e-d973-47d5-925e-f8f683018588","path":"/","method":"GET","status_code":200,"timestamp":"2025-10-10T16:08:24.179603","message":"Registering location"}
{"level":"info","service_name":"MAIN","service_version":"0.0.1","service_id":"a8c3447e-d973-47d5-925e-f8f683018588","timestamp":"2025-10-10T16:08:24.179691","message":"registering static files at samplesite"}
{"level":"info","service_name":"MAIN","service_version":"0.0.1","service_id":"a8c3447e-d973-47d5-925e-f8f683018588","timestamp":"2025-10-10T16:08:24.179729","message":"Registered route: GET /"}
{"level":"info","service_name":"MAIN","service_version":"0.0.1","service_id":"8db7d531-d687-4ad0-ad84-8b1adb22647f","path":"/","method":"GET","status_code":200,"timestamp":"2025-10-10T16:09:48.942279","message":"Registering location"}
{"level":"info","service_name":"MAIN","service_version":"0.0.1","service_id":"8db7d531-d687-4ad0-ad84-8b1adb22647f","timestamp":"2025-10-10T16:09:48.942367","message":"registering static files at samplesite"}
{"level":"info","service_name":"MAIN","service_version":"0.0.1","service_id":"8db7d531-d687-4ad0-ad84-8b1adb22647f","timestamp":"2025-10-10T16:09:48.942411","message":"Registered route: GET /"}
{"level":"info","service_name":"MAIN","service_version":"0.0.1","service_id":"04307a99-d07e-4b59-b9e5-34a38dd5f186","path":"/","method":"GET","status_code":200,"timestamp":"2025-10-10T16:13:19.07554","message":"Registering location"}
{"level":"info","service_name":"MAIN","service_version":"0.0.1","service_id":"04307a99-d07e-4b59-b9e5-34a38dd5f186","timestamp":"2025-10-10T16:13:19.075625","message":"registering static files at samplesite"}
{"level":"info","service_name":"MAIN","service_version":"0.0.1","service_id":"04307a99-d07e-4b59-b9e5-34a38dd5f186","timestamp":"2025-10-10T16:13:19.075642","message":"Registered route: GET /"}
{"level":"info","service_name":"MAIN","service_version":"0.0.1","service_id":"18409671-980e-45bc-83ab-31eda86f6193","path":"/","method":"GET","status_code":200,"timestamp":"2025-10-10T16:13:45.089004","message":"Registering location"}
{"level":"info","service_name":"MAIN","service_version":"0.0.1","service_id":"18409671-980e-45bc-83ab-31eda86f6193","timestamp":"2025-10-10T16:13:45.089068","message":"registering static files at samplesite"}
{"level":"info","service_name":"MAIN","service_version":"0.0.1","service_id":"18409671-980e-45bc-83ab-31eda86f6193","timestamp":"2025-10-10T16:13:45.089085","message":"Registered route: GET /"}
{"level":"info","service_name":"MAIN","service_version":"0.0.1","service_id":"f875b327-2e24-414c-af5b-3206caab0776","path":"/","method":"GET","status_code":200,"timestamp":"2025-10-10T16:14:03.20777","message":"Registering location"}
{"level":"info","service_name":"MAIN","service_version":"0.0.1","service_id":"f875b327-2e24-414c-af5b-3206caab0776","timestamp":"2025-10-10T16:14:03.207834","message":"registering static files at samplesite"}
{"level":"info","service_name":"MAIN","service_version":"0.0.1","service_id":"f875b327-2e24-414c-af5b-3206caab0776","timestamp":"2025-10-10T16:14:03.207851","message":"Registered route: GET /"}
{"level":"info","service_name":"MAIN","service_version":"0.0.1","service_id":"939a00a7-830b-42f6-a27b-30f0d7512bc4","path":"/","method":"GET","status_code":200,"timestamp":"2025-10-10T16:14:39.343454","message":"Registering location"}
{"level":"info","service_name":"MAIN","service_version":"0.0.1","service_id":"939a00a7-830b-42f6-a27b-30f0d7512bc4","timestamp":"2025-10-10T16:14:39.343519","message":"registering static files at samplesite"}
{"level":"info","service_name":"MAIN","service_version":"0.0.1","service_id":"939a00a7-830b-42f6-a27b-30f0d7512bc4","timestamp":"2025-10-10T16:14:39.343534","message":"Registered route: GET /"}
{"level":"info","service_name":"MAIN","service_version":"0.0.1","service_id":"4250fd01-8e15-4529-a52d-87d059057b7c","path":"/","method":"GET","status_code":200,"timestamp":"2025-10-10T16:15:02.545454","message":"Registering location"}
{"level":"info","service_name":"MAIN","service_version":"0.0.1","service_id":"4250fd01-8e15-4529-a52d-87d059057b7c","timestamp":"2025-10-10T16:15:02.545534","message":"registering static files at samplesite"}
{"level":"info","service_name":"MAIN","service_version":"0.0.1","service_id":"4250fd01-8e15-4529-a52d-87d059057b7c","timestamp":"2025-10-10T16:15:02.545555","message":"Registered route: GET /"}
{"level":"info","service_name":"MAIN","service_version":"0.0.1","service_id":"ef7711be-c11a-488a-a295-4d7864f96c24","path":"/","method":"GET","status_code":200,"timestamp":"2025-10-10T16:15:14.989412","message":"Registering location"}
{"level":"info","service_name":"MAIN","service_version":"0.0.1","service_id":"ef7711be-c11a-488a-a295-4d7864f96c24","timestamp":"2025-10-10T16:15:14.989475","message":"registering static files at samplesite"}
{"level":"info","service_name":"MAIN","service_version":"0.0.1","service_id":"ef7711be-c11a-488a-a295-4d7864f96c24","timestamp":"2025-10-10T16:15:14.98949","message":"Registered route: GET /"}
{"level":"info","service_name":"MAIN","service_version":"0.0.1","service_id":"90de63f6-67a6-43e0-b664-544a4779db03","path":"/","method":"GET","status_code":200,"timestamp":"2025-10-10T16:15:27.918383","message":"Registering location"}
{"level":"info","service_name":"MAIN","service_version":"0.0.1","service_id":"90de63f6-67a6-43e0-b664-544a4779db03","timestamp":"2025-10-10T16:15:27.918451","message":"registering static files at samplesite"}
{"level":"info","service_name":"MAIN","service_version":"0.0.1","service_id":"90de63f6-67a6-43e0-b664-544a4779db03","timestamp":"2025-10-10T16:15:27.918467","message":"Registered route: GET /"}
{"level":"info","service_name":"MAIN","service_version":"0.0.1","service_id":"a3073401-d6a2-487a-bfdd-81388784b314","path":"/","method":"GET","status_code":200,"timestamp":"2025-10-10T16:16:12.14801","message":"Registering location"}
{"level":"info","service_name":"MAIN","service_version":"0.0.1","service_id":"a3073401-d6a2-487a-bfdd-81388784b314","timestamp":"2025-10-10T16:16:12.148091","message":"registering static files at samplesite"}
{"level":"info","service_name":"MAIN","service_version":"0.0.1","service_id":"a3073401-d6a2-487a-bfdd-81388784b314","timestamp":"2025-10-10T16:16:12.148108","message":"Registered route: GET /"}
{"level":"info","service_name":"MAIN","service_version":"0.0.1","service_id":"698a7bc6-51d0-4edd-bdec-88aef71b89f6","path":"/","method":"GET","status_code":200,"timestamp":"2025-10-10T16:16:42.425722","message":"Registering location"}
{"level":"info","service_name":"MAIN","service_version":"0.0.1","service_id":"698a7bc6-51d0-4edd-bdec-88aef71b89f6","timestamp":"2025-10-10T16:16:42.425802","message":"registering static files at samplesite"}
{"level":"info","service_name":"MAIN","service_version":"0.0.1","service_id":"698a7bc6-51d0-4edd-bdec-88aef71b89f6","timestamp":"2025-10-10T16:16:42.425821","message":"Registered route: GET /"}
{"level":"info","service_name":"MAIN","service_version":"0.0.1","service_id":"0bf089c6-5e45-4e59-8a23-7fce2d6b45a0","path":"/","method":"GET","status_code":200,"timestamp":"2025-10-10T16:17:13.175049","message":"Registering location"}
{"level":"info","service_name":"MAIN","service_version":"0.0.1","service_id":"0bf089c6-5e45-4e59-8a23-7fce2d6b45a0","timestamp":"2025-10-10T16:17:13.175116","message":"registering static files at samplesite"}
{"level":"info","service_name":"MAIN","service_version":"0.0.1","service_id":"0bf089c6-5e45-4e59-8a23-7fce2d6b45a0","timestamp":"2025-10-10T16:17:13.17513","message":"Registered route: GET /"}
{"level":"info","service_name":"MAIN","service_version":"0.0.1","service_id":"5aa4d2ba-3016-48d0-b599-46ec4280ad00","path":"/","method":"GET","status_code":200,"timestamp":"2025-10-10T16:17:31.102023","message":"Registering location"}
{"level":"info","service_name":"MAIN","service_version":"0.0.1","service_id":"5aa4d2ba-3016-48d0-b599-46ec4280ad00","timestamp":"2025-10-10T16:17:31.102093","message":"registering static files at samplesite"}
{"level":"info","service_name":"MAIN","service_version":"0.0.1","service_id":"5aa4d2ba-3016-48d0-b599-46ec4280ad00","timestamp":"2025-10-10T16:17:31.102115","message":"Registered route: GET /"}
{"level":"info","service_name":"MAIN","service_version":"0.0.1","service_id":"78f2c815-9f84-42f9-a835-789793beeb9e","path":"/","method":"GET","status_code":200,"timestamp":"2025-10-10T16:17:46.782388","message":"Registering location"}
{"level":"info","service_name":"MAIN","service_version":"0.0.1","service_id":"78f2c815-9f84-42f9-a835-789793beeb9e","timestamp":"2025-10-10T16:17:46.78246","message":"registering static files at samplesite"}
{"level":"info","service_name":"MAIN","service_version":"0.0.1","service_id":"78f2c815-9f84-42f9-a835-789793beeb9e","timestamp":"2025-10-10T16:17:46.782476","message":"Registered route: GET /"}
{"level":"info","service_name":"MAIN","service_version":"0.0.1","service_id":"26f6638b-bb1a-4abf-97a9-65fcc83425c2","path":"/","method":"GET","status_code":200,"timestamp":"2025-10-10T16:18:38.188474","message":"Registering location"}
{"level":"info","service_name":"MAIN","service_version":"0.0.1","service_id":"26f6638b-bb1a-4abf-97a9-65fcc83425c2","timestamp":"2025-10-10T16:18:38.188542","message":"registering static files at samplesite"}
{"level":"info","service_name":"MAIN","service_version":"0.0.1","service_id":"26f6638b-bb1a-4abf-97a9-65fcc83425c2","timestamp":"2025-10-10T16:18:38.188558","message":"Registered route: GET /"}
{"level":"info","service_name":"MAIN","service_version":"0.0.1","service_id":"e8bd4ac2-846d-4fad-8939-22f9182876bd","path":"/","method":"GET","status_code":200,"timestamp":"2025-10-10T16:19:39.087015","message":"Registering location"}
{"level":"info","service_name":"MAIN","service_version":"0.0.1","service_id":"e8bd4ac2-846d-4fad-8939-22f9182876bd","timestamp":"2025-10-10T16:19:39.087095","message":"registering static files at samplesite"}
{"level":"info","service_name":"MAIN","service_version":"0.0.1","service_id":"e8bd4ac2-846d-4fad-8939-22f9182876bd","timestamp":"2025-10-10T16:19:39.087111","message":"Registered route: GET /"}
{"level":"info","service_name":"MAIN","service_version":"0.0.1","service_id":"e6475c86-857c-4b3c-9c4e-3e08a0369669","path":"/","method":"GET","status_code":200,"timestamp":"2025-10-10T16:20:43.39631","message":"Registering location"}
{"level":"info","service_name":"MAIN","service_version":"0.0.1","service_id":"e6475c86-857c-4b3c-9c4e-3e08a0369669","timestamp":"2025-10-10T16:20:43.396391","message":"registering static files at samplesite"}
{"level":"info","service_name":"MAIN","service_version":"0.0.1","service_id":"e6475c86-857c-4b3c-9c4e-3e08a0369669","timestamp":"2025-10-10T16:20:43.396412","message":"Registered route: GET /"}
{"level":"info","service_name":"MAIN","service_version":"0.0.1","service_id":"774e829e-6dfc-4706-a911-ee8e926a8ae0","path":"/","method":"GET","status_code":200,"timestamp":"2025-10-10T16:20:54.593919","message":"Registering location"}
{"level":"info","service_name":"MAIN","service_version":"0.0.1","service_id":"774e829e-6dfc-4706-a911-ee8e926a8ae0","timestamp":"2025-10-10T16:20:54.59399","message":"registering static files at samplesite"}
{"level":"info","service_name":"MAIN","service_version":"0.0.1","service_id":"774e829e-6dfc-4706-a911-ee8e926a8ae0","timestamp":"2025-10-10T16:20:54.594007","message":"Registered route: GET /"}
{"level":"info","service_name":"MAIN","service_version":"0.0.1","service_id":"9c1e23ff-eae2-40a0-8b24-111c633d8a30","path":"/","method":"GET","status_code":200,"timestamp":"2025-12-10T14:23:38.523475","message":"Registering location"}
{"level":"info","service_name":"MAIN","service_version":"0.0.1","service_id":"9c1e23ff-eae2-40a0-8b24-111c633d8a30","timestamp":"2025-12-10T14:23:38.52477","message":"registering static files at samplesite"}
{"level":"info","service_name":"MAIN","service_version":"0.0.1","service_id":"9c1e23ff-eae2-40a0-8b24-111c633d8a30","timestamp":"2025-12-10T14:23:38.525368","message":"Registered route: GET /"}
{"level":"info","service_name":"MAIN","service_version":"0.0.1","service_id":"6d317ab1-a6d7-4516-a3ed-23030153fa80","path":"/","method":"GET","status_code":200,"timestamp":"2025-12-10T15:15:44.117926","message":"Registering location"}
{"level":"info","service_name":"MAIN","service_version":"0.0.1","service_id":"6d317ab1-a6d7-4516-a3ed-23030153fa80","timestamp":"2025-12-10T15:15:44.119044","message":"registering static files at samplesite"}
{"level":"info","service_name":"MAIN","service_version":"0.0.1","service_id":"6d317ab1-a6d7-4516-a3ed-23030153fa80","timestamp":"2025-12-10T15:15:44.119044","message":"Registered route: GET /"}
{"level":"info","service_name":"MAIN","service_version":"0.0.1","service_id":"c9cd8830-bd1c-4e14-99ed-e3006da66a2a","path":"/","method":"GET","status_code":200,"timestamp":"2025-12-10T15:18:14.655914","message":"Registering location"}
{"level":"info","service_name":"MAIN","service_version":"0.0.1","service_id":"c9cd8830-bd1c-4e14-99ed-e3006da66a2a","timestamp":"2025-12-10T15:18:14.657562","message":"registering static files at samplesite"}
{"level":"info","service_name":"MAIN","service_version":"0.0.1","service_id":"c9cd8830-bd1c-4e14-99ed-e3006da66a2a","timestamp":"2025-12-10T15:18:14.657562","message":"Registered route: GET /"}
{"level":"info","service_name":"MAIN","service_version":"0.0.1","service_id":"9bd16e32-c91a-4808-94c6-cbd7b76ff45e","path":"/","method":"GET","status_code":200,"timestamp":"2025-12-10T15:22:22.873555","message":"Registering location"}
{"level":"info","service_name":"MAIN","service_version":"0.0.1","service_id":"9bd16e32-c91a-4808-94c6-cbd7b76ff45e","timestamp":"2025-12-10T15:22:22.874671","message":"registering static files at samplesite"}
{"level":"info","service_name":"MAIN","service_version":"0.0.1","service_id":"9bd16e32-c91a-4808-94c6-cbd7b76ff45e","timestamp":"2025-12-10T15:22:22.875209","message":"Registered route: GET /"}
{"level":"info","service_name":"MAIN","service_version":"0.0.1","service_id":"92914fd7-0fcb-47e1-a927-ae0900e9f68b","path":"/","method":"GET","status_code":200,"timestamp":"2025-12-10T15:24:55.073198","message":"Registering location"}
{"level":"info","service_name":"MAIN","service_version":"0.0.1","service_id":"92914fd7-0fcb-47e1-a927-ae0900e9f68b","timestamp":"2025-12-10T15:24:55.07483","message":"registering static files at samplesite"}
{"level":"info","service_name":"MAIN","service_version":"0.0.1","service_id":"92914fd7-0fcb-47e1-a927-ae0900e9f68b","timestamp":"2025-12-10T15:24:55.07537","message":"Registered route: GET /"}
{"level":"info","service_name":"MAIN","service_version":"0.0.1","service_id":"f73a9f0c-3177-41cb-9b05-2a6559cf15b3","path":"/","method":"GET","status_code":200,"timestamp":"2025-12-10T16:55:22.386773","message":"Registering location"}
{"level":"info","service_name":"MAIN","service_version":"0.0.1","service_id":"f73a9f0c-3177-41cb-9b05-2a6559cf15b3","timestamp":"2025-12-10T16:55:22.388931","message":"registering static files at samplesite"}
{"level":"info","service_name":"MAIN","service_version":"0.0.1","service_id":"f73a9f0c-3177-41cb-9b05-2a6559cf15b3","timestamp":"2025-12-10T16:55:22.390456","message":"Registered route: GET /"}
{"level":"info","service_name":"MAIN","service_version":"0.0.1","service_id":"75ed171b-d8b2-4fb9-aa20-a699c1b5dac7","path":"/","method":"GET","status_code":200,"timestamp":"2025-12-10T17:01:02.581875","message":"Registering location"}
{"level":"info","service_name":"MAIN","service_version":"0.0.1","service_id":"75ed171b-d8b2-4fb9-aa20-a699c1b5dac7","timestamp":"2025-12-10T17:01:02.582996","message":"registering static files at samplesite"}
{"level":"info","service_name":"MAIN","service_version":"0.0.1","service_id":"75ed171b-d8b2-4fb9-aa20-a699c1b5dac7","timestamp":"2025-12-10T17:01:02.583539","message":"Registered route: GET /"}
{"level":"info","service_name":"MAIN","service_version":"0.0.1","service_id":"4fdc7748-f60f-43f0-9f0d-601acf2080f6","path":"/","method":"GET","status_code":200,"timestamp":"2025-12-18T08:48:58.380236","message":"Registering location"}
{"level":"info","service_name":"MAIN","service_version":"0.0.1","service_id":"4fdc7748-f60f-43f0-9f0d-601acf2080f6","timestamp":"2025-12-18T08:48:58.381875","message":"registering static files at samplesite"}
{"level":"info","service_name":"MAIN","service_version":"0.0.1","service_id":"4fdc7748-f60f-43f0-9f0d-601acf2080f6","timestamp":"2025-12-18T08:48:58.381875","message":"Registered route: GET /"}
{"level":"info","service_name":"MAIN","service_version":"0.0.1","service_id":"745282ff-0cd2-4d97-9608-cc19e789945f","path":"/","method":"GET","status_code":200,"timestamp":"2025-12-19T09:03:33.62927","message":"Registering location"}
{"level":"info","service_name":"MAIN","service_version":"0.0.1","service_id":"745282ff-0cd2-4d97-9608-cc19e789945f","timestamp":"2025-12-19T09:03:33.631072","message":"registering static files at samplesite"}
{"level":"info","service_name":"MAIN","service_version":"0.0.1","service_id":"745282ff-0cd2-4d97-9608-cc19e789945f","timestamp":"2025-12-19T09:03:33.631671","message":"Registered route: GET /"}
{"level":"info","service_name":"MAIN","service_version":"0.0.1","service_id":"bc2467fc-f073-4d1e-b905-b29501083881","path":"/","method":"GET","status_code":200,"timestamp":"2025-12-19T12:47:55.645423","message":"Registering location"}
{"level":"info","service_name":"MAIN","service_version":"0.0.1","service_id":"bc2467fc-f073-4d1e-b905-b29501083881","timestamp":"2025-12-19T12:47:55.647132","message":"registering static files at samplesite"}
{"level":"info","service_name":"MAIN","service_version":"0.0.1","service_id":"bc2467fc-f073-4d1e-b905-b29501083881","timestamp":"2025-12-19T12:47:55.647132","message":"Registered route: GET /"}
{"level":"info","service_name":"MAIN","service_version":"0.0.1","service_id":"d122b99d-4693-45f5-97ab-1897684ad12c","path":"/","method":"GET","status_code":200,"timestamp":"2025-12-23T08:43:45.701527","message":"Registering location"}
{"level":"info","service_name":"MAIN","service_version":"0.0.1","service_id":"d122b99d-4693-45f5-97ab-1897684ad12c","timestamp":"2025-12-23T08:43:45.702625","message":"registering static files at samplesite"}
{"level":"info","service_name":"MAIN","service_version":"0.0.1","service_id":"d122b99d-4693-45f5-97ab-1897684ad12c","timestamp":"2025-12-23T08:43:45.703176","message":"Registered route: GET /"}
{"level":"info","service_name":"MAIN","service_version":"0.0.1","service_id":"04f87af5-5f9d-469f-b9bc-48768359a464","path":"/","method":"GET","status_code":200,"timestamp":"2025-12-23T08:58:04.550231","message":"Registering location"}
{"level":"info","service_name":"MAIN","service_version":"0.0.1","service_id":"04f87af5-5f9d-469f-b9bc-48768359a464","timestamp":"2025-12-23T08:58:04.551523","message":"registering static files at samplesite"}
{"level":"info","service_name":"MAIN","service_version":"0.0.1","service_id":"04f87af5-5f9d-469f-b9bc-48768359a464","timestamp":"2025-12-23T08:58:04.552074","message":"Registered route: GET /"}
{"level":"info","service_name":"MAIN","service_version":"0.0.1","service_id":"66508957-3985-4e82-b36b-150e9f38c8eb","path":"/","method":"GET","status_code":200,"timestamp":"2025-12-23T08:59:57.334465","message":"Registering location"}
{"level":"info","service_name":"MAIN","service_version":"0.0.1","service_id":"66508957-3985-4e82-b36b-150e9f38c8eb","timestamp":"2025-12-23T08:59:57.336132","message":"registering static files at samplesite"}
{"level":"info","service_name":"MAIN","service_version":"0.0.1","service_id":"66508957-3985-4e82-b36b-150e9f38c8eb","timestamp":"2025-12-23T08:59:57.336132","message":"Registered route: GET /"}
{"level":"info","service_name":"MAIN","service_version":"0.0.1","service_id":"adf252d9-859b-47a4-b78b-8ddac0266d27","path":"/","method":"GET","status_code":200,"timestamp":"2025-12-23T09:07:36.317903","message":"Registering location"}
{"level":"info","service_name":"MAIN","service_version":"0.0.1","service_id":"adf252d9-859b-47a4-b78b-8ddac0266d27","timestamp":"2025-12-23T09:07:36.320285","message":"registering static files at samplesite"}
{"level":"info","service_name":"MAIN","service_version":"0.0.1","service_id":"adf252d9-859b-47a4-b78b-8ddac0266d27","timestamp":"2025-12-23T09:07:36.320285","message":"Registered route: GET /"}
{"level":"info","service_name":"MAIN","service_version":"0.0.1","service_id":"2eb9f106-c5c8-4242-968a-ab6815231c4c","path":"/","method":"GET","status_code":200,"timestamp":"2025-12-23T12:25:30.666545","message":"Registering location"}
{"level":"info","service_name":"MAIN","service_version":"0.0.1","service_id":"2eb9f106-c5c8-4242-968a-ab6815231c4c","timestamp":"2025-12-23T12:25:30.669034","message":"registering static files at samplesite"}
{"level":"info","service_name":"MAIN","service_version":"0.0.1","service_id":"2eb9f106-c5c8-4242-968a-ab6815231c4c","timestamp":"2025-12-23T12:25:30.669574","message":"Registered route: GET /"}
{"level":"info","service_name":"MAIN","service_version":"0.0.1","service_id":"4f65b2e1-b226-4e67-9409-1cfcf7ff89e9","path":"/","method":"GET","status_code":200,"timestamp":"2025-12-23T14:36:35.630129","message":"Registering location"}
{"level":"info","service_name":"MAIN","service_version":"0.0.1","service_id":"4f65b2e1-b226-4e67-9409-1cfcf7ff89e9","timestamp":"2025-12-23T14:36:35.632393","message":"registering static files at samplesite"}
{"level":"info","service_name":"MAIN","service_version":"0.0.1","service_id":"4f65b2e1-b226-4e67-9409-1cfcf7ff89e9","timestamp":"2025-12-23T14:36:35.632393","message":"Registered route: GET /"}
{"level":"info","service_name":"MAIN","service_version":"0.0.1","service_id":"74bab829-d45b-4d5b-8410-c787f5ef65c0","path":"/","method":"GET","status_code":200,"timestamp":"2026-01-07T08:10:22.564084","message":"Registering location"}
{"level":"info","service_name":"MAIN","service_version":"0.0.1","service_id":"74bab829-d45b-4d5b-8410-c787f5ef65c0","timestamp":"2026-01-07T08:10:22.566508","message":"registering static files at samplesite"}
{"level":"info","service_name":"MAIN","service_version":"0.0.1","service_id":"74bab829-d45b-4d5b-8410-c787f5ef65c0","timestamp":"2026-01-07T08:10:22.567048","message":"Registered route: GET /"}
{"level":"info","service_name":"MAIN","service_version":"0.0.1","service_id":"afc6529e-f1b4-495b-94a4-83b8000da8db","path":"/","method":"GET","status_code":200,"timestamp":"2026-01-07T09:03:50.479423","message":"Registering location"}
{"level":"info","service_name":"MAIN","service_version":"0.0.1","service_id":"afc6529e-f1b4-495b-94a4-83b8000da8db","timestamp":"2026-01-07T09:03:50.481202","message":"registering static files at samplesite"}
{"level":"info","service_name":"MAIN","service_version":"0.0.1","service_id":"afc6529e-f1b4-495b-94a4-83b8000da8db","timestamp":"2026-01-07T09:03:50.48174","message":"Registered route: GET /"}
{"level":"info","service_name":"MAIN","service_version":"0.0.1","service_id":"0af09fe6-9456-4b08-b652-6a2915fa9391","path":"/","method":"GET","status_code":200,"timestamp":"2026-01-07T09:04:49.967242","message":"Registering location"}
{"level":"info","service_name":"MAIN","service_version":"0.0.1","service_id":"0af09fe6-9456-4b08-b652-6a2915fa9391","timestamp":"2026-01-07T09:04:49.969905","message":"registering static files at samplesite"}
{"level":"info","service_name":"MAIN","service_version":"0.0.1","service_id":"0af09fe6-9456-4b08-b652-6a2915fa9391","timestamp":"2026-01-07T09:04:49.970476","message":"Registered route: GET /"}
{"level":"info","service_name":"MAIN","service_version":"0.0.1","service_id":"4c1a1cc8-ada6-45aa-8ddc-33189963a317","path":"/","method":"GET","status_code":200,"timestamp":"2026-01-07T09:05:34.807131","message":"Registering location"}
{"level":"info","service_name":"MAIN","service_version":"0.0.1","service_id":"4c1a1cc8-ada6-45aa-8ddc-33189963a317","timestamp":"2026-01-07T09:05:34.808186","message":"registering static files at samplesite"}
{"level":"info","service_name":"MAIN","service_version":"0.0.1","service_id":"4c1a1cc8-ada6-45aa-8ddc-33189963a317","timestamp":"2026-01-07T09:05:34.808761","message":"Registered route: GET /"}
{"level":"info","service_name":"MAIN","service_version":"0.0.1","service_id":"e98f0e6c-2d0d-465f-b3af-ee6f3864ad12","path":"/","method":"GET","status_code":200,"timestamp":"2026-01-07T09:08:00.591024","message":"Registering location"}
{"level":"info","service_name":"MAIN","service_version":"0.0.1","service_id":"e98f0e6c-2d0d-465f-b3af-ee6f3864ad12","timestamp":"2026-01-07T09:08:00.592647","message":"registering static files at samplesite"}
{"level":"info","service_name":"MAIN","service_version":"0.0.1","service_id":"e98f0e6c-2d0d-465f-b3af-ee6f3864ad12","timestamp":"2026-01-07T09:08:00.592647","message":"Registered route: GET /"}
{"level":"info","service_name":"MAIN","service_version":"0.0.1","service_id":"6f81cb77-c67b-4274-b3ca-42c6adc2bc57","path":"/","method":"GET","status_code":200,"timestamp":"2026-01-07T09:09:59.385927","message":"Registering location"}
{"level":"info","service_name":"MAIN","service_version":"0.0.1","service_id":"6f81cb77-c67b-4274-b3ca-42c6adc2bc57","timestamp":"2026-01-07T09:09:59.387588","message":"registering static files at samplesite"}
{"level":"info","service_name":"MAIN","service_version":"0.0.1","service_id":"6f81cb77-c67b-4274-b3ca-42c6adc2bc57","timestamp":"2026-01-07T09:09:59.38812","message":"Registered route: GET /"}
{"level":"info","service_name":"MAIN","service_version":"0.0.1","service_id":"d7e65079-9343-4e47-9713-af35902f71a3","path":"/","method":"GET","status_code":200,"timestamp":"2026-01-07T09:39:27.353917","message":"Registering location"}
{"level":"info","service_name":"MAIN","service_version":"0.0.1","service_id":"d7e65079-9343-4e47-9713-af35902f71a3","timestamp":"2026-01-07T09:39:27.355541","message":"registering static files at samplesite"}
{"level":"info","service_name":"MAIN","service_version":"0.0.1","service_id":"d7e65079-9343-4e47-9713-af35902f71a3","timestamp":"2026-01-07T09:39:27.355541","message":"Registered route: GET /"}
