{"level":"info","service_name":"SERVER 2","service_version":"0.0.1","service_id":"db9b28dc-72e4-4e5e-aefa-f963778449f0","path":"/api/data","method":"GET","status_code":200,"timestamp":"2025-09-10T14:27:27.400374","message":"Registering location"}
{"level":"info","service_name":"SERVER 2","service_version":"0.0.1","service_id":"db9b28dc-72e4-4e5e-aefa-f963778449f0","timestamp":"2025-09-10T14:27:27.400494","message":"Registered route: GET /api/data"}
{"level":"info","service_name":"SERVER 2","service_version":"0.0.1","service_id":"db9b28dc-72e4-4e5e-aefa-f963778449f0","path":"/api/async","method":"POST","status_code":202,"timestamp":"2025-09-10T14:27:27.400507","message":"Registering location"}
{"level":"info","service_name":"SERVER 2","service_version":"0.0.1","service_id":"db9b28dc-72e4-4e5e-aefa-f963778449f0","timestamp":"2025-09-10T14:27:27.400524","message":"Registered route: POST /api/async"}
{"level":"info","service_name":"SERVER 2","service_version":"0.0.1","service_id":"db9b28dc-72e4-4e5e-aefa-f963778449f0","path":"/api/users","method":"POST","status_code":201,"timestamp":"2025-09-10T14:27:27.400536","message":"Registering location"}
{"level":"info","service_name":"SERVER 2","service_version":"0.0.1","service_id":"db9b28dc-72e4-4e5e-aefa-f963778449f0","timestamp":"2025-09-10T14:27:27.401421","message":"Registered route: POST /api/users"}
{"level":"info","service_name":"SERVER 2","service_version":"0.0.1","service_id":"a1a7b660-66da-407a-8cdd-13b636637c18","path":"/api/data","method":"GET","status_code":200,"timestamp":"2025-09-10T14:29:02.767555","message":"Registering location"}
{"level":"info","service_name":"SERVER 2","service_version":"0.0.1","service_id":"a1a7b660-66da-407a-8cdd-13b636637c18","timestamp":"2025-09-10T14:29:02.767616","message":"Registered route: GET /api/data"}
{"level":"info","service_name":"SERVER 2","service_version":"0.0.1","service_id":"a1a7b660-66da-407a-8cdd-13b636637c18","path":"/api/async","method":"POST","status_code":202,"timestamp":"2025-09-10T14:29:02.767634","message":"Registering location"}
{"level":"info","service_name":"SERVER 2","service_version":"0.0.1","service_id":"a1a7b660-66da-407a-8cdd-13b636637c18","timestamp":"2025-09-10T14:29:02.767657","message":"Registered route: POST /api/async"}
{"level":"info","service_name":"SERVER 2","service_version":"0.0.1","service_id":"a1a7b660-66da-407a-8cdd-13b636637c18","path":"/api/users","method":"POST","status_code":201,"timestamp":"2025-09-10T14:29:02.767671","message":"Registering location"}
{"level":"info","service_name":"SERVER 2","service_version":"0.0.1","service_id":"a1a7b660-66da-407a-8cdd-13b636637c18","timestamp":"2025-09-10T14:29:02.768049","message":"Registered route: POST /api/users"}
{"level":"info","service_name":"SERVER 2","service_version":"0.0.1","service_id":"87ca2499-36ce-4a4e-889e-e83b9b10a3e5","path":"/api/data","method":"GET","status_code":200,"timestamp":"2025-09-10T16:05:48.495284","message":"Registering location"}
{"level":"info","service_name":"SERVER 2","service_version":"0.0.1","service_id":"87ca2499-36ce-4a4e-889e-e83b9b10a3e5","timestamp":"2025-09-10T16:05:48.495478","message":"Registered route: GET /api/data"}
{"level":"info","service_name":"SERVER 2","service_version":"0.0.1","service_id":"87ca2499-36ce-4a4e-889e-e83b9b10a3e5","path":"/api/async","method":"POST","status_code":202,"timestamp":"2025-09-10T16:05:48.495513","message":"Registering location"}
{"level":"info","service_name":"SERVER 2","service_version":"0.0.1","service_id":"87ca2499-36ce-4a4e-889e-e83b9b10a3e5","timestamp":"2025-09-10T16:05:48.495588","message":"Registered route: POST /api/async"}
{"level":"info","service_name":"SERVER 2","service_version":"0.0.1","service_id":"87ca2499-36ce-4a4e-889e-e83b9b10a3e5","path":"/api/users","method":"POST","status_code":201,"timestamp":"2025-09-10T16:05:48.495666","message":"Registering location"}
{"level":"info","service_name":"SERVER 2","service_version":"0.0.1","service_id":"87ca2499-36ce-4a4e-889e-e83b9b10a3e5","timestamp":"2025-09-10T16:05:48.49705","message":"Registered route: POST /api/users"}
{"level":"info","service_name":"SERVER 2","service_version":"0.0.1","service_id":"1b7b0c4f-1f7b-4ce3-81cb-1e5cc055add9","path":"/api/data","method":"GET","status_code":200,"timestamp":"2025-09-10T16:09:19.835923","message":"Registering location"}
{"level":"info","service_name":"SERVER 2","service_version":"0.0.1","service_id":"1b7b0c4f-1f7b-4ce3-81cb-1e5cc055add9","timestamp":"2025-09-10T16:09:19.835972","message":"Registered route: GET /api/data"}
{"level":"info","service_name":"SERVER 2","service_version":"0.0.1","service_id":"1b7b0c4f-1f7b-4ce3-81cb-1e5cc055add9","path":"/api/async","method":"POST","status_code":202,"timestamp":"2025-09-10T16:09:19.835993","message":"Registering location"}
{"level":"info","service_name":"SERVER 2","service_version":"0.0.1","service_id":"1b7b0c4f-1f7b-4ce3-81cb-1e5cc055add9","timestamp":"2025-09-10T16:09:19.836011","message":"Registered route: POST /api/async"}
{"level":"info","service_name":"SERVER 2","service_version":"0.0.1","service_id":"1b7b0c4f-1f7b-4ce3-81cb-1e5cc055add9","path":"/api/users","method":"POST","status_code":201,"timestamp":"2025-09-10T16:09:19.836024","message":"Registering location"}
{"level":"info","service_name":"SERVER 2","service_version":"0.0.1","service_id":"1b7b0c4f-1f7b-4ce3-81cb-1e5cc055add9","timestamp":"2025-09-10T16:09:19.836755","message":"Registered route: POST /api/users"}
{"level":"info","service_name":"SERVER 2","service_version":"0.0.1","service_id":"82eb0b8d-45f9-414f-b15a-ffa50bf699a0","path":"/api/data","method":"GET","status_code":200,"timestamp":"2025-09-17T12:37:29.420585","message":"Registering location"}
{"level":"info","service_name":"SERVER 2","service_version":"0.0.1","service_id":"82eb0b8d-45f9-414f-b15a-ffa50bf699a0","timestamp":"2025-09-17T12:37:29.420748","message":"Registered route: GET /api/data"}
{"level":"info","service_name":"SERVER 2","service_version":"0.0.1","service_id":"82eb0b8d-45f9-414f-b15a-ffa50bf699a0","path":"/api/async","method":"POST","status_code":202,"timestamp":"2025-09-17T12:37:29.420762","message":"Registering location"}
{"level":"info","service_name":"SERVER 2","service_version":"0.0.1","service_id":"82eb0b8d-45f9-414f-b15a-ffa50bf699a0","timestamp":"2025-09-17T12:37:29.420779","message":"Registered route: POST /api/async"}
{"level":"info","service_name":"SERVER 2","service_version":"0.0.1","service_id":"82eb0b8d-45f9-414f-b15a-ffa50bf699a0","path":"/api/users","method":"POST","status_code":201,"timestamp":"2025-09-17T12:37:29.420791","message":"Registering location"}
{"level":"info","service_name":"SERVER 2","service_version":"0.0.1","service_id":"82eb0b8d-45f9-414f-b15a-ffa50bf699a0","timestamp":"2025-09-17T12:37:29.421361","message":"Registered route: POST /api/users"}
{"level":"info","service_name":"SERVER 2","service_version":"0.0.1","service_id":"d6ec9f91-f300-41dc-b34b-006866a39d8b","path":"/api/data","method":"GET","status_code":200,"timestamp":"2025-09-17T12:39:11.834041","message":"Registering location"}
{"level":"info","service_name":"SERVER 2","service_version":"0.0.1","service_id":"d6ec9f91-f300-41dc-b34b-006866a39d8b","timestamp":"2025-09-17T12:39:11.834203","message":"Registered route: GET /api/data"}
{"level":"info","service_name":"SERVER 2","service_version":"0.0.1","service_id":"d6ec9f91-f300-41dc-b34b-006866a39d8b","path":"/api/async","method":"POST","status_code":202,"timestamp":"2025-09-17T12:39:11.834222","message":"Registering location"}
{"level":"info","service_name":"SERVER 2","service_version":"0.0.1","service_id":"d6ec9f91-f300-41dc-b34b-006866a39d8b","timestamp":"2025-09-17T12:39:11.834244","message":"Registered route: POST /api/async"}
{"level":"info","service_name":"SERVER 2","service_version":"0.0.1","service_id":"d6ec9f91-f300-41dc-b34b-006866a39d8b","path":"/api/users","method":"POST","status_code":201,"timestamp":"2025-09-17T12:39:11.834259","message":"Registering location"}
{"level":"info","service_name":"SERVER 2","service_version":"0.0.1","service_id":"d6ec9f91-f300-41dc-b34b-006866a39d8b","timestamp":"2025-09-17T12:39:11.834828","message":"Registered route: POST /api/users"}
{"level":"info","service_name":"SERVER 2","service_version":"0.0.1","service_id":"3d128f19-b159-438e-9eb8-e5595f120972","path":"/api/data","method":"GET","status_code":200,"timestamp":"2025-09-17T12:41:23.53488","message":"Registering location"}
{"level":"info","service_name":"SERVER 2","service_version":"0.0.1","service_id":"3d128f19-b159-438e-9eb8-e5595f120972","timestamp":"2025-09-17T12:41:23.535037","message":"Registered route: GET /api/data"}
{"level":"info","service_name":"SERVER 2","service_version":"0.0.1","service_id":"3d128f19-b159-438e-9eb8-e5595f120972","path":"/api/async","method":"POST","status_code":202,"timestamp":"2025-09-17T12:41:23.535056","message":"Registering location"}
{"level":"info","service_name":"SERVER 2","service_version":"0.0.1","service_id":"3d128f19-b159-438e-9eb8-e5595f120972","timestamp":"2025-09-17T12:41:23.535078","message":"Registered route: POST /api/async"}
{"level":"info","service_name":"SERVER 2","service_version":"0.0.1","service_id":"3d128f19-b159-438e-9eb8-e5595f120972","path":"/api/users","method":"POST","status_code":201,"timestamp":"2025-09-17T12:41:23.535093","message":"Registering location"}
{"level":"info","service_name":"SERVER 2","service_version":"0.0.1","service_id":"3d128f19-b159-438e-9eb8-e5595f120972","timestamp":"2025-09-17T12:41:23.535605","message":"Registered route: POST /api/users"}
{"level":"info","service_name":"SERVER 2","service_version":"0.0.1","service_id":"c80f02c1-1cda-4ab7-88e0-78c0963c68f1","path":"/api/data","method":"GET","status_code":200,"timestamp":"2025-09-17T12:42:47.914944","message":"Registering location"}
{"level":"info","service_name":"SERVER 2","service_version":"0.0.1","service_id":"c80f02c1-1cda-4ab7-88e0-78c0963c68f1","timestamp":"2025-09-17T12:42:47.914991","message":"Registered route: GET /api/data"}
{"level":"info","service_name":"SERVER 2","service_version":"0.0.1","service_id":"c80f02c1-1cda-4ab7-88e0-78c0963c68f1","path":"/api/async","method":"POST","status_code":202,"timestamp":"2025-09-17T12:42:47.915009","message":"Registering location"}
{"level":"info","service_name":"SERVER 2","service_version":"0.0.1","service_id":"c80f02c1-1cda-4ab7-88e0-78c0963c68f1","timestamp":"2025-09-17T12:42:47.915029","message":"Registered route: POST /api/async"}
{"level":"info","service_name":"SERVER 2","service_version":"0.0.1","service_id":"c80f02c1-1cda-4ab7-88e0-78c0963c68f1","path":"/api/users","method":"POST","status_code":201,"timestamp":"2025-09-17T12:42:47.915042","message":"Registering location"}
{"level":"info","service_name":"SERVER 2","service_version":"0.0.1","service_id":"c80f02c1-1cda-4ab7-88e0-78c0963c68f1","timestamp":"2025-09-17T12:42:47.915432","message":"Registered route: POST /api/users"}
{"level":"info","service_name":"SERVER 2","service_version":"0.0.1","service_id":"38e0458d-1982-45f2-99b2-1df1e6b42754","path":"/api/data","method":"GET","status_code":200,"timestamp":"2025-09-17T12:43:41.784701","message":"Registering location"}
{"level":"info","service_name":"SERVER 2","service_version":"0.0.1","service_id":"38e0458d-1982-45f2-99b2-1df1e6b42754","timestamp":"2025-09-17T12:43:41.784747","message":"Registered route: GET /api/data"}
{"level":"info","service_name":"SERVER 2","service_version":"0.0.1","service_id":"38e0458d-1982-45f2-99b2-1df1e6b42754","path":"/api/async","method":"POST","status_code":202,"timestamp":"2025-09-17T12:43:41.784761","message":"Registering location"}
{"level":"info","service_name":"SERVER 2","service_version":"0.0.1","service_id":"38e0458d-1982-45f2-99b2-1df1e6b42754","timestamp":"2025-09-17T12:43:41.784781","message":"Registered route: POST /api/async"}
{"level":"info","service_name":"SERVER 2","service_version":"0.0.1","service_id":"38e0458d-1982-45f2-99b2-1df1e6b42754","path":"/api/users","method":"POST","status_code":201,"timestamp":"2025-09-17T12:43:41.784794","message":"Registering location"}
{"level":"info","service_name":"SERVER 2","service_version":"0.0.1","service_id":"38e0458d-1982-45f2-99b2-1df1e6b42754","timestamp":"2025-09-17T12:43:41.785185","message":"Registered route: POST /api/users"}
{"level":"info","service_name":"SERVER 2","service_version":"0.0.1","service_id":"83091470-24fa-4047-a7dc-b99301be9074","path":"/api/data","method":"GET","status_code":200,"timestamp":"2025-09-17T12:43:49.500898","message":"Registering location"}
{"level":"info","service_name":"SERVER 2","service_version":"0.0.1","service_id":"83091470-24fa-4047-a7dc-b99301be9074","timestamp":"2025-09-17T12:43:49.500949","message":"Registered route: GET /api/data"}
{"level":"info","service_name":"SERVER 2","service_version":"0.0.1","service_id":"83091470-24fa-4047-a7dc-b99301be9074","path":"/api/async","method":"POST","status_code":202,"timestamp":"2025-09-17T12:43:49.500968","message":"Registering location"}
{"level":"info","service_name":"SERVER 2","service_version":"0.0.1","service_id":"83091470-24fa-4047-a7dc-b99301be9074","timestamp":"2025-09-17T12:43:49.500988","message":"Registered route: POST /api/async"}
{"level":"info","service_name":"SERVER 2","service_version":"0.0.1","service_id":"83091470-24fa-4047-a7dc-b99301be9074","path":"/api/users","method":"POST","status_code":201,"timestamp":"2025-09-17T12:43:49.501001","message":"Registering location"}
{"level":"info","service_name":"SERVER 2","service_version":"0.0.1","service_id":"83091470-24fa-4047-a7dc-b99301be9074","timestamp":"2025-09-17T12:43:49.501419","message":"Registered route: POST /api/users"}
{"level":"info","service_name":"SERVER 2","service_version":"0.0.1","service_id":"952ba46f-3fd4-443c-be9f-0c18878238a6","path":"/api/data","method":"GET","status_code":200,"timestamp":"2025-09-17T12:44:10.26441","message":"Registering location"}
{"level":"info","service_name":"SERVER 2","service_version":"0.0.1","service_id":"952ba46f-3fd4-443c-be9f-0c18878238a6","timestamp":"2025-09-17T12:44:10.264458","message":"Registered route: GET /api/data"}
{"level":"info","service_name":"SERVER 2","service_version":"0.0.1","service_id":"952ba46f-3fd4-443c-be9f-0c18878238a6","path":"/api/async","method":"POST","status_code":202,"timestamp":"2025-09-17T12:44:10.264477","message":"Registering location"}
{"level":"info","service_name":"SERVER 2","service_version":"0.0.1","service_id":"952ba46f-3fd4-443c-be9f-0c18878238a6","timestamp":"2025-09-17T12:44:10.264499","message":"Registered route: POST /api/async"}
{"level":"info","service_name":"SERVER 2","service_version":"0.0.1","service_id":"952ba46f-3fd4-443c-be9f-0c18878238a6","path":"/api/users","method":"POST","status_code":201,"timestamp":"2025-09-17T12:44:10.264511","message":"Registering location"}
{"level":"info","service_name":"SERVER 2","service_version":"0.0.1","service_id":"952ba46f-3fd4-443c-be9f-0c18878238a6","timestamp":"2025-09-17T12:44:10.26488","message":"Registered route: POST /api/users"}
{"level":"info","service_name":"SERVER 2","service_version":"0.0.1","service_id":"62c62822-f16e-4946-b67d-3608757cef8d","path":"/api/data","method":"GET","status_code":200,"timestamp":"2025-09-17T14:17:46.842327","message":"Registering location"}
{"level":"info","service_name":"SERVER 2","service_version":"0.0.1","service_id":"62c62822-f16e-4946-b67d-3608757cef8d","timestamp":"2025-09-17T14:17:46.842577","message":"Registered route: GET /api/data"}
{"level":"info","service_name":"SERVER 2","service_version":"0.0.1","service_id":"62c62822-f16e-4946-b67d-3608757cef8d","path":"/api/async","method":"POST","status_code":202,"timestamp":"2025-09-17T14:17:46.842596","message":"Registering location"}
{"level":"info","service_name":"SERVER 2","service_version":"0.0.1","service_id":"62c62822-f16e-4946-b67d-3608757cef8d","timestamp":"2025-09-17T14:17:46.842618","message":"Registered route: POST /api/async"}
{"level":"info","service_name":"SERVER 2","service_version":"0.0.1","service_id":"62c62822-f16e-4946-b67d-3608757cef8d","path":"/api/users","method":"POST","status_code":201,"timestamp":"2025-09-17T14:17:46.842633","message":"Registering location"}
{"level":"info","service_name":"SERVER 2","service_version":"0.0.1","service_id":"62c62822-f16e-4946-b67d-3608757cef8d","timestamp":"2025-09-17T14:17:46.843249","message":"Registered route: POST /api/users"}
{"level":"info","service_name":"SERVER 2","service_version":"0.0.1","service_id":"5e2c7d67-254c-4345-9308-53054768a2e4","path":"/api/data","method":"GET","status_code":200,"timestamp":"2025-09-17T14:18:11.04959","message":"Registering location"}
{"level":"info","service_name":"SERVER 2","service_version":"0.0.1","service_id":"5e2c7d67-254c-4345-9308-53054768a2e4","timestamp":"2025-09-17T14:18:11.049665","message":"Registered route: GET /api/data"}
{"level":"info","service_name":"SERVER 2","service_version":"0.0.1","service_id":"5e2c7d67-254c-4345-9308-53054768a2e4","path":"/api/async","method":"POST","status_code":202,"timestamp":"2025-09-17T14:18:11.049693","message":"Registering location"}
{"level":"info","service_name":"SERVER 2","service_version":"0.0.1","service_id":"5e2c7d67-254c-4345-9308-53054768a2e4","timestamp":"2025-09-17T14:18:11.049726","message":"Registered route: POST /api/async"}
{"level":"info","service_name":"SERVER 2","service_version":"0.0.1","service_id":"5e2c7d67-254c-4345-9308-53054768a2e4","path":"/api/users","method":"POST","status_code":201,"timestamp":"2025-09-17T14:18:11.04975","message":"Registering location"}
{"level":"info","service_name":"SERVER 2","service_version":"0.0.1","service_id":"5e2c7d67-254c-4345-9308-53054768a2e4","timestamp":"2025-09-17T14:18:11.050499","message":"Registered route: POST /api/users"}
{"level":"info","service_name":"SERVER 2","service_version":"0.0.1","service_id":"af262d63-2a6b-4941-9201-8097fd305e2e","path":"/api/data","method":"GET","status_code":200,"timestamp":"2025-09-17T15:52:45.978291","message":"Registering location"}
{"level":"info","service_name":"SERVER 2","service_version":"0.0.1","service_id":"af262d63-2a6b-4941-9201-8097fd305e2e","timestamp":"2025-09-17T15:52:45.978629","message":"Registered route: GET /api/data"}
{"level":"info","service_name":"SERVER 2","service_version":"0.0.1","service_id":"af262d63-2a6b-4941-9201-8097fd305e2e","path":"/api/async","method":"POST","status_code":202,"timestamp":"2025-09-17T15:52:45.978679","message":"Registering location"}
{"level":"info","service_name":"SERVER 2","service_version":"0.0.1","service_id":"af262d63-2a6b-4941-9201-8097fd305e2e","timestamp":"2025-09-17T15:52:45.978731","message":"Registered route: POST /api/async"}
{"level":"info","service_name":"SERVER 2","service_version":"0.0.1","service_id":"af262d63-2a6b-4941-9201-8097fd305e2e","path":"/api/users","method":"POST","status_code":201,"timestamp":"2025-09-17T15:52:45.978764","message":"Registering location"}
{"level":"info","service_name":"SERVER 2","service_version":"0.0.1","service_id":"af262d63-2a6b-4941-9201-8097fd305e2e","timestamp":"2025-09-17T15:52:45.979946","message":"Registered route: POST /api/users"}
{"level":"info","service_name":"SERVER 2","service_version":"0.0.1","service_id":"67ceaab6-10c1-4bdb-823a-34c56f59ca6e","path":"/api/data","method":"GET","status_code":200,"timestamp":"2025-09-17T15:53:46.851275","message":"Registering location"}
{"level":"info","service_name":"SERVER 2","service_version":"0.0.1","service_id":"67ceaab6-10c1-4bdb-823a-34c56f59ca6e","timestamp":"2025-09-17T15:53:46.851677","message":"Registered route: GET /api/data"}
{"level":"info","service_name":"SERVER 2","service_version":"0.0.1","service_id":"67ceaab6-10c1-4bdb-823a-34c56f59ca6e","path":"/api/async","method":"POST","status_code":202,"timestamp":"2025-09-17T15:53:46.851827","message":"Registering location"}
{"level":"info","service_name":"SERVER 2","service_version":"0.0.1","service_id":"67ceaab6-10c1-4bdb-823a-34c56f59ca6e","timestamp":"2025-09-17T15:53:46.851926","message":"Registered route: POST /api/async"}
{"level":"info","service_name":"SERVER 2","service_version":"0.0.1","service_id":"67ceaab6-10c1-4bdb-823a-34c56f59ca6e","path":"/api/users","method":"POST","status_code":201,"timestamp":"2025-09-17T15:53:46.851998","message":"Registering location"}
{"level":"info","service_name":"SERVER 2","service_version":"0.0.1","service_id":"67ceaab6-10c1-4bdb-823a-34c56f59ca6e","timestamp":"2025-09-17T15:53:46.854296","message":"Registered route: POST /api/users"}
{"level":"info","service_name":"SERVER 2","service_version":"0.0.1","service_id":"48a22bea-aa23-48fe-89e0-c0913005e47a","path":"/api/data","method":"GET","status_code":200,"timestamp":"2025-09-17T15:54:52.647385","message":"Registering location"}
{"level":"info","service_name":"SERVER 2","service_version":"0.0.1","service_id":"48a22bea-aa23-48fe-89e0-c0913005e47a","timestamp":"2025-09-17T15:54:52.647567","message":"Registered route: GET /api/data"}
{"level":"info","service_name":"SERVER 2","service_version":"0.0.1","service_id":"48a22bea-aa23-48fe-89e0-c0913005e47a","path":"/api/async","method":"POST","status_code":202,"timestamp":"2025-09-17T15:54:52.647623","message":"Registering location"}
{"level":"info","service_name":"SERVER 2","service_version":"0.0.1","service_id":"48a22bea-aa23-48fe-89e0-c0913005e47a","timestamp":"2025-09-17T15:54:52.647685","message":"Registered route: POST /api/async"}
{"level":"info","service_name":"SERVER 2","service_version":"0.0.1","service_id":"48a22bea-aa23-48fe-89e0-c0913005e47a","path":"/api/users","method":"POST","status_code":201,"timestamp":"2025-09-17T15:54:52.647737","message":"Registering location"}
{"level":"info","service_name":"SERVER 2","service_version":"0.0.1","service_id":"48a22bea-aa23-48fe-89e0-c0913005e47a","timestamp":"2025-09-17T15:54:52.64929","message":"Registered route: POST /api/users"}
{"level":"info","service_name":"SERVER 2","service_version":"0.0.1","service_id":"4dbcb2c3-c535-4669-9a26-31cfde70c109","path":"/api/data","method":"GET","status_code":200,"timestamp":"2025-09-17T15:58:03.337916","message":"Registering location"}
{"level":"info","service_name":"SERVER 2","service_version":"0.0.1","service_id":"4dbcb2c3-c535-4669-9a26-31cfde70c109","timestamp":"2025-09-17T15:58:03.338129","message":"Registered route: GET /api/data"}
{"level":"info","service_name":"SERVER 2","service_version":"0.0.1","service_id":"4dbcb2c3-c535-4669-9a26-31cfde70c109","path":"/api/async","method":"POST","status_code":202,"timestamp":"2025-09-17T15:58:03.338161","message":"Registering location"}
{"level":"info","service_name":"SERVER 2","service_version":"0.0.1","service_id":"4dbcb2c3-c535-4669-9a26-31cfde70c109","timestamp":"2025-09-17T15:58:03.338203","message":"Registered route: POST /api/async"}
{"level":"info","service_name":"SERVER 2","service_version":"0.0.1","service_id":"4dbcb2c3-c535-4669-9a26-31cfde70c109","path":"/api/users","method":"POST","status_code":201,"timestamp":"2025-09-17T15:58:03.338228","message":"Registering location"}
{"level":"info","service_name":"SERVER 2","service_version":"0.0.1","service_id":"4dbcb2c3-c535-4669-9a26-31cfde70c109","timestamp":"2025-09-17T15:58:03.339238","message":"Registered route: POST /api/users"}
{"level":"info","service_name":"SERVER 2","service_version":"0.0.1","service_id":"a75e8603-caef-40a5-9896-1c8b6976493b","path":"/api/data","method":"GET","status_code":200,"timestamp":"2025-09-17T15:58:29.335199","message":"Registering location"}
{"level":"info","service_name":"SERVER 2","service_version":"0.0.1","service_id":"a75e8603-caef-40a5-9896-1c8b6976493b","timestamp":"2025-09-17T15:58:29.335352","message":"Registered route: GET /api/data"}
{"level":"info","service_name":"SERVER 2","service_version":"0.0.1","service_id":"a75e8603-caef-40a5-9896-1c8b6976493b","path":"/api/async","method":"POST","status_code":202,"timestamp":"2025-09-17T15:58:29.335382","message":"Registering location"}
{"level":"info","service_name":"SERVER 2","service_version":"0.0.1","service_id":"a75e8603-caef-40a5-9896-1c8b6976493b","timestamp":"2025-09-17T15:58:29.335417","message":"Registered route: POST /api/async"}
{"level":"info","service_name":"SERVER 2","service_version":"0.0.1","service_id":"a75e8603-caef-40a5-9896-1c8b6976493b","path":"/api/users","method":"POST","status_code":201,"timestamp":"2025-09-17T15:58:29.33544","message":"Registering location"}
{"level":"info","service_name":"SERVER 2","service_version":"0.0.1","service_id":"a75e8603-caef-40a5-9896-1c8b6976493b","timestamp":"2025-09-17T15:58:29.336368","message":"Registered route: POST /api/users"}
{"level":"info","service_name":"SERVER 2","service_version":"0.0.1","service_id":"de8c0f41-25fe-4c3a-84de-304d82c41f23","path":"/api/data","method":"GET","status_code":200,"timestamp":"2025-09-17T15:58:45.117711","message":"Registering location"}
{"level":"info","service_name":"SERVER 2","service_version":"0.0.1","service_id":"de8c0f41-25fe-4c3a-84de-304d82c41f23","timestamp":"2025-09-17T15:58:45.118065","message":"Registered route: GET /api/data"}
{"level":"info","service_name":"SERVER 2","service_version":"0.0.1","service_id":"de8c0f41-25fe-4c3a-84de-304d82c41f23","path":"/api/async","method":"POST","status_code":202,"timestamp":"2025-09-17T15:58:45.118113","message":"Registering location"}
{"level":"info","service_name":"SERVER 2","service_version":"0.0.1","service_id":"de8c0f41-25fe-4c3a-84de-304d82c41f23","timestamp":"2025-09-17T15:58:45.118176","message":"Registered route: POST /api/async"}
{"level":"info","service_name":"SERVER 2","service_version":"0.0.1","service_id":"de8c0f41-25fe-4c3a-84de-304d82c41f23","path":"/api/users","method":"POST","status_code":201,"timestamp":"2025-09-17T15:58:45.11824","message":"Registering location"}
{"level":"info","service_name":"SERVER 2","service_version":"0.0.1","service_id":"de8c0f41-25fe-4c3a-84de-304d82c41f23","timestamp":"2025-09-17T15:58:45.119556","message":"Registered route: POST /api/users"}
{"level":"info","service_name":"SERVER 2","service_version":"0.0.1","service_id":"e82917e5-6a7a-47c8-a140-8c5dff109c6d","path":"/api/data","method":"GET","status_code":200,"timestamp":"2025-09-17T15:59:11.237334","message":"Registering location"}
{"level":"info","service_name":"SERVER 2","service_version":"0.0.1","service_id":"e82917e5-6a7a-47c8-a140-8c5dff109c6d","timestamp":"2025-09-17T15:59:11.237457","message":"Registered route: GET /api/data"}
{"level":"info","service_name":"SERVER 2","service_version":"0.0.1","service_id":"e82917e5-6a7a-47c8-a140-8c5dff109c6d","path":"/api/async","method":"POST","status_code":202,"timestamp":"2025-09-17T15:59:11.237497","message":"Registering location"}
{"level":"info","service_name":"SERVER 2","service_version":"0.0.1","service_id":"e82917e5-6a7a-47c8-a140-8c5dff109c6d","timestamp":"2025-09-17T15:59:11.237548","message":"Registered route: POST /api/async"}
{"level":"info","service_name":"SERVER 2","service_version":"0.0.1","service_id":"e82917e5-6a7a-47c8-a140-8c5dff109c6d","path":"/api/users","method":"POST","status_code":201,"timestamp":"2025-09-17T15:59:11.237592","message":"Registering location"}
{"level":"info","service_name":"SERVER 2","service_version":"0.0.1","service_id":"e82917e5-6a7a-47c8-a140-8c5dff109c6d","timestamp":"2025-09-17T15:59:11.238755","message":"Registered route: POST /api/users"}
{"level":"info","service_name":"SERVER 2","service_version":"0.0.1","service_id":"bc60618d-6f3a-4740-98f0-07bb115b7c98","path":"/api/data","method":"GET","status_code":200,"timestamp":"2025-09-17T15:59:46.969472","message":"Registering location"}
{"level":"info","service_name":"SERVER 2","service_version":"0.0.1","service_id":"bc60618d-6f3a-4740-98f0-07bb115b7c98","timestamp":"2025-09-17T15:59:46.969522","message":"Registered route: GET /api/data"}
{"level":"info","service_name":"SERVER 2","service_version":"0.0.1","service_id":"bc60618d-6f3a-4740-98f0-07bb115b7c98","path":"/api/async","method":"POST","status_code":202,"timestamp":"2025-09-17T15:59:46.969538","message":"Registering location"}
{"level":"info","service_name":"SERVER 2","service_version":"0.0.1","service_id":"bc60618d-6f3a-4740-98f0-07bb115b7c98","timestamp":"2025-09-17T15:59:46.969564","message":"Registered route: POST /api/async"}
{"level":"info","service_name":"SERVER 2","service_version":"0.0.1","service_id":"bc60618d-6f3a-4740-98f0-07bb115b7c98","path":"/api/users","method":"POST","status_code":201,"timestamp":"2025-09-17T15:59:46.969576","message":"Registering location"}
{"level":"info","service_name":"SERVER 2","service_version":"0.0.1","service_id":"bc60618d-6f3a-4740-98f0-07bb115b7c98","timestamp":"2025-09-17T15:59:46.969959","message":"Registered route: POST /api/users"}
{"level":"info","service_name":"SERVER 2","service_version":"0.0.1","service_id":"c5933253-97f7-469f-aeca-4068e3a04700","path":"/api/data","method":"GET","status_code":200,"timestamp":"2025-09-17T16:00:29.631767","message":"Registering location"}
{"level":"info","service_name":"SERVER 2","service_version":"0.0.1","service_id":"c5933253-97f7-469f-aeca-4068e3a04700","timestamp":"2025-09-17T16:00:29.631942","message":"Registered route: GET /api/data"}
{"level":"info","service_name":"SERVER 2","service_version":"0.0.1","service_id":"c5933253-97f7-469f-aeca-4068e3a04700","path":"/api/async","method":"POST","status_code":202,"timestamp":"2025-09-17T16:00:29.631959","message":"Registering location"}
{"level":"info","service_name":"SERVER 2","service_version":"0.0.1","service_id":"c5933253-97f7-469f-aeca-4068e3a04700","timestamp":"2025-09-17T16:00:29.631983","message":"Registered route: POST /api/async"}
{"level":"info","service_name":"SERVER 2","service_version":"0.0.1","service_id":"c5933253-97f7-469f-aeca-4068e3a04700","path":"/api/users","method":"POST","status_code":201,"timestamp":"2025-09-17T16:00:29.631999","message":"Registering location"}
{"level":"info","service_name":"SERVER 2","service_version":"0.0.1","service_id":"c5933253-97f7-469f-aeca-4068e3a04700","timestamp":"2025-09-17T16:00:29.632514","message":"Registered route: POST /api/users"}
{"level":"info","service_name":"SERVER 2","service_version":"0.0.1","service_id":"2620979d-2486-4bfb-a401-0a3cffb30a23","path":"/api/data","method":"GET","status_code":200,"timestamp":"2025-09-17T16:00:48.085516","message":"Registering location"}
{"level":"info","service_name":"SERVER 2","service_version":"0.0.1","service_id":"2620979d-2486-4bfb-a401-0a3cffb30a23","timestamp":"2025-09-17T16:00:48.085557","message":"Registered route: GET /api/data"}
{"level":"info","service_name":"SERVER 2","service_version":"0.0.1","service_id":"2620979d-2486-4bfb-a401-0a3cffb30a23","path":"/api/async","method":"POST","status_code":202,"timestamp":"2025-09-17T16:00:48.085578","message":"Registering location"}
{"level":"info","service_name":"SERVER 2","service_version":"0.0.1","service_id":"2620979d-2486-4bfb-a401-0a3cffb30a23","timestamp":"2025-09-17T16:00:48.085597","message":"Registered route: POST /api/async"}
{"level":"info","service_name":"SERVER 2","service_version":"0.0.1","service_id":"2620979d-2486-4bfb-a401-0a3cffb30a23","path":"/api/users","method":"POST","status_code":201,"timestamp":"2025-09-17T16:00:48.085611","message":"Registering location"}
{"level":"info","service_name":"SERVER 2","service_version":"0.0.1","service_id":"2620979d-2486-4bfb-a401-0a3cffb30a23","timestamp":"2025-09-17T16:00:48.08598","message":"Registered route: POST /api/users"}
{"level":"info","service_name":"SERVER 2","service_version":"0.0.1","service_id":"a0f5cf05-1cf9-4dba-b9f1-ae11c43279c3","path":"/api/data","method":"GET","status_code":200,"timestamp":"2025-09-17T16:01:19.783944","message":"Registering location"}
{"level":"info","service_name":"SERVER 2","service_version":"0.0.1","service_id":"a0f5cf05-1cf9-4dba-b9f1-ae11c43279c3","timestamp":"2025-09-17T16:01:19.783991","message":"Registered route: GET /api/data"}
{"level":"info","service_name":"SERVER 2","service_version":"0.0.1","service_id":"a0f5cf05-1cf9-4dba-b9f1-ae11c43279c3","path":"/api/async","method":"POST","status_code":202,"timestamp":"2025-09-17T16:01:19.784006","message":"Registering location"}
{"level":"info","service_name":"SERVER 2","service_version":"0.0.1","service_id":"a0f5cf05-1cf9-4dba-b9f1-ae11c43279c3","timestamp":"2025-09-17T16:01:19.784029","message":"Registered route: POST /api/async"}
{"level":"info","service_name":"SERVER 2","service_version":"0.0.1","service_id":"a0f5cf05-1cf9-4dba-b9f1-ae11c43279c3","path":"/api/users","method":"POST","status_code":201,"timestamp":"2025-09-17T16:01:19.78404","message":"Registering location"}
{"level":"info","service_name":"SERVER 2","service_version":"0.0.1","service_id":"a0f5cf05-1cf9-4dba-b9f1-ae11c43279c3","timestamp":"2025-09-17T16:01:19.784394","message":"Registered route: POST /api/users"}
{"level":"info","service_name":"SERVER 2","service_version":"0.0.1","service_id":"55d21b12-4ee0-40ff-8000-e8601f307ffb","path":"/api/data","method":"GET","status_code":200,"timestamp":"2025-09-17T16:01:42.704512","message":"Registering location"}
{"level":"info","service_name":"SERVER 2","service_version":"0.0.1","service_id":"55d21b12-4ee0-40ff-8000-e8601f307ffb","timestamp":"2025-09-17T16:01:42.704558","message":"Registered route: GET /api/data"}
{"level":"info","service_name":"SERVER 2","service_version":"0.0.1","service_id":"55d21b12-4ee0-40ff-8000-e8601f307ffb","path":"/api/async","method":"POST","status_code":202,"timestamp":"2025-09-17T16:01:42.704574","message":"Registering location"}
{"level":"info","service_name":"SERVER 2","service_version":"0.0.1","service_id":"55d21b12-4ee0-40ff-8000-e8601f307ffb","timestamp":"2025-09-17T16:01:42.704594","message":"Registered route: POST /api/async"}
{"level":"info","service_name":"SERVER 2","service_version":"0.0.1","service_id":"55d21b12-4ee0-40ff-8000-e8601f307ffb","path":"/api/users","method":"POST","status_code":201,"timestamp":"2025-09-17T16:01:42.704607","message":"Registering location"}
{"level":"info","service_name":"SERVER 2","service_version":"0.0.1","service_id":"55d21b12-4ee0-40ff-8000-e8601f307ffb","timestamp":"2025-09-17T16:01:42.704997","message":"Registered route: POST /api/users"}
{"level":"info","service_name":"SERVER 2","service_version":"0.0.1","service_id":"3f4ae7ab-dee0-4023-832d-205f41cef723","path":"/api/data","method":"GET","status_code":200,"timestamp":"2025-09-17T16:03:08.161889","message":"Registering location"}
{"level":"info","service_name":"SERVER 2","service_version":"0.0.1","service_id":"3f4ae7ab-dee0-4023-832d-205f41cef723","timestamp":"2025-09-17T16:03:08.161938","message":"Registered route: GET /api/data"}
{"level":"info","service_name":"SERVER 2","service_version":"0.0.1","service_id":"3f4ae7ab-dee0-4023-832d-205f41cef723","path":"/api/async","method":"POST","status_code":202,"timestamp":"2025-09-17T16:03:08.161954","message":"Registering location"}
{"level":"info","service_name":"SERVER 2","service_version":"0.0.1","service_id":"3f4ae7ab-dee0-4023-832d-205f41cef723","timestamp":"2025-09-17T16:03:08.161975","message":"Registered route: POST /api/async"}
{"level":"info","service_name":"SERVER 2","service_version":"0.0.1","service_id":"3f4ae7ab-dee0-4023-832d-205f41cef723","path":"/api/users","method":"POST","status_code":201,"timestamp":"2025-09-17T16:03:08.161991","message":"Registering location"}
{"level":"info","service_name":"SERVER 2","service_version":"0.0.1","service_id":"3f4ae7ab-dee0-4023-832d-205f41cef723","timestamp":"2025-09-17T16:03:08.16239","message":"Registered route: POST /api/users"}
{"level":"info","service_name":"SERVER 2","service_version":"0.0.1","service_id":"14d40064-96f2-4505-bb7f-875c7c6ba3cc","path":"/api/data","method":"GET","status_code":200,"timestamp":"2025-09-17T16:03:45.74319","message":"Registering location"}
{"level":"info","service_name":"SERVER 2","service_version":"0.0.1","service_id":"14d40064-96f2-4505-bb7f-875c7c6ba3cc","timestamp":"2025-09-17T16:03:45.743324","message":"Registered route: GET /api/data"}
{"level":"info","service_name":"SERVER 2","service_version":"0.0.1","service_id":"14d40064-96f2-4505-bb7f-875c7c6ba3cc","path":"/api/async","method":"POST","status_code":202,"timestamp":"2025-09-17T16:03:45.743344","message":"Registering location"}
{"level":"info","service_name":"SERVER 2","service_version":"0.0.1","service_id":"14d40064-96f2-4505-bb7f-875c7c6ba3cc","timestamp":"2025-09-17T16:03:45.743366","message":"Registered route: POST /api/async"}
{"level":"info","service_name":"SERVER 2","service_version":"0.0.1","service_id":"14d40064-96f2-4505-bb7f-875c7c6ba3cc","path":"/api/users","method":"POST","status_code":201,"timestamp":"2025-09-17T16:03:45.743382","message":"Registering location"}
{"level":"info","service_name":"SERVER 2","service_version":"0.0.1","service_id":"14d40064-96f2-4505-bb7f-875c7c6ba3cc","timestamp":"2025-09-17T16:03:45.743926","message":"Registered route: POST /api/users"}
{"level":"info","service_name":"SERVER 2","service_version":"0.0.1","service_id":"4065991f-73a7-42d8-aa21-38fc6d34d68d","path":"/api/data","method":"GET","status_code":200,"timestamp":"2025-09-17T16:05:57.776279","message":"Registering location"}
{"level":"info","service_name":"SERVER 2","service_version":"0.0.1","service_id":"4065991f-73a7-42d8-aa21-38fc6d34d68d","timestamp":"2025-09-17T16:05:57.776332","message":"Registered route: GET /api/data"}
{"level":"info","service_name":"SERVER 2","service_version":"0.0.1","service_id":"4065991f-73a7-42d8-aa21-38fc6d34d68d","path":"/api/async","method":"POST","status_code":202,"timestamp":"2025-09-17T16:05:57.776349","message":"Registering location"}
{"level":"info","service_name":"SERVER 2","service_version":"0.0.1","service_id":"4065991f-73a7-42d8-aa21-38fc6d34d68d","timestamp":"2025-09-17T16:05:57.776372","message":"Registered route: POST /api/async"}
{"level":"info","service_name":"SERVER 2","service_version":"0.0.1","service_id":"4065991f-73a7-42d8-aa21-38fc6d34d68d","path":"/api/users","method":"POST","status_code":201,"timestamp":"2025-09-17T16:05:57.776386","message":"Registering location"}
{"level":"info","service_name":"SERVER 2","service_version":"0.0.1","service_id":"4065991f-73a7-42d8-aa21-38fc6d34d68d","timestamp":"2025-09-17T16:05:57.776806","message":"Registered route: POST /api/users"}
{"level":"info","service_name":"SERVER 2","service_version":"0.0.1","service_id":"bfdace4d-bdb8-44ac-90ef-8ad2590f8539","path":"/api/data","method":"GET","status_code":200,"timestamp":"2025-09-17T16:06:15.192015","message":"Registering location"}
{"level":"info","service_name":"SERVER 2","service_version":"0.0.1","service_id":"bfdace4d-bdb8-44ac-90ef-8ad2590f8539","timestamp":"2025-09-17T16:06:15.192057","message":"Registered route: GET /api/data"}
{"level":"info","service_name":"SERVER 2","service_version":"0.0.1","service_id":"bfdace4d-bdb8-44ac-90ef-8ad2590f8539","path":"/api/async","method":"POST","status_code":202,"timestamp":"2025-09-17T16:06:15.192073","message":"Registering location"}
{"level":"info","service_name":"SERVER 2","service_version":"0.0.1","service_id":"bfdace4d-bdb8-44ac-90ef-8ad2590f8539","timestamp":"2025-09-17T16:06:15.192095","message":"Registered route: POST /api/async"}
{"level":"info","service_name":"SERVER 2","service_version":"0.0.1","service_id":"bfdace4d-bdb8-44ac-90ef-8ad2590f8539","path":"/api/users","method":"POST","status_code":201,"timestamp":"2025-09-17T16:06:15.192107","message":"Registering location"}
{"level":"info","service_name":"SERVER 2","service_version":"0.0.1","service_id":"bfdace4d-bdb8-44ac-90ef-8ad2590f8539","timestamp":"2025-09-17T16:06:15.192462","message":"Registered route: POST /api/users"}
{"level":"info","service_name":"SERVER 2","service_version":"0.0.1","service_id":"09eded4a-4ddb-4e0f-9219-b50ad7606a8f","path":"/api/data","method":"GET","status_code":200,"timestamp":"2025-09-17T16:06:44.798687","message":"Registering location"}
{"level":"info","service_name":"SERVER 2","service_version":"0.0.1","service_id":"09eded4a-4ddb-4e0f-9219-b50ad7606a8f","timestamp":"2025-09-17T16:06:44.798838","message":"Registered route: GET /api/data"}
{"level":"info","service_name":"SERVER 2","service_version":"0.0.1","service_id":"09eded4a-4ddb-4e0f-9219-b50ad7606a8f","path":"/api/async","method":"POST","status_code":202,"timestamp":"2025-09-17T16:06:44.798852","message":"Registering location"}
{"level":"info","service_name":"SERVER 2","service_version":"0.0.1","service_id":"09eded4a-4ddb-4e0f-9219-b50ad7606a8f","timestamp":"2025-09-17T16:06:44.79887","message":"Registered route: POST /api/async"}
{"level":"info","service_name":"SERVER 2","service_version":"0.0.1","service_id":"09eded4a-4ddb-4e0f-9219-b50ad7606a8f","path":"/api/users","method":"POST","status_code":201,"timestamp":"2025-09-17T16:06:44.798882","message":"Registering location"}
{"level":"info","service_name":"SERVER 2","service_version":"0.0.1","service_id":"09eded4a-4ddb-4e0f-9219-b50ad7606a8f","timestamp":"2025-09-17T16:06:44.799375","message":"Registered route: POST /api/users"}
{"level":"info","service_name":"SERVER 2","service_version":"0.0.1","service_id":"366bdb40-e83a-4326-bb84-560bbb87bbab","path":"/api/data","method":"GET","status_code":200,"timestamp":"2025-09-17T16:07:54.643768","message":"Registering location"}
{"level":"info","service_name":"SERVER 2","service_version":"0.0.1","service_id":"366bdb40-e83a-4326-bb84-560bbb87bbab","timestamp":"2025-09-17T16:07:54.643813","message":"Registered route: GET /api/data"}
{"level":"info","service_name":"SERVER 2","service_version":"0.0.1","service_id":"366bdb40-e83a-4326-bb84-560bbb87bbab","path":"/api/async","method":"POST","status_code":202,"timestamp":"2025-09-17T16:07:54.64383","message":"Registering location"}
{"level":"info","service_name":"SERVER 2","service_version":"0.0.1","service_id":"366bdb40-e83a-4326-bb84-560bbb87bbab","timestamp":"2025-09-17T16:07:54.64385","message":"Registered route: POST /api/async"}
{"level":"info","service_name":"SERVER 2","service_version":"0.0.1","service_id":"366bdb40-e83a-4326-bb84-560bbb87bbab","path":"/api/users","method":"POST","status_code":201,"timestamp":"2025-09-17T16:07:54.643864","message":"Registering location"}
{"level":"info","service_name":"SERVER 2","service_version":"0.0.1","service_id":"366bdb40-e83a-4326-bb84-560bbb87bbab","timestamp":"2025-09-17T16:07:54.64425","message":"Registered route: POST /api/users"}
{"level":"info","service_name":"SERVER 2","service_version":"0.0.1","service_id":"88da19ed-7c5c-43a4-9954-d1d2bbfe75cc","path":"/api/data","method":"GET","status_code":200,"timestamp":"2025-09-17T16:24:08.242474","message":"Registering location"}
{"level":"info","service_name":"SERVER 2","service_version":"0.0.1","service_id":"88da19ed-7c5c-43a4-9954-d1d2bbfe75cc","timestamp":"2025-09-17T16:24:08.242549","message":"Registered route: GET /api/data"}
{"level":"info","service_name":"SERVER 2","service_version":"0.0.1","service_id":"88da19ed-7c5c-43a4-9954-d1d2bbfe75cc","path":"/api/async","method":"POST","status_code":202,"timestamp":"2025-09-17T16:24:08.242578","message":"Registering location"}
{"level":"info","service_name":"SERVER 2","service_version":"0.0.1","service_id":"88da19ed-7c5c-43a4-9954-d1d2bbfe75cc","timestamp":"2025-09-17T16:24:08.242612","message":"Registered route: POST /api/async"}
{"level":"info","service_name":"SERVER 2","service_version":"0.0.1","service_id":"88da19ed-7c5c-43a4-9954-d1d2bbfe75cc","path":"/api/users","method":"POST","status_code":201,"timestamp":"2025-09-17T16:24:08.24264","message":"Registering location"}
{"level":"info","service_name":"SERVER 2","service_version":"0.0.1","service_id":"88da19ed-7c5c-43a4-9954-d1d2bbfe75cc","timestamp":"2025-09-17T16:24:08.243037","message":"Registered route: POST /api/users"}
{"level":"info","service_name":"SERVER 2","service_version":"0.0.1","service_id":"4088e719-d926-44b6-b0cb-efb7c35e2364","path":"/api/data","method":"GET","status_code":200,"timestamp":"2025-09-17T16:24:56.426447","message":"Registering location"}
{"level":"info","service_name":"SERVER 2","service_version":"0.0.1","service_id":"4088e719-d926-44b6-b0cb-efb7c35e2364","timestamp":"2025-09-17T16:24:56.426499","message":"Registered route: GET /api/data"}
{"level":"info","service_name":"SERVER 2","service_version":"0.0.1","service_id":"4088e719-d926-44b6-b0cb-efb7c35e2364","path":"/api/async","method":"POST","status_code":202,"timestamp":"2025-09-17T16:24:56.426515","message":"Registering location"}
{"level":"info","service_name":"SERVER 2","service_version":"0.0.1","service_id":"4088e719-d926-44b6-b0cb-efb7c35e2364","timestamp":"2025-09-17T16:24:56.426538","message":"Registered route: POST /api/async"}
{"level":"info","service_name":"SERVER 2","service_version":"0.0.1","service_id":"4088e719-d926-44b6-b0cb-efb7c35e2364","path":"/api/users","method":"POST","status_code":201,"timestamp":"2025-09-17T16:24:56.42655","message":"Registering location"}
{"level":"info","service_name":"SERVER 2","service_version":"0.0.1","service_id":"4088e719-d926-44b6-b0cb-efb7c35e2364","timestamp":"2025-09-17T16:24:56.426915","message":"Registered route: POST /api/users"}
{"level":"info","service_name":"SERVER 2","service_version":"0.0.1","service_id":"5cecb7ed-dacd-41a7-b392-05b82b43466b","path":"/api/data","method":"GET","status_code":200,"timestamp":"2025-09-17T16:25:12.834239","message":"Registering location"}
{"level":"info","service_name":"SERVER 2","service_version":"0.0.1","service_id":"5cecb7ed-dacd-41a7-b392-05b82b43466b","timestamp":"2025-09-17T16:25:12.83429","message":"Registered route: GET /api/data"}
{"level":"info","service_name":"SERVER 2","service_version":"0.0.1","service_id":"5cecb7ed-dacd-41a7-b392-05b82b43466b","path":"/api/async","method":"POST","status_code":202,"timestamp":"2025-09-17T16:25:12.834309","message":"Registering location"}
{"level":"info","service_name":"SERVER 2","service_version":"0.0.1","service_id":"5cecb7ed-dacd-41a7-b392-05b82b43466b","timestamp":"2025-09-17T16:25:12.834327","message":"Registered route: POST /api/async"}
{"level":"info","service_name":"SERVER 2","service_version":"0.0.1","service_id":"5cecb7ed-dacd-41a7-b392-05b82b43466b","path":"/api/users","method":"POST","status_code":201,"timestamp":"2025-09-17T16:25:12.834339","message":"Registering location"}
{"level":"info","service_name":"SERVER 2","service_version":"0.0.1","service_id":"5cecb7ed-dacd-41a7-b392-05b82b43466b","timestamp":"2025-09-17T16:25:12.8347","message":"Registered route: POST /api/users"}
{"level":"info","service_name":"SERVER 2","service_version":"0.0.1","service_id":"30fb873f-3ef1-4f34-9d3a-badd909a9bb4","path":"/api/data","method":"GET","status_code":200,"timestamp":"2025-09-17T16:29:02.649186","message":"Registering location"}
{"level":"info","service_name":"SERVER 2","service_version":"0.0.1","service_id":"30fb873f-3ef1-4f34-9d3a-badd909a9bb4","timestamp":"2025-09-17T16:29:02.649234","message":"Registered route: GET /api/data"}
{"level":"info","service_name":"SERVER 2","service_version":"0.0.1","service_id":"30fb873f-3ef1-4f34-9d3a-badd909a9bb4","path":"/api/async","method":"POST","status_code":202,"timestamp":"2025-09-17T16:29:02.649251","message":"Registering location"}
{"level":"info","service_name":"SERVER 2","service_version":"0.0.1","service_id":"30fb873f-3ef1-4f34-9d3a-badd909a9bb4","timestamp":"2025-09-17T16:29:02.649275","message":"Registered route: POST /api/async"}
{"level":"info","service_name":"SERVER 2","service_version":"0.0.1","service_id":"30fb873f-3ef1-4f34-9d3a-badd909a9bb4","path":"/api/users","method":"POST","status_code":201,"timestamp":"2025-09-17T16:29:02.649287","message":"Registering location"}
{"level":"info","service_name":"SERVER 2","service_version":"0.0.1","service_id":"30fb873f-3ef1-4f34-9d3a-badd909a9bb4","timestamp":"2025-09-17T16:29:02.649652","message":"Registered route: POST /api/users"}
{"level":"info","service_name":"SERVER 2","service_version":"0.0.1","service_id":"e5b6787c-e73e-43c0-ade8-80d6cf2acd50","path":"/api/data","method":"GET","status_code":200,"timestamp":"2025-09-17T16:30:00.468101","message":"Registering location"}
{"level":"info","service_name":"SERVER 2","service_version":"0.0.1","service_id":"e5b6787c-e73e-43c0-ade8-80d6cf2acd50","timestamp":"2025-09-17T16:30:00.468141","message":"Registered route: GET /api/data"}
{"level":"info","service_name":"SERVER 2","service_version":"0.0.1","service_id":"e5b6787c-e73e-43c0-ade8-80d6cf2acd50","path":"/api/async","method":"POST","status_code":202,"timestamp":"2025-09-17T16:30:00.468157","message":"Registering location"}
{"level":"info","service_name":"SERVER 2","service_version":"0.0.1","service_id":"e5b6787c-e73e-43c0-ade8-80d6cf2acd50","timestamp":"2025-09-17T16:30:00.468176","message":"Registered route: POST /api/async"}
{"level":"info","service_name":"SERVER 2","service_version":"0.0.1","service_id":"e5b6787c-e73e-43c0-ade8-80d6cf2acd50","path":"/api/users","method":"POST","status_code":201,"timestamp":"2025-09-17T16:30:00.468189","message":"Registering location"}
{"level":"info","service_name":"SERVER 2","service_version":"0.0.1","service_id":"e5b6787c-e73e-43c0-ade8-80d6cf2acd50","timestamp":"2025-09-17T16:30:00.468541","message":"Registered route: POST /api/users"}
{"level":"info","service_name":"SERVER 2","service_version":"0.0.1","service_id":"47dcf990-6a7b-4bd4-9cd5-494b9a2c8acd","path":"/api/data","method":"GET","status_code":200,"timestamp":"2025-09-17T16:30:29.437959","message":"Registering location"}
{"level":"info","service_name":"SERVER 2","service_version":"0.0.1","service_id":"47dcf990-6a7b-4bd4-9cd5-494b9a2c8acd","timestamp":"2025-09-17T16:30:29.438002","message":"Registered route: GET /api/data"}
{"level":"info","service_name":"SERVER 2","service_version":"0.0.1","service_id":"47dcf990-6a7b-4bd4-9cd5-494b9a2c8acd","path":"/api/async","method":"POST","status_code":202,"timestamp":"2025-09-17T16:30:29.438016","message":"Registering location"}
{"level":"info","service_name":"SERVER 2","service_version":"0.0.1","service_id":"47dcf990-6a7b-4bd4-9cd5-494b9a2c8acd","timestamp":"2025-09-17T16:30:29.438037","message":"Registered route: POST /api/async"}
{"level":"info","service_name":"SERVER 2","service_version":"0.0.1","service_id":"47dcf990-6a7b-4bd4-9cd5-494b9a2c8acd","path":"/api/users","method":"POST","status_code":201,"timestamp":"2025-09-17T16:30:29.43805","message":"Registering location"}
{"level":"info","service_name":"SERVER 2","service_version":"0.0.1","service_id":"47dcf990-6a7b-4bd4-9cd5-494b9a2c8acd","timestamp":"2025-09-17T16:30:29.438471","message":"Registered route: POST /api/users"}
{"level":"info","service_name":"SERVER 2","service_version":"0.0.1","service_id":"bf5c4054-8db3-4d86-a458-5515a3c2811c","path":"/api/data","method":"GET","status_code":200,"timestamp":"2025-09-17T16:32:32.310807","message":"Registering location"}
{"level":"info","service_name":"SERVER 2","service_version":"0.0.1","service_id":"bf5c4054-8db3-4d86-a458-5515a3c2811c","timestamp":"2025-09-17T16:32:32.310859","message":"Registered route: GET /api/data"}
{"level":"info","service_name":"SERVER 2","service_version":"0.0.1","service_id":"bf5c4054-8db3-4d86-a458-5515a3c2811c","path":"/api/async","method":"POST","status_code":202,"timestamp":"2025-09-17T16:32:32.310877","message":"Registering location"}
{"level":"info","service_name":"SERVER 2","service_version":"0.0.1","service_id":"bf5c4054-8db3-4d86-a458-5515a3c2811c","timestamp":"2025-09-17T16:32:32.310895","message":"Registered route: POST /api/async"}
{"level":"info","service_name":"SERVER 2","service_version":"0.0.1","service_id":"bf5c4054-8db3-4d86-a458-5515a3c2811c","path":"/api/users","method":"POST","status_code":201,"timestamp":"2025-09-17T16:32:32.310907","message":"Registering location"}
{"level":"info","service_name":"SERVER 2","service_version":"0.0.1","service_id":"bf5c4054-8db3-4d86-a458-5515a3c2811c","timestamp":"2025-09-17T16:32:32.311318","message":"Registered route: POST /api/users"}
{"level":"info","service_name":"SERVER 2","service_version":"0.0.1","service_id":"101a6a96-c471-4b14-bfd5-203098f84d9d","path":"/api/data","method":"GET","status_code":200,"timestamp":"2025-09-17T16:58:20.397539","message":"Registering location"}
{"level":"info","service_name":"SERVER 2","service_version":"0.0.1","service_id":"101a6a96-c471-4b14-bfd5-203098f84d9d","timestamp":"2025-09-17T16:58:20.397616","message":"Registered route: GET /api/data"}
{"level":"info","service_name":"SERVER 2","service_version":"0.0.1","service_id":"101a6a96-c471-4b14-bfd5-203098f84d9d","path":"/api/async","method":"POST","status_code":202,"timestamp":"2025-09-17T16:58:20.397638","message":"Registering location"}
{"level":"info","service_name":"SERVER 2","service_version":"0.0.1","service_id":"101a6a96-c471-4b14-bfd5-203098f84d9d","timestamp":"2025-09-17T16:58:20.397663","message":"Registered route: POST /api/async"}
{"level":"info","service_name":"SERVER 2","service_version":"0.0.1","service_id":"101a6a96-c471-4b14-bfd5-203098f84d9d","path":"/api/users","method":"POST","status_code":201,"timestamp":"2025-09-17T16:58:20.39768","message":"Registering location"}
{"level":"info","service_name":"SERVER 2","service_version":"0.0.1","service_id":"101a6a96-c471-4b14-bfd5-203098f84d9d","timestamp":"2025-09-17T16:58:20.398127","message":"Registered route: POST /api/users"}
{"level":"info","service_name":"SERVER 2","service_version":"0.0.1","service_id":"81a26b7d-eccf-458c-b46a-8fa09825e951","path":"/api/data","method":"GET","status_code":200,"timestamp":"2025-09-17T17:01:32.392264","message":"Registering location"}
{"level":"info","service_name":"SERVER 2","service_version":"0.0.1","service_id":"81a26b7d-eccf-458c-b46a-8fa09825e951","timestamp":"2025-09-17T17:01:32.392309","message":"Registered route: GET /api/data"}
{"level":"info","service_name":"SERVER 2","service_version":"0.0.1","service_id":"81a26b7d-eccf-458c-b46a-8fa09825e951","path":"/api/async","method":"POST","status_code":202,"timestamp":"2025-09-17T17:01:32.392327","message":"Registering location"}
{"level":"info","service_name":"SERVER 2","service_version":"0.0.1","service_id":"81a26b7d-eccf-458c-b46a-8fa09825e951","timestamp":"2025-09-17T17:01:32.392347","message":"Registered route: POST /api/async"}
{"level":"info","service_name":"SERVER 2","service_version":"0.0.1","service_id":"81a26b7d-eccf-458c-b46a-8fa09825e951","path":"/api/users","method":"POST","status_code":201,"timestamp":"2025-09-17T17:01:32.39236","message":"Registering location"}
{"level":"info","service_name":"SERVER 2","service_version":"0.0.1","service_id":"81a26b7d-eccf-458c-b46a-8fa09825e951","timestamp":"2025-09-17T17:01:32.392749","message":"Registered route: POST /api/users"}
{"level":"info","service_name":"SERVER 2","service_version":"0.0.1","service_id":"eaf245ce-de19-470f-917c-b3859badb340","path":"/api/data","method":"GET","status_code":200,"timestamp":"2025-09-17T17:03:06.609259","message":"Registering location"}
{"level":"info","service_name":"SERVER 2","service_version":"0.0.1","service_id":"eaf245ce-de19-470f-917c-b3859badb340","timestamp":"2025-09-17T17:03:06.609312","message":"Registered route: GET /api/data"}
{"level":"info","service_name":"SERVER 2","service_version":"0.0.1","service_id":"eaf245ce-de19-470f-917c-b3859badb340","path":"/api/async","method":"POST","status_code":202,"timestamp":"2025-09-17T17:03:06.609327","message":"Registering location"}
{"level":"info","service_name":"SERVER 2","service_version":"0.0.1","service_id":"eaf245ce-de19-470f-917c-b3859badb340","timestamp":"2025-09-17T17:03:06.609353","message":"Registered route: POST /api/async"}
{"level":"info","service_name":"SERVER 2","service_version":"0.0.1","service_id":"eaf245ce-de19-470f-917c-b3859badb340","path":"/api/users","method":"POST","status_code":201,"timestamp":"2025-09-17T17:03:06.609367","message":"Registering location"}
{"level":"info","service_name":"SERVER 2","service_version":"0.0.1","service_id":"eaf245ce-de19-470f-917c-b3859badb340","timestamp":"2025-09-17T17:03:06.609802","message":"Registered route: POST /api/users"}
{"level":"info","service_name":"SERVER 2","service_version":"0.0.1","service_id":"cf4580ec-cab1-4e08-a84a-e4efa4ef7558","path":"/api/data","method":"GET","status_code":200,"timestamp":"2025-09-17T17:06:06.548384","message":"Registering location"}
{"level":"info","service_name":"SERVER 2","service_version":"0.0.1","service_id":"cf4580ec-cab1-4e08-a84a-e4efa4ef7558","timestamp":"2025-09-17T17:06:06.548482","message":"Registered route: GET /api/data"}
{"level":"info","service_name":"SERVER 2","service_version":"0.0.1","service_id":"cf4580ec-cab1-4e08-a84a-e4efa4ef7558","path":"/api/async","method":"POST","status_code":202,"timestamp":"2025-09-17T17:06:06.548497","message":"Registering location"}
{"level":"info","service_name":"SERVER 2","service_version":"0.0.1","service_id":"cf4580ec-cab1-4e08-a84a-e4efa4ef7558","timestamp":"2025-09-17T17:06:06.548516","message":"Registered route: POST /api/async"}
{"level":"info","service_name":"SERVER 2","service_version":"0.0.1","service_id":"cf4580ec-cab1-4e08-a84a-e4efa4ef7558","path":"/api/users","method":"POST","status_code":201,"timestamp":"2025-09-17T17:06:06.54853","message":"Registering location"}
{"level":"info","service_name":"SERVER 2","service_version":"0.0.1","service_id":"cf4580ec-cab1-4e08-a84a-e4efa4ef7558","timestamp":"2025-09-17T17:06:06.549147","message":"Registered route: POST /api/users"}
{"level":"info","service_name":"SERVER 2","service_version":"0.0.1","service_id":"1eaae015-a93e-4164-8226-8758ce942127","path":"/api/data","method":"GET","status_code":200,"timestamp":"2025-09-17T17:07:04.341229","message":"Registering location"}
{"level":"info","service_name":"SERVER 2","service_version":"0.0.1","service_id":"1eaae015-a93e-4164-8226-8758ce942127","timestamp":"2025-09-17T17:07:04.341567","message":"Registered route: GET /api/data"}
{"level":"info","service_name":"SERVER 2","service_version":"0.0.1","service_id":"1eaae015-a93e-4164-8226-8758ce942127","path":"/api/async","method":"POST","status_code":202,"timestamp":"2025-09-17T17:07:04.341591","message":"Registering location"}
{"level":"info","service_name":"SERVER 2","service_version":"0.0.1","service_id":"1eaae015-a93e-4164-8226-8758ce942127","timestamp":"2025-09-17T17:07:04.341625","message":"Registered route: POST /api/async"}
{"level":"info","service_name":"SERVER 2","service_version":"0.0.1","service_id":"1eaae015-a93e-4164-8226-8758ce942127","path":"/api/users","method":"POST","status_code":201,"timestamp":"2025-09-17T17:07:04.341669","message":"Registering location"}
{"level":"info","service_name":"SERVER 2","service_version":"0.0.1","service_id":"1eaae015-a93e-4164-8226-8758ce942127","timestamp":"2025-09-17T17:07:04.342304","message":"Registered route: POST /api/users"}
{"level":"info","service_name":"SERVER 2","service_version":"0.0.1","service_id":"0e85c9fc-9812-4e6c-acad-251b1b3524d9","path":"/api/data","method":"GET","status_code":200,"timestamp":"2025-09-17T17:07:48.333838","message":"Registering location"}
{"level":"info","service_name":"SERVER 2","service_version":"0.0.1","service_id":"0e85c9fc-9812-4e6c-acad-251b1b3524d9","timestamp":"2025-09-17T17:07:48.333886","message":"Registered route: GET /api/data"}
{"level":"info","service_name":"SERVER 2","service_version":"0.0.1","service_id":"0e85c9fc-9812-4e6c-acad-251b1b3524d9","path":"/api/async","method":"POST","status_code":202,"timestamp":"2025-09-17T17:07:48.333903","message":"Registering location"}
{"level":"info","service_name":"SERVER 2","service_version":"0.0.1","service_id":"0e85c9fc-9812-4e6c-acad-251b1b3524d9","timestamp":"2025-09-17T17:07:48.333922","message":"Registered route: POST /api/async"}
{"level":"info","service_name":"SERVER 2","service_version":"0.0.1","service_id":"0e85c9fc-9812-4e6c-acad-251b1b3524d9","path":"/api/users","method":"POST","status_code":201,"timestamp":"2025-09-17T17:07:48.333934","message":"Registering location"}
{"level":"info","service_name":"SERVER 2","service_version":"0.0.1","service_id":"0e85c9fc-9812-4e6c-acad-251b1b3524d9","timestamp":"2025-09-17T17:07:48.334292","message":"Registered route: POST /api/users"}
{"level":"info","service_name":"SERVER 2","service_version":"0.0.1","service_id":"1a042ef9-e13f-47cc-8879-92d8009351a5","path":"/api/data","method":"GET","status_code":200,"timestamp":"2025-09-17T17:08:42.339685","message":"Registering location"}
{"level":"info","service_name":"SERVER 2","service_version":"0.0.1","service_id":"1a042ef9-e13f-47cc-8879-92d8009351a5","timestamp":"2025-09-17T17:08:42.339733","message":"Registered route: GET /api/data"}
{"level":"info","service_name":"SERVER 2","service_version":"0.0.1","service_id":"1a042ef9-e13f-47cc-8879-92d8009351a5","path":"/api/async","method":"POST","status_code":202,"timestamp":"2025-09-17T17:08:42.339749","message":"Registering location"}
{"level":"info","service_name":"SERVER 2","service_version":"0.0.1","service_id":"1a042ef9-e13f-47cc-8879-92d8009351a5","timestamp":"2025-09-17T17:08:42.339772","message":"Registered route: POST /api/async"}
{"level":"info","service_name":"SERVER 2","service_version":"0.0.1","service_id":"1a042ef9-e13f-47cc-8879-92d8009351a5","path":"/api/users","method":"POST","status_code":201,"timestamp":"2025-09-17T17:08:42.339786","message":"Registering location"}
{"level":"info","service_name":"SERVER 2","service_version":"0.0.1","service_id":"1a042ef9-e13f-47cc-8879-92d8009351a5","timestamp":"2025-09-17T17:08:42.340165","message":"Registered route: POST /api/users"}
{"level":"info","service_name":"SERVER 2","service_version":"0.0.1","service_id":"72d60dd7-af5c-4a67-bbb3-d50bf94c70f5","path":"/api/data","method":"GET","status_code":200,"timestamp":"2025-09-18T12:05:48.024841","message":"Registering location"}
{"level":"info","service_name":"SERVER 2","service_version":"0.0.1","service_id":"72d60dd7-af5c-4a67-bbb3-d50bf94c70f5","timestamp":"2025-09-18T12:05:48.025017","message":"Registered route: GET /api/data"}
{"level":"info","service_name":"SERVER 2","service_version":"0.0.1","service_id":"72d60dd7-af5c-4a67-bbb3-d50bf94c70f5","path":"/api/async","method":"POST","status_code":202,"timestamp":"2025-09-18T12:05:48.02503","message":"Registering location"}
{"level":"info","service_name":"SERVER 2","service_version":"0.0.1","service_id":"72d60dd7-af5c-4a67-bbb3-d50bf94c70f5","timestamp":"2025-09-18T12:05:48.025051","message":"Registered route: POST /api/async"}
{"level":"info","service_name":"SERVER 2","service_version":"0.0.1","service_id":"72d60dd7-af5c-4a67-bbb3-d50bf94c70f5","path":"/api/users","method":"POST","status_code":201,"timestamp":"2025-09-18T12:05:48.025063","message":"Registering location"}
{"level":"info","service_name":"SERVER 2","service_version":"0.0.1","service_id":"72d60dd7-af5c-4a67-bbb3-d50bf94c70f5","timestamp":"2025-09-18T12:05:48.025673","message":"Registered route: POST /api/users"}
