{"level":"info","service_name":"SERVER 1","service_version":"0.0.1","service_id":"a07dc12f-dab0-4998-bb58-13520a0222ac","path":"/api/hello","method":"GET","status_code":200,"timestamp":"2025-09-10T14:27:27.39977","message":"Registering location"}
{"level":"info","service_name":"SERVER 1","service_version":"0.0.1","service_id":"a07dc12f-dab0-4998-bb58-13520a0222ac","timestamp":"2025-09-10T14:27:27.400096","message":"Registered route: GET /api/hello"}
{"level":"info","service_name":"SERVER 1","service_version":"0.0.1","service_id":"a07dc12f-dab0-4998-bb58-13520a0222ac","path":"/api/callback","method":"POST","status_code":200,"timestamp":"2025-09-10T14:27:27.400116","message":"Registering location"}
{"level":"info","service_name":"SERVER 1","service_version":"0.0.1","service_id":"a07dc12f-dab0-4998-bb58-13520a0222ac","timestamp":"2025-09-10T14:27:27.400138","message":"Registered route: POST /api/callback"}
{"level":"info","service_name":"SERVER 1","service_version":"0.0.1","service_id":"a07dc12f-dab0-4998-bb58-13520a0222ac","path":"/api/echo","method":"POST","status_code":400,"timestamp":"2025-09-10T14:27:27.400151","message":"Registering location"}
{"level":"info","service_name":"SERVER 1","service_version":"0.0.1","service_id":"a07dc12f-dab0-4998-bb58-13520a0222ac","timestamp":"2025-09-10T14:27:27.400341","message":"Registered route: POST /api/echo"}
{"level":"info","service_name":"SERVER 1","service_version":"0.0.1","service_id":"27b9579a-e245-4a62-b468-b29b4660517f","path":"/api/hello","method":"GET","status_code":200,"timestamp":"2025-09-10T14:29:02.766703","message":"Registering location"}
{"level":"info","service_name":"SERVER 1","service_version":"0.0.1","service_id":"27b9579a-e245-4a62-b468-b29b4660517f","timestamp":"2025-09-10T14:29:02.766848","message":"Registered route: GET /api/hello"}
{"level":"info","service_name":"SERVER 1","service_version":"0.0.1","service_id":"27b9579a-e245-4a62-b468-b29b4660517f","path":"/api/callback","method":"POST","status_code":200,"timestamp":"2025-09-10T14:29:02.766869","message":"Registering location"}
{"level":"info","service_name":"SERVER 1","service_version":"0.0.1","service_id":"27b9579a-e245-4a62-b468-b29b4660517f","timestamp":"2025-09-10T14:29:02.766892","message":"Registered route: POST /api/callback"}
{"level":"info","service_name":"SERVER 1","service_version":"0.0.1","service_id":"27b9579a-e245-4a62-b468-b29b4660517f","path":"/api/echo","method":"POST","status_code":400,"timestamp":"2025-09-10T14:29:02.766907","message":"Registering location"}
{"level":"info","service_name":"SERVER 1","service_version":"0.0.1","service_id":"27b9579a-e245-4a62-b468-b29b4660517f","timestamp":"2025-09-10T14:29:02.767408","message":"Registered route: POST /api/echo"}
{"level":"info","service_name":"SERVER 1","service_version":"0.0.1","service_id":"3725974b-3145-46a3-82dc-ce404e93d306","path":"/api/hello","method":"GET","status_code":200,"timestamp":"2025-09-10T16:05:48.493512","message":"Registering location"}
{"level":"info","service_name":"SERVER 1","service_version":"0.0.1","service_id":"3725974b-3145-46a3-82dc-ce404e93d306","timestamp":"2025-09-10T16:05:48.494043","message":"Registered route: GET /api/hello"}
{"level":"info","service_name":"SERVER 1","service_version":"0.0.1","service_id":"3725974b-3145-46a3-82dc-ce404e93d306","path":"/api/callback","method":"POST","status_code":200,"timestamp":"2025-09-10T16:05:48.494073","message":"Registering location"}
{"level":"info","service_name":"SERVER 1","service_version":"0.0.1","service_id":"3725974b-3145-46a3-82dc-ce404e93d306","timestamp":"2025-09-10T16:05:48.4941","message":"Registered route: POST /api/callback"}
{"level":"info","service_name":"SERVER 1","service_version":"0.0.1","service_id":"3725974b-3145-46a3-82dc-ce404e93d306","path":"/api/echo","method":"POST","status_code":400,"timestamp":"2025-09-10T16:05:48.494115","message":"Registering location"}
{"level":"info","service_name":"SERVER 1","service_version":"0.0.1","service_id":"3725974b-3145-46a3-82dc-ce404e93d306","timestamp":"2025-09-10T16:05:48.495208","message":"Registered route: POST /api/echo"}
{"level":"info","service_name":"SERVER 1","service_version":"0.0.1","service_id":"3725974b-3145-46a3-82dc-ce404e93d306","request_trace_id":"7cb319cb-8daf-47bf-840b-207cb7072c72","timestamp":"2025-09-10T16:07:27.536732","message":"Starting request body validation"}
{"level":"info","service_name":"SERVER 1","service_version":"0.0.1","service_id":"3725974b-3145-46a3-82dc-ce404e93d306","request_trace_id":"7cb319cb-8daf-47bf-840b-207cb7072c72","response":"{\"echo\": \"hola David\", \"x\": \"yes value\"}","timestamp":"2025-09-10T16:07:27.537565","message":"Response processed successfully"}
{"level":"info","service_name":"SERVER 1","service_version":"0.0.1","service_id":"3725974b-3145-46a3-82dc-ce404e93d306","request_trace_id":"7cb319cb-8daf-47bf-840b-207cb7072c72","status_code":400,"timestamp":"2025-09-10T16:07:27.537785","message":"Request completed successfully"}
{"level":"info","service_name":"SERVER 1","service_version":"0.0.1","service_id":"3725974b-3145-46a3-82dc-ce404e93d306","request_trace_id":"06308843-7f26-49d4-8a22-af3d7187e4da","timestamp":"2025-09-10T16:07:33.723133","message":"Starting request body validation"}
{"level":"info","service_name":"SERVER 1","service_version":"0.0.1","service_id":"3725974b-3145-46a3-82dc-ce404e93d306","request_trace_id":"06308843-7f26-49d4-8a22-af3d7187e4da","response":"{\"echo\": \"hola David\", \"x\": \"yes value\"}","timestamp":"2025-09-10T16:07:33.727184","message":"Response processed successfully"}
{"level":"info","service_name":"SERVER 1","service_version":"0.0.1","service_id":"3725974b-3145-46a3-82dc-ce404e93d306","request_trace_id":"06308843-7f26-49d4-8a22-af3d7187e4da","status_code":400,"timestamp":"2025-09-10T16:07:33.727365","message":"Request completed successfully"}
{"level":"info","service_name":"SERVER 1","service_version":"0.0.1","service_id":"3725974b-3145-46a3-82dc-ce404e93d306","request_trace_id":"7ab015c9-2466-47e5-8e70-0514e874ba38","timestamp":"2025-09-10T16:07:38.490377","message":"Starting request body validation"}
{"level":"info","service_name":"SERVER 1","service_version":"0.0.1","service_id":"3725974b-3145-46a3-82dc-ce404e93d306","request_trace_id":"7ab015c9-2466-47e5-8e70-0514e874ba38","response":"{\"echo\": \"hola David\", \"x\": \"yes value\"}","timestamp":"2025-09-10T16:07:38.490587","message":"Response processed successfully"}
{"level":"info","service_name":"SERVER 1","service_version":"0.0.1","service_id":"3725974b-3145-46a3-82dc-ce404e93d306","request_trace_id":"7ab015c9-2466-47e5-8e70-0514e874ba38","status_code":400,"timestamp":"2025-09-10T16:07:38.490656","message":"Request completed successfully"}
{"level":"info","service_name":"SERVER 1","service_version":"0.0.1","service_id":"3725974b-3145-46a3-82dc-ce404e93d306","request_trace_id":"3ce38ec1-6600-44d5-ba0a-0feb19a896a4","timestamp":"2025-09-10T16:07:46.558885","message":"Starting request body validation"}
{"level":"info","service_name":"SERVER 1","service_version":"0.0.1","service_id":"3725974b-3145-46a3-82dc-ce404e93d306","request_trace_id":"3ce38ec1-6600-44d5-ba0a-0feb19a896a4","response":"{\"echo\": \"hola David\", \"x\": \"yes value\"}","timestamp":"2025-09-10T16:07:46.559324","message":"Response processed successfully"}
{"level":"info","service_name":"SERVER 1","service_version":"0.0.1","service_id":"3725974b-3145-46a3-82dc-ce404e93d306","request_trace_id":"3ce38ec1-6600-44d5-ba0a-0feb19a896a4","status_code":400,"timestamp":"2025-09-10T16:07:46.559507","message":"Request completed successfully"}
{"level":"info","service_name":"SERVER 1","service_version":"0.0.1","service_id":"3725974b-3145-46a3-82dc-ce404e93d306","request_trace_id":"684290ef-ae70-42b5-a71e-22e900ca74f4","timestamp":"2025-09-10T16:07:47.011875","message":"Starting request body validation"}
{"level":"info","service_name":"SERVER 1","service_version":"0.0.1","service_id":"3725974b-3145-46a3-82dc-ce404e93d306","request_trace_id":"684290ef-ae70-42b5-a71e-22e900ca74f4","response":"{\"echo\": \"hola David\", \"x\": \"yes value\"}","timestamp":"2025-09-10T16:07:47.012362","message":"Response processed successfully"}
{"level":"info","service_name":"SERVER 1","service_version":"0.0.1","service_id":"3725974b-3145-46a3-82dc-ce404e93d306","request_trace_id":"684290ef-ae70-42b5-a71e-22e900ca74f4","status_code":400,"timestamp":"2025-09-10T16:07:47.012529","message":"Request completed successfully"}
{"level":"info","service_name":"SERVER 1","service_version":"0.0.1","service_id":"3725974b-3145-46a3-82dc-ce404e93d306","request_trace_id":"784dd7b1-d4af-4ddf-880d-7c9da1b26f03","timestamp":"2025-09-10T16:07:47.427907","message":"Starting request body validation"}
{"level":"info","service_name":"SERVER 1","service_version":"0.0.1","service_id":"3725974b-3145-46a3-82dc-ce404e93d306","request_trace_id":"784dd7b1-d4af-4ddf-880d-7c9da1b26f03","response":"{\"echo\": \"hola David\", \"x\": \"yes value\"}","timestamp":"2025-09-10T16:07:47.428432","message":"Response processed successfully"}
{"level":"info","service_name":"SERVER 1","service_version":"0.0.1","service_id":"3725974b-3145-46a3-82dc-ce404e93d306","request_trace_id":"784dd7b1-d4af-4ddf-880d-7c9da1b26f03","status_code":400,"timestamp":"2025-09-10T16:07:47.428576","message":"Request completed successfully"}
{"level":"info","service_name":"SERVER 1","service_version":"0.0.1","service_id":"3725974b-3145-46a3-82dc-ce404e93d306","request_trace_id":"9f6dc6f1-30e5-4ca5-84c6-3060ebfffe30","timestamp":"2025-09-10T16:07:49.468182","message":"Starting request body validation"}
{"level":"info","service_name":"SERVER 1","service_version":"0.0.1","service_id":"3725974b-3145-46a3-82dc-ce404e93d306","request_trace_id":"9f6dc6f1-30e5-4ca5-84c6-3060ebfffe30","response":"{\"echo\": \"hola David\", \"x\": \"yes value\"}","timestamp":"2025-09-10T16:07:49.468862","message":"Response processed successfully"}
{"level":"info","service_name":"SERVER 1","service_version":"0.0.1","service_id":"3725974b-3145-46a3-82dc-ce404e93d306","request_trace_id":"9f6dc6f1-30e5-4ca5-84c6-3060ebfffe30","status_code":400,"timestamp":"2025-09-10T16:07:49.469408","message":"Request completed successfully"}
{"level":"info","service_name":"SERVER 1","service_version":"0.0.1","service_id":"3725974b-3145-46a3-82dc-ce404e93d306","request_trace_id":"373970ef-f6b6-41c0-bb02-2af303cf30d7","timestamp":"2025-09-10T16:08:47.88538","message":"Starting request body validation"}
{"level":"info","service_name":"SERVER 1","service_version":"0.0.1","service_id":"3725974b-3145-46a3-82dc-ce404e93d306","request_trace_id":"373970ef-f6b6-41c0-bb02-2af303cf30d7","response":"{\"echo\": \"hola David\", \"x\": \"yes value\"}","timestamp":"2025-09-10T16:08:47.885531","message":"Response processed successfully"}
{"level":"info","service_name":"SERVER 1","service_version":"0.0.1","service_id":"3725974b-3145-46a3-82dc-ce404e93d306","request_trace_id":"373970ef-f6b6-41c0-bb02-2af303cf30d7","status_code":400,"timestamp":"2025-09-10T16:08:47.885587","message":"Request completed successfully"}
{"level":"info","service_name":"SERVER 1","service_version":"0.0.1","service_id":"3725974b-3145-46a3-82dc-ce404e93d306","request_trace_id":"f5ea5a60-6fef-4251-9900-ed5d5021097f","timestamp":"2025-09-10T16:08:49.283176","message":"Starting request body validation"}
{"level":"info","service_name":"SERVER 1","service_version":"0.0.1","service_id":"3725974b-3145-46a3-82dc-ce404e93d306","request_trace_id":"f5ea5a60-6fef-4251-9900-ed5d5021097f","response":"{\"echo\": \"hola David\", \"x\": \"yes value\"}","timestamp":"2025-09-10T16:08:49.283336","message":"Response processed successfully"}
{"level":"info","service_name":"SERVER 1","service_version":"0.0.1","service_id":"3725974b-3145-46a3-82dc-ce404e93d306","request_trace_id":"f5ea5a60-6fef-4251-9900-ed5d5021097f","status_code":400,"timestamp":"2025-09-10T16:08:49.283393","message":"Request completed successfully"}
{"level":"info","service_name":"SERVER 1","service_version":"0.0.1","service_id":"3725974b-3145-46a3-82dc-ce404e93d306","request_trace_id":"92179e79-b4d4-404c-bea6-96d016236398","timestamp":"2025-09-10T16:08:51.468683","message":"Starting request body validation"}
{"level":"info","service_name":"SERVER 1","service_version":"0.0.1","service_id":"3725974b-3145-46a3-82dc-ce404e93d306","request_trace_id":"92179e79-b4d4-404c-bea6-96d016236398","response":"{\"echo\": \"hola David\", \"x\": \"yes value\"}","timestamp":"2025-09-10T16:08:51.46887","message":"Response processed successfully"}
{"level":"info","service_name":"SERVER 1","service_version":"0.0.1","service_id":"3725974b-3145-46a3-82dc-ce404e93d306","request_trace_id":"92179e79-b4d4-404c-bea6-96d016236398","status_code":400,"timestamp":"2025-09-10T16:08:51.468936","message":"Request completed successfully"}
{"level":"info","service_name":"SERVER 1","service_version":"0.0.1","service_id":"3725974b-3145-46a3-82dc-ce404e93d306","request_trace_id":"6cb6adf5-3d01-4155-b7c8-86c632313dba","timestamp":"2025-09-10T16:08:53.02191","message":"Starting request body validation"}
{"level":"info","service_name":"SERVER 1","service_version":"0.0.1","service_id":"3725974b-3145-46a3-82dc-ce404e93d306","request_trace_id":"6cb6adf5-3d01-4155-b7c8-86c632313dba","response":"{\"echo\": \"hola David\", \"x\": \"yes value\"}","timestamp":"2025-09-10T16:08:53.022224","message":"Response processed successfully"}
{"level":"info","service_name":"SERVER 1","service_version":"0.0.1","service_id":"3725974b-3145-46a3-82dc-ce404e93d306","request_trace_id":"6cb6adf5-3d01-4155-b7c8-86c632313dba","status_code":400,"timestamp":"2025-09-10T16:08:53.022348","message":"Request completed successfully"}
{"level":"info","service_name":"SERVER 1","service_version":"0.0.1","service_id":"3725974b-3145-46a3-82dc-ce404e93d306","request_trace_id":"ef752c79-3af1-41fb-aaba-ca1697d59c5b","timestamp":"2025-09-10T16:08:53.96427","message":"Starting request body validation"}
{"level":"info","service_name":"SERVER 1","service_version":"0.0.1","service_id":"3725974b-3145-46a3-82dc-ce404e93d306","request_trace_id":"ef752c79-3af1-41fb-aaba-ca1697d59c5b","response":"{\"echo\": \"hola David\", \"x\": \"yes value\"}","timestamp":"2025-09-10T16:08:53.964431","message":"Response processed successfully"}
{"level":"info","service_name":"SERVER 1","service_version":"0.0.1","service_id":"3725974b-3145-46a3-82dc-ce404e93d306","request_trace_id":"ef752c79-3af1-41fb-aaba-ca1697d59c5b","status_code":400,"timestamp":"2025-09-10T16:08:53.964486","message":"Request completed successfully"}
{"level":"info","service_name":"SERVER 1","service_version":"0.0.1","service_id":"3725974b-3145-46a3-82dc-ce404e93d306","request_trace_id":"8979a16c-19b6-45ad-b7df-b8d727e78917","timestamp":"2025-09-10T16:08:57.88428","message":"Starting request body validation"}
{"level":"info","service_name":"SERVER 1","service_version":"0.0.1","service_id":"3725974b-3145-46a3-82dc-ce404e93d306","request_trace_id":"8979a16c-19b6-45ad-b7df-b8d727e78917","response":"{\"echo\": \"hola Davids\", \"x\": \"yes value\"}","timestamp":"2025-09-10T16:08:57.88444","message":"Response processed successfully"}
{"level":"info","service_name":"SERVER 1","service_version":"0.0.1","service_id":"3725974b-3145-46a3-82dc-ce404e93d306","request_trace_id":"8979a16c-19b6-45ad-b7df-b8d727e78917","status_code":400,"timestamp":"2025-09-10T16:08:57.884501","message":"Request completed successfully"}
{"level":"info","service_name":"SERVER 1","service_version":"0.0.1","service_id":"12316dde-79ab-4a7f-887d-a3d22e721fec","path":"/api/hello","method":"GET","status_code":200,"timestamp":"2025-09-10T16:09:19.835548","message":"Registering location"}
{"level":"info","service_name":"SERVER 1","service_version":"0.0.1","service_id":"12316dde-79ab-4a7f-887d-a3d22e721fec","timestamp":"2025-09-10T16:09:19.835685","message":"Registered route: GET /api/hello"}
{"level":"info","service_name":"SERVER 1","service_version":"0.0.1","service_id":"12316dde-79ab-4a7f-887d-a3d22e721fec","path":"/api/callback","method":"POST","status_code":200,"timestamp":"2025-09-10T16:09:19.835709","message":"Registering location"}
{"level":"info","service_name":"SERVER 1","service_version":"0.0.1","service_id":"12316dde-79ab-4a7f-887d-a3d22e721fec","timestamp":"2025-09-10T16:09:19.835734","message":"Registered route: POST /api/callback"}
{"level":"info","service_name":"SERVER 1","service_version":"0.0.1","service_id":"12316dde-79ab-4a7f-887d-a3d22e721fec","path":"/api/echo","method":"POST","status_code":200,"timestamp":"2025-09-10T16:09:19.835748","message":"Registering location"}
{"level":"info","service_name":"SERVER 1","service_version":"0.0.1","service_id":"12316dde-79ab-4a7f-887d-a3d22e721fec","timestamp":"2025-09-10T16:09:19.835879","message":"Registered route: POST /api/echo"}
{"level":"info","service_name":"SERVER 1","service_version":"0.0.1","service_id":"12316dde-79ab-4a7f-887d-a3d22e721fec","request_trace_id":"dc69a5ff-f0ab-4387-a73c-c7b74630f864","timestamp":"2025-09-10T16:09:22.336942","message":"Starting request body validation"}
{"level":"info","service_name":"SERVER 1","service_version":"0.0.1","service_id":"12316dde-79ab-4a7f-887d-a3d22e721fec","request_trace_id":"dc69a5ff-f0ab-4387-a73c-c7b74630f864","response":"{\"echo\": \"hola Davids\", \"x\": \"yes value\"}","timestamp":"2025-09-10T16:09:22.337384","message":"Response processed successfully"}
{"level":"info","service_name":"SERVER 1","service_version":"0.0.1","service_id":"12316dde-79ab-4a7f-887d-a3d22e721fec","request_trace_id":"dc69a5ff-f0ab-4387-a73c-c7b74630f864","status_code":200,"timestamp":"2025-09-10T16:09:22.337538","message":"Request completed successfully"}
{"level":"info","service_name":"SERVER 1","service_version":"0.0.1","service_id":"12316dde-79ab-4a7f-887d-a3d22e721fec","request_trace_id":"54e140c1-ed70-4230-9f2b-d1aab1c5016b","timestamp":"2025-09-10T16:09:24.834867","message":"Starting request body validation"}
{"level":"info","service_name":"SERVER 1","service_version":"0.0.1","service_id":"12316dde-79ab-4a7f-887d-a3d22e721fec","request_trace_id":"54e140c1-ed70-4230-9f2b-d1aab1c5016b","response":"{\"echo\": \"hola Davids\", \"x\": \"yes value\"}","timestamp":"2025-09-10T16:09:24.835249","message":"Response processed successfully"}
{"level":"info","service_name":"SERVER 1","service_version":"0.0.1","service_id":"12316dde-79ab-4a7f-887d-a3d22e721fec","request_trace_id":"54e140c1-ed70-4230-9f2b-d1aab1c5016b","status_code":200,"timestamp":"2025-09-10T16:09:24.835382","message":"Request completed successfully"}
{"level":"info","service_name":"SERVER 1","service_version":"0.0.1","service_id":"12316dde-79ab-4a7f-887d-a3d22e721fec","request_trace_id":"50b5a01e-d127-497c-851f-2cc101fa6a93","timestamp":"2025-09-10T16:09:25.59562","message":"Starting request body validation"}
{"level":"info","service_name":"SERVER 1","service_version":"0.0.1","service_id":"12316dde-79ab-4a7f-887d-a3d22e721fec","request_trace_id":"50b5a01e-d127-497c-851f-2cc101fa6a93","response":"{\"echo\": \"hola Davids\", \"x\": \"yes value\"}","timestamp":"2025-09-10T16:09:25.596015","message":"Response processed successfully"}
{"level":"info","service_name":"SERVER 1","service_version":"0.0.1","service_id":"12316dde-79ab-4a7f-887d-a3d22e721fec","request_trace_id":"50b5a01e-d127-497c-851f-2cc101fa6a93","status_code":200,"timestamp":"2025-09-10T16:09:25.596143","message":"Request completed successfully"}
{"level":"info","service_name":"SERVER 1","service_version":"0.0.1","service_id":"12316dde-79ab-4a7f-887d-a3d22e721fec","request_trace_id":"05d3885c-c750-44d5-a7d0-9ebcddec3b6b","timestamp":"2025-09-10T16:09:46.667472","message":"Starting request body validation"}
{"level":"info","service_name":"SERVER 1","service_version":"0.0.1","service_id":"12316dde-79ab-4a7f-887d-a3d22e721fec","request_trace_id":"05d3885c-c750-44d5-a7d0-9ebcddec3b6b","response":"{\"echo\": \"hola Davids\", \"x\": \"yes value\"}","timestamp":"2025-09-10T16:09:46.667938","message":"Response processed successfully"}
{"level":"info","service_name":"SERVER 1","service_version":"0.0.1","service_id":"12316dde-79ab-4a7f-887d-a3d22e721fec","request_trace_id":"05d3885c-c750-44d5-a7d0-9ebcddec3b6b","status_code":200,"timestamp":"2025-09-10T16:09:46.668075","message":"Request completed successfully"}
{"level":"info","service_name":"SERVER 1","service_version":"0.0.1","service_id":"12316dde-79ab-4a7f-887d-a3d22e721fec","request_trace_id":"7eb201c7-f190-4ed6-a6c0-789882773151","timestamp":"2025-09-10T16:11:52.1677","message":"Starting request body validation"}
{"level":"info","service_name":"SERVER 1","service_version":"0.0.1","service_id":"12316dde-79ab-4a7f-887d-a3d22e721fec","request_trace_id":"7eb201c7-f190-4ed6-a6c0-789882773151","response":"{\"echo\": \"hola Davids\", \"x\": \"yes value\"}","timestamp":"2025-09-10T16:11:52.168545","message":"Response processed successfully"}
{"level":"info","service_name":"SERVER 1","service_version":"0.0.1","service_id":"12316dde-79ab-4a7f-887d-a3d22e721fec","request_trace_id":"7eb201c7-f190-4ed6-a6c0-789882773151","status_code":200,"timestamp":"2025-09-10T16:11:52.168721","message":"Request completed successfully"}
{"level":"info","service_name":"SERVER 1","service_version":"0.0.1","service_id":"12316dde-79ab-4a7f-887d-a3d22e721fec","request_trace_id":"0f14cffc-f0c3-427d-b380-c58f177743d9","timestamp":"2025-09-10T16:13:29.738482","message":"Starting request body validation"}
{"level":"info","service_name":"SERVER 1","service_version":"0.0.1","service_id":"12316dde-79ab-4a7f-887d-a3d22e721fec","request_trace_id":"0f14cffc-f0c3-427d-b380-c58f177743d9","response":"{\"echo\": \"hola Davids\", \"x\": \"yes value\"}","timestamp":"2025-09-10T16:13:29.738789","message":"Response processed successfully"}
{"level":"info","service_name":"SERVER 1","service_version":"0.0.1","service_id":"12316dde-79ab-4a7f-887d-a3d22e721fec","request_trace_id":"0f14cffc-f0c3-427d-b380-c58f177743d9","status_code":200,"timestamp":"2025-09-10T16:13:29.738885","message":"Request completed successfully"}
{"level":"info","service_name":"SERVER 1","service_version":"0.0.1","service_id":"305010c1-020a-4013-925a-192a4e6166a0","path":"/api/hello","method":"GET","status_code":200,"timestamp":"2025-09-17T12:37:29.419855","message":"Registering location"}
{"level":"info","service_name":"SERVER 1","service_version":"0.0.1","service_id":"305010c1-020a-4013-925a-192a4e6166a0","timestamp":"2025-09-17T12:37:29.420232","message":"Registered route: GET /api/hello"}
{"level":"info","service_name":"SERVER 1","service_version":"0.0.1","service_id":"305010c1-020a-4013-925a-192a4e6166a0","path":"/api/callback","method":"POST","status_code":200,"timestamp":"2025-09-17T12:37:29.420256","message":"Registering location"}
{"level":"info","service_name":"SERVER 1","service_version":"0.0.1","service_id":"305010c1-020a-4013-925a-192a4e6166a0","timestamp":"2025-09-17T12:37:29.420283","message":"Registered route: POST /api/callback"}
{"level":"info","service_name":"SERVER 1","service_version":"0.0.1","service_id":"305010c1-020a-4013-925a-192a4e6166a0","path":"/api/echo","method":"POST","status_code":200,"timestamp":"2025-09-17T12:37:29.420298","message":"Registering location"}
{"level":"info","service_name":"SERVER 1","service_version":"0.0.1","service_id":"305010c1-020a-4013-925a-192a4e6166a0","timestamp":"2025-09-17T12:37:29.420543","message":"Registered route: POST /api/echo"}
{"level":"info","service_name":"SERVER 1","service_version":"0.0.1","service_id":"0d3ce9d4-03dc-4c5b-b0a0-fb7ec01266de","path":"/api/hello","method":"GET","status_code":200,"timestamp":"2025-09-17T12:39:11.833311","message":"Registering location"}
{"level":"info","service_name":"SERVER 1","service_version":"0.0.1","service_id":"0d3ce9d4-03dc-4c5b-b0a0-fb7ec01266de","timestamp":"2025-09-17T12:39:11.83361","message":"Registered route: GET /api/hello"}
{"level":"info","service_name":"SERVER 1","service_version":"0.0.1","service_id":"0d3ce9d4-03dc-4c5b-b0a0-fb7ec01266de","path":"/api/callback","method":"POST","status_code":200,"timestamp":"2025-09-17T12:39:11.833639","message":"Registering location"}
{"level":"info","service_name":"SERVER 1","service_version":"0.0.1","service_id":"0d3ce9d4-03dc-4c5b-b0a0-fb7ec01266de","timestamp":"2025-09-17T12:39:11.833676","message":"Registered route: POST /api/callback"}
{"level":"info","service_name":"SERVER 1","service_version":"0.0.1","service_id":"0d3ce9d4-03dc-4c5b-b0a0-fb7ec01266de","path":"/api/echo","method":"POST","status_code":200,"timestamp":"2025-09-17T12:39:11.83369","message":"Registering location"}
{"level":"info","service_name":"SERVER 1","service_version":"0.0.1","service_id":"0d3ce9d4-03dc-4c5b-b0a0-fb7ec01266de","timestamp":"2025-09-17T12:39:11.833988","message":"Registered route: POST /api/echo"}
{"level":"info","service_name":"SERVER 1","service_version":"0.0.1","service_id":"22d117e5-2ba6-4e6f-819f-7eeeadaab5ad","path":"/api/hello","method":"GET","status_code":200,"timestamp":"2025-09-17T12:41:23.534156","message":"Registering location"}
{"level":"info","service_name":"SERVER 1","service_version":"0.0.1","service_id":"22d117e5-2ba6-4e6f-819f-7eeeadaab5ad","timestamp":"2025-09-17T12:41:23.534508","message":"Registered route: GET /api/hello"}
{"level":"info","service_name":"SERVER 1","service_version":"0.0.1","service_id":"22d117e5-2ba6-4e6f-819f-7eeeadaab5ad","path":"/api/callback","method":"POST","status_code":200,"timestamp":"2025-09-17T12:41:23.534527","message":"Registering location"}
{"level":"info","service_name":"SERVER 1","service_version":"0.0.1","service_id":"22d117e5-2ba6-4e6f-819f-7eeeadaab5ad","timestamp":"2025-09-17T12:41:23.534552","message":"Registered route: POST /api/callback"}
{"level":"info","service_name":"SERVER 1","service_version":"0.0.1","service_id":"22d117e5-2ba6-4e6f-819f-7eeeadaab5ad","path":"/api/echo","method":"POST","status_code":200,"timestamp":"2025-09-17T12:41:23.53457","message":"Registering location"}
{"level":"info","service_name":"SERVER 1","service_version":"0.0.1","service_id":"22d117e5-2ba6-4e6f-819f-7eeeadaab5ad","timestamp":"2025-09-17T12:41:23.534832","message":"Registered route: POST /api/echo"}
{"level":"info","service_name":"SERVER 1","service_version":"0.0.1","service_id":"afb9d92e-c0c9-4f8d-9f67-83836528142a","path":"/api/hello","method":"GET","status_code":200,"timestamp":"2025-09-17T12:42:47.914503","message":"Registering location"}
{"level":"info","service_name":"SERVER 1","service_version":"0.0.1","service_id":"afb9d92e-c0c9-4f8d-9f67-83836528142a","timestamp":"2025-09-17T12:42:47.914687","message":"Registered route: GET /api/hello"}
{"level":"info","service_name":"SERVER 1","service_version":"0.0.1","service_id":"afb9d92e-c0c9-4f8d-9f67-83836528142a","path":"/api/callback","method":"POST","status_code":200,"timestamp":"2025-09-17T12:42:47.91471","message":"Registering location"}
{"level":"info","service_name":"SERVER 1","service_version":"0.0.1","service_id":"afb9d92e-c0c9-4f8d-9f67-83836528142a","timestamp":"2025-09-17T12:42:47.914733","message":"Registered route: POST /api/callback"}
{"level":"info","service_name":"SERVER 1","service_version":"0.0.1","service_id":"afb9d92e-c0c9-4f8d-9f67-83836528142a","path":"/api/echo","method":"POST","status_code":200,"timestamp":"2025-09-17T12:42:47.914748","message":"Registering location"}
{"level":"info","service_name":"SERVER 1","service_version":"0.0.1","service_id":"afb9d92e-c0c9-4f8d-9f67-83836528142a","timestamp":"2025-09-17T12:42:47.914906","message":"Registered route: POST /api/echo"}
{"level":"info","service_name":"SERVER 1","service_version":"0.0.1","service_id":"03fc3ea3-bd29-4ace-98df-0d5346e7d70b","path":"/api/hello","method":"GET","status_code":200,"timestamp":"2025-09-17T12:43:41.784303","message":"Registering location"}
{"level":"info","service_name":"SERVER 1","service_version":"0.0.1","service_id":"03fc3ea3-bd29-4ace-98df-0d5346e7d70b","timestamp":"2025-09-17T12:43:41.784448","message":"Registered route: GET /api/hello"}
{"level":"info","service_name":"SERVER 1","service_version":"0.0.1","service_id":"03fc3ea3-bd29-4ace-98df-0d5346e7d70b","path":"/api/callback","method":"POST","status_code":200,"timestamp":"2025-09-17T12:43:41.784469","message":"Registering location"}
{"level":"info","service_name":"SERVER 1","service_version":"0.0.1","service_id":"03fc3ea3-bd29-4ace-98df-0d5346e7d70b","timestamp":"2025-09-17T12:43:41.784492","message":"Registered route: POST /api/callback"}
{"level":"info","service_name":"SERVER 1","service_version":"0.0.1","service_id":"03fc3ea3-bd29-4ace-98df-0d5346e7d70b","path":"/api/echo","method":"POST","status_code":200,"timestamp":"2025-09-17T12:43:41.784511","message":"Registering location"}
{"level":"info","service_name":"SERVER 1","service_version":"0.0.1","service_id":"03fc3ea3-bd29-4ace-98df-0d5346e7d70b","timestamp":"2025-09-17T12:43:41.784664","message":"Registered route: POST /api/echo"}
{"level":"info","service_name":"SERVER 1","service_version":"0.0.1","service_id":"f593bede-de54-4770-8a48-843423fbd7cc","path":"/api/hello","method":"GET","status_code":200,"timestamp":"2025-09-17T12:43:49.500519","message":"Registering location"}
{"level":"info","service_name":"SERVER 1","service_version":"0.0.1","service_id":"f593bede-de54-4770-8a48-843423fbd7cc","timestamp":"2025-09-17T12:43:49.500657","message":"Registered route: GET /api/hello"}
{"level":"info","service_name":"SERVER 1","service_version":"0.0.1","service_id":"f593bede-de54-4770-8a48-843423fbd7cc","path":"/api/callback","method":"POST","status_code":200,"timestamp":"2025-09-17T12:43:49.500678","message":"Registering location"}
{"level":"info","service_name":"SERVER 1","service_version":"0.0.1","service_id":"f593bede-de54-4770-8a48-843423fbd7cc","timestamp":"2025-09-17T12:43:49.500704","message":"Registered route: POST /api/callback"}
{"level":"info","service_name":"SERVER 1","service_version":"0.0.1","service_id":"f593bede-de54-4770-8a48-843423fbd7cc","path":"/api/echo","method":"POST","status_code":200,"timestamp":"2025-09-17T12:43:49.500719","message":"Registering location"}
{"level":"info","service_name":"SERVER 1","service_version":"0.0.1","service_id":"f593bede-de54-4770-8a48-843423fbd7cc","timestamp":"2025-09-17T12:43:49.500855","message":"Registered route: POST /api/echo"}
{"level":"info","service_name":"SERVER 1","service_version":"0.0.1","service_id":"194db1d7-6265-4e56-9e7e-94728d567abe","path":"/api/hello","method":"GET","status_code":200,"timestamp":"2025-09-17T12:44:10.264028","message":"Registering location"}
{"level":"info","service_name":"SERVER 1","service_version":"0.0.1","service_id":"194db1d7-6265-4e56-9e7e-94728d567abe","timestamp":"2025-09-17T12:44:10.264176","message":"Registered route: GET /api/hello"}
{"level":"info","service_name":"SERVER 1","service_version":"0.0.1","service_id":"194db1d7-6265-4e56-9e7e-94728d567abe","path":"/api/callback","method":"POST","status_code":200,"timestamp":"2025-09-17T12:44:10.264197","message":"Registering location"}
{"level":"info","service_name":"SERVER 1","service_version":"0.0.1","service_id":"194db1d7-6265-4e56-9e7e-94728d567abe","timestamp":"2025-09-17T12:44:10.264221","message":"Registered route: POST /api/callback"}
{"level":"info","service_name":"SERVER 1","service_version":"0.0.1","service_id":"194db1d7-6265-4e56-9e7e-94728d567abe","path":"/api/echo","method":"POST","status_code":200,"timestamp":"2025-09-17T12:44:10.264235","message":"Registering location"}
{"level":"info","service_name":"SERVER 1","service_version":"0.0.1","service_id":"194db1d7-6265-4e56-9e7e-94728d567abe","timestamp":"2025-09-17T12:44:10.264373","message":"Registered route: POST /api/echo"}
{"level":"info","service_name":"SERVER 1","service_version":"0.0.1","service_id":"fb1699cd-fa68-497b-8247-772a96afb245","path":"/api/hello","method":"GET","status_code":200,"timestamp":"2025-09-17T14:17:46.841422","message":"Registering location"}
{"level":"info","service_name":"SERVER 1","service_version":"0.0.1","service_id":"fb1699cd-fa68-497b-8247-772a96afb245","timestamp":"2025-09-17T14:17:46.841812","message":"Registered route: GET /api/hello"}
{"level":"info","service_name":"SERVER 1","service_version":"0.0.1","service_id":"fb1699cd-fa68-497b-8247-772a96afb245","path":"/api/callback","method":"POST","status_code":200,"timestamp":"2025-09-17T14:17:46.841836","message":"Registering location"}
{"level":"info","service_name":"SERVER 1","service_version":"0.0.1","service_id":"fb1699cd-fa68-497b-8247-772a96afb245","timestamp":"2025-09-17T14:17:46.841861","message":"Registered route: POST /api/callback"}
{"level":"info","service_name":"SERVER 1","service_version":"0.0.1","service_id":"fb1699cd-fa68-497b-8247-772a96afb245","path":"/api/echo","method":"POST","status_code":200,"timestamp":"2025-09-17T14:17:46.841876","message":"Registering location"}
{"level":"info","service_name":"SERVER 1","service_version":"0.0.1","service_id":"fb1699cd-fa68-497b-8247-772a96afb245","timestamp":"2025-09-17T14:17:46.842284","message":"Registered route: POST /api/echo"}
{"level":"info","service_name":"SERVER 1","service_version":"0.0.1","service_id":"ec9ec3d7-4911-470b-808a-ad6182c67758","path":"/api/hello","method":"GET","status_code":200,"timestamp":"2025-09-17T14:18:11.048653","message":"Registering location"}
{"level":"info","service_name":"SERVER 1","service_version":"0.0.1","service_id":"ec9ec3d7-4911-470b-808a-ad6182c67758","timestamp":"2025-09-17T14:18:11.049051","message":"Registered route: GET /api/hello"}
{"level":"info","service_name":"SERVER 1","service_version":"0.0.1","service_id":"ec9ec3d7-4911-470b-808a-ad6182c67758","path":"/api/callback","method":"POST","status_code":200,"timestamp":"2025-09-17T14:18:11.049094","message":"Registering location"}
{"level":"info","service_name":"SERVER 1","service_version":"0.0.1","service_id":"ec9ec3d7-4911-470b-808a-ad6182c67758","timestamp":"2025-09-17T14:18:11.049143","message":"Registered route: POST /api/callback"}
{"level":"info","service_name":"SERVER 1","service_version":"0.0.1","service_id":"ec9ec3d7-4911-470b-808a-ad6182c67758","path":"/api/echo","method":"POST","status_code":200,"timestamp":"2025-09-17T14:18:11.049171","message":"Registering location"}
{"level":"info","service_name":"SERVER 1","service_version":"0.0.1","service_id":"ec9ec3d7-4911-470b-808a-ad6182c67758","timestamp":"2025-09-17T14:18:11.049514","message":"Registered route: POST /api/echo"}
{"level":"info","service_name":"SERVER 1","service_version":"0.0.1","service_id":"b9d81401-b407-4a9d-b854-17e5706b7978","path":"/api/hello","method":"GET","status_code":200,"timestamp":"2025-09-17T15:52:45.975942","message":"Registering location"}
{"level":"info","service_name":"SERVER 1","service_version":"0.0.1","service_id":"b9d81401-b407-4a9d-b854-17e5706b7978","timestamp":"2025-09-17T15:52:45.977428","message":"Registered route: GET /api/hello"}
{"level":"info","service_name":"SERVER 1","service_version":"0.0.1","service_id":"b9d81401-b407-4a9d-b854-17e5706b7978","path":"/api/callback","method":"POST","status_code":200,"timestamp":"2025-09-17T15:52:45.977483","message":"Registering location"}
{"level":"info","service_name":"SERVER 1","service_version":"0.0.1","service_id":"b9d81401-b407-4a9d-b854-17e5706b7978","timestamp":"2025-09-17T15:52:45.977535","message":"Registered route: POST /api/callback"}
{"level":"info","service_name":"SERVER 1","service_version":"0.0.1","service_id":"b9d81401-b407-4a9d-b854-17e5706b7978","path":"/api/echo","method":"POST","status_code":200,"timestamp":"2025-09-17T15:52:45.977569","message":"Registering location"}
{"level":"info","service_name":"SERVER 1","service_version":"0.0.1","service_id":"b9d81401-b407-4a9d-b854-17e5706b7978","timestamp":"2025-09-17T15:52:45.978182","message":"Registered route: POST /api/echo"}
{"level":"info","service_name":"SERVER 1","service_version":"0.0.1","service_id":"4d48802c-dc9b-4de2-84b7-d5ca9fb0b025","path":"/api/hello","method":"GET","status_code":200,"timestamp":"2025-09-17T15:53:44.779156","message":"Registering location"}
{"level":"info","service_name":"SERVER 1","service_version":"0.0.1","service_id":"4d48802c-dc9b-4de2-84b7-d5ca9fb0b025","timestamp":"2025-09-17T15:53:44.779801","message":"Registered route: GET /api/hello"}
{"level":"info","service_name":"SERVER 1","service_version":"0.0.1","service_id":"4d48802c-dc9b-4de2-84b7-d5ca9fb0b025","path":"/api/callback","method":"POST","status_code":200,"timestamp":"2025-09-17T15:53:44.779859","message":"Registering location"}
{"level":"info","service_name":"SERVER 1","service_version":"0.0.1","service_id":"4d48802c-dc9b-4de2-84b7-d5ca9fb0b025","timestamp":"2025-09-17T15:53:44.779925","message":"Registered route: POST /api/callback"}
{"level":"info","service_name":"SERVER 1","service_version":"0.0.1","service_id":"4d48802c-dc9b-4de2-84b7-d5ca9fb0b025","path":"/api/echo","method":"POST","status_code":200,"timestamp":"2025-09-17T15:53:44.779964","message":"Registering location"}
{"level":"info","service_name":"SERVER 1","service_version":"0.0.1","service_id":"4d48802c-dc9b-4de2-84b7-d5ca9fb0b025","timestamp":"2025-09-17T15:53:44.780501","message":"Registered route: POST /api/echo"}
{"level":"info","service_name":"SERVER 1","service_version":"0.0.1","service_id":"9c4a76c3-4d1d-4ac5-af22-6dce124a2d79","path":"/api/hello","method":"GET","status_code":200,"timestamp":"2025-09-17T15:54:52.64594","message":"Registering location"}
{"level":"info","service_name":"SERVER 1","service_version":"0.0.1","service_id":"9c4a76c3-4d1d-4ac5-af22-6dce124a2d79","timestamp":"2025-09-17T15:54:52.646546","message":"Registered route: GET /api/hello"}
{"level":"info","service_name":"SERVER 1","service_version":"0.0.1","service_id":"9c4a76c3-4d1d-4ac5-af22-6dce124a2d79","path":"/api/callback","method":"POST","status_code":200,"timestamp":"2025-09-17T15:54:52.64661","message":"Registering location"}
{"level":"info","service_name":"SERVER 1","service_version":"0.0.1","service_id":"9c4a76c3-4d1d-4ac5-af22-6dce124a2d79","timestamp":"2025-09-17T15:54:52.646677","message":"Registered route: POST /api/callback"}
{"level":"info","service_name":"SERVER 1","service_version":"0.0.1","service_id":"9c4a76c3-4d1d-4ac5-af22-6dce124a2d79","path":"/api/echo","method":"POST","status_code":200,"timestamp":"2025-09-17T15:54:52.646726","message":"Registering location"}
{"level":"info","service_name":"SERVER 1","service_version":"0.0.1","service_id":"9c4a76c3-4d1d-4ac5-af22-6dce124a2d79","timestamp":"2025-09-17T15:54:52.647281","message":"Registered route: POST /api/echo"}
{"level":"info","service_name":"SERVER 1","service_version":"0.0.1","service_id":"2857a9c1-0809-4bec-b244-fc6e7c826156","path":"/api/hello","method":"GET","status_code":200,"timestamp":"2025-09-17T15:58:03.335639","message":"Registering location"}
{"level":"info","service_name":"SERVER 1","service_version":"0.0.1","service_id":"2857a9c1-0809-4bec-b244-fc6e7c826156","timestamp":"2025-09-17T15:58:03.337052","message":"Registered route: GET /api/hello"}
{"level":"info","service_name":"SERVER 1","service_version":"0.0.1","service_id":"2857a9c1-0809-4bec-b244-fc6e7c826156","path":"/api/callback","method":"POST","status_code":200,"timestamp":"2025-09-17T15:58:03.337119","message":"Registering location"}
{"level":"info","service_name":"SERVER 1","service_version":"0.0.1","service_id":"2857a9c1-0809-4bec-b244-fc6e7c826156","timestamp":"2025-09-17T15:58:03.337176","message":"Registered route: POST /api/callback"}
{"level":"info","service_name":"SERVER 1","service_version":"0.0.1","service_id":"2857a9c1-0809-4bec-b244-fc6e7c826156","path":"/api/echo","method":"POST","status_code":200,"timestamp":"2025-09-17T15:58:03.337211","message":"Registering location"}
{"level":"info","service_name":"SERVER 1","service_version":"0.0.1","service_id":"2857a9c1-0809-4bec-b244-fc6e7c826156","timestamp":"2025-09-17T15:58:03.337792","message":"Registered route: POST /api/echo"}
{"level":"info","service_name":"SERVER 1","service_version":"0.0.1","service_id":"5f1e6cf1-25a4-4449-a51b-5274fed58ce4","path":"/api/hello","method":"GET","status_code":200,"timestamp":"2025-09-17T15:58:29.333346","message":"Registering location"}
{"level":"info","service_name":"SERVER 1","service_version":"0.0.1","service_id":"5f1e6cf1-25a4-4449-a51b-5274fed58ce4","timestamp":"2025-09-17T15:58:29.334392","message":"Registered route: GET /api/hello"}
{"level":"info","service_name":"SERVER 1","service_version":"0.0.1","service_id":"5f1e6cf1-25a4-4449-a51b-5274fed58ce4","path":"/api/callback","method":"POST","status_code":200,"timestamp":"2025-09-17T15:58:29.334443","message":"Registering location"}
{"level":"info","service_name":"SERVER 1","service_version":"0.0.1","service_id":"5f1e6cf1-25a4-4449-a51b-5274fed58ce4","timestamp":"2025-09-17T15:58:29.334494","message":"Registered route: POST /api/callback"}
{"level":"info","service_name":"SERVER 1","service_version":"0.0.1","service_id":"5f1e6cf1-25a4-4449-a51b-5274fed58ce4","path":"/api/echo","method":"POST","status_code":200,"timestamp":"2025-09-17T15:58:29.334523","message":"Registering location"}
{"level":"info","service_name":"SERVER 1","service_version":"0.0.1","service_id":"5f1e6cf1-25a4-4449-a51b-5274fed58ce4","timestamp":"2025-09-17T15:58:29.335123","message":"Registered route: POST /api/echo"}
{"level":"info","service_name":"SERVER 1","service_version":"0.0.1","service_id":"c05d04b3-e954-4c0f-aa41-ef4b993ab248","path":"/api/hello","method":"GET","status_code":200,"timestamp":"2025-09-17T15:58:45.115083","message":"Registering location"}
{"level":"info","service_name":"SERVER 1","service_version":"0.0.1","service_id":"c05d04b3-e954-4c0f-aa41-ef4b993ab248","timestamp":"2025-09-17T15:58:45.116623","message":"Registered route: GET /api/hello"}
{"level":"info","service_name":"SERVER 1","service_version":"0.0.1","service_id":"c05d04b3-e954-4c0f-aa41-ef4b993ab248","path":"/api/callback","method":"POST","status_code":200,"timestamp":"2025-09-17T15:58:45.116701","message":"Registering location"}
{"level":"info","service_name":"SERVER 1","service_version":"0.0.1","service_id":"c05d04b3-e954-4c0f-aa41-ef4b993ab248","timestamp":"2025-09-17T15:58:45.11677","message":"Registered route: POST /api/callback"}
{"level":"info","service_name":"SERVER 1","service_version":"0.0.1","service_id":"c05d04b3-e954-4c0f-aa41-ef4b993ab248","path":"/api/echo","method":"POST","status_code":200,"timestamp":"2025-09-17T15:58:45.116812","message":"Registering location"}
{"level":"info","service_name":"SERVER 1","service_version":"0.0.1","service_id":"c05d04b3-e954-4c0f-aa41-ef4b993ab248","timestamp":"2025-09-17T15:58:45.117599","message":"Registered route: POST /api/echo"}
{"level":"info","service_name":"SERVER 1","service_version":"0.0.1","service_id":"bdd18815-864c-4983-9beb-99c79677d32d","path":"/api/hello","method":"GET","status_code":200,"timestamp":"2025-09-17T15:59:11.235844","message":"Registering location"}
{"level":"info","service_name":"SERVER 1","service_version":"0.0.1","service_id":"bdd18815-864c-4983-9beb-99c79677d32d","timestamp":"2025-09-17T15:59:11.236538","message":"Registered route: GET /api/hello"}
{"level":"info","service_name":"SERVER 1","service_version":"0.0.1","service_id":"bdd18815-864c-4983-9beb-99c79677d32d","path":"/api/callback","method":"POST","status_code":200,"timestamp":"2025-09-17T15:59:11.236597","message":"Registering location"}
{"level":"info","service_name":"SERVER 1","service_version":"0.0.1","service_id":"bdd18815-864c-4983-9beb-99c79677d32d","timestamp":"2025-09-17T15:59:11.236664","message":"Registered route: POST /api/callback"}
{"level":"info","service_name":"SERVER 1","service_version":"0.0.1","service_id":"bdd18815-864c-4983-9beb-99c79677d32d","path":"/api/echo","method":"POST","status_code":200,"timestamp":"2025-09-17T15:59:11.236704","message":"Registering location"}
{"level":"info","service_name":"SERVER 1","service_version":"0.0.1","service_id":"bdd18815-864c-4983-9beb-99c79677d32d","timestamp":"2025-09-17T15:59:11.23722","message":"Registered route: POST /api/echo"}
{"level":"info","service_name":"SERVER 1","service_version":"0.0.1","service_id":"9296d850-91fc-476d-809f-3a0f3eed20c7","path":"/api/hello","method":"GET","status_code":200,"timestamp":"2025-09-17T15:59:46.969045","message":"Registering location"}
{"level":"info","service_name":"SERVER 1","service_version":"0.0.1","service_id":"9296d850-91fc-476d-809f-3a0f3eed20c7","timestamp":"2025-09-17T15:59:46.969207","message":"Registered route: GET /api/hello"}
{"level":"info","service_name":"SERVER 1","service_version":"0.0.1","service_id":"9296d850-91fc-476d-809f-3a0f3eed20c7","path":"/api/callback","method":"POST","status_code":200,"timestamp":"2025-09-17T15:59:46.969232","message":"Registering location"}
{"level":"info","service_name":"SERVER 1","service_version":"0.0.1","service_id":"9296d850-91fc-476d-809f-3a0f3eed20c7","timestamp":"2025-09-17T15:59:46.969262","message":"Registered route: POST /api/callback"}
{"level":"info","service_name":"SERVER 1","service_version":"0.0.1","service_id":"9296d850-91fc-476d-809f-3a0f3eed20c7","path":"/api/echo","method":"POST","status_code":200,"timestamp":"2025-09-17T15:59:46.969276","message":"Registering location"}
{"level":"info","service_name":"SERVER 1","service_version":"0.0.1","service_id":"9296d850-91fc-476d-809f-3a0f3eed20c7","timestamp":"2025-09-17T15:59:46.969435","message":"Registered route: POST /api/echo"}
{"level":"info","service_name":"SERVER 1","service_version":"0.0.1","service_id":"9f4965d3-ff81-4133-b085-a268d450ac32","path":"/api/hello","method":"GET","status_code":200,"timestamp":"2025-09-17T16:00:29.630932","message":"Registering location"}
{"level":"info","service_name":"SERVER 1","service_version":"0.0.1","service_id":"9f4965d3-ff81-4133-b085-a268d450ac32","timestamp":"2025-09-17T16:00:29.631352","message":"Registered route: GET /api/hello"}
{"level":"info","service_name":"SERVER 1","service_version":"0.0.1","service_id":"9f4965d3-ff81-4133-b085-a268d450ac32","path":"/api/callback","method":"POST","status_code":200,"timestamp":"2025-09-17T16:00:29.631376","message":"Registering location"}
{"level":"info","service_name":"SERVER 1","service_version":"0.0.1","service_id":"9f4965d3-ff81-4133-b085-a268d450ac32","timestamp":"2025-09-17T16:00:29.631404","message":"Registered route: POST /api/callback"}
{"level":"info","service_name":"SERVER 1","service_version":"0.0.1","service_id":"9f4965d3-ff81-4133-b085-a268d450ac32","path":"/api/echo","method":"POST","status_code":200,"timestamp":"2025-09-17T16:00:29.631422","message":"Registering location"}
{"level":"info","service_name":"SERVER 1","service_version":"0.0.1","service_id":"9f4965d3-ff81-4133-b085-a268d450ac32","timestamp":"2025-09-17T16:00:29.631734","message":"Registered route: POST /api/echo"}
{"level":"info","service_name":"SERVER 1","service_version":"0.0.1","service_id":"c255ea1f-0320-45ca-80fe-8acc14c21bce","path":"/api/hello","method":"GET","status_code":200,"timestamp":"2025-09-17T16:00:48.085111","message":"Registering location"}
{"level":"info","service_name":"SERVER 1","service_version":"0.0.1","service_id":"c255ea1f-0320-45ca-80fe-8acc14c21bce","timestamp":"2025-09-17T16:00:48.085259","message":"Registered route: GET /api/hello"}
{"level":"info","service_name":"SERVER 1","service_version":"0.0.1","service_id":"c255ea1f-0320-45ca-80fe-8acc14c21bce","path":"/api/callback","method":"POST","status_code":200,"timestamp":"2025-09-17T16:00:48.085281","message":"Registering location"}
{"level":"info","service_name":"SERVER 1","service_version":"0.0.1","service_id":"c255ea1f-0320-45ca-80fe-8acc14c21bce","timestamp":"2025-09-17T16:00:48.08531","message":"Registered route: POST /api/callback"}
{"level":"info","service_name":"SERVER 1","service_version":"0.0.1","service_id":"c255ea1f-0320-45ca-80fe-8acc14c21bce","path":"/api/echo","method":"POST","status_code":200,"timestamp":"2025-09-17T16:00:48.085327","message":"Registering location"}
{"level":"info","service_name":"SERVER 1","service_version":"0.0.1","service_id":"c255ea1f-0320-45ca-80fe-8acc14c21bce","timestamp":"2025-09-17T16:00:48.08548","message":"Registered route: POST /api/echo"}
{"level":"info","service_name":"SERVER 1","service_version":"0.0.1","service_id":"7b28c653-de0f-4624-a6af-9de1ace2d668","path":"/api/hello","method":"GET","status_code":200,"timestamp":"2025-09-17T16:01:19.783564","message":"Registering location"}
{"level":"info","service_name":"SERVER 1","service_version":"0.0.1","service_id":"7b28c653-de0f-4624-a6af-9de1ace2d668","timestamp":"2025-09-17T16:01:19.783716","message":"Registered route: GET /api/hello"}
{"level":"info","service_name":"SERVER 1","service_version":"0.0.1","service_id":"7b28c653-de0f-4624-a6af-9de1ace2d668","path":"/api/callback","method":"POST","status_code":200,"timestamp":"2025-09-17T16:01:19.783738","message":"Registering location"}
{"level":"info","service_name":"SERVER 1","service_version":"0.0.1","service_id":"7b28c653-de0f-4624-a6af-9de1ace2d668","timestamp":"2025-09-17T16:01:19.78376","message":"Registered route: POST /api/callback"}
{"level":"info","service_name":"SERVER 1","service_version":"0.0.1","service_id":"7b28c653-de0f-4624-a6af-9de1ace2d668","path":"/api/echo","method":"POST","status_code":200,"timestamp":"2025-09-17T16:01:19.783773","message":"Registering location"}
{"level":"info","service_name":"SERVER 1","service_version":"0.0.1","service_id":"7b28c653-de0f-4624-a6af-9de1ace2d668","timestamp":"2025-09-17T16:01:19.783907","message":"Registered route: POST /api/echo"}
{"level":"info","service_name":"SERVER 1","service_version":"0.0.1","service_id":"280dd104-b7e3-45e6-8043-fb4c6fb31d4c","path":"/api/hello","method":"GET","status_code":200,"timestamp":"2025-09-17T16:01:42.704139","message":"Registering location"}
{"level":"info","service_name":"SERVER 1","service_version":"0.0.1","service_id":"280dd104-b7e3-45e6-8043-fb4c6fb31d4c","timestamp":"2025-09-17T16:01:42.704285","message":"Registered route: GET /api/hello"}
{"level":"info","service_name":"SERVER 1","service_version":"0.0.1","service_id":"280dd104-b7e3-45e6-8043-fb4c6fb31d4c","path":"/api/callback","method":"POST","status_code":200,"timestamp":"2025-09-17T16:01:42.704305","message":"Registering location"}
{"level":"info","service_name":"SERVER 1","service_version":"0.0.1","service_id":"280dd104-b7e3-45e6-8043-fb4c6fb31d4c","timestamp":"2025-09-17T16:01:42.704329","message":"Registered route: POST /api/callback"}
{"level":"info","service_name":"SERVER 1","service_version":"0.0.1","service_id":"280dd104-b7e3-45e6-8043-fb4c6fb31d4c","path":"/api/echo","method":"POST","status_code":200,"timestamp":"2025-09-17T16:01:42.704344","message":"Registering location"}
{"level":"info","service_name":"SERVER 1","service_version":"0.0.1","service_id":"280dd104-b7e3-45e6-8043-fb4c6fb31d4c","timestamp":"2025-09-17T16:01:42.704475","message":"Registered route: POST /api/echo"}
{"level":"info","service_name":"SERVER 1","service_version":"0.0.1","service_id":"903c2fcb-6e63-4780-8699-1b92131614d7","path":"/api/hello","method":"GET","status_code":200,"timestamp":"2025-09-17T16:03:08.161473","message":"Registering location"}
{"level":"info","service_name":"SERVER 1","service_version":"0.0.1","service_id":"903c2fcb-6e63-4780-8699-1b92131614d7","timestamp":"2025-09-17T16:03:08.161626","message":"Registered route: GET /api/hello"}
{"level":"info","service_name":"SERVER 1","service_version":"0.0.1","service_id":"903c2fcb-6e63-4780-8699-1b92131614d7","path":"/api/callback","method":"POST","status_code":200,"timestamp":"2025-09-17T16:03:08.161649","message":"Registering location"}
{"level":"info","service_name":"SERVER 1","service_version":"0.0.1","service_id":"903c2fcb-6e63-4780-8699-1b92131614d7","timestamp":"2025-09-17T16:03:08.161678","message":"Registered route: POST /api/callback"}
{"level":"info","service_name":"SERVER 1","service_version":"0.0.1","service_id":"903c2fcb-6e63-4780-8699-1b92131614d7","path":"/api/echo","method":"POST","status_code":200,"timestamp":"2025-09-17T16:03:08.161696","message":"Registering location"}
{"level":"info","service_name":"SERVER 1","service_version":"0.0.1","service_id":"903c2fcb-6e63-4780-8699-1b92131614d7","timestamp":"2025-09-17T16:03:08.161852","message":"Registered route: POST /api/echo"}
{"level":"info","service_name":"SERVER 1","service_version":"0.0.1","service_id":"36140870-e542-4e8c-b087-29899ed1b2ea","path":"/api/hello","method":"GET","status_code":200,"timestamp":"2025-09-17T16:03:45.742469","message":"Registering location"}
{"level":"info","service_name":"SERVER 1","service_version":"0.0.1","service_id":"36140870-e542-4e8c-b087-29899ed1b2ea","timestamp":"2025-09-17T16:03:45.74281","message":"Registered route: GET /api/hello"}
{"level":"info","service_name":"SERVER 1","service_version":"0.0.1","service_id":"36140870-e542-4e8c-b087-29899ed1b2ea","path":"/api/callback","method":"POST","status_code":200,"timestamp":"2025-09-17T16:03:45.742833","message":"Registering location"}
{"level":"info","service_name":"SERVER 1","service_version":"0.0.1","service_id":"36140870-e542-4e8c-b087-29899ed1b2ea","timestamp":"2025-09-17T16:03:45.742858","message":"Registered route: POST /api/callback"}
{"level":"info","service_name":"SERVER 1","service_version":"0.0.1","service_id":"36140870-e542-4e8c-b087-29899ed1b2ea","path":"/api/echo","method":"POST","status_code":200,"timestamp":"2025-09-17T16:03:45.742873","message":"Registering location"}
{"level":"info","service_name":"SERVER 1","service_version":"0.0.1","service_id":"36140870-e542-4e8c-b087-29899ed1b2ea","timestamp":"2025-09-17T16:03:45.743151","message":"Registered route: POST /api/echo"}
{"level":"info","service_name":"SERVER 1","service_version":"0.0.1","service_id":"da4d02fa-09b1-4289-9a5e-67d8d36229d3","path":"/api/hello","method":"GET","status_code":200,"timestamp":"2025-09-17T16:05:57.775819","message":"Registering location"}
{"level":"info","service_name":"SERVER 1","service_version":"0.0.1","service_id":"da4d02fa-09b1-4289-9a5e-67d8d36229d3","timestamp":"2025-09-17T16:05:57.776009","message":"Registered route: GET /api/hello"}
{"level":"info","service_name":"SERVER 1","service_version":"0.0.1","service_id":"da4d02fa-09b1-4289-9a5e-67d8d36229d3","path":"/api/callback","method":"POST","status_code":200,"timestamp":"2025-09-17T16:05:57.776033","message":"Registering location"}
{"level":"info","service_name":"SERVER 1","service_version":"0.0.1","service_id":"da4d02fa-09b1-4289-9a5e-67d8d36229d3","timestamp":"2025-09-17T16:05:57.776062","message":"Registered route: POST /api/callback"}
{"level":"info","service_name":"SERVER 1","service_version":"0.0.1","service_id":"da4d02fa-09b1-4289-9a5e-67d8d36229d3","path":"/api/echo","method":"POST","status_code":200,"timestamp":"2025-09-17T16:05:57.776079","message":"Registering location"}
{"level":"info","service_name":"SERVER 1","service_version":"0.0.1","service_id":"da4d02fa-09b1-4289-9a5e-67d8d36229d3","timestamp":"2025-09-17T16:05:57.77624","message":"Registered route: POST /api/echo"}
{"level":"info","service_name":"SERVER 1","service_version":"0.0.1","service_id":"12aeb70b-664f-456a-a600-bb8626dc4d6a","path":"/api/hello","method":"GET","status_code":200,"timestamp":"2025-09-17T16:06:15.191647","message":"Registering location"}
{"level":"info","service_name":"SERVER 1","service_version":"0.0.1","service_id":"12aeb70b-664f-456a-a600-bb8626dc4d6a","timestamp":"2025-09-17T16:06:15.191791","message":"Registered route: GET /api/hello"}
{"level":"info","service_name":"SERVER 1","service_version":"0.0.1","service_id":"12aeb70b-664f-456a-a600-bb8626dc4d6a","path":"/api/callback","method":"POST","status_code":200,"timestamp":"2025-09-17T16:06:15.191813","message":"Registering location"}
{"level":"info","service_name":"SERVER 1","service_version":"0.0.1","service_id":"12aeb70b-664f-456a-a600-bb8626dc4d6a","timestamp":"2025-09-17T16:06:15.191835","message":"Registered route: POST /api/callback"}
{"level":"info","service_name":"SERVER 1","service_version":"0.0.1","service_id":"12aeb70b-664f-456a-a600-bb8626dc4d6a","path":"/api/echo","method":"POST","status_code":200,"timestamp":"2025-09-17T16:06:15.191849","message":"Registering location"}
{"level":"info","service_name":"SERVER 1","service_version":"0.0.1","service_id":"12aeb70b-664f-456a-a600-bb8626dc4d6a","timestamp":"2025-09-17T16:06:15.191974","message":"Registered route: POST /api/echo"}
{"level":"info","service_name":"SERVER 1","service_version":"0.0.1","service_id":"8ada7027-2364-48bc-b0a0-b7f16630d52d","path":"/api/hello","method":"GET","status_code":200,"timestamp":"2025-09-17T16:06:44.797967","message":"Registering location"}
{"level":"info","service_name":"SERVER 1","service_version":"0.0.1","service_id":"8ada7027-2364-48bc-b0a0-b7f16630d52d","timestamp":"2025-09-17T16:06:44.798319","message":"Registered route: GET /api/hello"}
{"level":"info","service_name":"SERVER 1","service_version":"0.0.1","service_id":"8ada7027-2364-48bc-b0a0-b7f16630d52d","path":"/api/callback","method":"POST","status_code":200,"timestamp":"2025-09-17T16:06:44.798339","message":"Registering location"}
{"level":"info","service_name":"SERVER 1","service_version":"0.0.1","service_id":"8ada7027-2364-48bc-b0a0-b7f16630d52d","timestamp":"2025-09-17T16:06:44.798363","message":"Registered route: POST /api/callback"}
{"level":"info","service_name":"SERVER 1","service_version":"0.0.1","service_id":"8ada7027-2364-48bc-b0a0-b7f16630d52d","path":"/api/echo","method":"POST","status_code":200,"timestamp":"2025-09-17T16:06:44.798376","message":"Registering location"}
{"level":"info","service_name":"SERVER 1","service_version":"0.0.1","service_id":"8ada7027-2364-48bc-b0a0-b7f16630d52d","timestamp":"2025-09-17T16:06:44.798654","message":"Registered route: POST /api/echo"}
{"level":"info","service_name":"SERVER 1","service_version":"0.0.1","service_id":"532edfb0-34ce-43ec-8354-02b12b53f69e","path":"/api/hello","method":"GET","status_code":200,"timestamp":"2025-09-17T16:07:54.643378","message":"Registering location"}
{"level":"info","service_name":"SERVER 1","service_version":"0.0.1","service_id":"532edfb0-34ce-43ec-8354-02b12b53f69e","timestamp":"2025-09-17T16:07:54.643526","message":"Registered route: GET /api/hello"}
{"level":"info","service_name":"SERVER 1","service_version":"0.0.1","service_id":"532edfb0-34ce-43ec-8354-02b12b53f69e","path":"/api/callback","method":"POST","status_code":200,"timestamp":"2025-09-17T16:07:54.643549","message":"Registering location"}
{"level":"info","service_name":"SERVER 1","service_version":"0.0.1","service_id":"532edfb0-34ce-43ec-8354-02b12b53f69e","timestamp":"2025-09-17T16:07:54.643571","message":"Registered route: POST /api/callback"}
{"level":"info","service_name":"SERVER 1","service_version":"0.0.1","service_id":"532edfb0-34ce-43ec-8354-02b12b53f69e","path":"/api/echo","method":"POST","status_code":200,"timestamp":"2025-09-17T16:07:54.643585","message":"Registering location"}
{"level":"info","service_name":"SERVER 1","service_version":"0.0.1","service_id":"532edfb0-34ce-43ec-8354-02b12b53f69e","timestamp":"2025-09-17T16:07:54.643731","message":"Registered route: POST /api/echo"}
{"level":"info","service_name":"SERVER 1","service_version":"0.0.1","service_id":"34c288d0-0939-4dea-9c6e-e69f9e575286","path":"/api/hello","method":"GET","status_code":200,"timestamp":"2025-09-17T16:24:08.241929","message":"Registering location"}
{"level":"info","service_name":"SERVER 1","service_version":"0.0.1","service_id":"34c288d0-0939-4dea-9c6e-e69f9e575286","timestamp":"2025-09-17T16:24:08.242105","message":"Registered route: GET /api/hello"}
{"level":"info","service_name":"SERVER 1","service_version":"0.0.1","service_id":"34c288d0-0939-4dea-9c6e-e69f9e575286","path":"/api/callback","method":"POST","status_code":200,"timestamp":"2025-09-17T16:24:08.242145","message":"Registering location"}
{"level":"info","service_name":"SERVER 1","service_version":"0.0.1","service_id":"34c288d0-0939-4dea-9c6e-e69f9e575286","timestamp":"2025-09-17T16:24:08.242177","message":"Registered route: POST /api/callback"}
{"level":"info","service_name":"SERVER 1","service_version":"0.0.1","service_id":"34c288d0-0939-4dea-9c6e-e69f9e575286","path":"/api/echo","method":"POST","status_code":200,"timestamp":"2025-09-17T16:24:08.242216","message":"Registering location"}
{"level":"info","service_name":"SERVER 1","service_version":"0.0.1","service_id":"34c288d0-0939-4dea-9c6e-e69f9e575286","timestamp":"2025-09-17T16:24:08.242417","message":"Registered route: POST /api/echo"}
{"level":"info","service_name":"SERVER 1","service_version":"0.0.1","service_id":"69d17e5a-8308-4008-95f9-253f987c10e0","path":"/api/hello","method":"GET","status_code":200,"timestamp":"2025-09-17T16:24:56.426051","message":"Registering location"}
{"level":"info","service_name":"SERVER 1","service_version":"0.0.1","service_id":"69d17e5a-8308-4008-95f9-253f987c10e0","timestamp":"2025-09-17T16:24:56.426206","message":"Registered route: GET /api/hello"}
{"level":"info","service_name":"SERVER 1","service_version":"0.0.1","service_id":"69d17e5a-8308-4008-95f9-253f987c10e0","path":"/api/callback","method":"POST","status_code":200,"timestamp":"2025-09-17T16:24:56.426226","message":"Registering location"}
{"level":"info","service_name":"SERVER 1","service_version":"0.0.1","service_id":"69d17e5a-8308-4008-95f9-253f987c10e0","timestamp":"2025-09-17T16:24:56.426247","message":"Registered route: POST /api/callback"}
{"level":"info","service_name":"SERVER 1","service_version":"0.0.1","service_id":"69d17e5a-8308-4008-95f9-253f987c10e0","path":"/api/echo","method":"POST","status_code":200,"timestamp":"2025-09-17T16:24:56.42626","message":"Registering location"}
{"level":"info","service_name":"SERVER 1","service_version":"0.0.1","service_id":"69d17e5a-8308-4008-95f9-253f987c10e0","timestamp":"2025-09-17T16:24:56.426403","message":"Registered route: POST /api/echo"}
{"level":"info","service_name":"SERVER 1","service_version":"0.0.1","service_id":"c8809d5c-3019-4fc4-a8af-6a3e9b5e0910","path":"/api/hello","method":"GET","status_code":200,"timestamp":"2025-09-17T16:25:12.833865","message":"Registering location"}
{"level":"info","service_name":"SERVER 1","service_version":"0.0.1","service_id":"c8809d5c-3019-4fc4-a8af-6a3e9b5e0910","timestamp":"2025-09-17T16:25:12.834013","message":"Registered route: GET /api/hello"}
{"level":"info","service_name":"SERVER 1","service_version":"0.0.1","service_id":"c8809d5c-3019-4fc4-a8af-6a3e9b5e0910","path":"/api/callback","method":"POST","status_code":200,"timestamp":"2025-09-17T16:25:12.834034","message":"Registering location"}
{"level":"info","service_name":"SERVER 1","service_version":"0.0.1","service_id":"c8809d5c-3019-4fc4-a8af-6a3e9b5e0910","timestamp":"2025-09-17T16:25:12.834057","message":"Registered route: POST /api/callback"}
{"level":"info","service_name":"SERVER 1","service_version":"0.0.1","service_id":"c8809d5c-3019-4fc4-a8af-6a3e9b5e0910","path":"/api/echo","method":"POST","status_code":200,"timestamp":"2025-09-17T16:25:12.83407","message":"Registering location"}
{"level":"info","service_name":"SERVER 1","service_version":"0.0.1","service_id":"c8809d5c-3019-4fc4-a8af-6a3e9b5e0910","timestamp":"2025-09-17T16:25:12.834202","message":"Registered route: POST /api/echo"}
{"level":"info","service_name":"SERVER 1","service_version":"0.0.1","service_id":"69be377d-aade-4d2c-86e0-7ec688794259","path":"/api/hello","method":"GET","status_code":200,"timestamp":"2025-09-17T16:29:02.648805","message":"Registering location"}
{"level":"info","service_name":"SERVER 1","service_version":"0.0.1","service_id":"69be377d-aade-4d2c-86e0-7ec688794259","timestamp":"2025-09-17T16:29:02.64896","message":"Registered route: GET /api/hello"}
{"level":"info","service_name":"SERVER 1","service_version":"0.0.1","service_id":"69be377d-aade-4d2c-86e0-7ec688794259","path":"/api/callback","method":"POST","status_code":200,"timestamp":"2025-09-17T16:29:02.648982","message":"Registering location"}
{"level":"info","service_name":"SERVER 1","service_version":"0.0.1","service_id":"69be377d-aade-4d2c-86e0-7ec688794259","timestamp":"2025-09-17T16:29:02.649004","message":"Registered route: POST /api/callback"}
{"level":"info","service_name":"SERVER 1","service_version":"0.0.1","service_id":"69be377d-aade-4d2c-86e0-7ec688794259","path":"/api/echo","method":"POST","status_code":200,"timestamp":"2025-09-17T16:29:02.649017","message":"Registering location"}
{"level":"info","service_name":"SERVER 1","service_version":"0.0.1","service_id":"69be377d-aade-4d2c-86e0-7ec688794259","timestamp":"2025-09-17T16:29:02.649149","message":"Registered route: POST /api/echo"}
{"level":"info","service_name":"SERVER 1","service_version":"0.0.1","service_id":"31dcc260-3c09-42ea-bdb8-98cc5f75e5ca","path":"/api/hello","method":"GET","status_code":200,"timestamp":"2025-09-17T16:30:00.467717","message":"Registering location"}
{"level":"info","service_name":"SERVER 1","service_version":"0.0.1","service_id":"31dcc260-3c09-42ea-bdb8-98cc5f75e5ca","timestamp":"2025-09-17T16:30:00.467859","message":"Registered route: GET /api/hello"}
{"level":"info","service_name":"SERVER 1","service_version":"0.0.1","service_id":"31dcc260-3c09-42ea-bdb8-98cc5f75e5ca","path":"/api/callback","method":"POST","status_code":200,"timestamp":"2025-09-17T16:30:00.467884","message":"Registering location"}
{"level":"info","service_name":"SERVER 1","service_version":"0.0.1","service_id":"31dcc260-3c09-42ea-bdb8-98cc5f75e5ca","timestamp":"2025-09-17T16:30:00.467914","message":"Registered route: POST /api/callback"}
{"level":"info","service_name":"SERVER 1","service_version":"0.0.1","service_id":"31dcc260-3c09-42ea-bdb8-98cc5f75e5ca","path":"/api/echo","method":"POST","status_code":200,"timestamp":"2025-09-17T16:30:00.467931","message":"Registering location"}
{"level":"info","service_name":"SERVER 1","service_version":"0.0.1","service_id":"31dcc260-3c09-42ea-bdb8-98cc5f75e5ca","timestamp":"2025-09-17T16:30:00.46806","message":"Registered route: POST /api/echo"}
{"level":"info","service_name":"SERVER 1","service_version":"0.0.1","service_id":"3e6d9a4f-fdf8-4280-80bd-4657b22d7023","path":"/api/hello","method":"GET","status_code":200,"timestamp":"2025-09-17T16:30:29.43755","message":"Registering location"}
{"level":"info","service_name":"SERVER 1","service_version":"0.0.1","service_id":"3e6d9a4f-fdf8-4280-80bd-4657b22d7023","timestamp":"2025-09-17T16:30:29.437701","message":"Registered route: GET /api/hello"}
{"level":"info","service_name":"SERVER 1","service_version":"0.0.1","service_id":"3e6d9a4f-fdf8-4280-80bd-4657b22d7023","path":"/api/callback","method":"POST","status_code":200,"timestamp":"2025-09-17T16:30:29.437724","message":"Registering location"}
{"level":"info","service_name":"SERVER 1","service_version":"0.0.1","service_id":"3e6d9a4f-fdf8-4280-80bd-4657b22d7023","timestamp":"2025-09-17T16:30:29.437752","message":"Registered route: POST /api/callback"}
{"level":"info","service_name":"SERVER 1","service_version":"0.0.1","service_id":"3e6d9a4f-fdf8-4280-80bd-4657b22d7023","path":"/api/echo","method":"POST","status_code":200,"timestamp":"2025-09-17T16:30:29.43777","message":"Registering location"}
{"level":"info","service_name":"SERVER 1","service_version":"0.0.1","service_id":"3e6d9a4f-fdf8-4280-80bd-4657b22d7023","timestamp":"2025-09-17T16:30:29.437921","message":"Registered route: POST /api/echo"}
{"level":"info","service_name":"SERVER 1","service_version":"0.0.1","service_id":"1ce76cc0-989a-41e9-9ddc-550698d52af6","path":"/api/hello","method":"GET","status_code":200,"timestamp":"2025-09-17T16:32:32.310322","message":"Registering location"}
{"level":"info","service_name":"SERVER 1","service_version":"0.0.1","service_id":"1ce76cc0-989a-41e9-9ddc-550698d52af6","timestamp":"2025-09-17T16:32:32.310534","message":"Registered route: GET /api/hello"}
{"level":"info","service_name":"SERVER 1","service_version":"0.0.1","service_id":"1ce76cc0-989a-41e9-9ddc-550698d52af6","path":"/api/callback","method":"POST","status_code":200,"timestamp":"2025-09-17T16:32:32.31056","message":"Registering location"}
{"level":"info","service_name":"SERVER 1","service_version":"0.0.1","service_id":"1ce76cc0-989a-41e9-9ddc-550698d52af6","timestamp":"2025-09-17T16:32:32.310588","message":"Registered route: POST /api/callback"}
{"level":"info","service_name":"SERVER 1","service_version":"0.0.1","service_id":"1ce76cc0-989a-41e9-9ddc-550698d52af6","path":"/api/echo","method":"POST","status_code":200,"timestamp":"2025-09-17T16:32:32.310605","message":"Registering location"}
{"level":"info","service_name":"SERVER 1","service_version":"0.0.1","service_id":"1ce76cc0-989a-41e9-9ddc-550698d52af6","timestamp":"2025-09-17T16:32:32.310763","message":"Registered route: POST /api/echo"}
{"level":"info","service_name":"SERVER 1","service_version":"0.0.1","service_id":"86cab8f1-b9e8-45a7-84c8-796230eb246b","path":"/api/hello","method":"GET","status_code":200,"timestamp":"2025-09-17T16:58:20.396695","message":"Registering location"}
{"level":"info","service_name":"SERVER 1","service_version":"0.0.1","service_id":"86cab8f1-b9e8-45a7-84c8-796230eb246b","timestamp":"2025-09-17T16:58:20.396908","message":"Registered route: GET /api/hello"}
{"level":"info","service_name":"SERVER 1","service_version":"0.0.1","service_id":"86cab8f1-b9e8-45a7-84c8-796230eb246b","path":"/api/callback","method":"POST","status_code":200,"timestamp":"2025-09-17T16:58:20.39693","message":"Registering location"}
{"level":"info","service_name":"SERVER 1","service_version":"0.0.1","service_id":"86cab8f1-b9e8-45a7-84c8-796230eb246b","timestamp":"2025-09-17T16:58:20.396956","message":"Registered route: POST /api/callback"}
{"level":"info","service_name":"SERVER 1","service_version":"0.0.1","service_id":"86cab8f1-b9e8-45a7-84c8-796230eb246b","path":"/api/echo","method":"POST","status_code":200,"timestamp":"2025-09-17T16:58:20.39698","message":"Registering location"}
{"level":"info","service_name":"SERVER 1","service_version":"0.0.1","service_id":"86cab8f1-b9e8-45a7-84c8-796230eb246b","timestamp":"2025-09-17T16:58:20.397388","message":"Registered route: POST /api/echo"}
{"level":"info","service_name":"SERVER 1","service_version":"0.0.1","service_id":"df96ac36-11f3-4a6e-867c-6ec7082f9d34","path":"/api/hello","method":"GET","status_code":200,"timestamp":"2025-09-17T17:01:32.391864","message":"Registering location"}
{"level":"info","service_name":"SERVER 1","service_version":"0.0.1","service_id":"df96ac36-11f3-4a6e-867c-6ec7082f9d34","timestamp":"2025-09-17T17:01:32.392021","message":"Registered route: GET /api/hello"}
{"level":"info","service_name":"SERVER 1","service_version":"0.0.1","service_id":"df96ac36-11f3-4a6e-867c-6ec7082f9d34","path":"/api/callback","method":"POST","status_code":200,"timestamp":"2025-09-17T17:01:32.392042","message":"Registering location"}
{"level":"info","service_name":"SERVER 1","service_version":"0.0.1","service_id":"df96ac36-11f3-4a6e-867c-6ec7082f9d34","timestamp":"2025-09-17T17:01:32.392068","message":"Registered route: POST /api/callback"}
{"level":"info","service_name":"SERVER 1","service_version":"0.0.1","service_id":"df96ac36-11f3-4a6e-867c-6ec7082f9d34","path":"/api/echo","method":"POST","status_code":200,"timestamp":"2025-09-17T17:01:32.392087","message":"Registering location"}
{"level":"info","service_name":"SERVER 1","service_version":"0.0.1","service_id":"df96ac36-11f3-4a6e-867c-6ec7082f9d34","timestamp":"2025-09-17T17:01:32.392228","message":"Registered route: POST /api/echo"}
{"level":"info","service_name":"SERVER 1","service_version":"0.0.1","service_id":"b776a9ac-ccba-446b-890f-81aa64d10c48","path":"/api/hello","method":"GET","status_code":200,"timestamp":"2025-09-17T17:03:06.608761","message":"Registering location"}
{"level":"info","service_name":"SERVER 1","service_version":"0.0.1","service_id":"b776a9ac-ccba-446b-890f-81aa64d10c48","timestamp":"2025-09-17T17:03:06.608984","message":"Registered route: GET /api/hello"}
{"level":"info","service_name":"SERVER 1","service_version":"0.0.1","service_id":"b776a9ac-ccba-446b-890f-81aa64d10c48","path":"/api/callback","method":"POST","status_code":200,"timestamp":"2025-09-17T17:03:06.609007","message":"Registering location"}
{"level":"info","service_name":"SERVER 1","service_version":"0.0.1","service_id":"b776a9ac-ccba-446b-890f-81aa64d10c48","timestamp":"2025-09-17T17:03:06.609033","message":"Registered route: POST /api/callback"}
{"level":"info","service_name":"SERVER 1","service_version":"0.0.1","service_id":"b776a9ac-ccba-446b-890f-81aa64d10c48","path":"/api/echo","method":"POST","status_code":200,"timestamp":"2025-09-17T17:03:06.609052","message":"Registering location"}
{"level":"info","service_name":"SERVER 1","service_version":"0.0.1","service_id":"b776a9ac-ccba-446b-890f-81aa64d10c48","timestamp":"2025-09-17T17:03:06.609218","message":"Registered route: POST /api/echo"}
{"level":"info","service_name":"SERVER 1","service_version":"0.0.1","service_id":"942ca120-4bf5-44ce-9a1f-d7e269b0ae47","path":"/api/hello","method":"GET","status_code":200,"timestamp":"2025-09-17T17:06:06.5476","message":"Registering location"}
{"level":"info","service_name":"SERVER 1","service_version":"0.0.1","service_id":"942ca120-4bf5-44ce-9a1f-d7e269b0ae47","timestamp":"2025-09-17T17:06:06.547987","message":"Registered route: GET /api/hello"}
{"level":"info","service_name":"SERVER 1","service_version":"0.0.1","service_id":"942ca120-4bf5-44ce-9a1f-d7e269b0ae47","path":"/api/callback","method":"POST","status_code":200,"timestamp":"2025-09-17T17:06:06.548013","message":"Registering location"}
{"level":"info","service_name":"SERVER 1","service_version":"0.0.1","service_id":"942ca120-4bf5-44ce-9a1f-d7e269b0ae47","timestamp":"2025-09-17T17:06:06.548037","message":"Registered route: POST /api/callback"}
{"level":"info","service_name":"SERVER 1","service_version":"0.0.1","service_id":"942ca120-4bf5-44ce-9a1f-d7e269b0ae47","path":"/api/echo","method":"POST","status_code":200,"timestamp":"2025-09-17T17:06:06.548052","message":"Registering location"}
{"level":"info","service_name":"SERVER 1","service_version":"0.0.1","service_id":"942ca120-4bf5-44ce-9a1f-d7e269b0ae47","timestamp":"2025-09-17T17:06:06.548347","message":"Registered route: POST /api/echo"}
{"level":"info","service_name":"SERVER 1","service_version":"0.0.1","service_id":"a9c352ab-78de-4ca4-b56d-3f1a390e6950","path":"/api/hello","method":"GET","status_code":200,"timestamp":"2025-09-17T17:07:04.340325","message":"Registering location"}
{"level":"info","service_name":"SERVER 1","service_version":"0.0.1","service_id":"a9c352ab-78de-4ca4-b56d-3f1a390e6950","timestamp":"2025-09-17T17:07:04.340756","message":"Registered route: GET /api/hello"}
{"level":"info","service_name":"SERVER 1","service_version":"0.0.1","service_id":"a9c352ab-78de-4ca4-b56d-3f1a390e6950","path":"/api/callback","method":"POST","status_code":200,"timestamp":"2025-09-17T17:07:04.340781","message":"Registering location"}
{"level":"info","service_name":"SERVER 1","service_version":"0.0.1","service_id":"a9c352ab-78de-4ca4-b56d-3f1a390e6950","timestamp":"2025-09-17T17:07:04.340806","message":"Registered route: POST /api/callback"}
{"level":"info","service_name":"SERVER 1","service_version":"0.0.1","service_id":"a9c352ab-78de-4ca4-b56d-3f1a390e6950","path":"/api/echo","method":"POST","status_code":200,"timestamp":"2025-09-17T17:07:04.340822","message":"Registering location"}
{"level":"info","service_name":"SERVER 1","service_version":"0.0.1","service_id":"a9c352ab-78de-4ca4-b56d-3f1a390e6950","timestamp":"2025-09-17T17:07:04.341171","message":"Registered route: POST /api/echo"}
{"level":"info","service_name":"SERVER 1","service_version":"0.0.1","service_id":"2b4d1a1d-67ea-4c11-8377-1d54db6ae32c","path":"/api/hello","method":"GET","status_code":200,"timestamp":"2025-09-17T17:07:48.333445","message":"Registering location"}
{"level":"info","service_name":"SERVER 1","service_version":"0.0.1","service_id":"2b4d1a1d-67ea-4c11-8377-1d54db6ae32c","timestamp":"2025-09-17T17:07:48.333606","message":"Registered route: GET /api/hello"}
{"level":"info","service_name":"SERVER 1","service_version":"0.0.1","service_id":"2b4d1a1d-67ea-4c11-8377-1d54db6ae32c","path":"/api/callback","method":"POST","status_code":200,"timestamp":"2025-09-17T17:07:48.333632","message":"Registering location"}
{"level":"info","service_name":"SERVER 1","service_version":"0.0.1","service_id":"2b4d1a1d-67ea-4c11-8377-1d54db6ae32c","timestamp":"2025-09-17T17:07:48.333654","message":"Registered route: POST /api/callback"}
{"level":"info","service_name":"SERVER 1","service_version":"0.0.1","service_id":"2b4d1a1d-67ea-4c11-8377-1d54db6ae32c","path":"/api/echo","method":"POST","status_code":200,"timestamp":"2025-09-17T17:07:48.333669","message":"Registering location"}
{"level":"info","service_name":"SERVER 1","service_version":"0.0.1","service_id":"2b4d1a1d-67ea-4c11-8377-1d54db6ae32c","timestamp":"2025-09-17T17:07:48.333801","message":"Registered route: POST /api/echo"}
{"level":"info","service_name":"SERVER 1","service_version":"0.0.1","service_id":"97a9efa1-adab-49a3-8ae0-055be7e4eb79","path":"/api/hello","method":"GET","status_code":200,"timestamp":"2025-09-17T17:08:42.339266","message":"Registering location"}
{"level":"info","service_name":"SERVER 1","service_version":"0.0.1","service_id":"97a9efa1-adab-49a3-8ae0-055be7e4eb79","timestamp":"2025-09-17T17:08:42.339431","message":"Registered route: GET /api/hello"}
{"level":"info","service_name":"SERVER 1","service_version":"0.0.1","service_id":"97a9efa1-adab-49a3-8ae0-055be7e4eb79","path":"/api/callback","method":"POST","status_code":200,"timestamp":"2025-09-17T17:08:42.339457","message":"Registering location"}
{"level":"info","service_name":"SERVER 1","service_version":"0.0.1","service_id":"97a9efa1-adab-49a3-8ae0-055be7e4eb79","timestamp":"2025-09-17T17:08:42.339485","message":"Registered route: POST /api/callback"}
{"level":"info","service_name":"SERVER 1","service_version":"0.0.1","service_id":"97a9efa1-adab-49a3-8ae0-055be7e4eb79","path":"/api/echo","method":"POST","status_code":200,"timestamp":"2025-09-17T17:08:42.3395","message":"Registering location"}
{"level":"info","service_name":"SERVER 1","service_version":"0.0.1","service_id":"97a9efa1-adab-49a3-8ae0-055be7e4eb79","timestamp":"2025-09-17T17:08:42.339646","message":"Registered route: POST /api/echo"}
{"level":"info","service_name":"SERVER 1","service_version":"0.0.1","service_id":"eb67ad2e-6a7d-45d8-a851-65b237771659","path":"/api/hello","method":"GET","status_code":200,"timestamp":"2025-09-18T12:05:48.02411","message":"Registering location"}
{"level":"info","service_name":"SERVER 1","service_version":"0.0.1","service_id":"eb67ad2e-6a7d-45d8-a851-65b237771659","timestamp":"2025-09-18T12:05:48.024496","message":"Registered route: GET /api/hello"}
{"level":"info","service_name":"SERVER 1","service_version":"0.0.1","service_id":"eb67ad2e-6a7d-45d8-a851-65b237771659","path":"/api/callback","method":"POST","status_code":200,"timestamp":"2025-09-18T12:05:48.024522","message":"Registering location"}
{"level":"info","service_name":"SERVER 1","service_version":"0.0.1","service_id":"eb67ad2e-6a7d-45d8-a851-65b237771659","timestamp":"2025-09-18T12:05:48.024544","message":"Registered route: POST /api/callback"}
{"level":"info","service_name":"SERVER 1","service_version":"0.0.1","service_id":"eb67ad2e-6a7d-45d8-a851-65b237771659","path":"/api/echo","method":"POST","status_code":200,"timestamp":"2025-09-18T12:05:48.024557","message":"Registering location"}
{"level":"info","service_name":"SERVER 1","service_version":"0.0.1","service_id":"eb67ad2e-6a7d-45d8-a851-65b237771659","timestamp":"2025-09-18T12:05:48.024796","message":"Registered route: POST /api/echo"}
